#
# There is insufficient memory for the Java Runtime Environment to continue.
# Native memory allocation (malloc) failed to allocate 1048576 bytes. Error detail: AllocateHeap
# Possible reasons:
#   The system is out of physical RAM or swap space
#   This process is running with CompressedOops enabled, and the Java Heap may be blocking the growth of the native heap
# Possible solutions:
#   Reduce memory load on the system
#   Increase physical memory or swap space
#   Check if swap backing store is full
#   Decrease Java heap size (-Xmx/-Xms)
#   Decrease number of Java threads
#   Decrease Java thread stack sizes (-Xss)
#   Set larger code cache with -XX:ReservedCodeCacheSize=
#   JVM is running with Unscaled Compressed Oops mode in which the Java heap is
#     placed in the first 4GB address space. The Java Heap base address is the
#     maximum limit for the native heap growth. Please use -XX:HeapBaseMinAddress
#     to set the Java Heap base and to place the Java Heap above 4GB virtual address.
# This output file may be truncated or incomplete.
#
#  Out of Memory Error (allocation.cpp:44), pid=15396, tid=20320
#
# JRE version: OpenJDK Runtime Environment Temurin-21.0.10+7 (21.0.10+7) (build 21.0.10+7-LTS)
# Java VM: OpenJDK 64-Bit Server VM Temurin-21.0.10+7 (21.0.10+7-LTS, mixed mode, sharing, tiered, compressed oops, compressed class ptrs, parallel gc, windows-amd64)
# No core dump will be written. Minidumps are not enabled by default on client versions of Windows
#

---------------  S U M M A R Y ------------

Command Line: --add-modules=ALL-SYSTEM --add-opens=java.base/java.util=ALL-UNNAMED --add-opens=java.base/java.lang=ALL-UNNAMED --add-opens=java.base/sun.nio.fs=ALL-UNNAMED -Declipse.application=org.eclipse.jdt.ls.core.id1 -Dosgi.bundles.defaultStartLevel=4 -Declipse.product=org.eclipse.jdt.ls.core.product -Djava.import.generatesMetadataFilesAtProjectRoot=false -DDetectVMInstallationsJob.disabled=true -Dfile.encoding=utf8 -XX:+UseParallelGC -XX:GCTimeRatio=4 -XX:AdaptiveSizePolicyWeight=90 -Dsun.zip.disableMemoryMapping=true -Xmx2G -Xms100m -Xlog:disable -javaagent:c:\Users\samar\.vscode\extensions\redhat.java-1.54.0-win32-x64\lombok\lombok-1.18.39-4050.jar -XX:+HeapDumpOnOutOfMemoryError -XX:HeapDumpPath=c:\Users\samar\AppData\Roaming\Code\User\workspaceStorage\fe1421984e6b9d3b10d0bdd6bfd67529\redhat.java -Daether.dependencyCollector.impl=bf c:\Users\samar\.vscode\extensions\redhat.java-1.54.0-win32-x64\server\plugins\org.eclipse.equinox.launcher_1.7.100.v20251111-0406.jar -configuration c:\Users\samar\AppData\Roaming\Code\User\globalStorage\redhat.java\1.54.0\config_win -data c:\Users\samar\AppData\Roaming\Code\User\workspaceStorage\fe1421984e6b9d3b10d0bdd6bfd67529\redhat.java\jdt_ws --pipe=\\.\pipe\lsp-562fb420180e7767dd73aa1a20fd717a-sock

Host: 12th Gen Intel(R) Core(TM) i5-1235U, 12 cores, 7G,  Windows 11 , 64 bit Build 26100 (10.0.26100.8246)
Time: Fri May  1 10:46:40 2026 India Standard Time elapsed time: 1899.266799 seconds (0d 0h 31m 39s)

---------------  T H R E A D  ---------------

Current thread (0x000001a7178fc140):  JavaThread "Attach Listener" daemon [_thread_in_vm, id=20320, stack(0x0000002b8ed00000,0x0000002b8ee00000) (1024K)]

Stack: [0x0000002b8ed00000,0x0000002b8ee00000]
Native frames: (J=compiled Java code, j=interpreted, Vv=VM code, C=native code)
V  [jvm.dll+0x6d7a39]
V  [jvm.dll+0x8b4b26]
V  [jvm.dll+0x8b70de]
V  [jvm.dll+0x8b77c3]
V  [jvm.dll+0x284346]
V  [jvm.dll+0xc1277]
V  [jvm.dll+0x6d82e9]
V  [jvm.dll+0x1334a6]
V  [jvm.dll+0x3f857e]
V  [jvm.dll+0x85f59d]
V  [jvm.dll+0x6d626d]
C  [ucrtbase.dll+0x37b0]
C  [KERNEL32.DLL+0x2e8d7]
C  [ntdll.dll+0x8c3fc]


---------------  P R O C E S S  ---------------

Threads class SMR info:
_java_thread_list=0x000001a7707138b0, length=48, elements={
0x000001a717963f30, 0x000001a717a1e400, 0x000001a7178f7970, 0x000001a7178fb130,
0x000001a7178fc140, 0x000001a7178febb0, 0x000001a7178ff610, 0x000001a717900450,
0x000001a7706f8720, 0x000001a770902be0, 0x000001a771661340, 0x000001a771b86970,
0x000001a7716be680, 0x000001a77084f140, 0x000001a77084f7b0, 0x000001a7706c8d80,
0x000001a776012010, 0x000001a771657430, 0x000001a771a6f7c0, 0x000001a771a6dd80,
0x000001a771a6f130, 0x000001a7789e2d40, 0x000001a7789e2020, 0x000001a7789dff50,
0x000001a7789e26b0, 0x000001a7789e05e0, 0x000001a7789e0c70, 0x000001a7789e1300,
0x000001a7789e1990, 0x000001a7716db770, 0x000001a7716dcb20, 0x000001a7716dd1b0,
0x000001a7716d9d30, 0x000001a7716daa50, 0x000001a7716e1350, 0x000001a7716dded0,
0x000001a7716df910, 0x000001a777ab8600, 0x000001a777abf590, 0x000001a777abfc20,
0x000001a777abe870, 0x000001a7716debf0, 0x000001a7716dffa0, 0x000001a7716e0630,
0x000001a7789dd7f0, 0x000001a7789dc440, 0x000001a7789dde80, 0x000001a7789deba0
}

Java Threads: ( => current thread )
  0x000001a717963f30 JavaThread "main"                              [_thread_blocked, id=24148, stack(0x0000002b8e600000,0x0000002b8e700000) (1024K)]
  0x000001a717a1e400 JavaThread "Reference Handler"          daemon [_thread_blocked, id=13488, stack(0x0000002b8ea00000,0x0000002b8eb00000) (1024K)]
  0x000001a7178f7970 JavaThread "Finalizer"                  daemon [_thread_blocked, id=12724, stack(0x0000002b8eb00000,0x0000002b8ec00000) (1024K)]
  0x000001a7178fb130 JavaThread "Signal Dispatcher"          daemon [_thread_blocked, id=25516, stack(0x0000002b8ec00000,0x0000002b8ed00000) (1024K)]
=>0x000001a7178fc140 JavaThread "Attach Listener"            daemon [_thread_in_vm, id=20320, stack(0x0000002b8ed00000,0x0000002b8ee00000) (1024K)]
  0x000001a7178febb0 JavaThread "Service Thread"             daemon [_thread_blocked, id=25044, stack(0x0000002b8ee00000,0x0000002b8ef00000) (1024K)]
  0x000001a7178ff610 JavaThread "Monitor Deflation Thread"   daemon [_thread_blocked, id=24588, stack(0x0000002b8ef00000,0x0000002b8f000000) (1024K)]
  0x000001a717900450 JavaThread "C2 CompilerThread0"         daemon [_thread_blocked, id=20812, stack(0x0000002b8f000000,0x0000002b8f100000) (1024K)]
  0x000001a7706f8720 JavaThread "C1 CompilerThread0"         daemon [_thread_blocked, id=8432, stack(0x0000002b8f100000,0x0000002b8f200000) (1024K)]
  0x000001a770902be0 JavaThread "Common-Cleaner"             daemon [_thread_blocked, id=24572, stack(0x0000002b8f200000,0x0000002b8f300000) (1024K)]
  0x000001a771661340 JavaThread "Notification Thread"        daemon [_thread_blocked, id=13592, stack(0x0000002b8f300000,0x0000002b8f400000) (1024K)]
  0x000001a771b86970 JavaThread "Active Thread: Equinox Container: c2ad9be0-88d8-4562-a541-254d2d9ab55c"        [_thread_blocked, id=25392, stack(0x0000002b8fa00000,0x0000002b8fb00000) (1024K)]
  0x000001a7716be680 JavaThread "Refresh Thread: Equinox Container: c2ad9be0-88d8-4562-a541-254d2d9ab55c" daemon [_thread_blocked, id=22116, stack(0x0000002b8fc00000,0x0000002b8fd00000) (1024K)]
  0x000001a77084f140 JavaThread "Framework Event Dispatcher: Equinox Container: c2ad9be0-88d8-4562-a541-254d2d9ab55c" daemon [_thread_blocked, id=16196, stack(0x0000002b8fd00000,0x0000002b8fe00000) (1024K)]
  0x000001a77084f7b0 JavaThread "Start Level: Equinox Container: c2ad9be0-88d8-4562-a541-254d2d9ab55c" daemon [_thread_blocked, id=21496, stack(0x0000002b8fe00000,0x0000002b8ff00000) (1024K)]
  0x000001a7706c8d80 JavaThread "Bundle File Closer"         daemon [_thread_blocked, id=1420, stack(0x0000002b90100000,0x0000002b90200000) (1024K)]
  0x000001a776012010 JavaThread "SCR Component Actor"        daemon [_thread_blocked, id=24300, stack(0x0000002b90200000,0x0000002b90300000) (1024K)]
  0x000001a771657430 JavaThread "Worker-JM"                         [_thread_blocked, id=8952, stack(0x0000002b90300000,0x0000002b90400000) (1024K)]
  0x000001a771a6f7c0 JavaThread "JNA Cleaner"                daemon [_thread_blocked, id=3160, stack(0x0000002b90400000,0x0000002b90500000) (1024K)]
  0x000001a771a6dd80 JavaThread "Worker-3"                          [_thread_blocked, id=23780, stack(0x0000002b90800000,0x0000002b90900000) (1024K)]
  0x000001a771a6f130 JavaThread "Java indexing"              daemon [_thread_blocked, id=25776, stack(0x0000002b90a00000,0x0000002b90b00000) (1024K)]
  0x000001a7789e2d40 JavaThread "Thread-1"                   daemon [_thread_in_native, id=26324, stack(0x0000002b91900000,0x0000002b91a00000) (1024K)]
  0x000001a7789e2020 JavaThread "Thread-2"                   daemon [_thread_in_native, id=26328, stack(0x0000002b91a00000,0x0000002b91b00000) (1024K)]
  0x000001a7789dff50 JavaThread "Thread-3"                   daemon [_thread_in_native, id=26332, stack(0x0000002b91b00000,0x0000002b91c00000) (1024K)]
  0x000001a7789e26b0 JavaThread "Thread-4"                   daemon [_thread_in_native, id=26336, stack(0x0000002b91c00000,0x0000002b91d00000) (1024K)]
  0x000001a7789e05e0 JavaThread "Thread-5"                   daemon [_thread_in_native, id=26340, stack(0x0000002b91d00000,0x0000002b91e00000) (1024K)]
  0x000001a7789e0c70 JavaThread "Thread-6"                   daemon [_thread_in_native, id=26344, stack(0x0000002b91e00000,0x0000002b91f00000) (1024K)]
  0x000001a7789e1300 JavaThread "Thread-7"                   daemon [_thread_in_native, id=26348, stack(0x0000002b91f00000,0x0000002b92000000) (1024K)]
  0x000001a7789e1990 JavaThread "Thread-8"                   daemon [_thread_in_native, id=26352, stack(0x0000002b92000000,0x0000002b92100000) (1024K)]
  0x000001a7716db770 JavaThread "Thread-9"                   daemon [_thread_in_native, id=26356, stack(0x0000002b92100000,0x0000002b92200000) (1024K)]
  0x000001a7716dcb20 JavaThread "Thread-10"                  daemon [_thread_in_native, id=26360, stack(0x0000002b92200000,0x0000002b92300000) (1024K)]
  0x000001a7716dd1b0 JavaThread "Thread-11"                  daemon [_thread_in_native, id=26364, stack(0x0000002b92300000,0x0000002b92400000) (1024K)]
  0x000001a7716d9d30 JavaThread "Thread-12"                  daemon [_thread_in_native, id=26368, stack(0x0000002b92400000,0x0000002b92500000) (1024K)]
  0x000001a7716daa50 JavaThread "Thread-13"                  daemon [_thread_in_native, id=26372, stack(0x0000002b92500000,0x0000002b92600000) (1024K)]
  0x000001a7716e1350 JavaThread "pool-2-thread-1"                   [_thread_blocked, id=26516, stack(0x0000002b8e400000,0x0000002b8e500000) (1024K)]
  0x000001a7716dded0 JavaThread "WorkspaceEventsHandler"            [_thread_blocked, id=2628, stack(0x0000002b92b00000,0x0000002b92c00000) (1024K)]
  0x000001a7716df910 JavaThread "pool-1-thread-1"                   [_thread_blocked, id=4296, stack(0x0000002b92c00000,0x0000002b92d00000) (1024K)]
  0x000001a777ab8600 JavaThread "Cleaner-0"                  daemon [_thread_blocked, id=25580, stack(0x0000002b8e300000,0x0000002b8e400000) (1024K)]
  0x000001a777abf590 JavaThread "Java Debug Server"          daemon [_thread_in_native, id=30492, stack(0x0000002b90c00000,0x0000002b90d00000) (1024K)]
  0x000001a777abfc20 JavaThread "RxSchedulerPurge-1"         daemon [_thread_blocked, id=25888, stack(0x0000002b91500000,0x0000002b91600000) (1024K)]
  0x000001a777abe870 JavaThread "RxCachedWorkerPoolEvictor-1" daemon [_thread_blocked, id=29984, stack(0x0000002b91600000,0x0000002b91700000) (1024K)]
  0x000001a7716debf0 JavaThread "ForkJoinPool.commonPool-worker-15" daemon [_thread_blocked, id=31812, stack(0x0000002b90900000,0x0000002b90a00000) (1024K)]
  0x000001a7716dffa0 JavaThread "Worker-6"                          [_thread_blocked, id=25976, stack(0x0000002b90e00000,0x0000002b90f00000) (1024K)]
  0x000001a7716e0630 JavaThread "ForkJoinPool.commonPool-worker-18" daemon [_thread_blocked, id=27560, stack(0x0000002b90f00000,0x0000002b91000000) (1024K)]
  0x000001a7789dd7f0 JavaThread "ForkJoinPool.commonPool-worker-19" daemon [_thread_blocked, id=23848, stack(0x0000002b8e500000,0x0000002b8e600000) (1024K)]
  0x000001a7789dc440 JavaThread "ForkJoinPool.commonPool-worker-20" daemon [_thread_blocked, id=3056, stack(0x0000002b90500000,0x0000002b90600000) (1024K)]
  0x000001a7789dde80 JavaThread "ForkJoinPool.commonPool-worker-21" daemon [_thread_blocked, id=34572, stack(0x0000002b90700000,0x0000002b90800000) (1024K)]
  0x000001a7789deba0 JavaThread "process reaper"             daemon [_thread_blocked, id=34432, stack(0x0000002b8df50000,0x0000002b8df70000) (128K)]
Total: 48

Other Threads:
  0x000001a7178f4150 VMThread "VM Thread"                           [id=21892, stack(0x0000002b8e900000,0x0000002b8ea00000) (1024K)]
  0x000001a7177eca00 WatcherThread "VM Periodic Task Thread"        [id=19828, stack(0x0000002b8e800000,0x0000002b8e900000) (1024K)]
  0x000001a717982920 WorkerThread "GC Thread#0"                     [id=12060, stack(0x0000002b8e700000,0x0000002b8e800000) (1024K)]
  0x000001a7716841f0 WorkerThread "GC Thread#1"                     [id=17616, stack(0x0000002b8f400000,0x0000002b8f500000) (1024K)]
  0x000001a771685110 WorkerThread "GC Thread#2"                     [id=13244, stack(0x0000002b8f500000,0x0000002b8f600000) (1024K)]
  0x000001a770a5d2e0 WorkerThread "GC Thread#3"                     [id=15156, stack(0x0000002b8f600000,0x0000002b8f700000) (1024K)]
  0x000001a770a5d690 WorkerThread "GC Thread#4"                     [id=14784, stack(0x0000002b8f700000,0x0000002b8f800000) (1024K)]
  0x000001a770a5da40 WorkerThread "GC Thread#5"                     [id=22248, stack(0x0000002b8f800000,0x0000002b8f900000) (1024K)]
  0x000001a770a5ddf0 WorkerThread "GC Thread#6"                     [id=19480, stack(0x0000002b8f900000,0x0000002b8fa00000) (1024K)]
  0x000001a771ba7980 WorkerThread "GC Thread#7"                     [id=20848, stack(0x0000002b8fb00000,0x0000002b8fc00000) (1024K)]
  0x000001a771b51170 WorkerThread "GC Thread#8"                     [id=22852, stack(0x0000002b8ff00000,0x0000002b90000000) (1024K)]
  0x000001a7706c8230 WorkerThread "GC Thread#9"                     [id=12948, stack(0x0000002b90000000,0x0000002b90100000) (1024K)]
Total: 12

Threads with active compile tasks:
Total: 0

VM state: not at safepoint (normal execution)

VM Mutex/Monitor currently owned by a thread: None

Heap address: 0x0000000080000000, size: 2048 MB, Compressed Oops mode: 32-bit

CDS archive(s) mapped at: [0x000001a72f000000-0x000001a72fba0000-0x000001a72fba0000), size 12189696, SharedBaseAddress: 0x000001a72f000000, ArchiveRelocationMode: 1.
Compressed class space mapped at: 0x000001a730000000-0x000001a770000000, reserved size: 1073741824
Narrow klass base: 0x000001a72f000000, Narrow klass shift: 0, Narrow klass range: 0x100000000

GC Precious Log:
 CardTable entry size: 512
 CPUs: 12 total, 12 available
 Memory: 7863M
 Large Page Support: Disabled
 NUMA Support: Disabled
 Compressed Oops: Enabled (32-bit)
 Alignments: Space 512K, Generation 512K, Heap 2M
 Heap Min Capacity: 100M
 Heap Initial Capacity: 100M
 Heap Max Capacity: 2G
 Pre-touch: Disabled
 Parallel Workers: 10

Heap:
 PSYoungGen      total 1536K, used 600K [0x00000000d5580000, 0x00000000d5880000, 0x0000000100000000)
  eden space 1024K, 27% used [0x00000000d5580000,0x00000000d55c6360,0x00000000d5680000)
  from space 512K, 62% used [0x00000000d5800000,0x00000000d5850020,0x00000000d5880000)
  to   space 512K, 0% used [0x00000000d5780000,0x00000000d5780000,0x00000000d5800000)
 ParOldGen       total 301568K, used 301191K [0x0000000080000000, 0x0000000092680000, 0x00000000d5580000)
  object space 301568K, 99% used [0x0000000080000000,0x0000000092621dd8,0x0000000092680000)
 Metaspace       used 79429K, committed 81152K, reserved 1179648K
  class space    used 8481K, committed 9280K, reserved 1048576K

Card table byte_map: [0x000001a717300000,0x000001a717710000] _byte_map_base: 0x000001a716f00000

Marking Bits: (ParMarkBitMap*) 0x00007ff9ee633450
 Begin Bits: [0x000001a729e10000, 0x000001a72be10000)
 End Bits:   [0x000001a72be10000, 0x000001a72de10000)

Polling page: 0x000001a715510000

Metaspace:

Usage:
  Non-class:     69.29 MB used.
      Class:      8.28 MB used.
       Both:     77.57 MB used.

Virtual space:
  Non-class space:      128.00 MB reserved,      70.19 MB ( 55%) committed,  2 nodes.
      Class space:        1.00 GB reserved,       9.06 MB ( <1%) committed,  1 nodes.
             Both:        1.12 GB reserved,      79.25 MB (  7%) committed. 

Chunk freelists:
   Non-Class:  8.88 MB
       Class:  6.95 MB
        Both:  15.83 MB

MaxMetaspaceSize: unlimited
CompressedClassSpaceSize: 1.00 GB
Initial GC threshold: 21.00 MB
Current GC threshold: 97.31 MB
CDS: on
 - commit_granule_bytes: 65536.
 - commit_granule_words: 8192.
 - virtual_space_node_default_size: 8388608.
 - enlarge_chunks_in_place: 1.
 - use_allocation_guard: 0.


Internal statistics:

num_allocs_failed_limit: 9.
num_arena_births: 1504.
num_arena_deaths: 14.
num_vsnodes_births: 3.
num_vsnodes_deaths: 0.
num_space_committed: 1268.
num_space_uncommitted: 0.
num_chunks_returned_to_freelist: 23.
num_chunks_taken_from_freelist: 5187.
num_chunk_merges: 12.
num_chunk_splits: 3153.
num_chunks_enlarged: 1727.
num_inconsistent_stats: 0.

CodeHeap 'non-profiled nmethods': size=120000Kb used=11460Kb max_used=11460Kb free=108539Kb
 bounds [0x000001a722630000, 0x000001a723170000, 0x000001a729b60000]
CodeHeap 'profiled nmethods': size=120000Kb used=33010Kb max_used=33010Kb free=86989Kb
 bounds [0x000001a71ab60000, 0x000001a71cba0000, 0x000001a722090000]
CodeHeap 'non-nmethods': size=5760Kb used=1507Kb max_used=1567Kb free=4252Kb
 bounds [0x000001a722090000, 0x000001a722300000, 0x000001a722630000]
CodeCache: size=245760Kb, used=45977Kb, max_used=46037Kb, free=199780Kb
 total_blobs=14713, nmethods=13878, adapters=739, full_count=0
Compilation: enabled, stopped_count=0, restarted_count=0

Compilation events (20 events):
Event: 1841.151 Thread 0x000001a7706f8720 14709       3       java.util.stream.Nodes$SpinedNodeBuilder::end (29 bytes)
Event: 1841.151 Thread 0x000001a7706f8720 nmethod 14709 0x000001a71cb96590 code [0x000001a71cb96720, 0x000001a71cb96840]
Event: 1841.280 Thread 0x000001a7706f8720 14711       3       org.eclipse.jdt.internal.compiler.lookup.ReferenceBinding::isClass (15 bytes)
Event: 1841.290 Thread 0x000001a7706f8720 nmethod 14711 0x000001a71cb96910 code [0x000001a71cb96ac0, 0x000001a71cb96c38]
Event: 1841.438 Thread 0x000001a7706f8720 14712       3       java.util.concurrent.ForkJoinPool::hasTasks (125 bytes)
Event: 1841.445 Thread 0x000001a7706f8720 nmethod 14712 0x000001a71cb96d10 code [0x000001a71cb96ee0, 0x000001a71cb97308]
Event: 1842.355 Thread 0x000001a7706f8720 14713       3       com.microsoft.java.debug.core.adapter.DebugAdapter::registerHandler (93 bytes)
Event: 1842.374 Thread 0x000001a7706f8720 nmethod 14713 0x000001a71cb97510 code [0x000001a71cb97780, 0x000001a71cb98410]
Event: 1842.446 Thread 0x000001a7706f8720 14714       3       java.lang.Math::round (56 bytes)
Event: 1842.447 Thread 0x000001a7706f8720 nmethod 14714 0x000001a71cb98790 code [0x000001a71cb98940, 0x000001a71cb98b20]
Event: 1842.719 Thread 0x000001a7706f8720 14715 % !   3       sun.nio.cs.SingleByte$Encoder::encodeBufferLoop @ 5 (183 bytes)
Event: 1842.739 Thread 0x000001a7706f8720 nmethod 14715% 0x000001a71cb98b90 code [0x000001a71cb98ec0, 0x000001a71cb99ea0]
Event: 1842.901 Thread 0x000001a7706f8720 14716       3       java.util.concurrent.atomic.AtomicReference::compareAndSet (10 bytes)
Event: 1842.937 Thread 0x000001a7706f8720 nmethod 14716 0x000001a71cb9a610 code [0x000001a71cb9a880, 0x000001a71cb9b3a0]
Event: 1863.002 Thread 0x000001a717900450 14717       4       java.util.concurrent.ScheduledThreadPoolExecutor::canRunInCurrentRunState (61 bytes)
Event: 1863.047 Thread 0x000001a717900450 nmethod 14717 0x000001a723160d90 code [0x000001a723160f20, 0x000001a723160fe8]
Event: 1866.085 Thread 0x000001a7706f8720 14718       3       com.google.gson.internal.bind.JsonElementTypeAdapter::read (6 bytes)
Event: 1866.100 Thread 0x000001a7706f8720 nmethod 14718 0x000001a71cb9b790 code [0x000001a71cb9b940, 0x000001a71cb9ba98]
Event: 1866.172 Thread 0x000001a7706f8720 14719       3       java.lang.invoke.VarHandleReferences$FieldInstanceReadWrite::setRelease (35 bytes)
Event: 1866.203 Thread 0x000001a7706f8720 nmethod 14719 0x000001a71cb9bb90 code [0x000001a71cb9bde0, 0x000001a71cb9c5c0]

GC Heap History (20 events):
Event: 1823.851 GC heap before
{Heap before GC invocations=446 (full 3):
 PSYoungGen      total 2048K, used 1788K [0x00000000d5580000, 0x00000000d5880000, 0x0000000100000000)
  eden space 1024K, 99% used [0x00000000d5580000,0x00000000d567f090,0x00000000d5680000)
  from space 1024K, 75% used [0x00000000d5780000,0x00000000d5840010,0x00000000d5880000)
  to   space 1024K, 0% used [0x00000000d5680000,0x00000000d5680000,0x00000000d5780000)
 ParOldGen       total 299008K, used 298885K [0x0000000080000000, 0x0000000092400000, 0x00000000d5580000)
  object space 299008K, 99% used [0x0000000080000000,0x00000000923e1758,0x0000000092400000)
 Metaspace       used 79418K, committed 81088K, reserved 1179648K
  class space    used 8481K, committed 9280K, reserved 1048576K
}
Event: 1823.857 GC heap after
{Heap after GC invocations=446 (full 3):
 PSYoungGen      total 2048K, used 896K [0x00000000d5580000, 0x00000000d5900000, 0x0000000100000000)
  eden space 1024K, 0% used [0x00000000d5580000,0x00000000d5580000,0x00000000d5680000)
  from space 1024K, 87% used [0x00000000d5680000,0x00000000d5760100,0x00000000d5780000)
  to   space 1024K, 0% used [0x00000000d5800000,0x00000000d5800000,0x00000000d5900000)
 ParOldGen       total 300032K, used 299533K [0x0000000080000000, 0x0000000092500000, 0x00000000d5580000)
  object space 300032K, 99% used [0x0000000080000000,0x0000000092483768,0x0000000092500000)
 Metaspace       used 79418K, committed 81088K, reserved 1179648K
  class space    used 8481K, committed 9280K, reserved 1048576K
}
Event: 1823.933 GC heap before
{Heap before GC invocations=447 (full 3):
 PSYoungGen      total 2048K, used 1908K [0x00000000d5580000, 0x00000000d5900000, 0x0000000100000000)
  eden space 1024K, 98% used [0x00000000d5580000,0x00000000d567d1e8,0x00000000d5680000)
  from space 1024K, 87% used [0x00000000d5680000,0x00000000d5760100,0x00000000d5780000)
  to   space 1024K, 0% used [0x00000000d5800000,0x00000000d5800000,0x00000000d5900000)
 ParOldGen       total 301056K, used 300335K [0x0000000080000000, 0x0000000092600000, 0x00000000d5580000)
  object space 301056K, 99% used [0x0000000080000000,0x000000009254bdb8,0x0000000092600000)
 Metaspace       used 79418K, committed 81088K, reserved 1179648K
  class space    used 8481K, committed 9280K, reserved 1048576K
}
Event: 1823.938 GC heap after
{Heap after GC invocations=447 (full 3):
 PSYoungGen      total 1536K, used 224K [0x00000000d5580000, 0x00000000d5880000, 0x0000000100000000)
  eden space 1024K, 0% used [0x00000000d5580000,0x00000000d5580000,0x00000000d5680000)
  from space 512K, 43% used [0x00000000d5800000,0x00000000d5838000,0x00000000d5880000)
  to   space 512K, 0% used [0x00000000d5780000,0x00000000d5780000,0x00000000d5800000)
 ParOldGen       total 301056K, used 300799K [0x0000000080000000, 0x0000000092600000, 0x00000000d5580000)
  object space 301056K, 99% used [0x0000000080000000,0x00000000925bfdb8,0x0000000092600000)
 Metaspace       used 79418K, committed 81088K, reserved 1179648K
  class space    used 8481K, committed 9280K, reserved 1048576K
}
Event: 1824.160 GC heap before
{Heap before GC invocations=448 (full 3):
 PSYoungGen      total 1536K, used 1248K [0x00000000d5580000, 0x00000000d5880000, 0x0000000100000000)
  eden space 1024K, 100% used [0x00000000d5580000,0x00000000d5680000,0x00000000d5680000)
  from space 512K, 43% used [0x00000000d5800000,0x00000000d5838000,0x00000000d5880000)
  to   space 512K, 0% used [0x00000000d5780000,0x00000000d5780000,0x00000000d5800000)
 ParOldGen       total 301056K, used 300799K [0x0000000080000000, 0x0000000092600000, 0x00000000d5580000)
  object space 301056K, 99% used [0x0000000080000000,0x00000000925bfdb8,0x0000000092600000)
 Metaspace       used 79418K, committed 81088K, reserved 1179648K
  class space    used 8481K, committed 9280K, reserved 1048576K
}
Event: 1824.162 GC heap after
{Heap after GC invocations=448 (full 3):
 PSYoungGen      total 1536K, used 192K [0x00000000d5580000, 0x00000000d5880000, 0x0000000100000000)
  eden space 1024K, 0% used [0x00000000d5580000,0x00000000d5580000,0x00000000d5680000)
  from space 512K, 37% used [0x00000000d5780000,0x00000000d57b0000,0x00000000d5800000)
  to   space 512K, 0% used [0x00000000d5800000,0x00000000d5800000,0x00000000d5880000)
 ParOldGen       total 301056K, used 300831K [0x0000000080000000, 0x0000000092600000, 0x00000000d5580000)
  object space 301056K, 99% used [0x0000000080000000,0x00000000925c7db8,0x0000000092600000)
 Metaspace       used 79418K, committed 81088K, reserved 1179648K
  class space    used 8481K, committed 9280K, reserved 1048576K
}
Event: 1824.330 GC heap before
{Heap before GC invocations=449 (full 3):
 PSYoungGen      total 1536K, used 1173K [0x00000000d5580000, 0x00000000d5880000, 0x0000000100000000)
  eden space 1024K, 95% used [0x00000000d5580000,0x00000000d56757e8,0x00000000d5680000)
  from space 512K, 37% used [0x00000000d5780000,0x00000000d57b0000,0x00000000d5800000)
  to   space 512K, 0% used [0x00000000d5800000,0x00000000d5800000,0x00000000d5880000)
 ParOldGen       total 301056K, used 300831K [0x0000000080000000, 0x0000000092600000, 0x00000000d5580000)
  object space 301056K, 99% used [0x0000000080000000,0x00000000925c7db8,0x0000000092600000)
 Metaspace       used 79418K, committed 81088K, reserved 1179648K
  class space    used 8481K, committed 9280K, reserved 1048576K
}
Event: 1824.333 GC heap after
{Heap after GC invocations=449 (full 3):
 PSYoungGen      total 1536K, used 160K [0x00000000d5580000, 0x00000000d5880000, 0x0000000100000000)
  eden space 1024K, 0% used [0x00000000d5580000,0x00000000d5580000,0x00000000d5680000)
  from space 512K, 31% used [0x00000000d5800000,0x00000000d5828000,0x00000000d5880000)
  to   space 512K, 0% used [0x00000000d5780000,0x00000000d5780000,0x00000000d5800000)
 ParOldGen       total 301056K, used 300871K [0x0000000080000000, 0x0000000092600000, 0x00000000d5580000)
  object space 301056K, 99% used [0x0000000080000000,0x00000000925d1db8,0x0000000092600000)
 Metaspace       used 79418K, committed 81088K, reserved 1179648K
  class space    used 8481K, committed 9280K, reserved 1048576K
}
Event: 1824.492 GC heap before
{Heap before GC invocations=450 (full 3):
 PSYoungGen      total 1536K, used 1184K [0x00000000d5580000, 0x00000000d5880000, 0x0000000100000000)
  eden space 1024K, 100% used [0x00000000d5580000,0x00000000d5680000,0x00000000d5680000)
  from space 512K, 31% used [0x00000000d5800000,0x00000000d5828000,0x00000000d5880000)
  to   space 512K, 0% used [0x00000000d5780000,0x00000000d5780000,0x00000000d5800000)
 ParOldGen       total 301056K, used 300871K [0x0000000080000000, 0x0000000092600000, 0x00000000d5580000)
  object space 301056K, 99% used [0x0000000080000000,0x00000000925d1db8,0x0000000092600000)
 Metaspace       used 79418K, committed 81088K, reserved 1179648K
  class space    used 8481K, committed 9280K, reserved 1048576K
}
Event: 1824.536 GC heap after
{Heap after GC invocations=450 (full 3):
 PSYoungGen      total 1536K, used 349K [0x00000000d5580000, 0x00000000d5880000, 0x0000000100000000)
  eden space 1024K, 0% used [0x00000000d5580000,0x00000000d5580000,0x00000000d5680000)
  from space 512K, 68% used [0x00000000d5780000,0x00000000d57d76a8,0x00000000d5800000)
  to   space 512K, 0% used [0x00000000d5800000,0x00000000d5800000,0x00000000d5880000)
 ParOldGen       total 301056K, used 300895K [0x0000000080000000, 0x0000000092600000, 0x00000000d5580000)
  object space 301056K, 99% used [0x0000000080000000,0x00000000925d7db8,0x0000000092600000)
 Metaspace       used 79418K, committed 81088K, reserved 1179648K
  class space    used 8481K, committed 9280K, reserved 1048576K
}
Event: 1825.012 GC heap before
{Heap before GC invocations=451 (full 3):
 PSYoungGen      total 1536K, used 1373K [0x00000000d5580000, 0x00000000d5880000, 0x0000000100000000)
  eden space 1024K, 100% used [0x00000000d5580000,0x00000000d5680000,0x00000000d5680000)
  from space 512K, 68% used [0x00000000d5780000,0x00000000d57d76a8,0x00000000d5800000)
  to   space 512K, 0% used [0x00000000d5800000,0x00000000d5800000,0x00000000d5880000)
 ParOldGen       total 301056K, used 300895K [0x0000000080000000, 0x0000000092600000, 0x00000000d5580000)
  object space 301056K, 99% used [0x0000000080000000,0x00000000925d7db8,0x0000000092600000)
 Metaspace       used 79418K, committed 81088K, reserved 1179648K
  class space    used 8481K, committed 9280K, reserved 1048576K
}
Event: 1825.021 GC heap after
{Heap after GC invocations=451 (full 3):
 PSYoungGen      total 1536K, used 224K [0x00000000d5580000, 0x00000000d5880000, 0x0000000100000000)
  eden space 1024K, 0% used [0x00000000d5580000,0x00000000d5580000,0x00000000d5680000)
  from space 512K, 43% used [0x00000000d5800000,0x00000000d5838000,0x00000000d5880000)
  to   space 512K, 0% used [0x00000000d5780000,0x00000000d5780000,0x00000000d5800000)
 ParOldGen       total 301056K, used 300943K [0x0000000080000000, 0x0000000092600000, 0x00000000d5580000)
  object space 301056K, 99% used [0x0000000080000000,0x00000000925e3db8,0x0000000092600000)
 Metaspace       used 79418K, committed 81088K, reserved 1179648K
  class space    used 8481K, committed 9280K, reserved 1048576K
}
Event: 1826.491 GC heap before
{Heap before GC invocations=452 (full 3):
 PSYoungGen      total 1536K, used 1248K [0x00000000d5580000, 0x00000000d5880000, 0x0000000100000000)
  eden space 1024K, 100% used [0x00000000d5580000,0x00000000d5680000,0x00000000d5680000)
  from space 512K, 43% used [0x00000000d5800000,0x00000000d5838000,0x00000000d5880000)
  to   space 512K, 0% used [0x00000000d5780000,0x00000000d5780000,0x00000000d5800000)
 ParOldGen       total 301056K, used 300943K [0x0000000080000000, 0x0000000092600000, 0x00000000d5580000)
  object space 301056K, 99% used [0x0000000080000000,0x00000000925e3db8,0x0000000092600000)
 Metaspace       used 79418K, committed 81088K, reserved 1179648K
  class space    used 8481K, committed 9280K, reserved 1048576K
}
Event: 1826.497 GC heap after
{Heap after GC invocations=452 (full 3):
 PSYoungGen      total 1536K, used 256K [0x00000000d5580000, 0x00000000d5880000, 0x0000000100000000)
  eden space 1024K, 0% used [0x00000000d5580000,0x00000000d5580000,0x00000000d5680000)
  from space 512K, 50% used [0x00000000d5780000,0x00000000d57c0000,0x00000000d5800000)
  to   space 512K, 0% used [0x00000000d5800000,0x00000000d5800000,0x00000000d5880000)
 ParOldGen       total 301056K, used 300999K [0x0000000080000000, 0x0000000092600000, 0x00000000d5580000)
  object space 301056K, 99% used [0x0000000080000000,0x00000000925f1db8,0x0000000092600000)
 Metaspace       used 79418K, committed 81088K, reserved 1179648K
  class space    used 8481K, committed 9280K, reserved 1048576K
}
Event: 1827.102 GC heap before
{Heap before GC invocations=453 (full 3):
 PSYoungGen      total 1536K, used 1280K [0x00000000d5580000, 0x00000000d5880000, 0x0000000100000000)
  eden space 1024K, 100% used [0x00000000d5580000,0x00000000d5680000,0x00000000d5680000)
  from space 512K, 50% used [0x00000000d5780000,0x00000000d57c0000,0x00000000d5800000)
  to   space 512K, 0% used [0x00000000d5800000,0x00000000d5800000,0x00000000d5880000)
 ParOldGen       total 301056K, used 300999K [0x0000000080000000, 0x0000000092600000, 0x00000000d5580000)
  object space 301056K, 99% used [0x0000000080000000,0x00000000925f1db8,0x0000000092600000)
 Metaspace       used 79418K, committed 81088K, reserved 1179648K
  class space    used 8481K, committed 9280K, reserved 1048576K
}
Event: 1827.108 GC heap after
{Heap after GC invocations=453 (full 3):
 PSYoungGen      total 1536K, used 256K [0x00000000d5580000, 0x00000000d5880000, 0x0000000100000000)
  eden space 1024K, 0% used [0x00000000d5580000,0x00000000d5580000,0x00000000d5680000)
  from space 512K, 50% used [0x00000000d5800000,0x00000000d5840000,0x00000000d5880000)
  to   space 512K, 0% used [0x00000000d5780000,0x00000000d5780000,0x00000000d5800000)
 ParOldGen       total 301056K, used 301039K [0x0000000080000000, 0x0000000092600000, 0x00000000d5580000)
  object space 301056K, 99% used [0x0000000080000000,0x00000000925fbdb8,0x0000000092600000)
 Metaspace       used 79418K, committed 81088K, reserved 1179648K
  class space    used 8481K, committed 9280K, reserved 1048576K
}
Event: 1840.768 GC heap before
{Heap before GC invocations=454 (full 3):
 PSYoungGen      total 1536K, used 1280K [0x00000000d5580000, 0x00000000d5880000, 0x0000000100000000)
  eden space 1024K, 100% used [0x00000000d5580000,0x00000000d5680000,0x00000000d5680000)
  from space 512K, 50% used [0x00000000d5800000,0x00000000d5840000,0x00000000d5880000)
  to   space 512K, 0% used [0x00000000d5780000,0x00000000d5780000,0x00000000d5800000)
 ParOldGen       total 301056K, used 301039K [0x0000000080000000, 0x0000000092600000, 0x00000000d5580000)
  object space 301056K, 99% used [0x0000000080000000,0x00000000925fbdb8,0x0000000092600000)
 Metaspace       used 79419K, committed 81088K, reserved 1179648K
  class space    used 8481K, committed 9280K, reserved 1048576K
}
Event: 1841.096 GC heap after
{Heap after GC invocations=454 (full 3):
 PSYoungGen      total 1536K, used 320K [0x00000000d5580000, 0x00000000d5880000, 0x0000000100000000)
  eden space 1024K, 0% used [0x00000000d5580000,0x00000000d5580000,0x00000000d5680000)
  from space 512K, 62% used [0x00000000d5780000,0x00000000d57d0020,0x00000000d5800000)
  to   space 512K, 0% used [0x00000000d5800000,0x00000000d5800000,0x00000000d5880000)
 ParOldGen       total 301568K, used 301079K [0x0000000080000000, 0x0000000092680000, 0x00000000d5580000)
  object space 301568K, 99% used [0x0000000080000000,0x0000000092605db8,0x0000000092680000)
 Metaspace       used 79419K, committed 81088K, reserved 1179648K
  class space    used 8481K, committed 9280K, reserved 1048576K
}
Event: 1874.427 GC heap before
{Heap before GC invocations=455 (full 3):
 PSYoungGen      total 1536K, used 1344K [0x00000000d5580000, 0x00000000d5880000, 0x0000000100000000)
  eden space 1024K, 100% used [0x00000000d5580000,0x00000000d5680000,0x00000000d5680000)
  from space 512K, 62% used [0x00000000d5780000,0x00000000d57d0020,0x00000000d5800000)
  to   space 512K, 0% used [0x00000000d5800000,0x00000000d5800000,0x00000000d5880000)
 ParOldGen       total 301568K, used 301079K [0x0000000080000000, 0x0000000092680000, 0x00000000d5580000)
  object space 301568K, 99% used [0x0000000080000000,0x0000000092605db8,0x0000000092680000)
 Metaspace       used 79429K, committed 81152K, reserved 1179648K
  class space    used 8481K, committed 9280K, reserved 1048576K
}
Event: 1874.719 GC heap after
{Heap after GC invocations=455 (full 3):
 PSYoungGen      total 1536K, used 320K [0x00000000d5580000, 0x00000000d5880000, 0x0000000100000000)
  eden space 1024K, 0% used [0x00000000d5580000,0x00000000d5580000,0x00000000d5680000)
  from space 512K, 62% used [0x00000000d5800000,0x00000000d5850020,0x00000000d5880000)
  to   space 512K, 0% used [0x00000000d5780000,0x00000000d5780000,0x00000000d5800000)
 ParOldGen       total 301568K, used 301191K [0x0000000080000000, 0x0000000092680000, 0x00000000d5580000)
  object space 301568K, 99% used [0x0000000080000000,0x0000000092621dd8,0x0000000092680000)
 Metaspace       used 79429K, committed 81152K, reserved 1179648K
  class space    used 8481K, committed 9280K, reserved 1048576K
}

Dll operation events (12 events):
Event: 0.053 Loaded shared library c:\Users\samar\.vscode\extensions\redhat.java-1.54.0-win32-x64\jre\21.0.10-win32-x86_64\bin\java.dll
Event: 0.320 Loaded shared library c:\Users\samar\.vscode\extensions\redhat.java-1.54.0-win32-x64\jre\21.0.10-win32-x86_64\bin\zip.dll
Event: 0.455 Loaded shared library C:\Users\samar\.vscode\extensions\redhat.java-1.54.0-win32-x64\jre\21.0.10-win32-x86_64\bin\instrument.dll
Event: 0.468 Loaded shared library C:\Users\samar\.vscode\extensions\redhat.java-1.54.0-win32-x64\jre\21.0.10-win32-x86_64\bin\net.dll
Event: 0.476 Loaded shared library C:\Users\samar\.vscode\extensions\redhat.java-1.54.0-win32-x64\jre\21.0.10-win32-x86_64\bin\nio.dll
Event: 0.507 Loaded shared library C:\Users\samar\.vscode\extensions\redhat.java-1.54.0-win32-x64\jre\21.0.10-win32-x86_64\bin\zip.dll
Event: 0.566 Loaded shared library C:\Users\samar\.vscode\extensions\redhat.java-1.54.0-win32-x64\jre\21.0.10-win32-x86_64\bin\jimage.dll
Event: 1.007 Loaded shared library c:\Users\samar\.vscode\extensions\redhat.java-1.54.0-win32-x64\jre\21.0.10-win32-x86_64\bin\verify.dll
Event: 14.877 Loaded shared library C:\Users\samar\AppData\Roaming\Code\User\globalStorage\redhat.java\1.54.0\config_win\org.eclipse.equinox.launcher\org.eclipse.equinox.launcher.win32.win32.x86_64_1.3.0.v20260203-2149\eclipse_11919.dll
Event: 36.516 Loaded shared library C:\Users\samar\AppData\Local\Temp\jna-109202512\jna16234369251328778762.dll
Event: 427.311 Loaded shared library C:\Users\samar\.vscode\extensions\redhat.java-1.54.0-win32-x64\jre\21.0.10-win32-x86_64\bin\extnet.dll
Event: 427.397 Loaded shared library C:\Users\samar\.vscode\extensions\redhat.java-1.54.0-win32-x64\jre\21.0.10-win32-x86_64\bin\sunmscapi.dll

Deoptimization events (20 events):
Event: 1249.464 Thread 0x000001a77cd050c0 Uncommon trap: trap_request=0xffffff45 fr.pc=0x000001a72307cd8c relative=0x000000000000026c
Event: 1249.464 Thread 0x000001a77cd050c0 Uncommon trap: reason=unstable_if action=reinterpret pc=0x000001a72307cd8c method=java.lang.ProcessHandleImpl.descendants()Ljava/util/stream/Stream; @ 90 c2
Event: 1249.465 Thread 0x000001a77cd050c0 DEOPT PACKING pc=0x000001a72307cd8c sp=0x0000002b92ffe580
Event: 1249.550 Thread 0x000001a77cd050c0 DEOPT UNPACKING pc=0x000001a7220e3aa2 sp=0x0000002b92ffe500 mode 2
Event: 1251.910 Thread 0x000001a77cd05de0 DEOPT PACKING pc=0x000001a71cb521a3 sp=0x0000002b92afeb90
Event: 1251.918 Thread 0x000001a77cd05de0 DEOPT UNPACKING pc=0x000001a7220e4242 sp=0x0000002b92afe0c0 mode 0
Event: 1252.208 Thread 0x000001a77cd04a30 DEOPT PACKING pc=0x000001a71cb521a3 sp=0x0000002b931fe4f0
Event: 1252.208 Thread 0x000001a77cd04a30 DEOPT UNPACKING pc=0x000001a7220e4242 sp=0x0000002b931fda20 mode 0
Event: 1252.652 Thread 0x000001a77cd07190 DEOPT PACKING pc=0x000001a71cb521a3 sp=0x0000002b929feb20
Event: 1252.652 Thread 0x000001a77cd07190 DEOPT UNPACKING pc=0x000001a7220e4242 sp=0x0000002b929fe050 mode 0
Event: 1253.267 Thread 0x000001a7789de510 DEOPT PACKING pc=0x000001a71cb521a3 sp=0x0000002b934fe480
Event: 1253.267 Thread 0x000001a7789de510 DEOPT UNPACKING pc=0x000001a7220e4242 sp=0x0000002b934fd9b0 mode 0
Event: 1253.579 Thread 0x000001a7789de510 DEOPT PACKING pc=0x000001a71cb521a3 sp=0x0000002b934fe480
Event: 1253.580 Thread 0x000001a7789de510 DEOPT UNPACKING pc=0x000001a7220e4242 sp=0x0000002b934fd9b0 mode 0
Event: 1261.094 Thread 0x000001a77cd04a30 Uncommon trap: trap_request=0xffffffc6 fr.pc=0x000001a722f43b8c relative=0x0000000000000f6c
Event: 1261.095 Thread 0x000001a77cd04a30 Uncommon trap: reason=bimorphic_or_optimized_type_check action=maybe_recompile pc=0x000001a722f43b8c method=java.util.concurrent.ConcurrentHashMap.putVal(Ljava/lang/Object;Ljava/lang/Object;Z)Ljava/lang/Object; @ 159 c2
Event: 1261.095 Thread 0x000001a77cd04a30 DEOPT PACKING pc=0x000001a722f43b8c sp=0x0000002b931fe510
Event: 1261.096 Thread 0x000001a77cd04a30 DEOPT UNPACKING pc=0x000001a7220e3aa2 sp=0x0000002b931fe490 mode 2
Event: 1660.513 Thread 0x000001a7716debf0 DEOPT PACKING pc=0x000001a71ca6e272 sp=0x0000002b909fe590
Event: 1660.532 Thread 0x000001a7716debf0 DEOPT UNPACKING pc=0x000001a7220e4242 sp=0x0000002b909fdab0 mode 0

Classes loaded (20 events):
Event: 435.427 Loading class sun/net/www/protocol/http/HttpURLConnection$HttpInputStream
Event: 435.428 Loading class sun/net/www/protocol/http/HttpURLConnection$HttpInputStream done
Event: 435.462 Loading class sun/net/www/http/KeepAliveCache$1
Event: 435.462 Loading class sun/net/www/http/KeepAliveCache$1 done
Event: 435.467 Loading class sun/net/www/http/KeepAliveCache$ClientVector
Event: 435.467 Loading class sun/net/www/http/KeepAliveCache$ClientVector done
Event: 435.477 Loading class sun/net/www/http/KeepAliveEntry
Event: 435.477 Loading class sun/net/www/http/KeepAliveEntry done
Event: 436.552 Loading class sun/security/ssl/Alert
Event: 436.553 Loading class sun/security/ssl/Alert done
Event: 436.556 Loading class sun/security/ssl/Alert$AlertConsumer
Event: 436.556 Loading class sun/security/ssl/Alert$AlertConsumer done
Event: 436.556 Loading class sun/security/ssl/Alert$Level
Event: 436.557 Loading class sun/security/ssl/Alert$Level done
Event: 1261.036 Loading class java/lang/ProcessHandleImpl$ExitCompletion
Event: 1261.082 Loading class java/lang/ProcessHandleImpl$ExitCompletion done
Event: 1261.088 Loading class java/lang/ProcessHandleImpl$1
Event: 1261.161 Loading class java/lang/ProcessHandleImpl$1 done
Event: 1261.201 Loading class java/util/concurrent/CompletableFuture$UniHandle
Event: 1261.270 Loading class java/util/concurrent/CompletableFuture$UniHandle done

Classes unloaded (7 events):
Event: 43.766 Thread 0x000001a7178f4150 Unloading class 0x000001a7301ad400 'java/lang/invoke/LambdaForm$MH+0x000001a7301ad400'
Event: 43.766 Thread 0x000001a7178f4150 Unloading class 0x000001a7301ad000 'java/lang/invoke/LambdaForm$MH+0x000001a7301ad000'
Event: 43.766 Thread 0x000001a7178f4150 Unloading class 0x000001a7301acc00 'java/lang/invoke/LambdaForm$MH+0x000001a7301acc00'
Event: 43.766 Thread 0x000001a7178f4150 Unloading class 0x000001a7301ac800 'java/lang/invoke/LambdaForm$MH+0x000001a7301ac800'
Event: 43.766 Thread 0x000001a7178f4150 Unloading class 0x000001a7301ac400 'java/lang/invoke/LambdaForm$BMH+0x000001a7301ac400'
Event: 43.766 Thread 0x000001a7178f4150 Unloading class 0x000001a7301ac000 'java/lang/invoke/LambdaForm$DMH+0x000001a7301ac000'
Event: 43.766 Thread 0x000001a7178f4150 Unloading class 0x000001a7301aac00 'java/lang/invoke/LambdaForm$DMH+0x000001a7301aac00'

Classes redefined (0 events):
No events

Internal exceptions (20 events):
Event: 1210.207 Thread 0x000001a7716db0e0 Exception <a 'sun/nio/fs/WindowsException'{0x00000000d56896a8}> (0x00000000d56896a8) 
thrown [s\src\hotspot\share\prims\jni.cpp, line 520]
Event: 1210.217 Thread 0x000001a7716db0e0 Exception <a 'sun/nio/fs/WindowsException'{0x00000000d568a408}> (0x00000000d568a408) 
thrown [s\src\hotspot\share\prims\jni.cpp, line 520]
Event: 1210.227 Thread 0x000001a7716db0e0 Exception <a 'sun/nio/fs/WindowsException'{0x00000000d568bb18}> (0x00000000d568bb18) 
thrown [s\src\hotspot\share\prims\jni.cpp, line 520]
Event: 1210.227 Thread 0x000001a7716db0e0 Exception <a 'sun/nio/fs/WindowsException'{0x00000000d568c870}> (0x00000000d568c870) 
thrown [s\src\hotspot\share\prims\jni.cpp, line 520]
Event: 1210.249 Thread 0x000001a7716db0e0 Exception <a 'sun/nio/fs/WindowsException'{0x00000000d5690828}> (0x00000000d5690828) 
thrown [s\src\hotspot\share\prims\jni.cpp, line 520]
Event: 1210.250 Thread 0x000001a7716db0e0 Exception <a 'sun/nio/fs/WindowsException'{0x00000000d56912d8}> (0x00000000d56912d8) 
thrown [s\src\hotspot\share\prims\jni.cpp, line 520]
Event: 1211.062 Thread 0x000001a7716db0e0 Exception <a 'sun/nio/fs/WindowsException'{0x00000000d56d22e0}> (0x00000000d56d22e0) 
thrown [s\src\hotspot\share\prims\jni.cpp, line 520]
Event: 1211.063 Thread 0x000001a7716db0e0 Exception <a 'sun/nio/fs/WindowsException'{0x00000000d56d3078}> (0x00000000d56d3078) 
thrown [s\src\hotspot\share\prims\jni.cpp, line 520]
Event: 1220.136 Thread 0x000001a77cd07eb0 Exception <a 'sun/nio/fs/WindowsException'{0x00000000d5674450}> (0x00000000d5674450) 
thrown [s\src\hotspot\share\prims\jni.cpp, line 520]
Event: 1220.146 Thread 0x000001a77cd07eb0 Exception <a 'sun/nio/fs/WindowsException'{0x00000000d5676288}> (0x00000000d5676288) 
thrown [s\src\hotspot\share\prims\jni.cpp, line 520]
Event: 1822.041 Thread 0x000001a7716debf0 Exception <a 'sun/nio/fs/WindowsException'{0x00000000d55dfb08}> (0x00000000d55dfb08) 
thrown [s\src\hotspot\share\prims\jni.cpp, line 520]
Event: 1822.056 Thread 0x000001a7716debf0 Exception <a 'sun/nio/fs/WindowsException'{0x00000000d55e12d0}> (0x00000000d55e12d0) 
thrown [s\src\hotspot\share\prims\jni.cpp, line 520]
Event: 1822.071 Thread 0x000001a7716debf0 Exception <a 'sun/nio/fs/WindowsException'{0x00000000d55e29c8}> (0x00000000d55e29c8) 
thrown [s\src\hotspot\share\prims\jni.cpp, line 520]
Event: 1822.073 Thread 0x000001a7716debf0 Exception <a 'sun/nio/fs/WindowsException'{0x00000000d55e3720}> (0x00000000d55e3720) 
thrown [s\src\hotspot\share\prims\jni.cpp, line 520]
Event: 1822.099 Thread 0x000001a7716debf0 Exception <a 'sun/nio/fs/WindowsException'{0x00000000d55e5aa8}> (0x00000000d55e5aa8) 
thrown [s\src\hotspot\share\prims\jni.cpp, line 520]
Event: 1822.100 Thread 0x000001a7716debf0 Exception <a 'sun/nio/fs/WindowsException'{0x00000000d55e6300}> (0x00000000d55e6300) 
thrown [s\src\hotspot\share\prims\jni.cpp, line 520]
Event: 1822.734 Thread 0x000001a7716debf0 Exception <a 'sun/nio/fs/WindowsException'{0x00000000d5609de0}> (0x00000000d5609de0) 
thrown [s\src\hotspot\share\prims\jni.cpp, line 520]
Event: 1822.734 Thread 0x000001a7716debf0 Exception <a 'sun/nio/fs/WindowsException'{0x00000000d560a808}> (0x00000000d560a808) 
thrown [s\src\hotspot\share\prims\jni.cpp, line 520]
Event: 1842.819 Thread 0x000001a7789db720 Exception <a 'sun/nio/fs/WindowsException'{0x00000000d5639f38}> (0x00000000d5639f38) 
thrown [s\src\hotspot\share\prims\jni.cpp, line 520]
Event: 1842.825 Thread 0x000001a7789db720 Exception <a 'sun/nio/fs/WindowsException'{0x00000000d563a5a8}> (0x00000000d563a5a8) 
thrown [s\src\hotspot\share\prims\jni.cpp, line 520]

ZGC Phase Switch (0 events):
No events

VM Operations (20 events):
Event: 1824.492 Executing safepoint VM operation: ParallelGCFailedAllocation (Allocation Failure)
Event: 1824.536 Executing safepoint VM operation: ParallelGCFailedAllocation (Allocation Failure) done
Event: 1825.012 Executing safepoint VM operation: ParallelGCFailedAllocation (Allocation Failure)
Event: 1825.021 Executing safepoint VM operation: ParallelGCFailedAllocation (Allocation Failure) done
Event: 1826.491 Executing safepoint VM operation: ParallelGCFailedAllocation (Allocation Failure)
Event: 1826.497 Executing safepoint VM operation: ParallelGCFailedAllocation (Allocation Failure) done
Event: 1827.102 Executing safepoint VM operation: ParallelGCFailedAllocation (Allocation Failure)
Event: 1827.108 Executing safepoint VM operation: ParallelGCFailedAllocation (Allocation Failure) done
Event: 1840.748 Executing safepoint VM operation: ParallelGCFailedAllocation (Allocation Failure)
Event: 1841.096 Executing safepoint VM operation: ParallelGCFailedAllocation (Allocation Failure) done
Event: 1842.098 Executing safepoint VM operation: Cleanup
Event: 1842.098 Executing safepoint VM operation: Cleanup done
Event: 1843.112 Executing safepoint VM operation: Cleanup
Event: 1843.113 Executing safepoint VM operation: Cleanup done
Event: 1870.010 Executing non-safepoint VM operation: HandshakeAllThreads (HandshakeForDeflation)
Event: 1870.012 Executing non-safepoint VM operation: HandshakeAllThreads (HandshakeForDeflation) done
Event: 1870.012 Executing non-safepoint VM operation: RendezvousGCThreads
Event: 1870.012 Executing non-safepoint VM operation: RendezvousGCThreads done
Event: 1874.426 Executing safepoint VM operation: ParallelGCFailedAllocation (Allocation Failure)
Event: 1874.719 Executing safepoint VM operation: ParallelGCFailedAllocation (Allocation Failure) done

Memory protections (0 events):
No events

Nmethod flushes (20 events):
Event: 76.665 Thread 0x000001a7178f4150 flushing  nmethod 0x000001a71b509d10
Event: 76.665 Thread 0x000001a7178f4150 flushing  nmethod 0x000001a71b50a490
Event: 76.665 Thread 0x000001a7178f4150 flushing  nmethod 0x000001a71b50b590
Event: 76.665 Thread 0x000001a7178f4150 flushing  nmethod 0x000001a71b50bf90
Event: 76.665 Thread 0x000001a7178f4150 flushing  nmethod 0x000001a71b50f590
Event: 76.665 Thread 0x000001a7178f4150 flushing  nmethod 0x000001a71b518510
Event: 76.665 Thread 0x000001a7178f4150 flushing  nmethod 0x000001a71b519b90
Event: 76.665 Thread 0x000001a7178f4150 flushing  nmethod 0x000001a71b51b010
Event: 76.665 Thread 0x000001a7178f4150 flushing  nmethod 0x000001a71b51b710
Event: 76.665 Thread 0x000001a7178f4150 flushing  nmethod 0x000001a71b51c490
Event: 76.665 Thread 0x000001a7178f4150 flushing  nmethod 0x000001a71b51ca90
Event: 76.665 Thread 0x000001a7178f4150 flushing  nmethod 0x000001a71b51d310
Event: 76.665 Thread 0x000001a7178f4150 flushing  nmethod 0x000001a71b51d790
Event: 76.665 Thread 0x000001a7178f4150 flushing  nmethod 0x000001a71b521110
Event: 76.665 Thread 0x000001a7178f4150 flushing  nmethod 0x000001a71b526590
Event: 76.665 Thread 0x000001a7178f4150 flushing  nmethod 0x000001a71b52e990
Event: 76.665 Thread 0x000001a7178f4150 flushing  nmethod 0x000001a71b533e90
Event: 76.665 Thread 0x000001a7178f4150 flushing  nmethod 0x000001a71b545690
Event: 76.665 Thread 0x000001a7178f4150 flushing  nmethod 0x000001a71b547c90
Event: 76.665 Thread 0x000001a7178f4150 flushing  nmethod 0x000001a71b55cf90

Events (20 events):
Event: 1454.147 Thread 0x000001a77cd043a0 Thread exited: 0x000001a77cd043a0
Event: 1464.992 Thread 0x000001a77cd07eb0 Thread exited: 0x000001a77cd07eb0
Event: 1484.442 Thread 0x000001a77cd015b0 Thread exited: 0x000001a77cd015b0
Event: 1494.975 Thread 0x000001a77cd07820 Thread exited: 0x000001a77cd07820
Event: 1535.227 Thread 0x000001a7789dde80 Thread exited: 0x000001a7789dde80
Event: 1535.356 Thread 0x000001a7716dbe00 Thread exited: 0x000001a7716dbe00
Event: 1727.801 Thread 0x000001a7716df280 Thread exited: 0x000001a7716df280
Event: 1787.202 Thread 0x000001a7716dd840 Thread exited: 0x000001a7716dd840
Event: 1808.760 Thread 0x000001a7716df910 Thread added: 0x000001a7789dd7f0
Event: 1809.994 Thread 0x000001a7716df910 Thread added: 0x000001a7789dc440
Event: 1840.551 Thread 0x000001a7716df910 Thread added: 0x000001a7789dde80
Event: 1842.229 Thread 0x000001a777abf590 Thread added: 0x000001a7789de510
Event: 1842.400 Thread 0x000001a7789de510 Thread added: 0x000001a7789db720
Event: 1842.897 Thread 0x000001a7789db720 Thread added: 0x000001a7789dbdb0
Event: 1843.790 Thread 0x000001a7789de510 Thread added: 0x000001a7789df230
Event: 1843.823 Thread 0x000001a7789dbdb0 Thread exited: 0x000001a7789dbdb0
Event: 1845.866 Thread 0x000001a7789df230 Thread added: 0x000001a7789deba0
Event: 1845.959 Thread 0x000001a7789df230 Thread exited: 0x000001a7789df230
Event: 1866.525 Thread 0x000001a7789db720 Thread exited: 0x000001a7789db720
Event: 1896.859 Thread 0x000001a7789de510 Thread exited: 0x000001a7789de510


Dynamic libraries:
0x00007ff720660000 - 0x00007ff72066e000 	c:\Users\samar\.vscode\extensions\redhat.java-1.54.0-win32-x64\jre\21.0.10-win32-x86_64\bin\java.exe
0x00007ffab5400000 - 0x00007ffab5667000 	C:\WINDOWS\SYSTEM32\ntdll.dll
0x00007ffa75830000 - 0x00007ffa75851000 	C:\Program Files\Avast Software\Avast\aswhook.dll
0x00007ffab3c50000 - 0x00007ffab3d19000 	C:\WINDOWS\System32\KERNEL32.DLL
0x00007ffab2d90000 - 0x00007ffab3184000 	C:\WINDOWS\System32\KERNELBASE.dll
0x00007ffab1d80000 - 0x00007ffab1ecb000 	C:\WINDOWS\System32\ucrtbase.dll
0x00007ffaacdf0000 - 0x00007ffaace08000 	c:\Users\samar\.vscode\extensions\redhat.java-1.54.0-win32-x64\jre\21.0.10-win32-x86_64\bin\jli.dll
0x00007ffa33e80000 - 0x00007ffa33e9e000 	c:\Users\samar\.vscode\extensions\redhat.java-1.54.0-win32-x64\jre\21.0.10-win32-x86_64\bin\VCRUNTIME140.dll
0x00007ffab50e0000 - 0x00007ffab52a5000 	C:\WINDOWS\System32\USER32.dll
0x00007ffab2b60000 - 0x00007ffab2b87000 	C:\WINDOWS\System32\win32u.dll
0x00007ffa85ec0000 - 0x00007ffa86153000 	C:\WINDOWS\WinSxS\amd64_microsoft.windows.common-controls_6595b64144ccf1df_6.0.26100.8115_none_3e075c82e3354f9c\COMCTL32.dll
0x00007ffab4230000 - 0x00007ffab425b000 	C:\WINDOWS\System32\GDI32.dll
0x00007ffab4180000 - 0x00007ffab4229000 	C:\WINDOWS\System32\msvcrt.dll
0x00007ffab28b0000 - 0x00007ffab29db000 	C:\WINDOWS\System32\gdi32full.dll
0x00007ffab2800000 - 0x00007ffab28a3000 	C:\WINDOWS\System32\msvcp_win.dll
0x00007ffab50a0000 - 0x00007ffab50d2000 	C:\WINDOWS\System32\IMM32.DLL
0x00007ffaacde0000 - 0x00007ffaacdec000 	c:\Users\samar\.vscode\extensions\redhat.java-1.54.0-win32-x64\jre\21.0.10-win32-x86_64\bin\vcruntime140_1.dll
0x00007ffa0ddd0000 - 0x00007ffa0de5d000 	c:\Users\samar\.vscode\extensions\redhat.java-1.54.0-win32-x64\jre\21.0.10-win32-x86_64\bin\msvcp140.dll
0x00007ff9ed970000 - 0x00007ff9ee711000 	c:\Users\samar\.vscode\extensions\redhat.java-1.54.0-win32-x64\jre\21.0.10-win32-x86_64\bin\server\jvm.dll
0x00007ffab40c0000 - 0x00007ffab4176000 	C:\WINDOWS\System32\ADVAPI32.dll
0x00007ffab4b40000 - 0x00007ffab4be7000 	C:\WINDOWS\System32\sechost.dll
0x00007ffab4e60000 - 0x00007ffab4f78000 	C:\WINDOWS\System32\RPCRT4.dll
0x00007ffab4bf0000 - 0x00007ffab4c70000 	C:\WINDOWS\System32\WS2_32.dll
0x00007ffab1b50000 - 0x00007ffab1bae000 	C:\WINDOWS\SYSTEM32\POWRPROF.dll
0x00007ffaa8380000 - 0x00007ffaa83b6000 	C:\WINDOWS\SYSTEM32\WINMM.dll
0x00007ffaa7880000 - 0x00007ffaa788b000 	C:\WINDOWS\SYSTEM32\VERSION.dll
0x00007ffab1b30000 - 0x00007ffab1b44000 	C:\WINDOWS\SYSTEM32\UMPDC.dll
0x00007ffab0a40000 - 0x00007ffab0a5b000 	C:\WINDOWS\SYSTEM32\kernel.appcore.dll
0x00007ffaacd20000 - 0x00007ffaacd2a000 	c:\Users\samar\.vscode\extensions\redhat.java-1.54.0-win32-x64\jre\21.0.10-win32-x86_64\bin\jimage.dll
0x00007ffaafbc0000 - 0x00007ffaafe02000 	C:\WINDOWS\SYSTEM32\DBGHELP.DLL
0x00007ffab3d30000 - 0x00007ffab40b2000 	C:\WINDOWS\System32\combase.dll
0x00007ffab4a60000 - 0x00007ffab4b38000 	C:\WINDOWS\System32\OLEAUT32.dll
0x00007ffa9df70000 - 0x00007ffa9dfab000 	C:\WINDOWS\SYSTEM32\dbgcore.DLL
0x00007ffab1cd0000 - 0x00007ffab1d75000 	C:\WINDOWS\System32\bcryptPrimitives.dll
0x00007ffa38510000 - 0x00007ffa3851f000 	c:\Users\samar\.vscode\extensions\redhat.java-1.54.0-win32-x64\jre\21.0.10-win32-x86_64\bin\instrument.dll
0x00007ffa2f2b0000 - 0x00007ffa2f2d0000 	c:\Users\samar\.vscode\extensions\redhat.java-1.54.0-win32-x64\jre\21.0.10-win32-x86_64\bin\java.dll
0x00007ffab4270000 - 0x00007ffab49d7000 	C:\WINDOWS\System32\SHELL32.dll
0x00007ffab2c20000 - 0x00007ffab2d8a000 	C:\WINDOWS\System32\wintypes.dll
0x00007ffab1ed0000 - 0x00007ffab2738000 	C:\WINDOWS\System32\windows.storage.dll
0x00007ffab34a0000 - 0x00007ffab3598000 	C:\WINDOWS\System32\SHCORE.dll
0x00007ffab3290000 - 0x00007ffab32f6000 	C:\WINDOWS\System32\shlwapi.dll
0x00007ffab1bf0000 - 0x00007ffab1c19000 	C:\WINDOWS\SYSTEM32\profapi.dll
0x00007ffa241b0000 - 0x00007ffa241c8000 	c:\Users\samar\.vscode\extensions\redhat.java-1.54.0-win32-x64\jre\21.0.10-win32-x86_64\bin\zip.dll
0x00007ffa38480000 - 0x00007ffa38490000 	C:\Users\samar\.vscode\extensions\redhat.java-1.54.0-win32-x64\jre\21.0.10-win32-x86_64\bin\net.dll
0x00007ffaab6a0000 - 0x00007ffaab7cd000 	C:\WINDOWS\SYSTEM32\WINHTTP.dll
0x00007ffab0fd0000 - 0x00007ffab103c000 	C:\WINDOWS\system32\mswsock.dll
0x00007ffa22970000 - 0x00007ffa22986000 	C:\Users\samar\.vscode\extensions\redhat.java-1.54.0-win32-x64\jre\21.0.10-win32-x86_64\bin\nio.dll
0x00007ffa37d30000 - 0x00007ffa37d40000 	c:\Users\samar\.vscode\extensions\redhat.java-1.54.0-win32-x64\jre\21.0.10-win32-x86_64\bin\verify.dll
0x00007ffa0d7f0000 - 0x00007ffa0d835000 	C:\Users\samar\AppData\Roaming\Code\User\globalStorage\redhat.java\1.54.0\config_win\org.eclipse.equinox.launcher\org.eclipse.equinox.launcher.win32.win32.x86_64_1.3.0.v20260203-2149\eclipse_11919.dll
0x00007ffab3300000 - 0x00007ffab3497000 	C:\WINDOWS\System32\ole32.dll
0x00007ffab12b0000 - 0x00007ffab12cb000 	C:\WINDOWS\SYSTEM32\CRYPTSP.dll
0x00007ffab09a0000 - 0x00007ffab09d9000 	C:\WINDOWS\system32\rsaenh.dll
0x00007ffab1080000 - 0x00007ffab10b3000 	C:\WINDOWS\SYSTEM32\USERENV.dll
0x00007ffab1bc0000 - 0x00007ffab1bea000 	C:\WINDOWS\SYSTEM32\bcrypt.dll
0x00007ffab12d0000 - 0x00007ffab12dc000 	C:\WINDOWS\SYSTEM32\CRYPTBASE.dll
0x00007ffab0410000 - 0x00007ffab0442000 	C:\WINDOWS\SYSTEM32\IPHLPAPI.DLL
0x00007ffab3280000 - 0x00007ffab328a000 	C:\WINDOWS\System32\NSI.dll
0x00007ffa09d20000 - 0x00007ffa09d69000 	C:\Users\samar\AppData\Local\Temp\jna-109202512\jna16234369251328778762.dll
0x00007ffab52b0000 - 0x00007ffab52b8000 	C:\WINDOWS\System32\PSAPI.DLL
0x00007ffaab870000 - 0x00007ffaab88d000 	C:\WINDOWS\SYSTEM32\dhcpcsvc6.DLL
0x00007ffaab840000 - 0x00007ffaab865000 	C:\WINDOWS\SYSTEM32\dhcpcsvc.DLL
0x00007ffa33a40000 - 0x00007ffa33a49000 	C:\Users\samar\.vscode\extensions\redhat.java-1.54.0-win32-x64\jre\21.0.10-win32-x86_64\bin\extnet.dll
0x00007ffa36bf0000 - 0x00007ffa36bfe000 	C:\Users\samar\.vscode\extensions\redhat.java-1.54.0-win32-x64\jre\21.0.10-win32-x86_64\bin\sunmscapi.dll
0x00007ffab29e0000 - 0x00007ffab2b57000 	C:\WINDOWS\System32\CRYPT32.dll
0x00007ffab14d0000 - 0x00007ffab1500000 	C:\WINDOWS\SYSTEM32\ncrypt.dll
0x00007ffab1480000 - 0x00007ffab14bf000 	C:\WINDOWS\SYSTEM32\NTASN1.dll
0x00007ffab04a0000 - 0x00007ffab05d2000 	C:\WINDOWS\SYSTEM32\DNSAPI.dll
0x00007ffaa8050000 - 0x00007ffaa805b000 	C:\Windows\System32\rasadhlp.dll
0x00007ffaabd00000 - 0x00007ffaabd86000 	C:\WINDOWS\System32\fwpuclnt.dll

JVMTI agents:
c:\Users\samar\.vscode\extensions\redhat.java-1.54.0-win32-x64\lombok\lombok-1.18.39-4050.jar path:c:\Users\samar\.vscode\extensions\redhat.java-1.54.0-win32-x64\jre\21.0.10-win32-x86_64\bin\instrument.dll, loaded, initialized, instrumentlib options:none

dbghelp: loaded successfully - version: 4.0.5 - missing functions: none
symbol engine: initialized successfully - sym options: 0x614 - pdb path: .;c:\Users\samar\.vscode\extensions\redhat.java-1.54.0-win32-x64\jre\21.0.10-win32-x86_64\bin;C:\WINDOWS\SYSTEM32;C:\Program Files\Avast Software\Avast;C:\WINDOWS\WinSxS\amd64_microsoft.windows.common-controls_6595b64144ccf1df_6.0.26100.8115_none_3e075c82e3354f9c;c:\Users\samar\.vscode\extensions\redhat.java-1.54.0-win32-x64\jre\21.0.10-win32-x86_64\bin\server;C:\Users\samar\AppData\Roaming\Code\User\globalStorage\redhat.java\1.54.0\config_win\org.eclipse.equinox.launcher\org.eclipse.equinox.launcher.win32.win32.x86_64_1.3.0.v20260203-2149;C:\Users\samar\AppData\Local\Temp\jna-109202512

VM Arguments:
jvm_args: --add-modules=ALL-SYSTEM --add-opens=java.base/java.util=ALL-UNNAMED --add-opens=java.base/java.lang=ALL-UNNAMED --add-opens=java.base/sun.nio.fs=ALL-UNNAMED -Declipse.application=org.eclipse.jdt.ls.core.id1 -Dosgi.bundles.defaultStartLevel=4 -Declipse.product=org.eclipse.jdt.ls.core.product -Djava.import.generatesMetadataFilesAtProjectRoot=false -DDetectVMInstallationsJob.disabled=true -Dfile.encoding=utf8 -XX:+UseParallelGC -XX:GCTimeRatio=4 -XX:AdaptiveSizePolicyWeight=90 -Dsun.zip.disableMemoryMapping=true -Xmx2G -Xms100m -Xlog:disable -javaagent:c:\Users\samar\.vscode\extensions\redhat.java-1.54.0-win32-x64\lombok\lombok-1.18.39-4050.jar -XX:+HeapDumpOnOutOfMemoryError -XX:HeapDumpPath=c:\Users\samar\AppData\Roaming\Code\User\workspaceStorage\fe1421984e6b9d3b10d0bdd6bfd67529\redhat.java -Daether.dependencyCollector.impl=bf 
java_command: c:\Users\samar\.vscode\extensions\redhat.java-1.54.0-win32-x64\server\plugins\org.eclipse.equinox.launcher_1.7.100.v20251111-0406.jar -configuration c:\Users\samar\AppData\Roaming\Code\User\globalStorage\redhat.java\1.54.0\config_win -data c:\Users\samar\AppData\Roaming\Code\User\workspaceStorage\fe1421984e6b9d3b10d0bdd6bfd67529\redhat.java\jdt_ws --pipe=\\.\pipe\lsp-562fb420180e7767dd73aa1a20fd717a-sock
java_class_path (initial): c:\Users\samar\.vscode\extensions\redhat.java-1.54.0-win32-x64\server\plugins\org.eclipse.equinox.launcher_1.7.100.v20251111-0406.jar
Launcher Type: SUN_STANDARD

[Global flags]
    uintx AdaptiveSizePolicyWeight                 = 90                                        {product} {command line}
     intx CICompilerCount                          = 4                                         {product} {ergonomic}
    uintx GCTimeRatio                              = 4                                         {product} {command line}
     bool HeapDumpOnOutOfMemoryError               = true                                   {manageable} {command line}
    ccstr HeapDumpPath                             = c:\Users\samar\AppData\Roaming\Code\User\workspaceStorage\fe1421984e6b9d3b10d0bdd6bfd67529\redhat.java         {manageable} {command line}
   size_t InitialHeapSize                          = 104857600                                 {product} {command line}
   size_t MaxHeapSize                              = 2147483648                                {product} {command line}
   size_t MaxNewSize                               = 715653120                                 {product} {ergonomic}
   size_t MinHeapDeltaBytes                        = 524288                                    {product} {ergonomic}
   size_t MinHeapSize                              = 104857600                                 {product} {command line}
   size_t NewSize                                  = 34603008                                  {product} {ergonomic}
    uintx NonNMethodCodeHeapSize                   = 5839372                                {pd product} {ergonomic}
    uintx NonProfiledCodeHeapSize                  = 122909434                              {pd product} {ergonomic}
   size_t OldSize                                  = 70254592                                  {product} {ergonomic}
    uintx ProfiledCodeHeapSize                     = 122909434                              {pd product} {ergonomic}
    uintx ReservedCodeCacheSize                    = 251658240                              {pd product} {ergonomic}
     bool SegmentedCodeCache                       = true                                      {product} {ergonomic}
   size_t SoftMaxHeapSize                          = 2147483648                             {manageable} {ergonomic}
     bool UseCompressedOops                        = true                           {product lp64_product} {ergonomic}
     bool UseLargePagesIndividualAllocation        = false                                  {pd product} {ergonomic}
     bool UseParallelGC                            = true                                      {product} {command line}

Logging:
Log output configuration:
 #0: stdout all=off uptime,level,tags foldmultilines=false
 #1: stderr all=off uptime,level,tags foldmultilines=false

Release file:
JAVA_VERSION="21.0.10" 
MODULES="java.base java.compiler java.datatransfer java.xml java.prefs java.desktop java.instrument java.logging java.management java.security.sasl java.naming java.rmi java.management.rmi java.net.http java.scripting java.security.jgss java.transaction.xa java.sql java.sql.rowset java.xml.crypto java.se java.smartcardio jdk.accessibility jdk.internal.jvmstat jdk.attach jdk.charsets jdk.internal.opt jdk.zipfs jdk.compiler jdk.crypto.ec jdk.crypto.cryptoki jdk.crypto.mscapi jdk.dynalink jdk.internal.ed jdk.editpad jdk.hotspot.agent jdk.httpserver jdk.internal.le jdk.internal.vm.ci jdk.internal.vm.compiler jdk.internal.vm.compiler.management jdk.jartool jdk.javadoc jdk.jcmd jdk.management jdk.management.agent jdk.jconsole jdk.jdeps jdk.jdwp.agent jdk.jdi jdk.jfr jdk.jshell jdk.jsobject jdk.jstatd jdk.localedata jdk.management.jfr jdk.naming.dns jdk.naming.rmi jdk.net jdk.nio.mapmode jdk.random jdk.sctp jdk.security.auth jdk.security.jgss jdk.unsupported jdk.unsupported.desktop jdk.xml.dom" 

Environment Variables:
PATH=C:\Users\samar\AppData\Local\Programs\Microsoft VS Code;C:\Program Files\Common Files\Oracle\Java\javapath;C:\Program Files (x86)\Common Files\Oracle\Java\java8path;C:\Program Files (x86)\Common Files\Oracle\Java\javapath;C:\WINDOWS\system32;C:\WINDOWS;C:\WINDOWS\System32\Wbem;C:\WINDOWS\System32\WindowsPowerShell\v1.0\;C:\WINDOWS\System32\OpenSSH\;C:\Program Files\HP\HP One Agent;C:\WINDOWS\system32;C:\WINDOWS;C:\WINDOWS\System32\Wbem;C:\WINDOWS\System32\WindowsPowerShell\v1.0\;C:\WINDOWS\System32\OpenSSH\;C:\Program Files\PuTTY\;C:\Program Files\Git\cmd;C:\Program Files\nodejs\;C:\Program Files\MySQL\MySQL Shell 8.0\bin\;C:\Users\samar\AppData\Local\Programs\Python\Python313\Scripts\;C:\Users\samar\AppData\Local\Programs\Python\Python313\;C:\Users\samar\AppData\Local\Microsoft\WindowsApps;C:\Users\samar\AppData\Local\Programs\Microsoft VS Code\bin;C:\Program Files\Java\jdk-25\bin;C:\Program Files\apache-maven-3.9.11\bin;C:\Program Files\mysql-connector-j-9.4.0;C:\Program Files\MongoDB\Server\8.2\bin;C:\Program Files\mongosh-2.5.8-win32-x64\bin;C:\Users\samar\AppData\Roaming\npm;C:\Program Files\heroku\bin;
USERNAME=samar
OS=Windows_NT
PROCESSOR_IDENTIFIER=Intel64 Family 6 Model 154 Stepping 4, GenuineIntel
TMP=C:\Users\samar\AppData\Local\Temp
TEMP=C:\Users\samar\AppData\Local\Temp




Periodic native trim disabled

---------------  S Y S T E M  ---------------

OS:
 Windows 11 , 64 bit Build 26100 (10.0.26100.8246)
OS uptime: 0 days 0:57 hours
Hyper-V role detected

CPU: total 12 (initial active 12) (6 cores per cpu, 2 threads per core) family 6 model 154 stepping 4 microcode 0x42c, cx8, cmov, fxsr, ht, mmx, 3dnowpref, sse, sse2, sse3, ssse3, sse4.1, sse4.2, popcnt, lzcnt, tsc, tscinvbit, avx, avx2, aes, erms, clmul, bmi1, bmi2, adx, sha, fma, vzeroupper, clflush, clflushopt, clwb, hv, serialize, rdtscp, rdpid, fsrm, f16c, cet_ibt, cet_ss
Processor Information for processor 0
  Max Mhz: 1300, Current Mhz: 1300, Mhz Limit: 1300
Processor Information for processor 1
  Max Mhz: 1300, Current Mhz: 1300, Mhz Limit: 1300
Processor Information for processor 2
  Max Mhz: 1300, Current Mhz: 1300, Mhz Limit: 1300
Processor Information for processor 3
  Max Mhz: 1300, Current Mhz: 1300, Mhz Limit: 1300
Processor Information for processor 4
  Max Mhz: 1300, Current Mhz: 900, Mhz Limit: 897
Processor Information for processor 5
  Max Mhz: 1300, Current Mhz: 900, Mhz Limit: 897
Processor Information for processor 6
  Max Mhz: 1300, Current Mhz: 900, Mhz Limit: 897
Processor Information for processor 7
  Max Mhz: 1300, Current Mhz: 900, Mhz Limit: 897
Processor Information for processor 8
  Max Mhz: 1300, Current Mhz: 900, Mhz Limit: 897
Processor Information for processor 9
  Max Mhz: 1300, Current Mhz: 900, Mhz Limit: 897
Processor Information for processor 10
  Max Mhz: 1300, Current Mhz: 900, Mhz Limit: 897
Processor Information for processor 11
  Max Mhz: 1300, Current Mhz: 900, Mhz Limit: 897

Memory: 4k page, system-wide physical 7863M (17M free)
TotalPageFile size 29087M (AvailPageFile size 13M)
current process WorkingSet (physical memory assigned to process): 9M, peak: 340M
current process commit charge ("private bytes"): 629M, peak: 630M

vm_info: OpenJDK 64-Bit Server VM (21.0.10+7-LTS) for windows-amd64 JRE (21.0.10+7-LTS), built on 2026-01-20T00:00:00Z by "admin" with MS VC++ 17.12 (VS2022)

END.
