#
# There is insufficient memory for the Java Runtime Environment to continue.
# Native memory allocation (malloc) failed to allocate 1048576 bytes. Error detail: AllocateHeap
# Possible reasons:
#   The system is out of physical RAM or swap space
#   This process is running with CompressedOops enabled, and the Java Heap may be blocking the growth of the native heap
# Possible solutions:
#   Reduce memory load on the system
#   Increase physical memory or swap space
#   Check if swap backing store is full
#   Decrease Java heap size (-Xmx/-Xms)
#   Decrease number of Java threads
#   Decrease Java thread stack sizes (-Xss)
#   Set larger code cache with -XX:ReservedCodeCacheSize=
#   JVM is running with Unscaled Compressed Oops mode in which the Java heap is
#     placed in the first 4GB address space. The Java Heap base address is the
#     maximum limit for the native heap growth. Please use -XX:HeapBaseMinAddress
#     to set the Java Heap base and to place the Java Heap above 4GB virtual address.
# This output file may be truncated or incomplete.
#
#  Out of Memory Error (allocation.cpp:44), pid=27772, tid=14244
#
# JRE version: OpenJDK Runtime Environment Temurin-21.0.10+7 (21.0.10+7) (build 21.0.10+7-LTS)
# Java VM: OpenJDK 64-Bit Server VM Temurin-21.0.10+7 (21.0.10+7-LTS, mixed mode, sharing, tiered, compressed oops, compressed class ptrs, parallel gc, windows-amd64)
# No core dump will be written. Minidumps are not enabled by default on client versions of Windows
#

---------------  S U M M A R Y ------------

Command Line: --add-modules=ALL-SYSTEM --add-opens=java.base/java.util=ALL-UNNAMED --add-opens=java.base/java.lang=ALL-UNNAMED --add-opens=java.base/sun.nio.fs=ALL-UNNAMED -Declipse.application=org.eclipse.jdt.ls.core.id1 -Dosgi.bundles.defaultStartLevel=4 -Declipse.product=org.eclipse.jdt.ls.core.product -Djava.import.generatesMetadataFilesAtProjectRoot=false -DDetectVMInstallationsJob.disabled=true -Dfile.encoding=utf8 -XX:+UseParallelGC -XX:GCTimeRatio=4 -XX:AdaptiveSizePolicyWeight=90 -Dsun.zip.disableMemoryMapping=true -Xmx2G -Xms100m -Xlog:disable -javaagent:c:\Users\samar\.vscode\extensions\redhat.java-1.54.0-win32-x64\lombok\lombok-1.18.39-4050.jar -XX:+HeapDumpOnOutOfMemoryError -XX:HeapDumpPath=c:\Users\samar\AppData\Roaming\Code\User\workspaceStorage\679e94b7c602f2e992e0a200e6279990\redhat.java -Daether.dependencyCollector.impl=bf c:\Users\samar\.vscode\extensions\redhat.java-1.54.0-win32-x64\server\plugins\org.eclipse.equinox.launcher_1.7.100.v20251111-0406.jar -configuration c:\Users\samar\AppData\Roaming\Code\User\globalStorage\redhat.java\1.54.0\config_win -data c:\Users\samar\AppData\Roaming\Code\User\workspaceStorage\679e94b7c602f2e992e0a200e6279990\redhat.java\jdt_ws --pipe=\\.\pipe\lsp-6657db102f815501d16baf72e4a2373b-sock

Host: 12th Gen Intel(R) Core(TM) i5-1235U, 12 cores, 7G,  Windows 11 , 64 bit Build 26100 (10.0.26100.8246)
Time: Sun Apr 26 07:58:29 2026 India Standard Time elapsed time: 4246.721386 seconds (0d 1h 10m 46s)

---------------  T H R E A D  ---------------

Current thread (0x00000269cf4ac270):  JavaThread "Attach Listener" daemon [_thread_in_vm, id=14244, stack(0x000000fcd8200000,0x000000fcd8300000) (1024K)]

Stack: [0x000000fcd8200000,0x000000fcd8300000]
Native frames: (J=compiled Java code, j=interpreted, Vv=VM code, C=native code)
V  [jvm.dll+0x6d7a39]
V  [jvm.dll+0x8b4b26]
V  [jvm.dll+0x8b70de]
V  [jvm.dll+0x8b77c3]
V  [jvm.dll+0x284346]
V  [jvm.dll+0xc1277]
V  [jvm.dll+0x6d82e9]
V  [jvm.dll+0x1334a6]
V  [jvm.dll+0x3f857e]
V  [jvm.dll+0x85f59d]
V  [jvm.dll+0x6d626d]
C  [ucrtbase.dll+0x37b0]
C  [KERNEL32.DLL+0x2e8d7]
C  [ntdll.dll+0x8c3fc]


---------------  P R O C E S S  ---------------

Threads class SMR info:
_java_thread_list=0x0000026a1c861970, length=59, elements={
0x00000269b671a900, 0x00000269b8ace870, 0x00000269cf4a6840, 0x00000269cf4a9120,
0x00000269cf4ac270, 0x00000269cf4aece0, 0x00000269cf4af740, 0x00000269cf4b0580,
0x00000269cf4bad80, 0x0000026a11ac8280, 0x0000026a11bfa360, 0x0000026a1771e7b0,
0x0000026a176e50a0, 0x0000026a178a23a0, 0x0000026a17298d70, 0x0000026a17fe9f20,
0x0000026a11b86ac0, 0x0000026a178e8300, 0x0000026a1716e7f0, 0x0000026a1716f510,
0x0000026a171715e0, 0x0000026a1716e160, 0x0000026a199d8c40, 0x0000026a199d57c0,
0x0000026a199d7890, 0x0000026a199d6b70, 0x0000026a199d92d0, 0x0000026a199d5e50,
0x0000026a199d7200, 0x0000026a199d9960, 0x0000026a199d64e0, 0x0000026a199d85b0,
0x0000026a199db3a0, 0x0000026a199dad10, 0x0000026a199da680, 0x0000026a199d7f20,
0x0000026a1b1df0b0, 0x0000026a1b1dfdd0, 0x0000026a1b1e38e0, 0x0000026a1995cbc0,
0x0000026a1995ec90, 0x0000026a1995c530, 0x0000026a1995f320, 0x0000026a1995d250,
0x0000026a1995bea0, 0x0000026a19962110, 0x0000026a199627a0, 0x0000026a199613f0,
0x0000026a19962e30, 0x0000026a19961a80, 0x0000026a1b1e0460, 0x0000026a1b1e59b0,
0x0000026a1b1e3250, 0x0000026a199dba30, 0x0000026a199dc0c0, 0x0000026a199dc750,
0x0000026a199dcde0, 0x0000026a199d9ff0, 0x0000026a17170f50
}

Java Threads: ( => current thread )
  0x00000269b671a900 JavaThread "main"                              [_thread_blocked, id=24488, stack(0x000000fcd7b00000,0x000000fcd7c00000) (1024K)]
  0x00000269b8ace870 JavaThread "Reference Handler"          daemon [_thread_blocked, id=26472, stack(0x000000fcd7f00000,0x000000fcd8000000) (1024K)]
  0x00000269cf4a6840 JavaThread "Finalizer"                  daemon [_thread_blocked, id=27160, stack(0x000000fcd8000000,0x000000fcd8100000) (1024K)]
  0x00000269cf4a9120 JavaThread "Signal Dispatcher"          daemon [_thread_blocked, id=25744, stack(0x000000fcd8100000,0x000000fcd8200000) (1024K)]
=>0x00000269cf4ac270 JavaThread "Attach Listener"            daemon [_thread_in_vm, id=14244, stack(0x000000fcd8200000,0x000000fcd8300000) (1024K)]
  0x00000269cf4aece0 JavaThread "Service Thread"             daemon [_thread_blocked, id=20968, stack(0x000000fcd8300000,0x000000fcd8400000) (1024K)]
  0x00000269cf4af740 JavaThread "Monitor Deflation Thread"   daemon [_thread_blocked, id=29596, stack(0x000000fcd8400000,0x000000fcd8500000) (1024K)]
  0x00000269cf4b0580 JavaThread "C2 CompilerThread0"         daemon [_thread_blocked, id=28716, stack(0x000000fcd8500000,0x000000fcd8600000) (1024K)]
  0x00000269cf4bad80 JavaThread "C1 CompilerThread0"         daemon [_thread_blocked, id=23548, stack(0x000000fcd8600000,0x000000fcd8700000) (1024K)]
  0x0000026a11ac8280 JavaThread "Common-Cleaner"             daemon [_thread_blocked, id=6124, stack(0x000000fcd8800000,0x000000fcd8900000) (1024K)]
  0x0000026a11bfa360 JavaThread "Notification Thread"        daemon [_thread_blocked, id=17524, stack(0x000000fcd8700000,0x000000fcd8800000) (1024K)]
  0x0000026a1771e7b0 JavaThread "Active Thread: Equinox Container: 84d3ff87-af1a-497d-a800-709f48ea71a0"        [_thread_blocked, id=9104, stack(0x000000fcd9000000,0x000000fcd9100000) (1024K)]
  0x0000026a176e50a0 JavaThread "Refresh Thread: Equinox Container: 84d3ff87-af1a-497d-a800-709f48ea71a0" daemon [_thread_blocked, id=21900, stack(0x000000fcd9200000,0x000000fcd9300000) (1024K)]
  0x0000026a178a23a0 JavaThread "Framework Event Dispatcher: Equinox Container: 84d3ff87-af1a-497d-a800-709f48ea71a0" daemon [_thread_blocked, id=24920, stack(0x000000fcd9300000,0x000000fcd9400000) (1024K)]
  0x0000026a17298d70 JavaThread "Start Level: Equinox Container: 84d3ff87-af1a-497d-a800-709f48ea71a0" daemon [_thread_blocked, id=4556, stack(0x000000fcd8900000,0x000000fcd8a00000) (1024K)]
  0x0000026a17fe9f20 JavaThread "Bundle File Closer"         daemon [_thread_blocked, id=27300, stack(0x000000fcd9700000,0x000000fcd9800000) (1024K)]
  0x0000026a11b86ac0 JavaThread "SCR Component Actor"        daemon [_thread_blocked, id=18964, stack(0x000000fcd9400000,0x000000fcd9500000) (1024K)]
  0x0000026a178e8300 JavaThread "Worker-JM"                         [_thread_blocked, id=19696, stack(0x000000fcd9900000,0x000000fcd9a00000) (1024K)]
  0x0000026a1716e7f0 JavaThread "JNA Cleaner"                daemon [_thread_blocked, id=6576, stack(0x000000fcd9800000,0x000000fcd9900000) (1024K)]
  0x0000026a1716f510 JavaThread "Java indexing"              daemon [_thread_blocked, id=2720, stack(0x000000fcd9f00000,0x000000fcda000000) (1024K)]
  0x0000026a171715e0 JavaThread "Thread-1"                   daemon [_thread_in_native, id=23200, stack(0x000000fcda400000,0x000000fcda500000) (1024K)]
  0x0000026a1716e160 JavaThread "Thread-2"                   daemon [_thread_in_native, id=12324, stack(0x000000fcda500000,0x000000fcda600000) (1024K)]
  0x0000026a199d8c40 JavaThread "Thread-3"                   daemon [_thread_in_native, id=25484, stack(0x000000fcda600000,0x000000fcda700000) (1024K)]
  0x0000026a199d57c0 JavaThread "Thread-4"                   daemon [_thread_in_native, id=14972, stack(0x000000fcda700000,0x000000fcda800000) (1024K)]
  0x0000026a199d7890 JavaThread "Thread-5"                   daemon [_thread_in_native, id=24472, stack(0x000000fcda800000,0x000000fcda900000) (1024K)]
  0x0000026a199d6b70 JavaThread "Thread-6"                   daemon [_thread_in_native, id=23668, stack(0x000000fcda900000,0x000000fcdaa00000) (1024K)]
  0x0000026a199d92d0 JavaThread "Thread-7"                   daemon [_thread_in_native, id=5108, stack(0x000000fcdaa00000,0x000000fcdab00000) (1024K)]
  0x0000026a199d5e50 JavaThread "Thread-8"                   daemon [_thread_in_native, id=29136, stack(0x000000fcdab00000,0x000000fcdac00000) (1024K)]
  0x0000026a199d7200 JavaThread "Thread-9"                   daemon [_thread_in_native, id=21444, stack(0x000000fcdac00000,0x000000fcdad00000) (1024K)]
  0x0000026a199d9960 JavaThread "Thread-10"                  daemon [_thread_in_native, id=15852, stack(0x000000fcdad00000,0x000000fcdae00000) (1024K)]
  0x0000026a199d64e0 JavaThread "Thread-11"                  daemon [_thread_in_native, id=23256, stack(0x000000fcdae00000,0x000000fcdaf00000) (1024K)]
  0x0000026a199d85b0 JavaThread "Thread-12"                  daemon [_thread_in_native, id=21592, stack(0x000000fcdaf00000,0x000000fcdb000000) (1024K)]
  0x0000026a199db3a0 JavaThread "Thread-13"                  daemon [_thread_in_native, id=20412, stack(0x000000fcdb000000,0x000000fcdb100000) (1024K)]
  0x0000026a199dad10 JavaThread "pool-2-thread-1"                   [_thread_blocked, id=15380, stack(0x000000fcdb100000,0x000000fcdb200000) (1024K)]
  0x0000026a199da680 JavaThread "WorkspaceEventsHandler"            [_thread_blocked, id=22748, stack(0x000000fcdb200000,0x000000fcdb300000) (1024K)]
  0x0000026a199d7f20 JavaThread "pool-1-thread-1"                   [_thread_blocked, id=11644, stack(0x000000fcdb300000,0x000000fcdb400000) (1024K)]
  0x0000026a1b1df0b0 JavaThread "Java Debug Server"          daemon [_thread_in_native, id=23852, stack(0x000000fcd9d00000,0x000000fcd9e00000) (1024K)]
  0x0000026a1b1dfdd0 JavaThread "RxSchedulerPurge-1"         daemon [_thread_blocked, id=25940, stack(0x000000fcd9c00000,0x000000fcd9d00000) (1024K)]
  0x0000026a1b1e38e0 JavaThread "RxCachedWorkerPoolEvictor-1" daemon [_thread_blocked, id=2764, stack(0x000000fcdc000000,0x000000fcdc100000) (1024K)]
  0x0000026a1995cbc0 JavaThread "ForkJoinPool.commonPool-worker-12" daemon [_thread_blocked, id=22276, stack(0x000000fcd7900000,0x000000fcd7a00000) (1024K)]
  0x0000026a1995ec90 JavaThread "ForkJoinPool.commonPool-worker-13" daemon [_thread_blocked, id=29868, stack(0x000000fcda000000,0x000000fcda100000) (1024K)]
  0x0000026a1995c530 JavaThread "ForkJoinPool.commonPool-worker-14" daemon [_thread_blocked, id=23248, stack(0x000000fcda100000,0x000000fcda200000) (1024K)]
  0x0000026a1995f320 JavaThread "ForkJoinPool.commonPool-worker-15" daemon [_thread_blocked, id=20164, stack(0x000000fcda200000,0x000000fcda300000) (1024K)]
  0x0000026a1995d250 JavaThread "ForkJoinPool.commonPool-worker-16" daemon [_thread_blocked, id=22716, stack(0x000000fcdb400000,0x000000fcdb500000) (1024K)]
  0x0000026a1995bea0 JavaThread "ForkJoinPool.commonPool-worker-17" daemon [_thread_blocked, id=22868, stack(0x000000fcdb700000,0x000000fcdb800000) (1024K)]
  0x0000026a19962110 JavaThread "ForkJoinPool.commonPool-worker-18" daemon [_thread_blocked, id=21120, stack(0x000000fcdb800000,0x000000fcdb900000) (1024K)]
  0x0000026a199627a0 JavaThread "ForkJoinPool.commonPool-worker-19" daemon [_thread_blocked, id=7988, stack(0x000000fcdb900000,0x000000fcdba00000) (1024K)]
  0x0000026a199613f0 JavaThread "ForkJoinPool.commonPool-worker-21" daemon [_thread_blocked, id=21108, stack(0x000000fcdbb00000,0x000000fcdbc00000) (1024K)]
  0x0000026a19962e30 JavaThread "ForkJoinPool.commonPool-worker-22" daemon [_thread_blocked, id=23340, stack(0x000000fcdbc00000,0x000000fcdbd00000) (1024K)]
  0x0000026a19961a80 JavaThread "Cleaner-0"                  daemon [_thread_blocked, id=15684, stack(0x000000fcdbd00000,0x000000fcdbe00000) (1024K)]
  0x0000026a1b1e0460 JavaThread "Worker-15"                         [_thread_blocked, id=29876, stack(0x000000fcd9e00000,0x000000fcd9f00000) (1024K)]
  0x0000026a1b1e59b0 JavaThread "Compiler Source File Reader" daemon [_thread_blocked, id=27200, stack(0x000000fcdb600000,0x000000fcdb700000) (1024K)]
  0x0000026a1b1e3250 JavaThread "Compiler Source File Reader" daemon [_thread_blocked, id=22608, stack(0x000000fcdb500000,0x000000fcdb600000) (1024K)]
  0x0000026a199dba30 JavaThread "ForkJoinPool.commonPool-worker-23" daemon [_thread_blocked, id=23744, stack(0x000000fcdc200000,0x000000fcdc300000) (1024K)]
  0x0000026a199dc0c0 JavaThread "Compiler Source File Reader" daemon [_thread_blocked, id=20584, stack(0x000000fcdc300000,0x000000fcdc400000) (1024K)]
  0x0000026a199dc750 JavaThread "Worker-16"                         [_thread_blocked, id=22916, stack(0x000000fcdc600000,0x000000fcdc700000) (1024K)]
  0x0000026a199dcde0 JavaThread "Compiler Source File Reader" daemon [_thread_blocked, id=21964, stack(0x000000fcdc700000,0x000000fcdc800000) (1024K)]
  0x0000026a199d9ff0 JavaThread "Compiler Source File Reader" daemon [_thread_blocked, id=30664, stack(0x000000fcdc800000,0x000000fcdc900000) (1024K)]
  0x0000026a17170f50 JavaThread "Compiler Source File Reader" daemon [_thread_blocked, id=24164, stack(0x000000fcdc900000,0x000000fcdca00000) (1024K)]
Total: 59

Other Threads:
  0x00000269cf4a4930 VMThread "VM Thread"                           [id=20600, stack(0x000000fcd7e00000,0x000000fcd7f00000) (1024K)]
  0x00000269b8a81f00 WatcherThread "VM Periodic Task Thread"        [id=16820, stack(0x000000fcd7d00000,0x000000fcd7e00000) (1024K)]
  0x00000269b8a32b00 WorkerThread "GC Thread#0"                     [id=23564, stack(0x000000fcd7c00000,0x000000fcd7d00000) (1024K)]
  0x0000026a17336d60 WorkerThread "GC Thread#1"                     [id=26188, stack(0x000000fcd8a00000,0x000000fcd8b00000) (1024K)]
  0x0000026a1755e4a0 WorkerThread "GC Thread#2"                     [id=23748, stack(0x000000fcd8b00000,0x000000fcd8c00000) (1024K)]
  0x0000026a17627890 WorkerThread "GC Thread#3"                     [id=15276, stack(0x000000fcd8c00000,0x000000fcd8d00000) (1024K)]
  0x0000026a17627c40 WorkerThread "GC Thread#4"                     [id=23540, stack(0x000000fcd8d00000,0x000000fcd8e00000) (1024K)]
  0x0000026a1755e850 WorkerThread "GC Thread#5"                     [id=22372, stack(0x000000fcd8e00000,0x000000fcd8f00000) (1024K)]
  0x0000026a1755ec00 WorkerThread "GC Thread#6"                     [id=25784, stack(0x000000fcd8f00000,0x000000fcd9000000) (1024K)]
  0x0000026a1765c260 WorkerThread "GC Thread#7"                     [id=29400, stack(0x000000fcd9100000,0x000000fcd9200000) (1024K)]
  0x0000026a17cf4620 WorkerThread "GC Thread#8"                     [id=25872, stack(0x000000fcd9500000,0x000000fcd9600000) (1024K)]
  0x0000026a17cf49d0 WorkerThread "GC Thread#9"                     [id=3580, stack(0x000000fcd9600000,0x000000fcd9700000) (1024K)]
Total: 12

Threads with active compile tasks:
Total: 0

VM state: not at safepoint (normal execution)

VM Mutex/Monitor currently owned by a thread: None

Heap address: 0x0000000080000000, size: 2048 MB, Compressed Oops mode: 32-bit

CDS archive(s) mapped at: [0x00000269d0000000-0x00000269d0ba0000-0x00000269d0ba0000), size 12189696, SharedBaseAddress: 0x00000269d0000000, ArchiveRelocationMode: 1.
Compressed class space mapped at: 0x00000269d1000000-0x0000026a11000000, reserved size: 1073741824
Narrow klass base: 0x00000269d0000000, Narrow klass shift: 0, Narrow klass range: 0x100000000

GC Precious Log:
 CardTable entry size: 512
 CPUs: 12 total, 12 available
 Memory: 7863M
 Large Page Support: Disabled
 NUMA Support: Disabled
 Compressed Oops: Enabled (32-bit)
 Alignments: Space 512K, Generation 512K, Heap 2M
 Heap Min Capacity: 100M
 Heap Initial Capacity: 100M
 Heap Max Capacity: 2G
 Pre-touch: Disabled
 Parallel Workers: 10

Heap:
 PSYoungGen      total 18432K, used 13603K [0x00000000d5580000, 0x00000000d7f00000, 0x0000000100000000)
  eden space 14848K, 67% used [0x00000000d5580000,0x00000000d5f48d30,0x00000000d6400000)
  from space 3584K, 100% used [0x00000000d7280000,0x00000000d7600000,0x00000000d7600000)
  to   space 13824K, 0% used [0x00000000d6400000,0x00000000d6400000,0x00000000d7180000)
 ParOldGen       total 1139200K, used 462252K [0x0000000080000000, 0x00000000c5880000, 0x00000000d5580000)
  object space 1139200K, 40% used [0x0000000080000000,0x000000009c36b180,0x00000000c5880000)
 Metaspace       used 86229K, committed 88000K, reserved 1179648K
  class space    used 9045K, committed 9920K, reserved 1048576K

Card table byte_map: [0x00000269b83b0000,0x00000269b87c0000] _byte_map_base: 0x00000269b7fb0000

Marking Bits: (ParMarkBitMap*) 0x00007ff886223450
 Begin Bits: [0x00000269caec0000, 0x00000269ccec0000)
 End Bits:   [0x00000269ccec0000, 0x00000269ceec0000)

Polling page: 0x00000269b6850000

Metaspace:

Usage:
  Non-class:     75.37 MB used.
      Class:      8.83 MB used.
       Both:     84.21 MB used.

Virtual space:
  Non-class space:      128.00 MB reserved,      76.25 MB ( 60%) committed,  2 nodes.
      Class space:        1.00 GB reserved,       9.69 MB ( <1%) committed,  1 nodes.
             Both:        1.12 GB reserved,      85.94 MB (  7%) committed. 

Chunk freelists:
   Non-Class:  3.14 MB
       Class:  6.50 MB
        Both:  9.65 MB

MaxMetaspaceSize: unlimited
CompressedClassSpaceSize: 1.00 GB
Initial GC threshold: 21.00 MB
Current GC threshold: 142.19 MB
CDS: on
 - commit_granule_bytes: 65536.
 - commit_granule_words: 8192.
 - virtual_space_node_default_size: 8388608.
 - enlarge_chunks_in_place: 1.
 - use_allocation_guard: 0.


Internal statistics:

num_allocs_failed_limit: 9.
num_arena_births: 1744.
num_arena_deaths: 488.
num_vsnodes_births: 3.
num_vsnodes_deaths: 0.
num_space_committed: 1375.
num_space_uncommitted: 0.
num_chunks_returned_to_freelist: 604.
num_chunks_taken_from_freelist: 6251.
num_chunk_merges: 168.
num_chunk_splits: 3506.
num_chunks_enlarged: 1753.
num_inconsistent_stats: 0.

CodeHeap 'non-profiled nmethods': size=120000Kb used=14463Kb max_used=14463Kb free=105536Kb
 bounds [0x00000269c36e0000, 0x00000269c4520000, 0x00000269cac10000]
CodeHeap 'profiled nmethods': size=120000Kb used=38971Kb max_used=40121Kb free=81028Kb
 bounds [0x00000269bbc10000, 0x00000269be340000, 0x00000269c3140000]
CodeHeap 'non-nmethods': size=5760Kb used=1520Kb max_used=1607Kb free=4239Kb
 bounds [0x00000269c3140000, 0x00000269c33b0000, 0x00000269c36e0000]
CodeCache: size=245760Kb, used=54954Kb, max_used=56191Kb, free=190803Kb
 total_blobs=17471, nmethods=16627, adapters=748, full_count=0
Compilation: enabled, stopped_count=0, restarted_count=0

Compilation events (20 events):
Event: 4233.230 Thread 0x00000269cf4b0580 18584       4       com.sun.org.apache.xerces.internal.impl.XMLEntityScanner::skipSpaces (362 bytes)
Event: 4233.233 Thread 0x00000269cf4bad80 18585       3       sun.nio.cs.StreamEncoder::<init> (56 bytes)
Event: 4233.236 Thread 0x00000269cf4bad80 nmethod 18585 0x00000269bc4c5010 code [0x00000269bc4c51e0, 0x00000269bc4c55b8]
Event: 4233.236 Thread 0x00000269cf4bad80 18586       3       java.io.BufferedWriter::<init> (12 bytes)
Event: 4233.240 Thread 0x00000269cf4bad80 nmethod 18586 0x00000269bc4c4890 code [0x00000269bc4c4a60, 0x00000269bc4c4ea8]
Event: 4233.240 Thread 0x00000269cf4bad80 18587       3       java.io.BufferedWriter::<init> (42 bytes)
Event: 4233.241 Thread 0x00000269cf4bad80 nmethod 18587 0x00000269bc95ee90 code [0x00000269bc95f060, 0x00000269bc95f398]
Event: 4233.241 Thread 0x00000269cf4bad80 18588       3       sun.nio.cs.StreamEncoder::<init> (23 bytes)
Event: 4233.244 Thread 0x00000269cf4bad80 nmethod 18588 0x00000269bc95e590 code [0x00000269bc95e780, 0x00000269bc95ecc8]
Event: 4233.244 Thread 0x00000269cf4bad80 18589       3       java.io.BufferedWriter::initialBufferSize (23 bytes)
Event: 4233.245 Thread 0x00000269cf4bad80 nmethod 18589 0x00000269bc54e310 code [0x00000269bc54e4e0, 0x00000269bc54e890]
Event: 4233.255 Thread 0x00000269cf4bad80 18590  s    3       org.eclipse.core.internal.watson.ElementTree::immutable (36 bytes)
Event: 4233.259 Thread 0x00000269cf4bad80 nmethod 18590 0x00000269bc54da10 code [0x00000269bc54dc00, 0x00000269bc54e130]
Event: 4233.259 Thread 0x00000269cf4bad80 18592       3       org.eclipse.core.internal.dtree.AbstractDataTreeNode::compareWith (364 bytes)
Event: 4233.264 Thread 0x00000269cf4b0580 nmethod 18584 0x00000269c38fb310 code [0x00000269c38fb520, 0x00000269c38fbac0]
Event: 4233.270 Thread 0x00000269cf4bad80 nmethod 18592 0x00000269bbcea190 code [0x00000269bbcea500, 0x00000269bbcec540]
Event: 4233.270 Thread 0x00000269cf4bad80 18591       3       org.eclipse.core.internal.dtree.DataTreeNode::compareWith (74 bytes)
Event: 4233.273 Thread 0x00000269cf4bad80 nmethod 18591 0x00000269bc66da10 code [0x00000269bc66dc00, 0x00000269bc66e170]
Event: 4240.657 Thread 0x00000269cf4b0580 18593   !   4       java.util.concurrent.locks.AbstractQueuedSynchronizer$ConditionObject::newConditionNode (78 bytes)
Event: 4240.663 Thread 0x00000269cf4b0580 nmethod 18593 0x00000269c385f390 code [0x00000269c385f580, 0x00000269c385f938]

GC Heap History (20 events):
Event: 4083.757 GC heap before
{Heap before GC invocations=891 (full 4):
 PSYoungGen      total 14848K, used 13205K [0x00000000d5580000, 0x00000000d6580000, 0x0000000100000000)
  eden space 12800K, 100% used [0x00000000d5580000,0x00000000d6200000,0x00000000d6200000)
  from space 2048K, 19% used [0x00000000d6380000,0x00000000d63e57a8,0x00000000d6580000)
  to   space 1536K, 0% used [0x00000000d6200000,0x00000000d6200000,0x00000000d6380000)
 ParOldGen       total 1139200K, used 383191K [0x0000000080000000, 0x00000000c5880000, 0x00000000d5580000)
  object space 1139200K, 33% used [0x0000000080000000,0x0000000097635cb8,0x00000000c5880000)
 Metaspace       used 85646K, committed 87552K, reserved 1179648K
  class space    used 8990K, committed 9856K, reserved 1048576K
}
Event: 4083.762 GC heap after
{Heap after GC invocations=891 (full 4):
 PSYoungGen      total 13312K, used 400K [0x00000000d5580000, 0x00000000d6400000, 0x0000000100000000)
  eden space 12800K, 0% used [0x00000000d5580000,0x00000000d5580000,0x00000000d6200000)
  from space 512K, 78% used [0x00000000d6200000,0x00000000d6264010,0x00000000d6280000)
  to   space 1024K, 0% used [0x00000000d6300000,0x00000000d6300000,0x00000000d6400000)
 ParOldGen       total 1139200K, used 383371K [0x0000000080000000, 0x00000000c5880000, 0x00000000d5580000)
  object space 1139200K, 33% used [0x0000000080000000,0x0000000097662f48,0x00000000c5880000)
 Metaspace       used 85646K, committed 87552K, reserved 1179648K
  class space    used 8990K, committed 9856K, reserved 1048576K
}
Event: 4086.306 GC heap before
{Heap before GC invocations=892 (full 4):
 PSYoungGen      total 13312K, used 12917K [0x00000000d5580000, 0x00000000d6400000, 0x0000000100000000)
  eden space 12800K, 97% used [0x00000000d5580000,0x00000000d61b9630,0x00000000d6200000)
  from space 512K, 78% used [0x00000000d6200000,0x00000000d6264010,0x00000000d6280000)
  to   space 1024K, 0% used [0x00000000d6300000,0x00000000d6300000,0x00000000d6400000)
 ParOldGen       total 1139200K, used 383371K [0x0000000080000000, 0x00000000c5880000, 0x00000000d5580000)
  object space 1139200K, 33% used [0x0000000080000000,0x0000000097662f48,0x00000000c5880000)
 Metaspace       used 85870K, committed 87744K, reserved 1179648K
  class space    used 9023K, committed 9920K, reserved 1048576K
}
Event: 4086.312 GC heap after
{Heap after GC invocations=892 (full 4):
 PSYoungGen      total 13312K, used 1014K [0x00000000d5580000, 0x00000000d6500000, 0x0000000100000000)
  eden space 12288K, 0% used [0x00000000d5580000,0x00000000d5580000,0x00000000d6180000)
  from space 1024K, 99% used [0x00000000d6300000,0x00000000d63fd988,0x00000000d6400000)
  to   space 1536K, 0% used [0x00000000d6180000,0x00000000d6180000,0x00000000d6300000)
 ParOldGen       total 1139200K, used 383683K [0x0000000080000000, 0x00000000c5880000, 0x00000000d5580000)
  object space 1139200K, 33% used [0x0000000080000000,0x00000000976b0f68,0x00000000c5880000)
 Metaspace       used 85870K, committed 87744K, reserved 1179648K
  class space    used 9023K, committed 9920K, reserved 1048576K
}
Event: 4086.430 GC heap before
{Heap before GC invocations=893 (full 4):
 PSYoungGen      total 13312K, used 13302K [0x00000000d5580000, 0x00000000d6500000, 0x0000000100000000)
  eden space 12288K, 100% used [0x00000000d5580000,0x00000000d6180000,0x00000000d6180000)
  from space 1024K, 99% used [0x00000000d6300000,0x00000000d63fd988,0x00000000d6400000)
  to   space 1536K, 0% used [0x00000000d6180000,0x00000000d6180000,0x00000000d6300000)
 ParOldGen       total 1139200K, used 383683K [0x0000000080000000, 0x00000000c5880000, 0x00000000d5580000)
  object space 1139200K, 33% used [0x0000000080000000,0x00000000976b0f68,0x00000000c5880000)
 Metaspace       used 85876K, committed 87744K, reserved 1179648K
  class space    used 9023K, committed 9920K, reserved 1048576K
}
Event: 4086.469 GC heap after
{Heap after GC invocations=893 (full 4):
 PSYoungGen      total 13824K, used 1532K [0x00000000d5580000, 0x00000000d7480000, 0x0000000100000000)
  eden space 12288K, 0% used [0x00000000d5580000,0x00000000d5580000,0x00000000d6180000)
  from space 1536K, 99% used [0x00000000d6180000,0x00000000d62ff088,0x00000000d6300000)
  to   space 9728K, 0% used [0x00000000d6b00000,0x00000000d6b00000,0x00000000d7480000)
 ParOldGen       total 1139200K, used 390220K [0x0000000080000000, 0x00000000c5880000, 0x00000000d5580000)
  object space 1139200K, 34% used [0x0000000080000000,0x0000000097d131f0,0x00000000c5880000)
 Metaspace       used 85876K, committed 87744K, reserved 1179648K
  class space    used 9023K, committed 9920K, reserved 1048576K
}
Event: 4086.582 GC heap before
{Heap before GC invocations=894 (full 4):
 PSYoungGen      total 13824K, used 13820K [0x00000000d5580000, 0x00000000d7480000, 0x0000000100000000)
  eden space 12288K, 100% used [0x00000000d5580000,0x00000000d6180000,0x00000000d6180000)
  from space 1536K, 99% used [0x00000000d6180000,0x00000000d62ff088,0x00000000d6300000)
  to   space 9728K, 0% used [0x00000000d6b00000,0x00000000d6b00000,0x00000000d7480000)
 ParOldGen       total 1139200K, used 390220K [0x0000000080000000, 0x00000000c5880000, 0x00000000d5580000)
  object space 1139200K, 34% used [0x0000000080000000,0x0000000097d131f0,0x00000000c5880000)
 Metaspace       used 85907K, committed 87872K, reserved 1179648K
  class space    used 9023K, committed 9920K, reserved 1048576K
}
Event: 4086.597 GC heap after
{Heap after GC invocations=894 (full 4):
 PSYoungGen      total 15872K, used 3118K [0x00000000d5580000, 0x00000000d6e80000, 0x0000000100000000)
  eden space 12288K, 0% used [0x00000000d5580000,0x00000000d5580000,0x00000000d6180000)
  from space 3584K, 87% used [0x00000000d6b00000,0x00000000d6e0bb00,0x00000000d6e80000)
  to   space 5120K, 0% used [0x00000000d6480000,0x00000000d6480000,0x00000000d6980000)
 ParOldGen       total 1139200K, used 391700K [0x0000000080000000, 0x00000000c5880000, 0x00000000d5580000)
  object space 1139200K, 34% used [0x0000000080000000,0x0000000097e85078,0x00000000c5880000)
 Metaspace       used 85907K, committed 87872K, reserved 1179648K
  class space    used 9023K, committed 9920K, reserved 1048576K
}
Event: 4086.939 GC heap before
{Heap before GC invocations=895 (full 4):
 PSYoungGen      total 15872K, used 15406K [0x00000000d5580000, 0x00000000d6e80000, 0x0000000100000000)
  eden space 12288K, 100% used [0x00000000d5580000,0x00000000d6180000,0x00000000d6180000)
  from space 3584K, 87% used [0x00000000d6b00000,0x00000000d6e0bb00,0x00000000d6e80000)
  to   space 5120K, 0% used [0x00000000d6480000,0x00000000d6480000,0x00000000d6980000)
 ParOldGen       total 1139200K, used 391700K [0x0000000080000000, 0x00000000c5880000, 0x00000000d5580000)
  object space 1139200K, 34% used [0x0000000080000000,0x0000000097e85078,0x00000000c5880000)
 Metaspace       used 85914K, committed 87872K, reserved 1179648K
  class space    used 9023K, committed 9920K, reserved 1048576K
}
Event: 4086.972 GC heap after
{Heap after GC invocations=895 (full 4):
 PSYoungGen      total 17408K, used 5113K [0x00000000d5580000, 0x00000000d7c80000, 0x0000000100000000)
  eden space 12288K, 0% used [0x00000000d5580000,0x00000000d5580000,0x00000000d6180000)
  from space 5120K, 99% used [0x00000000d6480000,0x00000000d697e490,0x00000000d6980000)
  to   space 13824K, 0% used [0x00000000d6f00000,0x00000000d6f00000,0x00000000d7c80000)
 ParOldGen       total 1139200K, used 398493K [0x0000000080000000, 0x00000000c5880000, 0x00000000d5580000)
  object space 1139200K, 34% used [0x0000000080000000,0x00000000985274b0,0x00000000c5880000)
 Metaspace       used 85914K, committed 87872K, reserved 1179648K
  class space    used 9023K, committed 9920K, reserved 1048576K
}
Event: 4087.191 GC heap before
{Heap before GC invocations=896 (full 4):
 PSYoungGen      total 17408K, used 17401K [0x00000000d5580000, 0x00000000d7c80000, 0x0000000100000000)
  eden space 12288K, 100% used [0x00000000d5580000,0x00000000d6180000,0x00000000d6180000)
  from space 5120K, 99% used [0x00000000d6480000,0x00000000d697e490,0x00000000d6980000)
  to   space 13824K, 0% used [0x00000000d6f00000,0x00000000d6f00000,0x00000000d7c80000)
 ParOldGen       total 1139200K, used 398493K [0x0000000080000000, 0x00000000c5880000, 0x00000000d5580000)
  object space 1139200K, 34% used [0x0000000080000000,0x00000000985274b0,0x00000000c5880000)
 Metaspace       used 85933K, committed 87872K, reserved 1179648K
  class space    used 9024K, committed 9920K, reserved 1048576K
}
Event: 4087.216 GC heap after
{Heap after GC invocations=896 (full 4):
 PSYoungGen      total 20480K, used 8016K [0x00000000d5580000, 0x00000000d7700000, 0x0000000100000000)
  eden space 12288K, 0% used [0x00000000d5580000,0x00000000d5580000,0x00000000d6180000)
  from space 8192K, 97% used [0x00000000d6f00000,0x00000000d76d4020,0x00000000d7700000)
  to   space 9728K, 0% used [0x00000000d6400000,0x00000000d6400000,0x00000000d6d80000)
 ParOldGen       total 1139200K, used 400530K [0x0000000080000000, 0x00000000c5880000, 0x00000000d5580000)
  object space 1139200K, 35% used [0x0000000080000000,0x00000000987248e0,0x00000000c5880000)
 Metaspace       used 85933K, committed 87872K, reserved 1179648K
  class space    used 9024K, committed 9920K, reserved 1048576K
}
Event: 4087.401 GC heap before
{Heap before GC invocations=897 (full 4):
 PSYoungGen      total 20480K, used 20108K [0x00000000d5580000, 0x00000000d7700000, 0x0000000100000000)
  eden space 12288K, 98% used [0x00000000d5580000,0x00000000d614f1f0,0x00000000d6180000)
  from space 8192K, 97% used [0x00000000d6f00000,0x00000000d76d4020,0x00000000d7700000)
  to   space 9728K, 0% used [0x00000000d6400000,0x00000000d6400000,0x00000000d6d80000)
 ParOldGen       total 1139200K, used 400530K [0x0000000080000000, 0x00000000c5880000, 0x00000000d5580000)
  object space 1139200K, 35% used [0x0000000080000000,0x00000000987248e0,0x00000000c5880000)
 Metaspace       used 85965K, committed 87872K, reserved 1179648K
  class space    used 9024K, committed 9920K, reserved 1048576K
}
Event: 4087.498 GC heap after
{Heap after GC invocations=897 (full 4):
 PSYoungGen      total 22016K, used 9714K [0x00000000d5580000, 0x00000000d8980000, 0x0000000100000000)
  eden space 12288K, 0% used [0x00000000d5580000,0x00000000d5580000,0x00000000d6180000)
  from space 9728K, 99% used [0x00000000d6400000,0x00000000d6d7cbf8,0x00000000d6d80000)
  to   space 20480K, 0% used [0x00000000d7580000,0x00000000d7580000,0x00000000d8980000)
 ParOldGen       total 1139200K, used 409314K [0x0000000080000000, 0x00000000c5880000, 0x00000000d5580000)
  object space 1139200K, 35% used [0x0000000080000000,0x0000000098fb8900,0x00000000c5880000)
 Metaspace       used 85965K, committed 87872K, reserved 1179648K
  class space    used 9024K, committed 9920K, reserved 1048576K
}
Event: 4088.231 GC heap before
{Heap before GC invocations=898 (full 4):
 PSYoungGen      total 22016K, used 22002K [0x00000000d5580000, 0x00000000d8980000, 0x0000000100000000)
  eden space 12288K, 100% used [0x00000000d5580000,0x00000000d6180000,0x00000000d6180000)
  from space 9728K, 99% used [0x00000000d6400000,0x00000000d6d7cbf8,0x00000000d6d80000)
  to   space 20480K, 0% used [0x00000000d7580000,0x00000000d7580000,0x00000000d8980000)
 ParOldGen       total 1139200K, used 416994K [0x0000000080000000, 0x00000000c5880000, 0x00000000d5580000)
  object space 1139200K, 36% used [0x0000000080000000,0x0000000099738910,0x00000000c5880000)
 Metaspace       used 86024K, committed 87872K, reserved 1179648K
  class space    used 9028K, committed 9920K, reserved 1048576K
}
Event: 4088.315 GC heap after
{Heap after GC invocations=898 (full 4):
 PSYoungGen      total 17920K, used 5535K [0x00000000d5580000, 0x00000000d7b00000, 0x0000000100000000)
  eden space 12288K, 0% used [0x00000000d5580000,0x00000000d5580000,0x00000000d6180000)
  from space 5632K, 98% used [0x00000000d7580000,0x00000000d7ae7d20,0x00000000d7b00000)
  to   space 10752K, 0% used [0x00000000d6600000,0x00000000d6600000,0x00000000d7080000)
 ParOldGen       total 1139200K, used 425666K [0x0000000080000000, 0x00000000c5880000, 0x00000000d5580000)
  object space 1139200K, 37% used [0x0000000080000000,0x0000000099fb0930,0x00000000c5880000)
 Metaspace       used 86024K, committed 87872K, reserved 1179648K
  class space    used 9028K, committed 9920K, reserved 1048576K
}
Event: 4088.964 GC heap before
{Heap before GC invocations=899 (full 4):
 PSYoungGen      total 17920K, used 17823K [0x00000000d5580000, 0x00000000d7b00000, 0x0000000100000000)
  eden space 12288K, 100% used [0x00000000d5580000,0x00000000d6180000,0x00000000d6180000)
  from space 5632K, 98% used [0x00000000d7580000,0x00000000d7ae7d20,0x00000000d7b00000)
  to   space 10752K, 0% used [0x00000000d6600000,0x00000000d6600000,0x00000000d7080000)
 ParOldGen       total 1139200K, used 437186K [0x0000000080000000, 0x00000000c5880000, 0x00000000d5580000)
  object space 1139200K, 38% used [0x0000000080000000,0x000000009aaf0940,0x00000000c5880000)
 Metaspace       used 86024K, committed 87872K, reserved 1179648K
  class space    used 9028K, committed 9920K, reserved 1048576K
}
Event: 4089.301 GC heap after
{Heap after GC invocations=899 (full 4):
 PSYoungGen      total 25600K, used 736K [0x00000000d5580000, 0x00000000d7600000, 0x0000000100000000)
  eden space 14848K, 0% used [0x00000000d5580000,0x00000000d5580000,0x00000000d6400000)
  from space 10752K, 6% used [0x00000000d6600000,0x00000000d66b8000,0x00000000d7080000)
  to   space 3584K, 0% used [0x00000000d7280000,0x00000000d7280000,0x00000000d7600000)
 ParOldGen       total 1139200K, used 454132K [0x0000000080000000, 0x00000000c5880000, 0x00000000d5580000)
  object space 1139200K, 39% used [0x0000000080000000,0x000000009bb7d180,0x00000000c5880000)
 Metaspace       used 86024K, committed 87872K, reserved 1179648K
  class space    used 9028K, committed 9920K, reserved 1048576K
}
Event: 4134.954 GC heap before
{Heap before GC invocations=900 (full 4):
 PSYoungGen      total 25600K, used 15584K [0x00000000d5580000, 0x00000000d7600000, 0x0000000100000000)
  eden space 14848K, 100% used [0x00000000d5580000,0x00000000d6400000,0x00000000d6400000)
  from space 10752K, 6% used [0x00000000d6600000,0x00000000d66b8000,0x00000000d7080000)
  to   space 3584K, 0% used [0x00000000d7280000,0x00000000d7280000,0x00000000d7600000)
 ParOldGen       total 1139200K, used 454132K [0x0000000080000000, 0x00000000c5880000, 0x00000000d5580000)
  object space 1139200K, 39% used [0x0000000080000000,0x000000009bb7d180,0x00000000c5880000)
 Metaspace       used 86058K, committed 87872K, reserved 1179648K
  class space    used 9028K, committed 9920K, reserved 1048576K
}
Event: 4135.148 GC heap after
{Heap after GC invocations=900 (full 4):
 PSYoungGen      total 18432K, used 3584K [0x00000000d5580000, 0x00000000d7f00000, 0x0000000100000000)
  eden space 14848K, 0% used [0x00000000d5580000,0x00000000d5580000,0x00000000d6400000)
  from space 3584K, 100% used [0x00000000d7280000,0x00000000d7600000,0x00000000d7600000)
  to   space 13824K, 0% used [0x00000000d6400000,0x00000000d6400000,0x00000000d7180000)
 ParOldGen       total 1139200K, used 462252K [0x0000000080000000, 0x00000000c5880000, 0x00000000d5580000)
  object space 1139200K, 40% used [0x0000000080000000,0x000000009c36b180,0x00000000c5880000)
 Metaspace       used 86058K, committed 87872K, reserved 1179648K
  class space    used 9028K, committed 9920K, reserved 1048576K
}

Dll operation events (12 events):
Event: 0.070 Loaded shared library c:\Users\samar\.vscode\extensions\redhat.java-1.54.0-win32-x64\jre\21.0.10-win32-x86_64\bin\java.dll
Event: 0.606 Loaded shared library c:\Users\samar\.vscode\extensions\redhat.java-1.54.0-win32-x64\jre\21.0.10-win32-x86_64\bin\zip.dll
Event: 0.721 Loaded shared library C:\Users\samar\.vscode\extensions\redhat.java-1.54.0-win32-x64\jre\21.0.10-win32-x86_64\bin\instrument.dll
Event: 0.751 Loaded shared library C:\Users\samar\.vscode\extensions\redhat.java-1.54.0-win32-x64\jre\21.0.10-win32-x86_64\bin\net.dll
Event: 0.778 Loaded shared library C:\Users\samar\.vscode\extensions\redhat.java-1.54.0-win32-x64\jre\21.0.10-win32-x86_64\bin\nio.dll
Event: 0.799 Loaded shared library C:\Users\samar\.vscode\extensions\redhat.java-1.54.0-win32-x64\jre\21.0.10-win32-x86_64\bin\zip.dll
Event: 0.885 Loaded shared library C:\Users\samar\.vscode\extensions\redhat.java-1.54.0-win32-x64\jre\21.0.10-win32-x86_64\bin\jimage.dll
Event: 1.168 Loaded shared library c:\Users\samar\.vscode\extensions\redhat.java-1.54.0-win32-x64\jre\21.0.10-win32-x86_64\bin\verify.dll
Event: 4.809 Loaded shared library C:\Users\samar\AppData\Roaming\Code\User\globalStorage\redhat.java\1.54.0\config_win\org.eclipse.equinox.launcher\org.eclipse.equinox.launcher.win32.win32.x86_64_1.3.0.v20260203-2149\eclipse_11919.dll
Event: 10.634 Loaded shared library C:\Users\samar\AppData\Local\Temp\jna-109202512\jna18105061538982900423.dll
Event: 37.800 Loaded shared library C:\Users\samar\.vscode\extensions\redhat.java-1.54.0-win32-x64\jre\21.0.10-win32-x86_64\bin\extnet.dll
Event: 3865.661 Loaded shared library C:\Users\samar\.vscode\extensions\redhat.java-1.54.0-win32-x64\jre\21.0.10-win32-x86_64\bin\sunmscapi.dll

Deoptimization events (20 events):
Event: 4228.033 Thread 0x0000026a1716fba0 Uncommon trap: trap_request=0xffffffde fr.pc=0x00000269c44e79c8 relative=0x0000000000002648
Event: 4228.040 Thread 0x0000026a1716fba0 Uncommon trap: reason=class_check action=maybe_recompile pc=0x00000269c44e79c8 method=java.util.concurrent.ForkJoinTask$AdaptedCallable.exec()Z @ 5 c2
Event: 4228.040 Thread 0x0000026a1716fba0 DEOPT PACKING pc=0x00000269c44e79c8 sp=0x000000fcd9aff0c0
Event: 4228.042 Thread 0x0000026a1716fba0 DEOPT UNPACKING pc=0x00000269c3193aa2 sp=0x000000fcd9afef90 mode 2
Event: 4228.334 Thread 0x0000026a1b1e0460 Uncommon trap: trap_request=0xfffffff4 fr.pc=0x00000269c4346ec8 relative=0x00000000000002e8
Event: 4228.338 Thread 0x0000026a1b1e0460 Uncommon trap: reason=null_check action=make_not_entrant pc=0x00000269c4346ec8 method=java.lang.Class.reflectionData()Ljava/lang/Class$ReflectionData; @ 18 c2
Event: 4228.339 Thread 0x0000026a1b1e0460 DEOPT PACKING pc=0x00000269c4346ec8 sp=0x000000fcd9efe450
Event: 4228.345 Thread 0x0000026a1b1e0460 DEOPT UNPACKING pc=0x00000269c3193aa2 sp=0x000000fcd9efe378 mode 2
Event: 4230.083 Thread 0x0000026a1b1e0460 Uncommon trap: trap_request=0xfffffff4 fr.pc=0x00000269c3e8e3d0 relative=0x00000000000002f0
Event: 4230.083 Thread 0x0000026a1b1e0460 Uncommon trap: reason=null_check action=make_not_entrant pc=0x00000269c3e8e3d0 method=java.lang.Class.reflectionData()Ljava/lang/Class$ReflectionData; @ 18 c2
Event: 4230.083 Thread 0x0000026a1b1e0460 DEOPT PACKING pc=0x00000269c3e8e3d0 sp=0x000000fcd9efd9a0
Event: 4230.086 Thread 0x0000026a1b1e0460 DEOPT UNPACKING pc=0x00000269c3193aa2 sp=0x000000fcd9efd8b8 mode 2
Event: 4231.708 Thread 0x0000026a1b1e0460 Uncommon trap: trap_request=0xfffffff4 fr.pc=0x00000269c3f5e0c4 relative=0x00000000000006a4
Event: 4231.708 Thread 0x0000026a1b1e0460 Uncommon trap: reason=null_check action=make_not_entrant pc=0x00000269c3f5e0c4 method=java.lang.Class.reflectionData()Ljava/lang/Class$ReflectionData; @ 18 c2
Event: 4231.709 Thread 0x0000026a1b1e0460 DEOPT PACKING pc=0x00000269c3f5e0c4 sp=0x000000fcd9efdc00
Event: 4231.711 Thread 0x0000026a1b1e0460 DEOPT UNPACKING pc=0x00000269c3193aa2 sp=0x000000fcd9efdad8 mode 2
Event: 4232.045 Thread 0x0000026a17170230 Uncommon trap: trap_request=0xffffffde fr.pc=0x00000269c44e79c8 relative=0x0000000000002648
Event: 4232.045 Thread 0x0000026a17170230 Uncommon trap: reason=class_check action=maybe_recompile pc=0x00000269c44e79c8 method=java.util.concurrent.ForkJoinTask$AdaptedCallable.exec()Z @ 5 c2
Event: 4232.045 Thread 0x0000026a17170230 DEOPT PACKING pc=0x00000269c44e79c8 sp=0x000000fcd9aff470
Event: 4232.047 Thread 0x0000026a17170230 DEOPT UNPACKING pc=0x00000269c3193aa2 sp=0x000000fcd9aff340 mode 2

Classes loaded (20 events):
Event: 3936.489 Loading class jdk/internal/module/IllegalAccessLogger
Event: 3936.489 Loading class jdk/internal/module/IllegalAccessLogger done
Event: 3945.434 Loading class jdk/internal/module/IllegalAccessLogger
Event: 3945.434 Loading class jdk/internal/module/IllegalAccessLogger done
Event: 4052.013 Loading class java/util/function/IntPredicate
Event: 4052.015 Loading class java/util/function/IntPredicate done
Event: 4052.107 Loading class java/util/regex/Pattern$Bound
Event: 4052.108 Loading class java/util/regex/Pattern$Bound done
Event: 4056.881 Loading class jdk/internal/module/IllegalAccessLogger
Event: 4056.882 Loading class jdk/internal/module/IllegalAccessLogger done
Event: 4059.162 Loading class jdk/internal/module/IllegalAccessLogger
Event: 4059.162 Loading class jdk/internal/module/IllegalAccessLogger done
Event: 4073.021 Loading class jdk/internal/module/IllegalAccessLogger
Event: 4073.022 Loading class jdk/internal/module/IllegalAccessLogger done
Event: 4080.210 Loading class jdk/internal/module/IllegalAccessLogger
Event: 4080.210 Loading class jdk/internal/module/IllegalAccessLogger done
Event: 4083.216 Loading class jdk/internal/module/IllegalAccessLogger
Event: 4083.216 Loading class jdk/internal/module/IllegalAccessLogger done
Event: 4087.691 Loading class jdk/internal/module/IllegalAccessLogger
Event: 4087.691 Loading class jdk/internal/module/IllegalAccessLogger done

Classes unloaded (20 events):
Event: 4065.624 Thread 0x00000269cf4a4930 Unloading class 0x00000269d1016400 'java/lang/invoke/LambdaForm$MH+0x00000269d1016400'
Event: 4065.624 Thread 0x00000269cf4a4930 Unloading class 0x00000269d100d800 'java/lang/invoke/LambdaForm$MH+0x00000269d100d800'
Event: 4065.624 Thread 0x00000269cf4a4930 Unloading class 0x00000269d100d400 'java/lang/invoke/LambdaForm$MH+0x00000269d100d400'
Event: 4065.624 Thread 0x00000269cf4a4930 Unloading class 0x00000269d100d000 'java/lang/invoke/LambdaForm$MH+0x00000269d100d000'
Event: 4065.624 Thread 0x00000269cf4a4930 Unloading class 0x00000269d100cc00 'java/lang/invoke/LambdaForm$MH+0x00000269d100cc00'
Event: 4065.624 Thread 0x00000269cf4a4930 Unloading class 0x00000269d100c800 'java/lang/invoke/LambdaForm$BMH+0x00000269d100c800'
Event: 4065.624 Thread 0x00000269cf4a4930 Unloading class 0x00000269d100c000 'java/lang/invoke/LambdaForm$DMH+0x00000269d100c000'
Event: 4065.624 Thread 0x00000269cf4a4930 Unloading class 0x00000269d1008c00 'java/lang/invoke/LambdaForm$MH+0x00000269d1008c00'
Event: 4065.624 Thread 0x00000269cf4a4930 Unloading class 0x00000269d1008800 'java/lang/invoke/LambdaForm$MH+0x00000269d1008800'
Event: 4065.624 Thread 0x00000269cf4a4930 Unloading class 0x00000269d1008400 'java/lang/invoke/LambdaForm$MH+0x00000269d1008400'
Event: 4065.624 Thread 0x00000269cf4a4930 Unloading class 0x00000269d1007000 'java/lang/invoke/LambdaForm$MH+0x00000269d1007000'
Event: 4065.624 Thread 0x00000269cf4a4930 Unloading class 0x00000269d1006800 'java/lang/invoke/LambdaForm$MH+0x00000269d1006800'
Event: 4065.624 Thread 0x00000269cf4a4930 Unloading class 0x00000269d1006400 'java/lang/invoke/LambdaForm$MH+0x00000269d1006400'
Event: 4065.624 Thread 0x00000269cf4a4930 Unloading class 0x00000269d1006000 'java/lang/invoke/LambdaForm$MH+0x00000269d1006000'
Event: 4065.624 Thread 0x00000269cf4a4930 Unloading class 0x00000269d1005c00 'java/lang/invoke/LambdaForm$BMH+0x00000269d1005c00'
Event: 4065.624 Thread 0x00000269cf4a4930 Unloading class 0x00000269d1004800 'java/lang/invoke/LambdaForm$DMH+0x00000269d1004800'
Event: 4065.624 Thread 0x00000269cf4a4930 Unloading class 0x00000269d1002800 'java/lang/invoke/LambdaForm$MH+0x00000269d1002800'
Event: 4065.624 Thread 0x00000269cf4a4930 Unloading class 0x00000269d1002400 'java/lang/invoke/LambdaForm$MH+0x00000269d1002400'
Event: 4065.624 Thread 0x00000269cf4a4930 Unloading class 0x00000269d1002000 'java/lang/invoke/LambdaForm$MH+0x00000269d1002000'
Event: 4065.624 Thread 0x00000269cf4a4930 Unloading class 0x00000269d1001800 'java/lang/invoke/LambdaForm$MH+0x00000269d1001800'

Classes redefined (0 events):
No events

Internal exceptions (20 events):
Event: 4058.878 Thread 0x0000026a1716f510 Exception <a 'sun/nio/fs/WindowsException'{0x00000000d5601b08}> (0x00000000d5601b08) 
thrown [s\src\hotspot\share\prims\jni.cpp, line 520]
Event: 4059.974 Thread 0x0000026a1716f510 Exception <a 'sun/nio/fs/WindowsException'{0x00000000d5a3fee8}> (0x00000000d5a3fee8) 
thrown [s\src\hotspot\share\prims\jni.cpp, line 520]
Event: 4072.562 Thread 0x0000026a1716f510 Exception <a 'sun/nio/fs/WindowsException'{0x00000000d5851720}> (0x00000000d5851720) 
thrown [s\src\hotspot\share\prims\jni.cpp, line 520]
Event: 4073.183 Thread 0x0000026a1b1e0460 Implicit null exception at 0x00000269c396668e to 0x00000269c3966735
Event: 4074.154 Thread 0x0000026a1716f510 Exception <a 'sun/nio/fs/WindowsException'{0x00000000d561bfd8}> (0x00000000d561bfd8) 
thrown [s\src\hotspot\share\prims\jni.cpp, line 520]
Event: 4079.543 Thread 0x0000026a1716f510 Exception <a 'sun/nio/fs/WindowsException'{0x00000000d558b1c8}> (0x00000000d558b1c8) 
thrown [s\src\hotspot\share\prims\jni.cpp, line 520]
Event: 4081.636 Thread 0x0000026a1716f510 Exception <a 'sun/nio/fs/WindowsException'{0x00000000d57ddfc8}> (0x00000000d57ddfc8) 
thrown [s\src\hotspot\share\prims\jni.cpp, line 520]
Event: 4086.752 Thread 0x0000026a1716f510 Exception <a 'sun/nio/fs/WindowsException'{0x00000000d5a243a8}> (0x00000000d5a243a8) 
thrown [s\src\hotspot\share\prims\jni.cpp, line 520]
Event: 4087.649 Thread 0x0000026a1995d250 Exception <a 'java/lang/NoSuchMethodError'{0x00000000d5bffcb8}: 'java.lang.Object java.lang.invoke.DirectMethodHandle$Holder.invokeStatic(java.lang.Object, int, java.lang.Object)'> (0x00000000d5bffcb8) 
thrown [s\src\hotspot\share\interpreter\linkResolver.cpp, line 773]
Event: 4089.536 Thread 0x0000026a1716f510 Exception <a 'sun/nio/fs/WindowsException'{0x00000000d62c34f0}> (0x00000000d62c34f0) 
thrown [s\src\hotspot\share\prims\jni.cpp, line 520]
Event: 4103.163 Thread 0x0000026a1995bea0 Exception <a 'java/lang/ArrayIndexOutOfBoundsException'{0x00000000d63c5ad0}: Index 860 out of bounds for length 859> (0x00000000d63c5ad0) 
thrown [s\src\hotspot\share\interpreter\interpreterRuntime.cpp, line 439]
Event: 4227.807 Thread 0x0000026a1b1e0460 Exception <a 'sun/nio/fs/WindowsException'{0x00000000d57285d8}> (0x00000000d57285d8) 
thrown [s\src\hotspot\share\prims\jni.cpp, line 520]
Event: 4227.831 Thread 0x0000026a1b1e0460 Exception <a 'sun/nio/fs/WindowsException'{0x00000000d57290c8}> (0x00000000d57290c8) 
thrown [s\src\hotspot\share\prims\jni.cpp, line 520]
Event: 4228.334 Thread 0x0000026a1b1e0460 Implicit null exception at 0x00000269c4346c35 to 0x00000269c4346ea8
Event: 4230.083 Thread 0x0000026a1b1e0460 Implicit null exception at 0x00000269c3e8e135 to 0x00000269c3e8e3b0
Event: 4230.998 Thread 0x0000026a1b1e0460 Exception <a 'java/lang/NoSuchMethodError'{0x00000000d5d7dc90}: static Lorg/eclipse/m2e/core/internal/lifecyclemapping/model/PluginExecutionMetadata;.<clinit>()V> (0x00000000d5d7dc90) 
thrown [s\src\hotspot\share\prims\jni.cpp, line 1111]
Event: 4231.615 Thread 0x0000026a1b1e0460 Exception <a 'java/lang/NoSuchMethodError'{0x00000000d5d9f950}: static Lorg/eclipse/m2e/core/internal/lifecyclemapping/model/PluginExecutionFilter;.<clinit>()V> (0x00000000d5d9f950) 
thrown [s\src\hotspot\share\prims\jni.cpp, line 1111]
Event: 4231.658 Thread 0x0000026a1b1e0460 Exception <a 'java/lang/NoSuchMethodError'{0x00000000d5db5250}: static Lorg/eclipse/m2e/core/internal/project/registry/MavenProjectFacade$MavenProjectConfiguration;.<clinit>()V> (0x00000000d5db5250) 
thrown [s\src\hotspot\share\prims\jni.cpp, line 1111]
Event: 4231.708 Thread 0x0000026a1b1e0460 Implicit null exception at 0x00000269c3f5da73 to 0x00000269c3f5e0ac
Event: 4231.712 Thread 0x0000026a1b1e0460 Exception <a 'java/lang/NoSuchMethodError'{0x00000000d5dd0488}: static [J.<clinit>()V> (0x00000000d5dd0488) 
thrown [s\src\hotspot\share\prims\jni.cpp, line 1111]

ZGC Phase Switch (0 events):
No events

VM Operations (20 events):
Event: 4149.702 Executing non-safepoint VM operation: RendezvousGCThreads
Event: 4149.702 Executing non-safepoint VM operation: RendezvousGCThreads done
Event: 4150.706 Executing safepoint VM operation: Cleanup
Event: 4150.707 Executing safepoint VM operation: Cleanup done
Event: 4202.211 Executing safepoint VM operation: Cleanup
Event: 4202.219 Executing safepoint VM operation: Cleanup done
Event: 4209.884 Executing non-safepoint VM operation: HandshakeAllThreads (HandshakeForDeflation)
Event: 4209.886 Executing non-safepoint VM operation: HandshakeAllThreads (HandshakeForDeflation) done
Event: 4209.886 Executing non-safepoint VM operation: RendezvousGCThreads
Event: 4209.886 Executing non-safepoint VM operation: RendezvousGCThreads done
Event: 4221.892 Executing safepoint VM operation: Cleanup
Event: 4221.913 Executing safepoint VM operation: Cleanup done
Event: 4227.918 Executing safepoint VM operation: Cleanup
Event: 4227.924 Executing safepoint VM operation: Cleanup done
Event: 4231.958 Executing safepoint VM operation: Cleanup
Event: 4231.974 Executing safepoint VM operation: Cleanup done
Event: 4232.984 Executing safepoint VM operation: Cleanup
Event: 4232.999 Executing safepoint VM operation: Cleanup done
Event: 4234.004 Executing safepoint VM operation: Cleanup
Event: 4234.004 Executing safepoint VM operation: Cleanup done

Memory protections (0 events):
No events

Nmethod flushes (20 events):
Event: 4068.323 Thread 0x00000269cf4a4930 flushing  nmethod 0x00000269bcf0f910
Event: 4068.323 Thread 0x00000269cf4a4930 flushing  nmethod 0x00000269bcf12b90
Event: 4068.324 Thread 0x00000269cf4a4930 flushing  nmethod 0x00000269bcf13d90
Event: 4068.324 Thread 0x00000269cf4a4930 flushing  nmethod 0x00000269bcf15a90
Event: 4068.325 Thread 0x00000269cf4a4930 flushing  nmethod 0x00000269bcf17e10
Event: 4068.325 Thread 0x00000269cf4a4930 flushing  nmethod 0x00000269bcf18190
Event: 4068.325 Thread 0x00000269cf4a4930 flushing  nmethod 0x00000269bcf18b90
Event: 4068.325 Thread 0x00000269cf4a4930 flushing osr nmethod 0x00000269bcf19390
Event: 4068.325 Thread 0x00000269cf4a4930 flushing  nmethod 0x00000269bcf1af10
Event: 4068.325 Thread 0x00000269cf4a4930 flushing  nmethod 0x00000269bcf1b690
Event: 4068.325 Thread 0x00000269cf4a4930 flushing  nmethod 0x00000269bcf71990
Event: 4068.325 Thread 0x00000269cf4a4930 flushing  nmethod 0x00000269bcf75b90
Event: 4068.325 Thread 0x00000269cf4a4930 flushing  nmethod 0x00000269bcf76d10
Event: 4068.325 Thread 0x00000269cf4a4930 flushing  nmethod 0x00000269bcf77110
Event: 4068.325 Thread 0x00000269cf4a4930 flushing  nmethod 0x00000269bcf97b90
Event: 4068.325 Thread 0x00000269cf4a4930 flushing  nmethod 0x00000269bcf97f10
Event: 4068.325 Thread 0x00000269cf4a4930 flushing osr nmethod 0x00000269bcfcc290
Event: 4068.325 Thread 0x00000269cf4a4930 flushing  nmethod 0x00000269bcfcc810
Event: 4068.325 Thread 0x00000269cf4a4930 flushing  nmethod 0x00000269bcfccd10
Event: 4068.326 Thread 0x00000269cf4a4930 flushing  nmethod 0x00000269bcff3310

Events (20 events):
Event: 4083.135 Thread 0x00000269cf4bad80 Thread added: 0x0000026a17d39da0
Event: 4083.749 Thread 0x0000026a17d39da0 Thread exited: 0x0000026a17d39da0
Event: 4087.336 Thread 0x0000026a1b1e0460 Thread added: 0x0000026a17170f50
Event: 4087.824 Thread 0x00000269cf4bad80 Thread added: 0x0000026a17d39da0
Event: 4089.308 Thread 0x0000026a17d39da0 Thread exited: 0x0000026a17d39da0
Event: 4147.719 Thread 0x0000026a1b1e6040 Thread exited: 0x0000026a1b1e6040
Event: 4149.600 Thread 0x0000026a19960040 Thread exited: 0x0000026a19960040
Event: 4149.604 Thread 0x0000026a1b1e2530 Thread exited: 0x0000026a1b1e2530
Event: 4149.605 Thread 0x0000026a1b1e1810 Thread exited: 0x0000026a1b1e1810
Event: 4149.610 Thread 0x0000026a17170230 Thread exited: 0x0000026a17170230
Event: 4227.677 Thread 0x0000026a1b1e2bc0 Thread exited: 0x0000026a1b1e2bc0
Event: 4228.027 Thread 0x0000026a1b1e0460 Thread added: 0x0000026a1716fba0
Event: 4228.090 Thread 0x0000026a1716fba0 Thread exited: 0x0000026a1716fba0
Event: 4230.850 Thread 0x00000269cf4bad80 Thread added: 0x0000026a17d39da0
Event: 4231.617 Thread 0x0000026a17d39da0 Thread exited: 0x0000026a17d39da0
Event: 4232.041 Thread 0x0000026a1b1e0460 Thread added: 0x0000026a17170230
Event: 4232.049 Thread 0x0000026a17170230 Thread exited: 0x0000026a17170230
Event: 4233.852 Thread 0x0000026a1b1e4600 Thread exited: 0x0000026a1b1e4600
Event: 4236.349 Thread 0x0000026a1b1e1180 Thread exited: 0x0000026a1b1e1180
Event: 4245.257 Thread 0x0000026a1b1e1ea0 Thread exited: 0x0000026a1b1e1ea0


Dynamic libraries:
0x00007ff6d3a50000 - 0x00007ff6d3a5e000 	c:\Users\samar\.vscode\extensions\redhat.java-1.54.0-win32-x64\jre\21.0.10-win32-x86_64\bin\java.exe
0x00007ff913960000 - 0x00007ff913bc7000 	C:\WINDOWS\SYSTEM32\ntdll.dll
0x00007ff8cfe30000 - 0x00007ff8cfe51000 	C:\Program Files\Avast Software\Avast\aswhook.dll
0x00007ff912160000 - 0x00007ff912229000 	C:\WINDOWS\System32\KERNEL32.DLL
0x00007ff910d90000 - 0x00007ff911184000 	C:\WINDOWS\System32\KERNELBASE.dll
0x00007ff911190000 - 0x00007ff9112db000 	C:\WINDOWS\System32\ucrtbase.dll
0x00007ff8a07c0000 - 0x00007ff8a07d8000 	c:\Users\samar\.vscode\extensions\redhat.java-1.54.0-win32-x64\jre\21.0.10-win32-x86_64\bin\jli.dll
0x00007ff911a30000 - 0x00007ff911bf5000 	C:\WINDOWS\System32\USER32.dll
0x00007ff911610000 - 0x00007ff911637000 	C:\WINDOWS\System32\win32u.dll
0x00007ff912090000 - 0x00007ff9120bb000 	C:\WINDOWS\System32\GDI32.dll
0x00007ff9113a0000 - 0x00007ff9114cb000 	C:\WINDOWS\System32\gdi32full.dll
0x00007ff911640000 - 0x00007ff9116e3000 	C:\WINDOWS\System32\msvcp_win.dll
0x00007ff8a0550000 - 0x00007ff8a056e000 	c:\Users\samar\.vscode\extensions\redhat.java-1.54.0-win32-x64\jre\21.0.10-win32-x86_64\bin\VCRUNTIME140.dll
0x00007ff8edd40000 - 0x00007ff8edfd3000 	C:\WINDOWS\WinSxS\amd64_microsoft.windows.common-controls_6595b64144ccf1df_6.0.26100.8115_none_3e075c82e3354f9c\COMCTL32.dll
0x00007ff9116f0000 - 0x00007ff911799000 	C:\WINDOWS\System32\msvcrt.dll
0x00007ff912230000 - 0x00007ff912262000 	C:\WINDOWS\System32\IMM32.DLL
0x00007ff8bee20000 - 0x00007ff8bee2c000 	c:\Users\samar\.vscode\extensions\redhat.java-1.54.0-win32-x64\jre\21.0.10-win32-x86_64\bin\vcruntime140_1.dll
0x00007ff886310000 - 0x00007ff88639d000 	c:\Users\samar\.vscode\extensions\redhat.java-1.54.0-win32-x64\jre\21.0.10-win32-x86_64\bin\msvcp140.dll
0x00007ff885560000 - 0x00007ff886301000 	c:\Users\samar\.vscode\extensions\redhat.java-1.54.0-win32-x64\jre\21.0.10-win32-x86_64\bin\server\jvm.dll
0x00007ff911ec0000 - 0x00007ff911f76000 	C:\WINDOWS\System32\ADVAPI32.dll
0x00007ff912420000 - 0x00007ff9124c7000 	C:\WINDOWS\System32\sechost.dll
0x00007ff9122f0000 - 0x00007ff912408000 	C:\WINDOWS\System32\RPCRT4.dll
0x00007ff9119a0000 - 0x00007ff911a20000 	C:\WINDOWS\System32\WS2_32.dll
0x00007ff9100b0000 - 0x00007ff91010e000 	C:\WINDOWS\SYSTEM32\POWRPROF.dll
0x00007ff907380000 - 0x00007ff9073b6000 	C:\WINDOWS\SYSTEM32\WINMM.dll
0x00007ff8fd430000 - 0x00007ff8fd43b000 	C:\WINDOWS\SYSTEM32\VERSION.dll
0x00007ff910090000 - 0x00007ff9100a4000 	C:\WINDOWS\SYSTEM32\UMPDC.dll
0x00007ff90efa0000 - 0x00007ff90efbb000 	C:\WINDOWS\SYSTEM32\kernel.appcore.dll
0x00007ff8bcf30000 - 0x00007ff8bcf3a000 	c:\Users\samar\.vscode\extensions\redhat.java-1.54.0-win32-x64\jre\21.0.10-win32-x86_64\bin\jimage.dll
0x00007ff90e140000 - 0x00007ff90e382000 	C:\WINDOWS\SYSTEM32\DBGHELP.DLL
0x00007ff913590000 - 0x00007ff913912000 	C:\WINDOWS\System32\combase.dll
0x00007ff911de0000 - 0x00007ff911eb8000 	C:\WINDOWS\System32\OLEAUT32.dll
0x00007ff8fca70000 - 0x00007ff8fcaab000 	C:\WINDOWS\SYSTEM32\dbgcore.DLL
0x00007ff911560000 - 0x00007ff911605000 	C:\WINDOWS\System32\bcryptPrimitives.dll
0x00007ff8bbaf0000 - 0x00007ff8bbaff000 	c:\Users\samar\.vscode\extensions\redhat.java-1.54.0-win32-x64\jre\21.0.10-win32-x86_64\bin\instrument.dll
0x00007ff887ba0000 - 0x00007ff887bc0000 	c:\Users\samar\.vscode\extensions\redhat.java-1.54.0-win32-x64\jre\21.0.10-win32-x86_64\bin\java.dll
0x00007ff912a10000 - 0x00007ff913177000 	C:\WINDOWS\System32\SHELL32.dll
0x00007ff910aa0000 - 0x00007ff910c0a000 	C:\WINDOWS\System32\wintypes.dll
0x00007ff910230000 - 0x00007ff910a98000 	C:\WINDOWS\System32\windows.storage.dll
0x00007ff911f90000 - 0x00007ff912088000 	C:\WINDOWS\System32\SHCORE.dll
0x00007ff913520000 - 0x00007ff913586000 	C:\WINDOWS\System32\shlwapi.dll
0x00007ff910150000 - 0x00007ff910179000 	C:\WINDOWS\SYSTEM32\profapi.dll
0x00007ff8a5ff0000 - 0x00007ff8a6008000 	c:\Users\samar\.vscode\extensions\redhat.java-1.54.0-win32-x64\jre\21.0.10-win32-x86_64\bin\zip.dll
0x00007ff8bb9f0000 - 0x00007ff8bba00000 	C:\Users\samar\.vscode\extensions\redhat.java-1.54.0-win32-x64\jre\21.0.10-win32-x86_64\bin\net.dll
0x00007ff909d50000 - 0x00007ff909e7d000 	C:\WINDOWS\SYSTEM32\WINHTTP.dll
0x00007ff90f530000 - 0x00007ff90f59c000 	C:\WINDOWS\system32\mswsock.dll
0x00007ff8a14f0000 - 0x00007ff8a1506000 	C:\Users\samar\.vscode\extensions\redhat.java-1.54.0-win32-x64\jre\21.0.10-win32-x86_64\bin\nio.dll
0x00007ff8ba850000 - 0x00007ff8ba860000 	c:\Users\samar\.vscode\extensions\redhat.java-1.54.0-win32-x64\jre\21.0.10-win32-x86_64\bin\verify.dll
0x00007ff8868d0000 - 0x00007ff886915000 	C:\Users\samar\AppData\Roaming\Code\User\globalStorage\redhat.java\1.54.0\config_win\org.eclipse.equinox.launcher\org.eclipse.equinox.launcher.win32.win32.x86_64_1.3.0.v20260203-2149\eclipse_11919.dll
0x00007ff9117a0000 - 0x00007ff911937000 	C:\WINDOWS\System32\ole32.dll
0x00007ff90f810000 - 0x00007ff90f82b000 	C:\WINDOWS\SYSTEM32\CRYPTSP.dll
0x00007ff90eef0000 - 0x00007ff90ef29000 	C:\WINDOWS\system32\rsaenh.dll
0x00007ff90f5e0000 - 0x00007ff90f613000 	C:\WINDOWS\SYSTEM32\USERENV.dll
0x00007ff910120000 - 0x00007ff91014a000 	C:\WINDOWS\SYSTEM32\bcrypt.dll
0x00007ff90f830000 - 0x00007ff90f83c000 	C:\WINDOWS\SYSTEM32\CRYPTBASE.dll
0x00007ff90e970000 - 0x00007ff90e9a2000 	C:\WINDOWS\SYSTEM32\IPHLPAPI.DLL
0x00007ff912410000 - 0x00007ff91241a000 	C:\WINDOWS\System32\NSI.dll
0x00007ff8d05f0000 - 0x00007ff8d0639000 	C:\Users\samar\AppData\Local\Temp\jna-109202512\jna18105061538982900423.dll
0x00007ff9124d0000 - 0x00007ff9124d8000 	C:\WINDOWS\System32\PSAPI.DLL
0x00007ff909f70000 - 0x00007ff909f8d000 	C:\WINDOWS\SYSTEM32\dhcpcsvc6.DLL
0x00007ff909f40000 - 0x00007ff909f65000 	C:\WINDOWS\SYSTEM32\dhcpcsvc.DLL
0x00007ff90b7e0000 - 0x00007ff90b7e9000 	C:\Users\samar\.vscode\extensions\redhat.java-1.54.0-win32-x64\jre\21.0.10-win32-x86_64\bin\extnet.dll
0x00007ff90b470000 - 0x00007ff90b47e000 	C:\Users\samar\.vscode\extensions\redhat.java-1.54.0-win32-x64\jre\21.0.10-win32-x86_64\bin\sunmscapi.dll
0x00007ff910c10000 - 0x00007ff910d87000 	C:\WINDOWS\System32\CRYPT32.dll
0x00007ff90fa30000 - 0x00007ff90fa60000 	C:\WINDOWS\SYSTEM32\ncrypt.dll
0x00007ff90f9e0000 - 0x00007ff90fa1f000 	C:\WINDOWS\SYSTEM32\NTASN1.dll
0x00007ff90ea00000 - 0x00007ff90eb32000 	C:\WINDOWS\SYSTEM32\DNSAPI.dll
0x00007ff8ff100000 - 0x00007ff8ff10b000 	C:\Windows\System32\rasadhlp.dll
0x00007ff90a250000 - 0x00007ff90a2d6000 	C:\WINDOWS\System32\fwpuclnt.dll

JVMTI agents:
c:\Users\samar\.vscode\extensions\redhat.java-1.54.0-win32-x64\lombok\lombok-1.18.39-4050.jar path:c:\Users\samar\.vscode\extensions\redhat.java-1.54.0-win32-x64\jre\21.0.10-win32-x86_64\bin\instrument.dll, loaded, initialized, instrumentlib options:none

dbghelp: loaded successfully - version: 4.0.5 - missing functions: none
symbol engine: initialized successfully - sym options: 0x614 - pdb path: .;c:\Users\samar\.vscode\extensions\redhat.java-1.54.0-win32-x64\jre\21.0.10-win32-x86_64\bin;C:\WINDOWS\SYSTEM32;C:\Program Files\Avast Software\Avast;C:\WINDOWS\WinSxS\amd64_microsoft.windows.common-controls_6595b64144ccf1df_6.0.26100.8115_none_3e075c82e3354f9c;c:\Users\samar\.vscode\extensions\redhat.java-1.54.0-win32-x64\jre\21.0.10-win32-x86_64\bin\server;C:\Users\samar\AppData\Roaming\Code\User\globalStorage\redhat.java\1.54.0\config_win\org.eclipse.equinox.launcher\org.eclipse.equinox.launcher.win32.win32.x86_64_1.3.0.v20260203-2149;C:\Users\samar\AppData\Local\Temp\jna-109202512

VM Arguments:
jvm_args: --add-modules=ALL-SYSTEM --add-opens=java.base/java.util=ALL-UNNAMED --add-opens=java.base/java.lang=ALL-UNNAMED --add-opens=java.base/sun.nio.fs=ALL-UNNAMED -Declipse.application=org.eclipse.jdt.ls.core.id1 -Dosgi.bundles.defaultStartLevel=4 -Declipse.product=org.eclipse.jdt.ls.core.product -Djava.import.generatesMetadataFilesAtProjectRoot=false -DDetectVMInstallationsJob.disabled=true -Dfile.encoding=utf8 -XX:+UseParallelGC -XX:GCTimeRatio=4 -XX:AdaptiveSizePolicyWeight=90 -Dsun.zip.disableMemoryMapping=true -Xmx2G -Xms100m -Xlog:disable -javaagent:c:\Users\samar\.vscode\extensions\redhat.java-1.54.0-win32-x64\lombok\lombok-1.18.39-4050.jar -XX:+HeapDumpOnOutOfMemoryError -XX:HeapDumpPath=c:\Users\samar\AppData\Roaming\Code\User\workspaceStorage\679e94b7c602f2e992e0a200e6279990\redhat.java -Daether.dependencyCollector.impl=bf 
java_command: c:\Users\samar\.vscode\extensions\redhat.java-1.54.0-win32-x64\server\plugins\org.eclipse.equinox.launcher_1.7.100.v20251111-0406.jar -configuration c:\Users\samar\AppData\Roaming\Code\User\globalStorage\redhat.java\1.54.0\config_win -data c:\Users\samar\AppData\Roaming\Code\User\workspaceStorage\679e94b7c602f2e992e0a200e6279990\redhat.java\jdt_ws --pipe=\\.\pipe\lsp-6657db102f815501d16baf72e4a2373b-sock
java_class_path (initial): c:\Users\samar\.vscode\extensions\redhat.java-1.54.0-win32-x64\server\plugins\org.eclipse.equinox.launcher_1.7.100.v20251111-0406.jar
Launcher Type: SUN_STANDARD

[Global flags]
    uintx AdaptiveSizePolicyWeight                 = 90                                        {product} {command line}
     intx CICompilerCount                          = 4                                         {product} {ergonomic}
    uintx GCTimeRatio                              = 4                                         {product} {command line}
     bool HeapDumpOnOutOfMemoryError               = true                                   {manageable} {command line}
    ccstr HeapDumpPath                             = c:\Users\samar\AppData\Roaming\Code\User\workspaceStorage\679e94b7c602f2e992e0a200e6279990\redhat.java         {manageable} {command line}
   size_t InitialHeapSize                          = 104857600                                 {product} {command line}
   size_t MaxHeapSize                              = 2147483648                                {product} {command line}
   size_t MaxNewSize                               = 715653120                                 {product} {ergonomic}
   size_t MinHeapDeltaBytes                        = 524288                                    {product} {ergonomic}
   size_t MinHeapSize                              = 104857600                                 {product} {command line}
   size_t NewSize                                  = 34603008                                  {product} {ergonomic}
    uintx NonNMethodCodeHeapSize                   = 5839372                                {pd product} {ergonomic}
    uintx NonProfiledCodeHeapSize                  = 122909434                              {pd product} {ergonomic}
   size_t OldSize                                  = 70254592                                  {product} {ergonomic}
    uintx ProfiledCodeHeapSize                     = 122909434                              {pd product} {ergonomic}
    uintx ReservedCodeCacheSize                    = 251658240                              {pd product} {ergonomic}
     bool SegmentedCodeCache                       = true                                      {product} {ergonomic}
   size_t SoftMaxHeapSize                          = 2147483648                             {manageable} {ergonomic}
     bool UseCompressedOops                        = true                           {product lp64_product} {ergonomic}
     bool UseLargePagesIndividualAllocation        = false                                  {pd product} {ergonomic}
     bool UseParallelGC                            = true                                      {product} {command line}

Logging:
Log output configuration:
 #0: stdout all=off uptime,level,tags foldmultilines=false
 #1: stderr all=off uptime,level,tags foldmultilines=false

Release file:
JAVA_VERSION="21.0.10" 
MODULES="java.base java.compiler java.datatransfer java.xml java.prefs java.desktop java.instrument java.logging java.management java.security.sasl java.naming java.rmi java.management.rmi java.net.http java.scripting java.security.jgss java.transaction.xa java.sql java.sql.rowset java.xml.crypto java.se java.smartcardio jdk.accessibility jdk.internal.jvmstat jdk.attach jdk.charsets jdk.internal.opt jdk.zipfs jdk.compiler jdk.crypto.ec jdk.crypto.cryptoki jdk.crypto.mscapi jdk.dynalink jdk.internal.ed jdk.editpad jdk.hotspot.agent jdk.httpserver jdk.internal.le jdk.internal.vm.ci jdk.internal.vm.compiler jdk.internal.vm.compiler.management jdk.jartool jdk.javadoc jdk.jcmd jdk.management jdk.management.agent jdk.jconsole jdk.jdeps jdk.jdwp.agent jdk.jdi jdk.jfr jdk.jshell jdk.jsobject jdk.jstatd jdk.localedata jdk.management.jfr jdk.naming.dns jdk.naming.rmi jdk.net jdk.nio.mapmode jdk.random jdk.sctp jdk.security.auth jdk.security.jgss jdk.unsupported jdk.unsupported.desktop jdk.xml.dom" 

Environment Variables:
PATH=C:\Users\samar\AppData\Local\Programs\Microsoft VS Code;C:\Program Files\Common Files\Oracle\Java\javapath;C:\Program Files (x86)\Common Files\Oracle\Java\java8path;C:\Program Files (x86)\Common Files\Oracle\Java\javapath;C:\WINDOWS\system32;C:\WINDOWS;C:\WINDOWS\System32\Wbem;C:\WINDOWS\System32\WindowsPowerShell\v1.0\;C:\WINDOWS\System32\OpenSSH\;C:\Program Files\HP\HP One Agent;C:\WINDOWS\system32;C:\WINDOWS;C:\WINDOWS\System32\Wbem;C:\WINDOWS\System32\WindowsPowerShell\v1.0\;C:\WINDOWS\System32\OpenSSH\;C:\Program Files\PuTTY\;C:\Program Files\Git\cmd;C:\Program Files\nodejs\;C:\Program Files\MySQL\MySQL Shell 8.0\bin\;C:\Users\samar\AppData\Local\Programs\Python\Python313\Scripts\;C:\Users\samar\AppData\Local\Programs\Python\Python313\;C:\Users\samar\AppData\Local\Microsoft\WindowsApps;C:\Users\samar\AppData\Local\Programs\Microsoft VS Code\bin;C:\Program Files\Java\jdk-25\bin;C:\Program Files\apache-maven-3.9.11\bin;C:\Program Files\mysql-connector-j-9.4.0;C:\Program Files\MongoDB\Server\8.2\bin;C:\Program Files\mongosh-2.5.8-win32-x64\bin;C:\Users\samar\AppData\Roaming\npm;C:\Program Files\heroku\bin;
USERNAME=samar
OS=Windows_NT
PROCESSOR_IDENTIFIER=Intel64 Family 6 Model 154 Stepping 4, GenuineIntel
TMP=C:\Users\samar\AppData\Local\Temp
TEMP=C:\Users\samar\AppData\Local\Temp




Periodic native trim disabled

---------------  S Y S T E M  ---------------

OS:
 Windows 11 , 64 bit Build 26100 (10.0.26100.8246)
OS uptime: 0 days 3:24 hours
Hyper-V role detected

CPU: total 12 (initial active 12) (6 cores per cpu, 2 threads per core) family 6 model 154 stepping 4 microcode 0x42c, cx8, cmov, fxsr, ht, mmx, 3dnowpref, sse, sse2, sse3, ssse3, sse4.1, sse4.2, popcnt, lzcnt, tsc, tscinvbit, avx, avx2, aes, erms, clmul, bmi1, bmi2, adx, sha, fma, vzeroupper, clflush, clflushopt, clwb, hv, serialize, rdtscp, rdpid, fsrm, f16c, cet_ibt, cet_ss
Processor Information for processor 0
  Max Mhz: 1300, Current Mhz: 1300, Mhz Limit: 1300
Processor Information for processor 1
  Max Mhz: 1300, Current Mhz: 1300, Mhz Limit: 1300
Processor Information for processor 2
  Max Mhz: 1300, Current Mhz: 1300, Mhz Limit: 1300
Processor Information for processor 3
  Max Mhz: 1300, Current Mhz: 1300, Mhz Limit: 1300
Processor Information for processor 4
  Max Mhz: 1300, Current Mhz: 900, Mhz Limit: 897
Processor Information for processor 5
  Max Mhz: 1300, Current Mhz: 900, Mhz Limit: 897
Processor Information for processor 6
  Max Mhz: 1300, Current Mhz: 900, Mhz Limit: 897
Processor Information for processor 7
  Max Mhz: 1300, Current Mhz: 900, Mhz Limit: 897
Processor Information for processor 8
  Max Mhz: 1300, Current Mhz: 900, Mhz Limit: 897
Processor Information for processor 9
  Max Mhz: 1300, Current Mhz: 900, Mhz Limit: 897
Processor Information for processor 10
  Max Mhz: 1300, Current Mhz: 900, Mhz Limit: 897
Processor Information for processor 11
  Max Mhz: 1300, Current Mhz: 900, Mhz Limit: 897

Memory: 4k page, system-wide physical 7863M (649M free)
TotalPageFile size 29087M (AvailPageFile size 1M)
current process WorkingSet (physical memory assigned to process): 113M, peak: 568M
current process commit charge ("private bytes"): 1527M, peak: 1538M

vm_info: OpenJDK 64-Bit Server VM (21.0.10+7-LTS) for windows-amd64 JRE (21.0.10+7-LTS), built on 2026-01-20T00:00:00Z by "admin" with MS VC++ 17.12 (VS2022)

END.
