#
# There is insufficient memory for the Java Runtime Environment to continue.
# Native memory allocation (malloc) failed to allocate 1048576 bytes. Error detail: AllocateHeap
# Possible reasons:
#   The system is out of physical RAM or swap space
#   This process is running with CompressedOops enabled, and the Java Heap may be blocking the growth of the native heap
# Possible solutions:
#   Reduce memory load on the system
#   Increase physical memory or swap space
#   Check if swap backing store is full
#   Decrease Java heap size (-Xmx/-Xms)
#   Decrease number of Java threads
#   Decrease Java thread stack sizes (-Xss)
#   Set larger code cache with -XX:ReservedCodeCacheSize=
#   JVM is running with Unscaled Compressed Oops mode in which the Java heap is
#     placed in the first 4GB address space. The Java Heap base address is the
#     maximum limit for the native heap growth. Please use -XX:HeapBaseMinAddress
#     to set the Java Heap base and to place the Java Heap above 4GB virtual address.
# This output file may be truncated or incomplete.
#
#  Out of Memory Error (allocation.cpp:44), pid=28480, tid=17732
#
# JRE version: OpenJDK Runtime Environment Temurin-21.0.10+7 (21.0.10+7) (build 21.0.10+7-LTS)
# Java VM: OpenJDK 64-Bit Server VM Temurin-21.0.10+7 (21.0.10+7-LTS, mixed mode, sharing, tiered, compressed oops, compressed class ptrs, parallel gc, windows-amd64)
# No core dump will be written. Minidumps are not enabled by default on client versions of Windows
#

---------------  S U M M A R Y ------------

Command Line: --add-modules=ALL-SYSTEM --add-opens=java.base/java.util=ALL-UNNAMED --add-opens=java.base/java.lang=ALL-UNNAMED --add-opens=java.base/sun.nio.fs=ALL-UNNAMED -Declipse.application=org.eclipse.jdt.ls.core.id1 -Dosgi.bundles.defaultStartLevel=4 -Declipse.product=org.eclipse.jdt.ls.core.product -Djava.import.generatesMetadataFilesAtProjectRoot=false -DDetectVMInstallationsJob.disabled=true -Dfile.encoding=utf8 -XX:+UseParallelGC -XX:GCTimeRatio=4 -XX:AdaptiveSizePolicyWeight=90 -Dsun.zip.disableMemoryMapping=true -Xmx2G -Xms100m -Xlog:disable -javaagent:c:\Users\samar\.vscode\extensions\redhat.java-1.54.0-win32-x64\lombok\lombok-1.18.39-4050.jar -XX:+HeapDumpOnOutOfMemoryError -XX:HeapDumpPath=c:\Users\samar\AppData\Roaming\Code\User\workspaceStorage\5931edfd5bc266c9d44f66284b5c76c5\redhat.java -Daether.dependencyCollector.impl=bf c:\Users\samar\.vscode\extensions\redhat.java-1.54.0-win32-x64\server\plugins\org.eclipse.equinox.launcher_1.7.100.v20251111-0406.jar -configuration c:\Users\samar\AppData\Roaming\Code\User\globalStorage\redhat.java\1.54.0\config_win -data c:\Users\samar\AppData\Roaming\Code\User\workspaceStorage\5931edfd5bc266c9d44f66284b5c76c5\redhat.java\jdt_ws --pipe=\\.\pipe\lsp-d60466954c18df3275e03a932615f133-sock

Host: 12th Gen Intel(R) Core(TM) i5-1235U, 12 cores, 7G,  Windows 11 , 64 bit Build 26100 (10.0.26100.8246)
Time: Fri May  1 12:29:45 2026 India Standard Time elapsed time: 370.609083 seconds (0d 0h 6m 10s)

---------------  T H R E A D  ---------------

Current thread (0x000001e42484b150):  JavaThread "Attach Listener" daemon [_thread_in_vm, id=17732, stack(0x0000001417200000,0x0000001417300000) (1024K)]

Stack: [0x0000001417200000,0x0000001417300000]
Native frames: (J=compiled Java code, j=interpreted, Vv=VM code, C=native code)
V  [jvm.dll+0x6d7a39]
V  [jvm.dll+0x8b4b26]
V  [jvm.dll+0x8b70de]
V  [jvm.dll+0x8b77c3]
V  [jvm.dll+0x284346]
V  [jvm.dll+0xc1277]
V  [jvm.dll+0x6d82e9]
V  [jvm.dll+0x1334a6]
V  [jvm.dll+0x3f857e]
V  [jvm.dll+0x85f59d]
V  [jvm.dll+0x6d626d]
C  [ucrtbase.dll+0x37b0]
C  [KERNEL32.DLL+0x2e8d7]
C  [ntdll.dll+0x8c3fc]


---------------  P R O C E S S  ---------------

Threads class SMR info:
_java_thread_list=0x000001e47d748eb0, length=54, elements={
0x000001e42240c6c0, 0x000001e424848400, 0x000001e42474dd00, 0x000001e42484a4f0,
0x000001e42484b150, 0x000001e42484fbd0, 0x000001e424850630, 0x000001e424851470,
0x000001e47d5ddec0, 0x000001e47d7f5690, 0x000001e47d8e17e0, 0x000001e47e631a20,
0x000001e47e56a2f0, 0x000001e47e589e30, 0x000001e47d5b83f0, 0x000001e47eb52810,
0x000001e47f0e25e0, 0x000001e47e80cec0, 0x000001e47e800550, 0x000001e47e7ff830,
0x000001e47e7ff1a0, 0x000001e47e801900, 0x000001e404988cf0, 0x000001e404989380,
0x000001e404987940, 0x000001e404987fd0, 0x000001e404989a10, 0x000001e404988660,
0x000001e404986590, 0x000001e40498a0a0, 0x000001e404986c20, 0x000001e40498a730,
0x000001e4049872b0, 0x000001e40498dbb0, 0x000001e40498d520, 0x000001e40498c800,
0x000001e40498adc0, 0x000001e40498b450, 0x000001e40498c170, 0x000001e40498ce90,
0x000001e4049fc380, 0x000001e4049fddc0, 0x000001e4049fbcf0, 0x000001e4049fe450,
0x000001e4049fca10, 0x000001e4049feae0, 0x000001e4049fd730, 0x000001e404a025f0,
0x000001e404a00bb0, 0x000001e4049ff170, 0x000001e4049ff800, 0x000001e404a00520,
0x000001e404a01240, 0x000001e4049ffe90
}

Java Threads: ( => current thread )
  0x000001e42240c6c0 JavaThread "main"                              [_thread_blocked, id=28180, stack(0x0000001416b00000,0x0000001416c00000) (1024K)]
  0x000001e424848400 JavaThread "Reference Handler"          daemon [_thread_blocked, id=8160, stack(0x0000001416f00000,0x0000001417000000) (1024K)]
  0x000001e42474dd00 JavaThread "Finalizer"                  daemon [_thread_blocked, id=11380, stack(0x0000001417000000,0x0000001417100000) (1024K)]
  0x000001e42484a4f0 JavaThread "Signal Dispatcher"          daemon [_thread_blocked, id=26008, stack(0x0000001417100000,0x0000001417200000) (1024K)]
=>0x000001e42484b150 JavaThread "Attach Listener"            daemon [_thread_in_vm, id=17732, stack(0x0000001417200000,0x0000001417300000) (1024K)]
  0x000001e42484fbd0 JavaThread "Service Thread"             daemon [_thread_blocked, id=5768, stack(0x0000001417300000,0x0000001417400000) (1024K)]
  0x000001e424850630 JavaThread "Monitor Deflation Thread"   daemon [_thread_blocked, id=16764, stack(0x0000001417400000,0x0000001417500000) (1024K)]
  0x000001e424851470 JavaThread "C2 CompilerThread0"         daemon [_thread_blocked, id=23796, stack(0x0000001417500000,0x0000001417600000) (1024K)]
  0x000001e47d5ddec0 JavaThread "C1 CompilerThread0"         daemon [_thread_blocked, id=27620, stack(0x0000001417600000,0x0000001417700000) (1024K)]
  0x000001e47d7f5690 JavaThread "Common-Cleaner"             daemon [_thread_blocked, id=30460, stack(0x0000001417700000,0x0000001417800000) (1024K)]
  0x000001e47d8e17e0 JavaThread "Notification Thread"        daemon [_thread_blocked, id=14656, stack(0x0000001417800000,0x0000001417900000) (1024K)]
  0x000001e47e631a20 JavaThread "Active Thread: Equinox Container: 313d17e7-b7e2-4c34-b2ef-9578c259b035"        [_thread_blocked, id=15900, stack(0x0000001417f00000,0x0000001418000000) (1024K)]
  0x000001e47e56a2f0 JavaThread "Refresh Thread: Equinox Container: 313d17e7-b7e2-4c34-b2ef-9578c259b035" daemon [_thread_blocked, id=28148, stack(0x0000001418100000,0x0000001418200000) (1024K)]
  0x000001e47e589e30 JavaThread "Framework Event Dispatcher: Equinox Container: 313d17e7-b7e2-4c34-b2ef-9578c259b035" daemon [_thread_blocked, id=30568, stack(0x0000001418200000,0x0000001418300000) (1024K)]
  0x000001e47d5b83f0 JavaThread "Start Level: Equinox Container: 313d17e7-b7e2-4c34-b2ef-9578c259b035" daemon [_thread_blocked, id=22648, stack(0x0000001418300000,0x0000001418400000) (1024K)]
  0x000001e47eb52810 JavaThread "Bundle File Closer"         daemon [_thread_blocked, id=1464, stack(0x0000001418600000,0x0000001418700000) (1024K)]
  0x000001e47f0e25e0 JavaThread "SCR Component Actor"        daemon [_thread_blocked, id=22872, stack(0x0000001418700000,0x0000001418800000) (1024K)]
  0x000001e47e80cec0 JavaThread "Worker-JM"                         [_thread_blocked, id=30180, stack(0x0000001418800000,0x0000001418900000) (1024K)]
  0x000001e47e800550 JavaThread "JNA Cleaner"                daemon [_thread_blocked, id=13156, stack(0x0000001418900000,0x0000001418a00000) (1024K)]
  0x000001e47e7ff830 JavaThread "Worker-1"                          [_thread_blocked, id=22536, stack(0x0000001418b00000,0x0000001418c00000) (1024K)]
  0x000001e47e7ff1a0 JavaThread "Java indexing"              daemon [_thread_blocked, id=30284, stack(0x0000001418d00000,0x0000001418e00000) (1024K)]
  0x000001e47e801900 JavaThread "Worker-3"                          [_thread_blocked, id=29844, stack(0x0000001419000000,0x0000001419100000) (1024K)]
  0x000001e404988cf0 JavaThread "Thread-1"                   daemon [_thread_in_native, id=20420, stack(0x0000001419200000,0x0000001419300000) (1024K)]
  0x000001e404989380 JavaThread "Thread-2"                   daemon [_thread_in_native, id=30680, stack(0x0000001419300000,0x0000001419400000) (1024K)]
  0x000001e404987940 JavaThread "Thread-3"                   daemon [_thread_in_native, id=28776, stack(0x0000001419400000,0x0000001419500000) (1024K)]
  0x000001e404987fd0 JavaThread "Thread-4"                   daemon [_thread_in_native, id=30300, stack(0x0000001419500000,0x0000001419600000) (1024K)]
  0x000001e404989a10 JavaThread "Thread-5"                   daemon [_thread_in_native, id=25900, stack(0x0000001419600000,0x0000001419700000) (1024K)]
  0x000001e404988660 JavaThread "Thread-6"                   daemon [_thread_in_native, id=26828, stack(0x0000001419700000,0x0000001419800000) (1024K)]
  0x000001e404986590 JavaThread "Thread-7"                   daemon [_thread_in_native, id=16848, stack(0x0000001419800000,0x0000001419900000) (1024K)]
  0x000001e40498a0a0 JavaThread "Thread-8"                   daemon [_thread_in_native, id=29336, stack(0x0000001419900000,0x0000001419a00000) (1024K)]
  0x000001e404986c20 JavaThread "Thread-9"                   daemon [_thread_in_native, id=25888, stack(0x0000001419a00000,0x0000001419b00000) (1024K)]
  0x000001e40498a730 JavaThread "Thread-10"                  daemon [_thread_in_native, id=29648, stack(0x0000001419b00000,0x0000001419c00000) (1024K)]
  0x000001e4049872b0 JavaThread "Thread-11"                  daemon [_thread_in_native, id=27220, stack(0x0000001419c00000,0x0000001419d00000) (1024K)]
  0x000001e40498dbb0 JavaThread "Thread-12"                  daemon [_thread_in_native, id=25828, stack(0x0000001419d00000,0x0000001419e00000) (1024K)]
  0x000001e40498d520 JavaThread "Thread-13"                  daemon [_thread_in_native, id=30360, stack(0x0000001419e00000,0x0000001419f00000) (1024K)]
  0x000001e40498c800 JavaThread "pool-2-thread-1"                   [_thread_blocked, id=24948, stack(0x0000001419f00000,0x000000141a000000) (1024K)]
  0x000001e40498adc0 JavaThread "WorkspaceEventsHandler"            [_thread_blocked, id=29616, stack(0x000000141a000000,0x000000141a100000) (1024K)]
  0x000001e40498b450 JavaThread "pool-1-thread-1"                   [_thread_blocked, id=28844, stack(0x000000141a100000,0x000000141a200000) (1024K)]
  0x000001e40498c170 JavaThread "ForkJoinPool.commonPool-worker-1" daemon [_thread_blocked, id=22652, stack(0x000000141a200000,0x000000141a300000) (1024K)]
  0x000001e40498ce90 JavaThread "ForkJoinPool.commonPool-worker-2" daemon [_thread_blocked, id=28468, stack(0x000000141a300000,0x000000141a400000) (1024K)]
  0x000001e4049fc380 JavaThread "ForkJoinPool.commonPool-worker-3" daemon [_thread_blocked, id=9032, stack(0x000000141a400000,0x000000141a500000) (1024K)]
  0x000001e4049fddc0 JavaThread "ForkJoinPool.commonPool-worker-5" daemon [_thread_blocked, id=30288, stack(0x000000141a600000,0x000000141a700000) (1024K)]
  0x000001e4049fbcf0 JavaThread "ForkJoinPool.commonPool-worker-7" daemon [_thread_blocked, id=18788, stack(0x000000141a800000,0x000000141a900000) (1024K)]
  0x000001e4049fe450 JavaThread "ForkJoinPool.commonPool-worker-8" daemon [_thread_blocked, id=7216, stack(0x000000141a900000,0x000000141aa00000) (1024K)]
  0x000001e4049fca10 JavaThread "ForkJoinPool.commonPool-worker-9" daemon [_thread_blocked, id=23356, stack(0x000000141aa00000,0x000000141ab00000) (1024K)]
  0x000001e4049feae0 JavaThread "ForkJoinPool.commonPool-worker-11" daemon [_thread_blocked, id=30500, stack(0x000000141ab00000,0x000000141ac00000) (1024K)]
  0x000001e4049fd730 JavaThread "ForkJoinPool.commonPool-worker-10" daemon [_thread_blocked, id=8084, stack(0x000000141ac00000,0x000000141ad00000) (1024K)]
  0x000001e404a025f0 JavaThread "Cleaner-0"                  daemon [_thread_blocked, id=3264, stack(0x000000141ad00000,0x000000141ae00000) (1024K)]
  0x000001e404a00bb0 JavaThread "Java Debug Server"          daemon [_thread_in_native, id=30448, stack(0x0000001416900000,0x0000001416a00000) (1024K)]
  0x000001e4049ff170 JavaThread "pool-4-thread-1"                   [_thread_in_native, id=30592, stack(0x0000001416a00000,0x0000001416b00000) (1024K)]
  0x000001e4049ff800 JavaThread "RxSchedulerPurge-1"         daemon [_thread_blocked, id=26992, stack(0x000000141ae00000,0x000000141af00000) (1024K)]
  0x000001e404a00520 JavaThread "RxCachedWorkerPoolEvictor-1" daemon [_thread_blocked, id=18464, stack(0x000000141af00000,0x000000141b000000) (1024K)]
  0x000001e404a01240 JavaThread "RxNewThreadScheduler-1"     daemon [_thread_blocked, id=27292, stack(0x000000141b000000,0x000000141b100000) (1024K)]
  0x000001e4049ffe90 JavaThread "process reaper (pid 29964)" daemon [_thread_in_native, id=29596, stack(0x000000141b100000,0x000000141b120000) (128K)]
Total: 54

Other Threads:
  0x000001e424734920 VMThread "VM Thread"                           [id=13472, stack(0x0000001416e00000,0x0000001416f00000) (1024K)]
  0x000001e42462ba00 WatcherThread "VM Periodic Task Thread"        [id=23204, stack(0x0000001416d00000,0x0000001416e00000) (1024K)]
  0x000001e4247c1850 WorkerThread "GC Thread#0"                     [id=28360, stack(0x0000001416c00000,0x0000001416d00000) (1024K)]
  0x000001e47e6f3800 WorkerThread "GC Thread#1"                     [id=28072, stack(0x0000001417900000,0x0000001417a00000) (1024K)]
  0x000001e47e6f4720 WorkerThread "GC Thread#2"                     [id=10804, stack(0x0000001417a00000,0x0000001417b00000) (1024K)]
  0x000001e47e6f4ad0 WorkerThread "GC Thread#3"                     [id=29816, stack(0x0000001417b00000,0x0000001417c00000) (1024K)]
  0x000001e47e6f4e80 WorkerThread "GC Thread#4"                     [id=27524, stack(0x0000001417c00000,0x0000001417d00000) (1024K)]
  0x000001e47eafc080 WorkerThread "GC Thread#5"                     [id=28896, stack(0x0000001417d00000,0x0000001417e00000) (1024K)]
  0x000001e47eafc430 WorkerThread "GC Thread#6"                     [id=26588, stack(0x0000001417e00000,0x0000001417f00000) (1024K)]
  0x000001e47d8c40b0 WorkerThread "GC Thread#7"                     [id=24608, stack(0x0000001418000000,0x0000001418100000) (1024K)]
  0x000001e47e59bf50 WorkerThread "GC Thread#8"                     [id=22068, stack(0x0000001418400000,0x0000001418500000) (1024K)]
  0x000001e47e878a40 WorkerThread "GC Thread#9"                     [id=2964, stack(0x0000001418500000,0x0000001418600000) (1024K)]
Total: 12

Threads with active compile tasks:
Total: 0

VM state: not at safepoint (normal execution)

VM Mutex/Monitor currently owned by a thread: None

Heap address: 0x0000000080000000, size: 2048 MB, Compressed Oops mode: 32-bit

CDS archive(s) mapped at: [0x000001e43c000000-0x000001e43cba0000-0x000001e43cba0000), size 12189696, SharedBaseAddress: 0x000001e43c000000, ArchiveRelocationMode: 1.
Compressed class space mapped at: 0x000001e43d000000-0x000001e47d000000, reserved size: 1073741824
Narrow klass base: 0x000001e43c000000, Narrow klass shift: 0, Narrow klass range: 0x100000000

GC Precious Log:
 CardTable entry size: 512
 CPUs: 12 total, 12 available
 Memory: 7863M
 Large Page Support: Disabled
 NUMA Support: Disabled
 Compressed Oops: Enabled (32-bit)
 Alignments: Space 512K, Generation 512K, Heap 2M
 Heap Min Capacity: 100M
 Heap Initial Capacity: 100M
 Heap Max Capacity: 2G
 Pre-touch: Disabled
 Parallel Workers: 10

Heap:
 PSYoungGen      total 10240K, used 1265K [0x00000000d5580000, 0x00000000d6680000, 0x0000000100000000)
  eden space 9728K, 8% used [0x00000000d5580000,0x00000000d5644778,0x00000000d5f00000)
  from space 512K, 93% used [0x00000000d6580000,0x00000000d65f8000,0x00000000d6600000)
  to   space 512K, 0% used [0x00000000d6600000,0x00000000d6600000,0x00000000d6680000)
 ParOldGen       total 187904K, used 187827K [0x0000000080000000, 0x000000008b780000, 0x00000000d5580000)
  object space 187904K, 99% used [0x0000000080000000,0x000000008b76cda8,0x000000008b780000)
 Metaspace       used 70692K, committed 72192K, reserved 1114112K
  class space    used 7549K, committed 8192K, reserved 1048576K

Card table byte_map: [0x000001e424140000,0x000001e424550000] _byte_map_base: 0x000001e423d40000

Marking Bits: (ParMarkBitMap*) 0x00007ffaf3703450
 Begin Bits: [0x000001e436c50000, 0x000001e438c50000)
 End Bits:   [0x000001e438c50000, 0x000001e43ac50000)

Polling page: 0x000001e422550000

Metaspace:

Usage:
  Non-class:     61.66 MB used.
      Class:      7.37 MB used.
       Both:     69.04 MB used.

Virtual space:
  Non-class space:       64.00 MB reserved,      62.50 MB ( 98%) committed,  1 nodes.
      Class space:        1.00 GB reserved,       8.00 MB ( <1%) committed,  1 nodes.
             Both:        1.06 GB reserved,      70.50 MB (  6%) committed. 

Chunk freelists:
   Non-Class:  1.53 MB
       Class:  7.91 MB
        Both:  9.44 MB

MaxMetaspaceSize: unlimited
CompressedClassSpaceSize: 1.00 GB
Initial GC threshold: 21.00 MB
Current GC threshold: 97.31 MB
CDS: on
 - commit_granule_bytes: 65536.
 - commit_granule_words: 8192.
 - virtual_space_node_default_size: 8388608.
 - enlarge_chunks_in_place: 1.
 - use_allocation_guard: 0.


Internal statistics:

num_allocs_failed_limit: 9.
num_arena_births: 1320.
num_arena_deaths: 16.
num_vsnodes_births: 2.
num_vsnodes_deaths: 0.
num_space_committed: 1128.
num_space_uncommitted: 0.
num_chunks_returned_to_freelist: 25.
num_chunks_taken_from_freelist: 4743.
num_chunk_merges: 11.
num_chunk_splits: 2869.
num_chunks_enlarged: 1511.
num_inconsistent_stats: 0.

CodeHeap 'non-profiled nmethods': size=120000Kb used=7540Kb max_used=7540Kb free=112459Kb
 bounds [0x000001e42f470000, 0x000001e42fbd0000, 0x000001e4369a0000]
CodeHeap 'profiled nmethods': size=120000Kb used=24247Kb max_used=24247Kb free=95752Kb
 bounds [0x000001e4279a0000, 0x000001e429150000, 0x000001e42eed0000]
CodeHeap 'non-nmethods': size=5760Kb used=1457Kb max_used=1496Kb free=4302Kb
 bounds [0x000001e42eed0000, 0x000001e42f140000, 0x000001e42f470000]
CodeCache: size=245760Kb, used=33244Kb, max_used=33283Kb, free=212513Kb
 total_blobs=11853, nmethods=11069, adapters=690, full_count=0
Compilation: enabled, stopped_count=0, restarted_count=0

Compilation events (20 events):
Event: 361.040 Thread 0x000001e47d5ddec0 11885       3       java.util.concurrent.CompletableFuture$UniCompletion::claim (34 bytes)
Event: 361.043 Thread 0x000001e47d5ddec0 nmethod 11885 0x000001e429147d90 code [0x000001e429147f60, 0x000001e429148248]
Event: 361.043 Thread 0x000001e47d5ddec0 11886       3       java.util.concurrent.ForkJoinTask::casStatus (13 bytes)
Event: 361.043 Thread 0x000001e47d5ddec0 nmethod 11886 0x000001e429148310 code [0x000001e4291484a0, 0x000001e4291485c8]
Event: 361.047 Thread 0x000001e404ee90d0 nmethod 11883 0x000001e42fbc8b90 code [0x000001e42fbc8d20, 0x000001e42fbc91a8]
Event: 361.048 Thread 0x000001e404ee90d0 11870       4       org.eclipse.core.internal.dtree.DeltaDataTree::lookup (158 bytes)
Event: 361.102 Thread 0x000001e404ee90d0 nmethod 11870 0x000001e42fbc9390 code [0x000001e42fbc9580, 0x000001e42fbc9f58]
Event: 361.102 Thread 0x000001e404ee90d0 11869       4       org.eclipse.core.internal.resources.ResourceInfo::isSet (11 bytes)
Event: 361.103 Thread 0x000001e404ee90d0 nmethod 11869 0x000001e42fbca590 code [0x000001e42fbca700, 0x000001e42fbca778]
Event: 361.190 Thread 0x000001e424851470 nmethod 11871 0x000001e42fbca890 code [0x000001e42fbcabc0, 0x000001e42fbcc3b0]
Event: 361.911 Thread 0x000001e47d5ddec0 11887       3       org.eclipse.osgi.internal.framework.EquinoxBundle::getModuleClassLoader (30 bytes)
Event: 361.926 Thread 0x000001e47d5ddec0 nmethod 11887 0x000001e429148690 code [0x000001e4291488c0, 0x000001e429148fa8]
Event: 361.926 Thread 0x000001e47d5ddec0 11888       3       org.eclipse.osgi.internal.framework.EquinoxBundle$1::run (5 bytes)
Event: 361.926 Thread 0x000001e47d5ddec0 nmethod 11888 0x000001e429149290 code [0x000001e429149440, 0x000001e429149598]
Event: 361.926 Thread 0x000001e47d5ddec0 11889       3       org.eclipse.osgi.internal.framework.EquinoxBundle$1::run (40 bytes)
Event: 361.952 Thread 0x000001e47d5ddec0 nmethod 11889 0x000001e429149690 code [0x000001e4291498c0, 0x000001e42914a128]
Event: 361.952 Thread 0x000001e47d5ddec0 11890       3       org.eclipse.osgi.internal.framework.EquinoxBundle$ResolvedModuleClassLoader::<init> (15 bytes)
Event: 361.953 Thread 0x000001e47d5ddec0 nmethod 11890 0x000001e42914a410 code [0x000001e42914a5c0, 0x000001e42914a758]
Event: 361.953 Thread 0x000001e47d5ddec0 11891   !   3       org.eclipse.osgi.internal.framework.EquinoxBundle::loadClass (275 bytes)
Event: 362.004 Thread 0x000001e47d5ddec0 nmethod 11891 0x000001e42914a810 code [0x000001e42914ace0, 0x000001e42914d020]

GC Heap History (20 events):
Event: 95.001 GC heap before
{Heap before GC invocations=101 (full 3):
 PSYoungGen      total 14848K, used 14805K [0x00000000d5580000, 0x00000000d7500000, 0x0000000100000000)
  eden space 9728K, 99% used [0x00000000d5580000,0x00000000d5efc808,0x00000000d5f00000)
  from space 5120K, 99% used [0x00000000d6180000,0x00000000d6678f40,0x00000000d6680000)
  to   space 11264K, 0% used [0x00000000d6a00000,0x00000000d6a00000,0x00000000d7500000)
 ParOldGen       total 172032K, used 171672K [0x0000000080000000, 0x000000008a800000, 0x00000000d5580000)
  object space 172032K, 99% used [0x0000000080000000,0x000000008a7a6238,0x000000008a800000)
 Metaspace       used 66454K, committed 67968K, reserved 1114112K
  class space    used 6979K, committed 7616K, reserved 1048576K
}
Event: 95.011 GC heap after
{Heap after GC invocations=101 (full 3):
 PSYoungGen      total 12800K, used 2744K [0x00000000d5580000, 0x00000000d6d00000, 0x0000000100000000)
  eden space 9728K, 0% used [0x00000000d5580000,0x00000000d5580000,0x00000000d5f00000)
  from space 3072K, 89% used [0x00000000d6a00000,0x00000000d6cae0a8,0x00000000d6d00000)
  to   space 5632K, 0% used [0x00000000d6200000,0x00000000d6200000,0x00000000d6780000)
 ParOldGen       total 177152K, used 176811K [0x0000000080000000, 0x000000008ad00000, 0x00000000d5580000)
  object space 177152K, 99% used [0x0000000080000000,0x000000008acaad78,0x000000008ad00000)
 Metaspace       used 66454K, committed 67968K, reserved 1114112K
  class space    used 6979K, committed 7616K, reserved 1048576K
}
Event: 95.311 GC heap before
{Heap before GC invocations=102 (full 3):
 PSYoungGen      total 12800K, used 12472K [0x00000000d5580000, 0x00000000d6d00000, 0x0000000100000000)
  eden space 9728K, 100% used [0x00000000d5580000,0x00000000d5f00000,0x00000000d5f00000)
  from space 3072K, 89% used [0x00000000d6a00000,0x00000000d6cae0a8,0x00000000d6d00000)
  to   space 5632K, 0% used [0x00000000d6200000,0x00000000d6200000,0x00000000d6780000)
 ParOldGen       total 177152K, used 176811K [0x0000000080000000, 0x000000008ad00000, 0x00000000d5580000)
  object space 177152K, 99% used [0x0000000080000000,0x000000008acaad78,0x000000008ad00000)
 Metaspace       used 66471K, committed 67968K, reserved 1114112K
  class space    used 6979K, committed 7616K, reserved 1048576K
}
Event: 95.316 GC heap after
{Heap after GC invocations=102 (full 3):
 PSYoungGen      total 15360K, used 2167K [0x00000000d5580000, 0x00000000d6a80000, 0x0000000100000000)
  eden space 9728K, 0% used [0x00000000d5580000,0x00000000d5580000,0x00000000d5f00000)
  from space 5632K, 38% used [0x00000000d6200000,0x00000000d641de48,0x00000000d6780000)
  to   space 3072K, 0% used [0x00000000d6780000,0x00000000d6780000,0x00000000d6a80000)
 ParOldGen       total 179712K, used 179271K [0x0000000080000000, 0x000000008af80000, 0x00000000d5580000)
  object space 179712K, 99% used [0x0000000080000000,0x000000008af11ef8,0x000000008af80000)
 Metaspace       used 66471K, committed 67968K, reserved 1114112K
  class space    used 6979K, committed 7616K, reserved 1048576K
}
Event: 95.859 GC heap before
{Heap before GC invocations=103 (full 3):
 PSYoungGen      total 15360K, used 11895K [0x00000000d5580000, 0x00000000d6a80000, 0x0000000100000000)
  eden space 9728K, 100% used [0x00000000d5580000,0x00000000d5f00000,0x00000000d5f00000)
  from space 5632K, 38% used [0x00000000d6200000,0x00000000d641de48,0x00000000d6780000)
  to   space 3072K, 0% used [0x00000000d6780000,0x00000000d6780000,0x00000000d6a80000)
 ParOldGen       total 179712K, used 179271K [0x0000000080000000, 0x000000008af80000, 0x00000000d5580000)
  object space 179712K, 99% used [0x0000000080000000,0x000000008af11ef8,0x000000008af80000)
 Metaspace       used 66600K, committed 68032K, reserved 1114112K
  class space    used 7005K, committed 7616K, reserved 1048576K
}
Event: 95.864 GC heap after
{Heap after GC invocations=103 (full 3):
 PSYoungGen      total 12800K, used 2989K [0x00000000d5580000, 0x00000000d6a80000, 0x0000000100000000)
  eden space 9728K, 0% used [0x00000000d5580000,0x00000000d5580000,0x00000000d5f00000)
  from space 3072K, 97% used [0x00000000d6780000,0x00000000d6a6b438,0x00000000d6a80000)
  to   space 3584K, 0% used [0x00000000d6380000,0x00000000d6380000,0x00000000d6700000)
 ParOldGen       total 181760K, used 181272K [0x0000000080000000, 0x000000008b180000, 0x00000000d5580000)
  object space 181760K, 99% used [0x0000000080000000,0x000000008b106080,0x000000008b180000)
 Metaspace       used 66600K, committed 68032K, reserved 1114112K
  class space    used 7005K, committed 7616K, reserved 1048576K
}
Event: 96.735 GC heap before
{Heap before GC invocations=104 (full 3):
 PSYoungGen      total 12800K, used 12717K [0x00000000d5580000, 0x00000000d6a80000, 0x0000000100000000)
  eden space 9728K, 100% used [0x00000000d5580000,0x00000000d5f00000,0x00000000d5f00000)
  from space 3072K, 97% used [0x00000000d6780000,0x00000000d6a6b438,0x00000000d6a80000)
  to   space 3584K, 0% used [0x00000000d6380000,0x00000000d6380000,0x00000000d6700000)
 ParOldGen       total 181760K, used 181272K [0x0000000080000000, 0x000000008b180000, 0x00000000d5580000)
  object space 181760K, 99% used [0x0000000080000000,0x000000008b106080,0x000000008b180000)
 Metaspace       used 66783K, committed 68288K, reserved 1114112K
  class space    used 7033K, committed 7680K, reserved 1048576K
}
Event: 96.742 GC heap after
{Heap after GC invocations=104 (full 3):
 PSYoungGen      total 12800K, used 2560K [0x00000000d5580000, 0x00000000d6800000, 0x0000000100000000)
  eden space 9728K, 0% used [0x00000000d5580000,0x00000000d5580000,0x00000000d5f00000)
  from space 3072K, 83% used [0x00000000d6380000,0x00000000d6600010,0x00000000d6680000)
  to   space 1536K, 0% used [0x00000000d6680000,0x00000000d6680000,0x00000000d6800000)
 ParOldGen       total 184320K, used 184066K [0x0000000080000000, 0x000000008b400000, 0x00000000d5580000)
  object space 184320K, 99% used [0x0000000080000000,0x000000008b3c0a30,0x000000008b400000)
 Metaspace       used 66783K, committed 68288K, reserved 1114112K
  class space    used 7033K, committed 7680K, reserved 1048576K
}
Event: 100.012 GC heap before
{Heap before GC invocations=105 (full 3):
 PSYoungGen      total 12800K, used 12287K [0x00000000d5580000, 0x00000000d6800000, 0x0000000100000000)
  eden space 9728K, 99% used [0x00000000d5580000,0x00000000d5efff70,0x00000000d5f00000)
  from space 3072K, 83% used [0x00000000d6380000,0x00000000d6600010,0x00000000d6680000)
  to   space 1536K, 0% used [0x00000000d6680000,0x00000000d6680000,0x00000000d6800000)
 ParOldGen       total 184320K, used 184066K [0x0000000080000000, 0x000000008b400000, 0x00000000d5580000)
  object space 184320K, 99% used [0x0000000080000000,0x000000008b3c0a30,0x000000008b400000)
 Metaspace       used 67211K, committed 68736K, reserved 1114112K
  class space    used 7087K, committed 7744K, reserved 1048576K
}
Event: 100.018 GC heap after
{Heap after GC invocations=105 (full 3):
 PSYoungGen      total 10752K, used 768K [0x00000000d5580000, 0x00000000d6780000, 0x0000000100000000)
  eden space 9728K, 0% used [0x00000000d5580000,0x00000000d5580000,0x00000000d5f00000)
  from space 1024K, 75% used [0x00000000d6680000,0x00000000d6740000,0x00000000d6780000)
  to   space 1536K, 0% used [0x00000000d6480000,0x00000000d6480000,0x00000000d6600000)
 ParOldGen       total 186880K, used 186482K [0x0000000080000000, 0x000000008b680000, 0x00000000d5580000)
  object space 186880K, 99% used [0x0000000080000000,0x000000008b61ca50,0x000000008b680000)
 Metaspace       used 67211K, committed 68736K, reserved 1114112K
  class space    used 7087K, committed 7744K, reserved 1048576K
}
Event: 100.398 GC heap before
{Heap before GC invocations=106 (full 3):
 PSYoungGen      total 10752K, used 10493K [0x00000000d5580000, 0x00000000d6780000, 0x0000000100000000)
  eden space 9728K, 99% used [0x00000000d5580000,0x00000000d5eff560,0x00000000d5f00000)
  from space 1024K, 75% used [0x00000000d6680000,0x00000000d6740000,0x00000000d6780000)
  to   space 1536K, 0% used [0x00000000d6480000,0x00000000d6480000,0x00000000d6600000)
 ParOldGen       total 186880K, used 186482K [0x0000000080000000, 0x000000008b680000, 0x00000000d5580000)
  object space 186880K, 99% used [0x0000000080000000,0x000000008b61ca50,0x000000008b680000)
 Metaspace       used 67211K, committed 68736K, reserved 1114112K
  class space    used 7087K, committed 7744K, reserved 1048576K
}
Event: 100.400 GC heap after
{Heap after GC invocations=106 (full 3):
 PSYoungGen      total 11264K, used 256K [0x00000000d5580000, 0x00000000d6700000, 0x0000000100000000)
  eden space 9728K, 0% used [0x00000000d5580000,0x00000000d5580000,0x00000000d5f00000)
  from space 1536K, 16% used [0x00000000d6480000,0x00000000d64c0000,0x00000000d6600000)
  to   space 1024K, 0% used [0x00000000d6600000,0x00000000d6600000,0x00000000d6700000)
 ParOldGen       total 187392K, used 187124K [0x0000000080000000, 0x000000008b700000, 0x00000000d5580000)
  object space 187392K, 99% used [0x0000000080000000,0x000000008b6bd198,0x000000008b700000)
 Metaspace       used 67211K, committed 68736K, reserved 1114112K
  class space    used 7087K, committed 7744K, reserved 1048576K
}
Event: 103.836 GC heap before
{Heap before GC invocations=107 (full 3):
 PSYoungGen      total 11264K, used 9984K [0x00000000d5580000, 0x00000000d6700000, 0x0000000100000000)
  eden space 9728K, 100% used [0x00000000d5580000,0x00000000d5f00000,0x00000000d5f00000)
  from space 1536K, 16% used [0x00000000d6480000,0x00000000d64c0000,0x00000000d6600000)
  to   space 1024K, 0% used [0x00000000d6600000,0x00000000d6600000,0x00000000d6700000)
 ParOldGen       total 187392K, used 187124K [0x0000000080000000, 0x000000008b700000, 0x00000000d5580000)
  object space 187392K, 99% used [0x0000000080000000,0x000000008b6bd198,0x000000008b700000)
 Metaspace       used 67846K, committed 69312K, reserved 1114112K
  class space    used 7147K, committed 7744K, reserved 1048576K
}
Event: 103.838 GC heap after
{Heap after GC invocations=107 (full 3):
 PSYoungGen      total 10240K, used 433K [0x00000000d5580000, 0x00000000d6680000, 0x0000000100000000)
  eden space 9728K, 0% used [0x00000000d5580000,0x00000000d5580000,0x00000000d5f00000)
  from space 512K, 84% used [0x00000000d6600000,0x00000000d666c5a8,0x00000000d6680000)
  to   space 512K, 0% used [0x00000000d6580000,0x00000000d6580000,0x00000000d6600000)
 ParOldGen       total 187392K, used 187164K [0x0000000080000000, 0x000000008b700000, 0x00000000d5580000)
  object space 187392K, 99% used [0x0000000080000000,0x000000008b6c7198,0x000000008b700000)
 Metaspace       used 67846K, committed 69312K, reserved 1114112K
  class space    used 7147K, committed 7744K, reserved 1048576K
}
Event: 104.191 GC heap before
{Heap before GC invocations=108 (full 3):
 PSYoungGen      total 10240K, used 10161K [0x00000000d5580000, 0x00000000d6680000, 0x0000000100000000)
  eden space 9728K, 100% used [0x00000000d5580000,0x00000000d5f00000,0x00000000d5f00000)
  from space 512K, 84% used [0x00000000d6600000,0x00000000d666c5a8,0x00000000d6680000)
  to   space 512K, 0% used [0x00000000d6580000,0x00000000d6580000,0x00000000d6600000)
 ParOldGen       total 187392K, used 187164K [0x0000000080000000, 0x000000008b700000, 0x00000000d5580000)
  object space 187392K, 99% used [0x0000000080000000,0x000000008b6c7198,0x000000008b700000)
 Metaspace       used 69066K, committed 70592K, reserved 1114112K
  class space    used 7298K, committed 7936K, reserved 1048576K
}
Event: 104.193 GC heap after
{Heap after GC invocations=108 (full 3):
 PSYoungGen      total 10240K, used 448K [0x00000000d5580000, 0x00000000d6680000, 0x0000000100000000)
  eden space 9728K, 0% used [0x00000000d5580000,0x00000000d5580000,0x00000000d5f00000)
  from space 512K, 87% used [0x00000000d6580000,0x00000000d65f0020,0x00000000d6600000)
  to   space 512K, 0% used [0x00000000d6600000,0x00000000d6600000,0x00000000d6680000)
 ParOldGen       total 187904K, used 187435K [0x0000000080000000, 0x000000008b780000, 0x00000000d5580000)
  object space 187904K, 99% used [0x0000000080000000,0x000000008b70ad58,0x000000008b780000)
 Metaspace       used 69066K, committed 70592K, reserved 1114112K
  class space    used 7298K, committed 7936K, reserved 1048576K
}
Event: 104.685 GC heap before
{Heap before GC invocations=109 (full 3):
 PSYoungGen      total 10240K, used 10176K [0x00000000d5580000, 0x00000000d6680000, 0x0000000100000000)
  eden space 9728K, 100% used [0x00000000d5580000,0x00000000d5f00000,0x00000000d5f00000)
  from space 512K, 87% used [0x00000000d6580000,0x00000000d65f0020,0x00000000d6600000)
  to   space 512K, 0% used [0x00000000d6600000,0x00000000d6600000,0x00000000d6680000)
 ParOldGen       total 187904K, used 187435K [0x0000000080000000, 0x000000008b780000, 0x00000000d5580000)
  object space 187904K, 99% used [0x0000000080000000,0x000000008b70ad58,0x000000008b780000)
 Metaspace       used 69963K, committed 71424K, reserved 1114112K
  class space    used 7465K, committed 8064K, reserved 1048576K
}
Event: 104.688 GC heap after
{Heap after GC invocations=109 (full 3):
 PSYoungGen      total 10240K, used 402K [0x00000000d5580000, 0x00000000d6680000, 0x0000000100000000)
  eden space 9728K, 0% used [0x00000000d5580000,0x00000000d5580000,0x00000000d5f00000)
  from space 512K, 78% used [0x00000000d6600000,0x00000000d6664950,0x00000000d6680000)
  to   space 512K, 0% used [0x00000000d6580000,0x00000000d6580000,0x00000000d6600000)
 ParOldGen       total 187904K, used 187683K [0x0000000080000000, 0x000000008b780000, 0x00000000d5580000)
  object space 187904K, 99% used [0x0000000080000000,0x000000008b748da8,0x000000008b780000)
 Metaspace       used 69963K, committed 71424K, reserved 1114112K
  class space    used 7465K, committed 8064K, reserved 1048576K
}
Event: 360.623 GC heap before
{Heap before GC invocations=110 (full 3):
 PSYoungGen      total 10240K, used 10130K [0x00000000d5580000, 0x00000000d6680000, 0x0000000100000000)
  eden space 9728K, 100% used [0x00000000d5580000,0x00000000d5f00000,0x00000000d5f00000)
  from space 512K, 78% used [0x00000000d6600000,0x00000000d6664950,0x00000000d6680000)
  to   space 512K, 0% used [0x00000000d6580000,0x00000000d6580000,0x00000000d6600000)
 ParOldGen       total 187904K, used 187683K [0x0000000080000000, 0x000000008b780000, 0x00000000d5580000)
  object space 187904K, 99% used [0x0000000080000000,0x000000008b748da8,0x000000008b780000)
 Metaspace       used 70685K, committed 72192K, reserved 1114112K
  class space    used 7549K, committed 8192K, reserved 1048576K
}
Event: 360.760 GC heap after
{Heap after GC invocations=110 (full 3):
 PSYoungGen      total 10240K, used 480K [0x00000000d5580000, 0x00000000d6680000, 0x0000000100000000)
  eden space 9728K, 0% used [0x00000000d5580000,0x00000000d5580000,0x00000000d5f00000)
  from space 512K, 93% used [0x00000000d6580000,0x00000000d65f8000,0x00000000d6600000)
  to   space 512K, 0% used [0x00000000d6600000,0x00000000d6600000,0x00000000d6680000)
 ParOldGen       total 187904K, used 187827K [0x0000000080000000, 0x000000008b780000, 0x00000000d5580000)
  object space 187904K, 99% used [0x0000000080000000,0x000000008b76cda8,0x000000008b780000)
 Metaspace       used 70685K, committed 72192K, reserved 1114112K
  class space    used 7549K, committed 8192K, reserved 1048576K
}

Dll operation events (11 events):
Event: 0.097 Loaded shared library c:\Users\samar\.vscode\extensions\redhat.java-1.54.0-win32-x64\jre\21.0.10-win32-x86_64\bin\java.dll
Event: 0.928 Loaded shared library c:\Users\samar\.vscode\extensions\redhat.java-1.54.0-win32-x64\jre\21.0.10-win32-x86_64\bin\zip.dll
Event: 1.051 Loaded shared library C:\Users\samar\.vscode\extensions\redhat.java-1.54.0-win32-x64\jre\21.0.10-win32-x86_64\bin\instrument.dll
Event: 1.176 Loaded shared library C:\Users\samar\.vscode\extensions\redhat.java-1.54.0-win32-x64\jre\21.0.10-win32-x86_64\bin\net.dll
Event: 1.236 Loaded shared library C:\Users\samar\.vscode\extensions\redhat.java-1.54.0-win32-x64\jre\21.0.10-win32-x86_64\bin\nio.dll
Event: 1.251 Loaded shared library C:\Users\samar\.vscode\extensions\redhat.java-1.54.0-win32-x64\jre\21.0.10-win32-x86_64\bin\zip.dll
Event: 1.451 Loaded shared library C:\Users\samar\.vscode\extensions\redhat.java-1.54.0-win32-x64\jre\21.0.10-win32-x86_64\bin\jimage.dll
Event: 2.699 Loaded shared library c:\Users\samar\.vscode\extensions\redhat.java-1.54.0-win32-x64\jre\21.0.10-win32-x86_64\bin\verify.dll
Event: 17.249 Loaded shared library C:\Users\samar\AppData\Roaming\Code\User\globalStorage\redhat.java\1.54.0\config_win\org.eclipse.equinox.launcher\org.eclipse.equinox.launcher.win32.win32.x86_64_1.3.0.v20260203-2149\eclipse_11919.dll
Event: 37.152 Loaded shared library C:\Users\samar\AppData\Local\Temp\jna-109202512\jna11124418140205393331.dll
Event: 103.668 Loaded shared library C:\Users\samar\.vscode\extensions\redhat.java-1.54.0-win32-x64\jre\21.0.10-win32-x86_64\bin\extnet.dll

Deoptimization events (20 events):
Event: 104.881 Thread 0x000001e404a01240 Uncommon trap: trap_request=0xffffffde fr.pc=0x000001e42facf7ac relative=0x000000000000254c
Event: 104.881 Thread 0x000001e404a01240 Uncommon trap: reason=class_check action=maybe_recompile pc=0x000001e42facf7ac method=com.google.gson.stream.JsonWriter.string(Ljava/lang/String;)V @ 119 c2
Event: 104.881 Thread 0x000001e404a01240 DEOPT PACKING pc=0x000001e42facf7ac sp=0x000000141b0fdec0
Event: 104.881 Thread 0x000001e404a01240 DEOPT UNPACKING pc=0x000001e42ef23aa2 sp=0x000000141b0fdec8 mode 2
Event: 128.899 Thread 0x000001e47e7ffec0 DEOPT PACKING pc=0x000001e4285b8e24 sp=0x00000014191ff3b0
Event: 128.900 Thread 0x000001e47e7ffec0 DEOPT UNPACKING pc=0x000001e42ef24242 sp=0x00000014191fe888 mode 0
Event: 128.985 Thread 0x000001e4049fafd0 Uncommon trap: trap_request=0xffffffde fr.pc=0x000001e42f86d418 relative=0x0000000000000078
Event: 128.985 Thread 0x000001e4049fafd0 Uncommon trap: reason=class_check action=maybe_recompile pc=0x000001e42f86d418 method=java.util.LinkedHashMap.afterNodeInsertion(Z)V @ 15 c2
Event: 128.985 Thread 0x000001e4049fafd0 DEOPT PACKING pc=0x000001e42f86d418 sp=0x000000141a7feef0
Event: 128.985 Thread 0x000001e4049fafd0 DEOPT UNPACKING pc=0x000001e42ef23aa2 sp=0x000000141a7fee68 mode 2
Event: 137.002 Thread 0x000001e47e801900 DEOPT PACKING pc=0x000001e428410c5b sp=0x00000014190fecf0
Event: 137.002 Thread 0x000001e47e801900 DEOPT UNPACKING pc=0x000001e42ef24242 sp=0x00000014190fe178 mode 0
Event: 360.778 Thread 0x000001e4049fe450 DEOPT PACKING pc=0x000001e42859be81 sp=0x000000141a9fe780
Event: 360.787 Thread 0x000001e4049fe450 DEOPT UNPACKING pc=0x000001e42ef24242 sp=0x000000141a9fdca0 mode 0
Event: 360.874 Thread 0x000001e4049fbcf0 DEOPT PACKING pc=0x000001e42810e09e sp=0x000000141a8fe3c0
Event: 360.874 Thread 0x000001e4049fbcf0 DEOPT UNPACKING pc=0x000001e42ef24242 sp=0x000000141a8fd800 mode 0
Event: 361.037 Thread 0x000001e40498c170 Uncommon trap: trap_request=0xffffffde fr.pc=0x000001e42f86d418 relative=0x0000000000000078
Event: 361.038 Thread 0x000001e40498c170 Uncommon trap: reason=class_check action=maybe_recompile pc=0x000001e42f86d418 method=java.util.LinkedHashMap.afterNodeInsertion(Z)V @ 15 c2
Event: 361.038 Thread 0x000001e40498c170 DEOPT PACKING pc=0x000001e42f86d418 sp=0x000000141a2fec60
Event: 361.039 Thread 0x000001e40498c170 DEOPT UNPACKING pc=0x000001e42ef23aa2 sp=0x000000141a2febd8 mode 2

Classes loaded (20 events):
Event: 104.871 Loading class java/util/TaskQueue
Event: 104.873 Loading class java/util/TaskQueue done
Event: 104.873 Loading class java/util/TimerThread
Event: 104.873 Loading class java/util/TimerThread done
Event: 104.873 Loading class java/util/Timer$ThreadReaper
Event: 104.874 Loading class java/util/Timer$ThreadReaper done
Event: 104.886 Loading class java/util/concurrent/CompletableFuture$UniWhenComplete
Event: 104.887 Loading class java/util/concurrent/CompletableFuture$UniWhenComplete done
Event: 104.888 Loading class java/util/concurrent/CompletableFuture$UniCompose
Event: 104.889 Loading class java/util/concurrent/CompletableFuture$UniCompose done
Event: 104.889 Loading class java/util/concurrent/CompletableFuture$UniRelay
Event: 104.890 Loading class java/util/concurrent/CompletableFuture$UniRelay done
Event: 105.163 Loading class java/util/concurrent/ScheduledThreadPoolExecutor$DelayedWorkQueue$Itr
Event: 105.164 Loading class java/util/concurrent/ScheduledThreadPoolExecutor$DelayedWorkQueue$Itr done
Event: 142.415 Loading class java/lang/ProcessHandleImpl$ExitCompletion
Event: 142.428 Loading class java/lang/ProcessHandleImpl$ExitCompletion done
Event: 142.429 Loading class java/lang/ProcessHandleImpl$1
Event: 142.438 Loading class java/lang/ProcessHandleImpl$1 done
Event: 142.476 Loading class java/util/concurrent/CompletableFuture$UniHandle
Event: 142.486 Loading class java/util/concurrent/CompletableFuture$UniHandle done

Classes unloaded (8 events):
Event: 43.678 Thread 0x000001e424734920 Unloading class 0x000001e43d1a4800 'java/lang/invoke/LambdaForm$MH+0x000001e43d1a4800'
Event: 43.679 Thread 0x000001e424734920 Unloading class 0x000001e43d1a4400 'java/lang/invoke/LambdaForm$MH+0x000001e43d1a4400'
Event: 43.679 Thread 0x000001e424734920 Unloading class 0x000001e43d1a4000 'java/lang/invoke/LambdaForm$MH+0x000001e43d1a4000'
Event: 43.679 Thread 0x000001e424734920 Unloading class 0x000001e43d1a3c00 'java/lang/invoke/LambdaForm$MH+0x000001e43d1a3c00'
Event: 43.679 Thread 0x000001e424734920 Unloading class 0x000001e43d1a3800 'java/lang/invoke/LambdaForm$BMH+0x000001e43d1a3800'
Event: 43.679 Thread 0x000001e424734920 Unloading class 0x000001e43d1a3400 'java/lang/invoke/LambdaForm$DMH+0x000001e43d1a3400'
Event: 43.679 Thread 0x000001e424734920 Unloading class 0x000001e43d1a2000 'java/lang/invoke/LambdaForm$DMH+0x000001e43d1a2000'
Event: 84.667 Thread 0x000001e424734920 Unloading class 0x000001e43d6d1000 'java/lang/invoke/LambdaForm$DMH+0x000001e43d6d1000'

Classes redefined (0 events):
No events

Internal exceptions (20 events):
Event: 103.850 Thread 0x000001e4049ff170 Exception <a 'java/io/FileNotFoundException'{0x00000000d55bb008}> (0x00000000d55bb008) 
thrown [s\src\hotspot\share\prims\jni.cpp, line 520]
Event: 104.535 Thread 0x000001e40498b450 Exception <a 'java/lang/IncompatibleClassChangeError'{0x00000000d5a42b28}: Found class java.lang.Object, but interface was expected> (0x00000000d5a42b28) 
thrown [s\src\hotspot\share\interpreter\linkResolver.cpp, line 840]
Event: 104.570 Thread 0x000001e4049fafd0 Exception <a 'java/lang/NoSuchMethodError'{0x00000000d5aec898}: 'java.lang.Object java.lang.invoke.DirectMethodHandle$Holder.invokeSpecial(java.lang.Object, java.lang.Object, java.lang.Object, java.lang.Object, int, java.lang.Object, java.lang.Object)'> (0x00000000d5aec898) 
thrown [s\src\hotspot\share\interpreter\linkResolver.cpp, line 773]
Event: 104.586 Thread 0x000001e4049ff170 Exception <a 'java/lang/NoSuchMethodError'{0x00000000d5b83248}: 'java.lang.Object java.lang.invoke.DirectMethodHandle$Holder.invokeVirtual(java.lang.Object, java.lang.Object, java.lang.Object, java.lang.Object)'> (0x00000000d5b83248) 
thrown [s\src\hotspot\share\interpreter\linkResolver.cpp, line 773]
Event: 104.758 Thread 0x000001e404a01240 Exception <a 'java/lang/NoSuchMethodError'{0x00000000d5769c18}: 'java.lang.Object java.lang.invoke.DirectMethodHandle$Holder.invokeStatic(java.lang.Object, long, java.lang.Object, java.lang.Object)'> (0x00000000d5769c18) 
thrown [s\src\hotspot\share\interpreter\linkResolver.cpp, line 773]
Event: 104.820 Thread 0x000001e404a01240 Exception <a 'sun/nio/fs/WindowsException'{0x00000000d582cb48}> (0x00000000d582cb48) 
thrown [s\src\hotspot\share\prims\jni.cpp, line 520]
Event: 104.821 Thread 0x000001e404a01240 Exception <a 'sun/nio/fs/WindowsException'{0x00000000d582db48}> (0x00000000d582db48) 
thrown [s\src\hotspot\share\prims\jni.cpp, line 520]
Event: 108.433 Thread 0x000001e404a018d0 Exception <a 'java/lang/NoSuchMethodError'{0x00000000d5962250}: 'long java.lang.invoke.DelegatingMethodHandle$Holder.reinvoke_L(java.lang.Object, java.lang.Object)'> (0x00000000d5962250) 
thrown [s\src\hotspot\share\interpreter\linkResolver.cpp, line 773]
Event: 108.438 Thread 0x000001e404a018d0 Exception <a 'java/lang/NoSuchMethodError'{0x00000000d596c3c0}: 'void java.lang.invoke.DelegatingMethodHandle$Holder.reinvoke_L(java.lang.Object, java.lang.Object, long)'> (0x00000000d596c3c0) 
thrown [s\src\hotspot\share\interpreter\linkResolver.cpp, line 773]
Event: 129.919 Thread 0x000001e47e801900 Exception <a 'sun/nio/fs/WindowsException'{0x00000000d5c2f380}> (0x00000000d5c2f380) 
thrown [s\src\hotspot\share\prims\jni.cpp, line 520]
Event: 129.920 Thread 0x000001e47e801900 Exception <a 'sun/nio/fs/WindowsException'{0x00000000d5c2fe18}> (0x00000000d5c2fe18) 
thrown [s\src\hotspot\share\prims\jni.cpp, line 520]
Event: 129.937 Thread 0x000001e47e801900 Exception <a 'sun/nio/fs/WindowsException'{0x00000000d5c56098}> (0x00000000d5c56098) 
thrown [s\src\hotspot\share\prims\jni.cpp, line 520]
Event: 129.937 Thread 0x000001e47e801900 Exception <a 'sun/nio/fs/WindowsException'{0x00000000d5c56b30}> (0x00000000d5c56b30) 
thrown [s\src\hotspot\share\prims\jni.cpp, line 520]
Event: 129.940 Thread 0x000001e47e801900 Exception <a 'sun/nio/fs/WindowsException'{0x00000000d5c580b0}> (0x00000000d5c580b0) 
thrown [s\src\hotspot\share\prims\jni.cpp, line 520]
Event: 129.940 Thread 0x000001e47e801900 Exception <a 'sun/nio/fs/WindowsException'{0x00000000d5c586e0}> (0x00000000d5c586e0) 
thrown [s\src\hotspot\share\prims\jni.cpp, line 520]
Event: 129.944 Thread 0x000001e47e801900 Exception <a 'sun/nio/fs/WindowsException'{0x00000000d5c599d8}> (0x00000000d5c599d8) 
thrown [s\src\hotspot\share\prims\jni.cpp, line 520]
Event: 129.945 Thread 0x000001e47e801900 Exception <a 'sun/nio/fs/WindowsException'{0x00000000d5c5a008}> (0x00000000d5c5a008) 
thrown [s\src\hotspot\share\prims\jni.cpp, line 520]
Event: 129.947 Thread 0x000001e47e801900 Exception <a 'sun/nio/fs/WindowsException'{0x00000000d5c5b578}> (0x00000000d5c5b578) 
thrown [s\src\hotspot\share\prims\jni.cpp, line 520]
Event: 129.947 Thread 0x000001e47e801900 Exception <a 'sun/nio/fs/WindowsException'{0x00000000d5c5c018}> (0x00000000d5c5c018) 
thrown [s\src\hotspot\share\prims\jni.cpp, line 520]
Event: 142.517 Thread 0x000001e404a018d0 Exception <a 'java/lang/NoSuchMethodError'{0x00000000d5e21b88}: 'long java.lang.invoke.Invokers$Holder.invokeExact_MT(java.lang.Object, java.lang.Object, java.lang.Object)'> (0x00000000d5e21b88) 
thrown [s\src\hotspot\share\interpreter\linkResolver.cpp, line 773]

ZGC Phase Switch (0 events):
No events

VM Operations (20 events):
Event: 180.258 Executing non-safepoint VM operation: HandshakeAllThreads (HandshakeForDeflation)
Event: 180.258 Executing non-safepoint VM operation: HandshakeAllThreads (HandshakeForDeflation) done
Event: 180.258 Executing non-safepoint VM operation: RendezvousGCThreads
Event: 180.258 Executing non-safepoint VM operation: RendezvousGCThreads done
Event: 181.272 Executing safepoint VM operation: Cleanup
Event: 181.272 Executing safepoint VM operation: Cleanup done
Event: 195.369 Executing safepoint VM operation: Cleanup
Event: 195.369 Executing safepoint VM operation: Cleanup done
Event: 220.580 Executing safepoint VM operation: Cleanup
Event: 220.581 Executing safepoint VM operation: Cleanup done
Event: 360.619 Executing safepoint VM operation: ParallelGCFailedAllocation (Allocation Failure)
Event: 360.760 Executing safepoint VM operation: ParallelGCFailedAllocation (Allocation Failure) done
Event: 360.797 Executing non-safepoint VM operation: HandshakeAllThreads (HandshakeForDeflation)
Event: 360.799 Executing non-safepoint VM operation: HandshakeAllThreads (HandshakeForDeflation) done
Event: 360.799 Executing non-safepoint VM operation: RendezvousGCThreads
Event: 360.799 Executing non-safepoint VM operation: RendezvousGCThreads done
Event: 361.803 Executing safepoint VM operation: Cleanup
Event: 361.803 Executing safepoint VM operation: Cleanup done
Event: 362.810 Executing safepoint VM operation: Cleanup
Event: 362.810 Executing safepoint VM operation: Cleanup done

Memory protections (0 events):
No events

Nmethod flushes (20 events):
Event: 84.820 Thread 0x000001e424734920 flushing  nmethod 0x000001e4282fac90
Event: 84.820 Thread 0x000001e424734920 flushing  nmethod 0x000001e4282ff190
Event: 84.820 Thread 0x000001e424734920 flushing  nmethod 0x000001e4282ff790
Event: 84.820 Thread 0x000001e424734920 flushing  nmethod 0x000001e428325090
Event: 84.820 Thread 0x000001e424734920 flushing  nmethod 0x000001e42832d710
Event: 84.820 Thread 0x000001e424734920 flushing  nmethod 0x000001e42832f510
Event: 84.820 Thread 0x000001e424734920 flushing  nmethod 0x000001e42833bc10
Event: 84.820 Thread 0x000001e424734920 flushing  nmethod 0x000001e42833da10
Event: 84.820 Thread 0x000001e424734920 flushing  nmethod 0x000001e42833ea90
Event: 84.820 Thread 0x000001e424734920 flushing  nmethod 0x000001e428340490
Event: 84.820 Thread 0x000001e424734920 flushing osr nmethod 0x000001e42834b290
Event: 84.820 Thread 0x000001e424734920 flushing  nmethod 0x000001e42835ad10
Event: 84.820 Thread 0x000001e424734920 flushing  nmethod 0x000001e428361010
Event: 84.820 Thread 0x000001e424734920 flushing  nmethod 0x000001e42838b310
Event: 84.821 Thread 0x000001e424734920 flushing  nmethod 0x000001e4283a2b10
Event: 84.821 Thread 0x000001e424734920 flushing  nmethod 0x000001e4283a6310
Event: 84.821 Thread 0x000001e424734920 flushing  nmethod 0x000001e4283b9b90
Event: 84.821 Thread 0x000001e424734920 flushing  nmethod 0x000001e4283bc510
Event: 84.821 Thread 0x000001e424734920 flushing  nmethod 0x000001e4283bc890
Event: 84.821 Thread 0x000001e424734920 flushing  nmethod 0x000001e4283c6690

Events (20 events):
Event: 93.322 Thread 0x000001e40498c170 Thread added: 0x000001e404a025f0
Event: 94.853 Thread 0x000001e404a00bb0 Thread exited: 0x000001e404a00bb0
Event: 97.389 Thread 0x000001e404eeb9b0 Thread exited: 0x000001e404eeb9b0
Event: 103.700 Thread 0x000001e4049fafd0 Thread added: 0x000001e404a00bb0
Event: 103.770 Thread 0x000001e404a00bb0 Thread added: 0x000001e4049ff170
Event: 104.148 Thread 0x000001e4049ff170 Thread added: 0x000001e4049ff800
Event: 104.168 Thread 0x000001e4049ff170 Thread added: 0x000001e404a00520
Event: 104.743 Thread 0x000001e4049ff170 Thread added: 0x000001e404a01240
Event: 104.877 Thread 0x000001e404a01240 Thread added: 0x000001e4049ffe90
Event: 108.387 Thread 0x000001e4049ff170 Thread added: 0x000001e404a018d0
Event: 108.427 Thread 0x000001e4049ffe90 Thread exited: 0x000001e4049ffe90
Event: 142.470 Thread 0x000001e404a018d0 Thread added: 0x000001e4049ffe90
Event: 142.610 Thread 0x000001e404a018d0 Thread exited: 0x000001e404a018d0
Event: 188.930 Thread 0x000001e47e7ffec0 Thread exited: 0x000001e47e7ffec0
Event: 189.914 Thread 0x000001e47e801f90 Thread exited: 0x000001e47e801f90
Event: 197.020 Thread 0x000001e47e800be0 Thread exited: 0x000001e47e800be0
Event: 280.471 Thread 0x000001e4049fafd0 Thread exited: 0x000001e4049fafd0
Event: 341.046 Thread 0x000001e4049fd0a0 Thread exited: 0x000001e4049fd0a0
Event: 361.023 Thread 0x000001e424851470 Thread added: 0x000001e404ee90d0
Event: 361.912 Thread 0x000001e404ee90d0 Thread exited: 0x000001e404ee90d0


Dynamic libraries:
0x00007ff616910000 - 0x00007ff61691e000 	c:\Users\samar\.vscode\extensions\redhat.java-1.54.0-win32-x64\jre\21.0.10-win32-x86_64\bin\java.exe
0x00007ffb79d20000 - 0x00007ffb79f87000 	C:\WINDOWS\SYSTEM32\ntdll.dll
0x00007ffb38820000 - 0x00007ffb38841000 	C:\Program Files\Avast Software\Avast\aswhook.dll
0x00007ffb78a30000 - 0x00007ffb78af9000 	C:\WINDOWS\System32\KERNEL32.DLL
0x00007ffb77070000 - 0x00007ffb77464000 	C:\WINDOWS\System32\KERNELBASE.dll
0x00007ffb765f0000 - 0x00007ffb7673b000 	C:\WINDOWS\System32\ucrtbase.dll
0x00007ffb713c0000 - 0x00007ffb713d8000 	c:\Users\samar\.vscode\extensions\redhat.java-1.54.0-win32-x64\jre\21.0.10-win32-x86_64\bin\jli.dll
0x00007ffb78720000 - 0x00007ffb788e5000 	C:\WINDOWS\System32\USER32.dll
0x00007ffb779d0000 - 0x00007ffb779f7000 	C:\WINDOWS\System32\win32u.dll
0x00007ffb78320000 - 0x00007ffb7834b000 	C:\WINDOWS\System32\GDI32.dll
0x00007ffb77470000 - 0x00007ffb7759b000 	C:\WINDOWS\System32\gdi32full.dll
0x00007ffb777a0000 - 0x00007ffb77843000 	C:\WINDOWS\System32\msvcp_win.dll
0x00007ffb6f630000 - 0x00007ffb6f64e000 	c:\Users\samar\.vscode\extensions\redhat.java-1.54.0-win32-x64\jre\21.0.10-win32-x86_64\bin\VCRUNTIME140.dll
0x00007ffb4aab0000 - 0x00007ffb4ad43000 	C:\WINDOWS\WinSxS\amd64_microsoft.windows.common-controls_6595b64144ccf1df_6.0.26100.8115_none_3e075c82e3354f9c\COMCTL32.dll
0x00007ffb79ba0000 - 0x00007ffb79c49000 	C:\WINDOWS\System32\msvcrt.dll
0x00007ffb786e0000 - 0x00007ffb78712000 	C:\WINDOWS\System32\IMM32.DLL
0x00007ffb713b0000 - 0x00007ffb713bc000 	c:\Users\samar\.vscode\extensions\redhat.java-1.54.0-win32-x64\jre\21.0.10-win32-x86_64\bin\vcruntime140_1.dll
0x00007ffb64cd0000 - 0x00007ffb64d5d000 	c:\Users\samar\.vscode\extensions\redhat.java-1.54.0-win32-x64\jre\21.0.10-win32-x86_64\bin\msvcp140.dll
0x00007ffaf2a40000 - 0x00007ffaf37e1000 	c:\Users\samar\.vscode\extensions\redhat.java-1.54.0-win32-x64\jre\21.0.10-win32-x86_64\bin\server\jvm.dll
0x00007ffb78b90000 - 0x00007ffb78c46000 	C:\WINDOWS\System32\ADVAPI32.dll
0x00007ffb78970000 - 0x00007ffb78a17000 	C:\WINDOWS\System32\sechost.dll
0x00007ffb78c50000 - 0x00007ffb78d68000 	C:\WINDOWS\System32\RPCRT4.dll
0x00007ffb78b00000 - 0x00007ffb78b80000 	C:\WINDOWS\System32\WS2_32.dll
0x00007ffb76470000 - 0x00007ffb764ce000 	C:\WINDOWS\SYSTEM32\POWRPROF.dll
0x00007ffb6a8c0000 - 0x00007ffb6a8f6000 	C:\WINDOWS\SYSTEM32\WINMM.dll
0x00007ffb63230000 - 0x00007ffb6323b000 	C:\WINDOWS\SYSTEM32\VERSION.dll
0x00007ffb76450000 - 0x00007ffb76464000 	C:\WINDOWS\SYSTEM32\UMPDC.dll
0x00007ffb75380000 - 0x00007ffb7539b000 	C:\WINDOWS\SYSTEM32\kernel.appcore.dll
0x00007ffb6f0e0000 - 0x00007ffb6f0ea000 	c:\Users\samar\.vscode\extensions\redhat.java-1.54.0-win32-x64\jre\21.0.10-win32-x86_64\bin\jimage.dll
0x00007ffb746b0000 - 0x00007ffb748f2000 	C:\WINDOWS\SYSTEM32\DBGHELP.DLL
0x00007ffb78350000 - 0x00007ffb786d2000 	C:\WINDOWS\System32\combase.dll
0x00007ffb77bb0000 - 0x00007ffb77c88000 	C:\WINDOWS\System32\OLEAUT32.dll
0x00007ffb62c70000 - 0x00007ffb62cab000 	C:\WINDOWS\SYSTEM32\dbgcore.DLL
0x00007ffb77a00000 - 0x00007ffb77aa5000 	C:\WINDOWS\System32\bcryptPrimitives.dll
0x00007ffb6ef00000 - 0x00007ffb6ef0f000 	c:\Users\samar\.vscode\extensions\redhat.java-1.54.0-win32-x64\jre\21.0.10-win32-x86_64\bin\instrument.dll
0x00007ffb655e0000 - 0x00007ffb65600000 	c:\Users\samar\.vscode\extensions\redhat.java-1.54.0-win32-x64\jre\21.0.10-win32-x86_64\bin\java.dll
0x00007ffb79420000 - 0x00007ffb79b87000 	C:\WINDOWS\System32\SHELL32.dll
0x00007ffb775a0000 - 0x00007ffb7770a000 	C:\WINDOWS\System32\wintypes.dll
0x00007ffb76740000 - 0x00007ffb76fa8000 	C:\WINDOWS\System32\windows.storage.dll
0x00007ffb792f0000 - 0x00007ffb793e8000 	C:\WINDOWS\System32\SHCORE.dll
0x00007ffb788f0000 - 0x00007ffb78956000 	C:\WINDOWS\System32\shlwapi.dll
0x00007ffb76510000 - 0x00007ffb76539000 	C:\WINDOWS\SYSTEM32\profapi.dll
0x00007ffb49b90000 - 0x00007ffb49ba8000 	c:\Users\samar\.vscode\extensions\redhat.java-1.54.0-win32-x64\jre\21.0.10-win32-x86_64\bin\zip.dll
0x00007ffb655d0000 - 0x00007ffb655e0000 	C:\Users\samar\.vscode\extensions\redhat.java-1.54.0-win32-x64\jre\21.0.10-win32-x86_64\bin\net.dll
0x00007ffb70110000 - 0x00007ffb7023d000 	C:\WINDOWS\SYSTEM32\WINHTTP.dll
0x00007ffb758f0000 - 0x00007ffb7595c000 	C:\WINDOWS\system32\mswsock.dll
0x00007ffb65320000 - 0x00007ffb65336000 	C:\Users\samar\.vscode\extensions\redhat.java-1.54.0-win32-x64\jre\21.0.10-win32-x86_64\bin\nio.dll
0x00007ffb64e00000 - 0x00007ffb64e10000 	c:\Users\samar\.vscode\extensions\redhat.java-1.54.0-win32-x64\jre\21.0.10-win32-x86_64\bin\verify.dll
0x00007ffb2a420000 - 0x00007ffb2a465000 	C:\Users\samar\AppData\Roaming\Code\User\globalStorage\redhat.java\1.54.0\config_win\org.eclipse.equinox.launcher\org.eclipse.equinox.launcher.win32.win32.x86_64_1.3.0.v20260203-2149\eclipse_11919.dll
0x00007ffb78e50000 - 0x00007ffb78fe7000 	C:\WINDOWS\System32\ole32.dll
0x00007ffb75bd0000 - 0x00007ffb75beb000 	C:\WINDOWS\SYSTEM32\CRYPTSP.dll
0x00007ffb752e0000 - 0x00007ffb75319000 	C:\WINDOWS\system32\rsaenh.dll
0x00007ffb759a0000 - 0x00007ffb759d3000 	C:\WINDOWS\SYSTEM32\USERENV.dll
0x00007ffb764e0000 - 0x00007ffb7650a000 	C:\WINDOWS\SYSTEM32\bcrypt.dll
0x00007ffb75bf0000 - 0x00007ffb75bfc000 	C:\WINDOWS\SYSTEM32\CRYPTBASE.dll
0x00007ffb74d30000 - 0x00007ffb74d62000 	C:\WINDOWS\SYSTEM32\IPHLPAPI.DLL
0x00007ffb790b0000 - 0x00007ffb790ba000 	C:\WINDOWS\System32\NSI.dll
0x00007ffb518d0000 - 0x00007ffb51919000 	C:\Users\samar\AppData\Local\Temp\jna-109202512\jna11124418140205393331.dll
0x00007ffb79b90000 - 0x00007ffb79b98000 	C:\WINDOWS\System32\PSAPI.DLL
0x00007ffb70270000 - 0x00007ffb7028d000 	C:\WINDOWS\SYSTEM32\dhcpcsvc6.DLL
0x00007ffb70240000 - 0x00007ffb70265000 	C:\WINDOWS\SYSTEM32\dhcpcsvc.DLL
0x00007ffb64c80000 - 0x00007ffb64c89000 	C:\Users\samar\.vscode\extensions\redhat.java-1.54.0-win32-x64\jre\21.0.10-win32-x86_64\bin\extnet.dll

JVMTI agents:
c:\Users\samar\.vscode\extensions\redhat.java-1.54.0-win32-x64\lombok\lombok-1.18.39-4050.jar path:c:\Users\samar\.vscode\extensions\redhat.java-1.54.0-win32-x64\jre\21.0.10-win32-x86_64\bin\instrument.dll, loaded, initialized, instrumentlib options:none

dbghelp: loaded successfully - version: 4.0.5 - missing functions: none
symbol engine: initialized successfully - sym options: 0x614 - pdb path: .;c:\Users\samar\.vscode\extensions\redhat.java-1.54.0-win32-x64\jre\21.0.10-win32-x86_64\bin;C:\WINDOWS\SYSTEM32;C:\Program Files\Avast Software\Avast;C:\WINDOWS\WinSxS\amd64_microsoft.windows.common-controls_6595b64144ccf1df_6.0.26100.8115_none_3e075c82e3354f9c;c:\Users\samar\.vscode\extensions\redhat.java-1.54.0-win32-x64\jre\21.0.10-win32-x86_64\bin\server;C:\Users\samar\AppData\Roaming\Code\User\globalStorage\redhat.java\1.54.0\config_win\org.eclipse.equinox.launcher\org.eclipse.equinox.launcher.win32.win32.x86_64_1.3.0.v20260203-2149;C:\Users\samar\AppData\Local\Temp\jna-109202512

VM Arguments:
jvm_args: --add-modules=ALL-SYSTEM --add-opens=java.base/java.util=ALL-UNNAMED --add-opens=java.base/java.lang=ALL-UNNAMED --add-opens=java.base/sun.nio.fs=ALL-UNNAMED -Declipse.application=org.eclipse.jdt.ls.core.id1 -Dosgi.bundles.defaultStartLevel=4 -Declipse.product=org.eclipse.jdt.ls.core.product -Djava.import.generatesMetadataFilesAtProjectRoot=false -DDetectVMInstallationsJob.disabled=true -Dfile.encoding=utf8 -XX:+UseParallelGC -XX:GCTimeRatio=4 -XX:AdaptiveSizePolicyWeight=90 -Dsun.zip.disableMemoryMapping=true -Xmx2G -Xms100m -Xlog:disable -javaagent:c:\Users\samar\.vscode\extensions\redhat.java-1.54.0-win32-x64\lombok\lombok-1.18.39-4050.jar -XX:+HeapDumpOnOutOfMemoryError -XX:HeapDumpPath=c:\Users\samar\AppData\Roaming\Code\User\workspaceStorage\5931edfd5bc266c9d44f66284b5c76c5\redhat.java -Daether.dependencyCollector.impl=bf 
java_command: c:\Users\samar\.vscode\extensions\redhat.java-1.54.0-win32-x64\server\plugins\org.eclipse.equinox.launcher_1.7.100.v20251111-0406.jar -configuration c:\Users\samar\AppData\Roaming\Code\User\globalStorage\redhat.java\1.54.0\config_win -data c:\Users\samar\AppData\Roaming\Code\User\workspaceStorage\5931edfd5bc266c9d44f66284b5c76c5\redhat.java\jdt_ws --pipe=\\.\pipe\lsp-d60466954c18df3275e03a932615f133-sock
java_class_path (initial): c:\Users\samar\.vscode\extensions\redhat.java-1.54.0-win32-x64\server\plugins\org.eclipse.equinox.launcher_1.7.100.v20251111-0406.jar
Launcher Type: SUN_STANDARD

[Global flags]
    uintx AdaptiveSizePolicyWeight                 = 90                                        {product} {command line}
     intx CICompilerCount                          = 4                                         {product} {ergonomic}
    uintx GCTimeRatio                              = 4                                         {product} {command line}
     bool HeapDumpOnOutOfMemoryError               = true                                   {manageable} {command line}
    ccstr HeapDumpPath                             = c:\Users\samar\AppData\Roaming\Code\User\workspaceStorage\5931edfd5bc266c9d44f66284b5c76c5\redhat.java         {manageable} {command line}
   size_t InitialHeapSize                          = 104857600                                 {product} {command line}
   size_t MaxHeapSize                              = 2147483648                                {product} {command line}
   size_t MaxNewSize                               = 715653120                                 {product} {ergonomic}
   size_t MinHeapDeltaBytes                        = 524288                                    {product} {ergonomic}
   size_t MinHeapSize                              = 104857600                                 {product} {command line}
   size_t NewSize                                  = 34603008                                  {product} {ergonomic}
    uintx NonNMethodCodeHeapSize                   = 5839372                                {pd product} {ergonomic}
    uintx NonProfiledCodeHeapSize                  = 122909434                              {pd product} {ergonomic}
   size_t OldSize                                  = 70254592                                  {product} {ergonomic}
    uintx ProfiledCodeHeapSize                     = 122909434                              {pd product} {ergonomic}
    uintx ReservedCodeCacheSize                    = 251658240                              {pd product} {ergonomic}
     bool SegmentedCodeCache                       = true                                      {product} {ergonomic}
   size_t SoftMaxHeapSize                          = 2147483648                             {manageable} {ergonomic}
     bool UseCompressedOops                        = true                           {product lp64_product} {ergonomic}
     bool UseLargePagesIndividualAllocation        = false                                  {pd product} {ergonomic}
     bool UseParallelGC                            = true                                      {product} {command line}

Logging:
Log output configuration:
 #0: stdout all=off uptime,level,tags foldmultilines=false
 #1: stderr all=off uptime,level,tags foldmultilines=false

Release file:
JAVA_VERSION="21.0.10" 
MODULES="java.base java.compiler java.datatransfer java.xml java.prefs java.desktop java.instrument java.logging java.management java.security.sasl java.naming java.rmi java.management.rmi java.net.http java.scripting java.security.jgss java.transaction.xa java.sql java.sql.rowset java.xml.crypto java.se java.smartcardio jdk.accessibility jdk.internal.jvmstat jdk.attach jdk.charsets jdk.internal.opt jdk.zipfs jdk.compiler jdk.crypto.ec jdk.crypto.cryptoki jdk.crypto.mscapi jdk.dynalink jdk.internal.ed jdk.editpad jdk.hotspot.agent jdk.httpserver jdk.internal.le jdk.internal.vm.ci jdk.internal.vm.compiler jdk.internal.vm.compiler.management jdk.jartool jdk.javadoc jdk.jcmd jdk.management jdk.management.agent jdk.jconsole jdk.jdeps jdk.jdwp.agent jdk.jdi jdk.jfr jdk.jshell jdk.jsobject jdk.jstatd jdk.localedata jdk.management.jfr jdk.naming.dns jdk.naming.rmi jdk.net jdk.nio.mapmode jdk.random jdk.sctp jdk.security.auth jdk.security.jgss jdk.unsupported jdk.unsupported.desktop jdk.xml.dom" 

Environment Variables:
PATH=C:\Users\samar\AppData\Local\Programs\Microsoft VS Code;C:\Program Files\Common Files\Oracle\Java\javapath;C:\Program Files (x86)\Common Files\Oracle\Java\java8path;C:\Program Files (x86)\Common Files\Oracle\Java\javapath;C:\WINDOWS\system32;C:\WINDOWS;C:\WINDOWS\System32\Wbem;C:\WINDOWS\System32\WindowsPowerShell\v1.0\;C:\WINDOWS\System32\OpenSSH\;C:\Program Files\HP\HP One Agent;C:\WINDOWS\system32;C:\WINDOWS;C:\WINDOWS\System32\Wbem;C:\WINDOWS\System32\WindowsPowerShell\v1.0\;C:\WINDOWS\System32\OpenSSH\;C:\Program Files\PuTTY\;C:\Program Files\Git\cmd;C:\Program Files\nodejs\;C:\Program Files\MySQL\MySQL Shell 8.0\bin\;C:\Users\samar\AppData\Local\Programs\Python\Python313\Scripts\;C:\Users\samar\AppData\Local\Programs\Python\Python313\;C:\Users\samar\AppData\Local\Microsoft\WindowsApps;C:\Users\samar\AppData\Local\Programs\Microsoft VS Code\bin;C:\Program Files\Java\jdk-25\bin;C:\Program Files\apache-maven-3.9.11\bin;C:\Program Files\mysql-connector-j-9.4.0;C:\Program Files\MongoDB\Server\8.2\bin;C:\Program Files\mongosh-2.5.8-win32-x64\bin;C:\Users\samar\AppData\Roaming\npm;C:\Program Files\heroku\bin;
USERNAME=samar
OS=Windows_NT
PROCESSOR_IDENTIFIER=Intel64 Family 6 Model 154 Stepping 4, GenuineIntel
TMP=C:\Users\samar\AppData\Local\Temp
TEMP=C:\Users\samar\AppData\Local\Temp




Periodic native trim disabled

---------------  S Y S T E M  ---------------

OS:
 Windows 11 , 64 bit Build 26100 (10.0.26100.8246)
OS uptime: 0 days 0:38 hours
Hyper-V role detected

CPU: total 12 (initial active 12) (6 cores per cpu, 2 threads per core) family 6 model 154 stepping 4 microcode 0x42c, cx8, cmov, fxsr, ht, mmx, 3dnowpref, sse, sse2, sse3, ssse3, sse4.1, sse4.2, popcnt, lzcnt, tsc, tscinvbit, avx, avx2, aes, erms, clmul, bmi1, bmi2, adx, sha, fma, vzeroupper, clflush, clflushopt, clwb, hv, serialize, rdtscp, rdpid, fsrm, f16c, cet_ibt, cet_ss
Processor Information for processor 0
  Max Mhz: 1300, Current Mhz: 1300, Mhz Limit: 1300
Processor Information for processor 1
  Max Mhz: 1300, Current Mhz: 1300, Mhz Limit: 1300
Processor Information for processor 2
  Max Mhz: 1300, Current Mhz: 1300, Mhz Limit: 1300
Processor Information for processor 3
  Max Mhz: 1300, Current Mhz: 1300, Mhz Limit: 1300
Processor Information for processor 4
  Max Mhz: 1300, Current Mhz: 900, Mhz Limit: 897
Processor Information for processor 5
  Max Mhz: 1300, Current Mhz: 900, Mhz Limit: 897
Processor Information for processor 6
  Max Mhz: 1300, Current Mhz: 900, Mhz Limit: 897
Processor Information for processor 7
  Max Mhz: 1300, Current Mhz: 900, Mhz Limit: 897
Processor Information for processor 8
  Max Mhz: 1300, Current Mhz: 900, Mhz Limit: 897
Processor Information for processor 9
  Max Mhz: 1300, Current Mhz: 900, Mhz Limit: 897
Processor Information for processor 10
  Max Mhz: 1300, Current Mhz: 900, Mhz Limit: 897
Processor Information for processor 11
  Max Mhz: 1300, Current Mhz: 900, Mhz Limit: 897

Memory: 4k page, system-wide physical 7863M (325M free)
TotalPageFile size 29087M (AvailPageFile size 135M)
current process WorkingSet (physical memory assigned to process): 71M, peak: 403M
current process commit charge ("private bytes"): 506M, peak: 512M

vm_info: OpenJDK 64-Bit Server VM (21.0.10+7-LTS) for windows-amd64 JRE (21.0.10+7-LTS), built on 2026-01-20T00:00:00Z by "admin" with MS VC++ 17.12 (VS2022)

END.
