#
# There is insufficient memory for the Java Runtime Environment to continue.
# Native memory allocation (malloc) failed to allocate 1048576 bytes. Error detail: AllocateHeap
# Possible reasons:
#   The system is out of physical RAM or swap space
#   This process is running with CompressedOops enabled, and the Java Heap may be blocking the growth of the native heap
# Possible solutions:
#   Reduce memory load on the system
#   Increase physical memory or swap space
#   Check if swap backing store is full
#   Decrease Java heap size (-Xmx/-Xms)
#   Decrease number of Java threads
#   Decrease Java thread stack sizes (-Xss)
#   Set larger code cache with -XX:ReservedCodeCacheSize=
#   JVM is running with Unscaled Compressed Oops mode in which the Java heap is
#     placed in the first 4GB address space. The Java Heap base address is the
#     maximum limit for the native heap growth. Please use -XX:HeapBaseMinAddress
#     to set the Java Heap base and to place the Java Heap above 4GB virtual address.
# This output file may be truncated or incomplete.
#
#  Out of Memory Error (allocation.cpp:44), pid=28152, tid=24400
#
# JRE version: OpenJDK Runtime Environment Temurin-21.0.10+7 (21.0.10+7) (build 21.0.10+7-LTS)
# Java VM: OpenJDK 64-Bit Server VM Temurin-21.0.10+7 (21.0.10+7-LTS, mixed mode, sharing, tiered, compressed oops, compressed class ptrs, parallel gc, windows-amd64)
# No core dump will be written. Minidumps are not enabled by default on client versions of Windows
#

---------------  S U M M A R Y ------------

Command Line: --add-modules=ALL-SYSTEM --add-opens=java.base/java.util=ALL-UNNAMED --add-opens=java.base/java.lang=ALL-UNNAMED --add-opens=java.base/sun.nio.fs=ALL-UNNAMED -Declipse.application=org.eclipse.jdt.ls.core.id1 -Dosgi.bundles.defaultStartLevel=4 -Declipse.product=org.eclipse.jdt.ls.core.product -Djava.import.generatesMetadataFilesAtProjectRoot=false -DDetectVMInstallationsJob.disabled=true -Dfile.encoding=utf8 -XX:+UseParallelGC -XX:GCTimeRatio=4 -XX:AdaptiveSizePolicyWeight=90 -Dsun.zip.disableMemoryMapping=true -Xmx2G -Xms100m -Xlog:disable -javaagent:c:\Users\samar\.vscode\extensions\redhat.java-1.54.0-win32-x64\lombok\lombok-1.18.39-4050.jar -XX:+HeapDumpOnOutOfMemoryError -XX:HeapDumpPath=c:\Users\samar\AppData\Roaming\Code\User\workspaceStorage\d713682e33964cb870b752f55d4caae4\redhat.java -Daether.dependencyCollector.impl=bf c:\Users\samar\.vscode\extensions\redhat.java-1.54.0-win32-x64\server\plugins\org.eclipse.equinox.launcher_1.7.100.v20251111-0406.jar -configuration c:\Users\samar\AppData\Roaming\Code\User\globalStorage\redhat.java\1.54.0\config_win -data c:\Users\samar\AppData\Roaming\Code\User\workspaceStorage\d713682e33964cb870b752f55d4caae4\redhat.java\jdt_ws --pipe=\\.\pipe\lsp-d4a3784c8ef27418da7c3b3b3c86fd15-sock

Host: 12th Gen Intel(R) Core(TM) i5-1235U, 12 cores, 7G,  Windows 11 , 64 bit Build 26100 (10.0.26100.8246)
Time: Tue Apr 28 09:36:47 2026 India Standard Time elapsed time: 2801.335061 seconds (0d 0h 46m 41s)

---------------  T H R E A D  ---------------

Current thread (0x000001c927f4dab0):  JavaThread "Attach Listener" daemon [_thread_in_vm, id=24400, stack(0x000000708da00000,0x000000708db00000) (1024K)]

Stack: [0x000000708da00000,0x000000708db00000]
Native frames: (J=compiled Java code, j=interpreted, Vv=VM code, C=native code)
V  [jvm.dll+0x6d7a39]
V  [jvm.dll+0x8b4b26]
V  [jvm.dll+0x8b70de]
V  [jvm.dll+0x8b77c3]
V  [jvm.dll+0x284346]
V  [jvm.dll+0xc1277]
V  [jvm.dll+0x6d82e9]
V  [jvm.dll+0x1334a6]
V  [jvm.dll+0x3f857e]
V  [jvm.dll+0x85f59d]
V  [jvm.dll+0x6d626d]
C  [ucrtbase.dll+0x37b0]
C  [KERNEL32.DLL+0x2e8d7]
C  [ntdll.dll+0x8c3fc]


---------------  P R O C E S S  ---------------

Threads class SMR info:
_java_thread_list=0x000001c986a97050, length=45, elements={
0x000001c925a69b90, 0x000001c927e4e220, 0x000001c927f45340, 0x000001c927f4acc0,
0x000001c927f4dab0, 0x000001c927f4c700, 0x000001c927f4cd90, 0x000001c927f55550,
0x000001c927f5bc90, 0x000001c927f4d420, 0x000001c927f4c070, 0x000001c927f4e140,
0x000001c927f4b350, 0x000001c927f4b9e0, 0x000001c980d358a0, 0x000001c980d34b80,
0x000001c980d32420, 0x000001c980d344f0, 0x000001c980d337d0, 0x000001c980d32ab0,
0x000001c980d33140, 0x000001c980d36c50, 0x000001c980d38690, 0x000001c980d38000,
0x000001c980d372e0, 0x000001c980d393b0, 0x000001c980d37970, 0x000001c980d39a40,
0x000001c986cdd220, 0x000001c986cda430, 0x000001c986cdb150, 0x000001c986cdb7e0,
0x000001c986cdbe70, 0x000001c986cdcb90, 0x000001c986cdc500, 0x000001c986cdd8b0,
0x000001c986cdaac0, 0x000001c986ce1a50, 0x000001c993df0ae0, 0x000001c993df0450,
0x000001c993df2bb0, 0x000001c993df1170, 0x000001c993df1e90, 0x000001c993df2520,
0x000001c993df59a0
}

Java Threads: ( => current thread )
  0x000001c925a69b90 JavaThread "main"                              [_thread_blocked, id=14760, stack(0x000000708d300000,0x000000708d400000) (1024K)]
  0x000001c927e4e220 JavaThread "Reference Handler"          daemon [_thread_blocked, id=1380, stack(0x000000708d700000,0x000000708d800000) (1024K)]
  0x000001c927f45340 JavaThread "Finalizer"                  daemon [_thread_blocked, id=29328, stack(0x000000708d800000,0x000000708d900000) (1024K)]
  0x000001c927f4acc0 JavaThread "Signal Dispatcher"          daemon [_thread_blocked, id=13360, stack(0x000000708d900000,0x000000708da00000) (1024K)]
=>0x000001c927f4dab0 JavaThread "Attach Listener"            daemon [_thread_in_vm, id=24400, stack(0x000000708da00000,0x000000708db00000) (1024K)]
  0x000001c927f4c700 JavaThread "Service Thread"             daemon [_thread_blocked, id=26504, stack(0x000000708db00000,0x000000708dc00000) (1024K)]
  0x000001c927f4cd90 JavaThread "Monitor Deflation Thread"   daemon [_thread_blocked, id=9276, stack(0x000000708dc00000,0x000000708dd00000) (1024K)]
  0x000001c927f55550 JavaThread "C2 CompilerThread0"         daemon [_thread_blocked, id=17584, stack(0x000000708dd00000,0x000000708de00000) (1024K)]
  0x000001c927f5bc90 JavaThread "C1 CompilerThread0"         daemon [_thread_blocked, id=18580, stack(0x000000708de00000,0x000000708df00000) (1024K)]
  0x000001c927f4d420 JavaThread "Common-Cleaner"             daemon [_thread_blocked, id=12488, stack(0x000000708e000000,0x000000708e100000) (1024K)]
  0x000001c927f4c070 JavaThread "Notification Thread"        daemon [_thread_blocked, id=14788, stack(0x000000708df00000,0x000000708e000000) (1024K)]
  0x000001c927f4e140 JavaThread "Active Thread: Equinox Container: df61b9a5-a7a5-4b6e-8306-0c70484a9b4e"        [_thread_blocked, id=28600, stack(0x000000708e100000,0x000000708e200000) (1024K)]
  0x000001c927f4b350 JavaThread "Refresh Thread: Equinox Container: df61b9a5-a7a5-4b6e-8306-0c70484a9b4e" daemon [_thread_blocked, id=10540, stack(0x000000708e900000,0x000000708ea00000) (1024K)]
  0x000001c927f4b9e0 JavaThread "Framework Event Dispatcher: Equinox Container: df61b9a5-a7a5-4b6e-8306-0c70484a9b4e" daemon [_thread_blocked, id=15624, stack(0x000000708ea00000,0x000000708eb00000) (1024K)]
  0x000001c980d358a0 JavaThread "Start Level: Equinox Container: df61b9a5-a7a5-4b6e-8306-0c70484a9b4e" daemon [_thread_blocked, id=4600, stack(0x000000708eb00000,0x000000708ec00000) (1024K)]
  0x000001c980d34b80 JavaThread "Bundle File Closer"         daemon [_thread_blocked, id=24804, stack(0x000000708ee00000,0x000000708ef00000) (1024K)]
  0x000001c980d32420 JavaThread "SCR Component Actor"        daemon [_thread_blocked, id=24180, stack(0x000000708ef00000,0x000000708f000000) (1024K)]
  0x000001c980d344f0 JavaThread "Worker-JM"                         [_thread_blocked, id=10580, stack(0x000000708f000000,0x000000708f100000) (1024K)]
  0x000001c980d337d0 JavaThread "JNA Cleaner"                daemon [_thread_blocked, id=25764, stack(0x000000708f200000,0x000000708f300000) (1024K)]
  0x000001c980d32ab0 JavaThread "Worker-2"                          [_thread_blocked, id=22860, stack(0x000000708f500000,0x000000708f600000) (1024K)]
  0x000001c980d33140 JavaThread "Java indexing"              daemon [_thread_blocked, id=27628, stack(0x000000708f600000,0x000000708f700000) (1024K)]
  0x000001c980d36c50 JavaThread "Worker-4"                          [_thread_blocked, id=26596, stack(0x000000708fa00000,0x000000708fb00000) (1024K)]
  0x000001c980d38690 JavaThread "Thread-1"                   daemon [_thread_in_native, id=10264, stack(0x000000708fb00000,0x000000708fc00000) (1024K)]
  0x000001c980d38000 JavaThread "Thread-2"                   daemon [_thread_in_native, id=16640, stack(0x000000708fc00000,0x000000708fd00000) (1024K)]
  0x000001c980d372e0 JavaThread "Thread-3"                   daemon [_thread_in_native, id=18924, stack(0x000000708fd00000,0x000000708fe00000) (1024K)]
  0x000001c980d393b0 JavaThread "Thread-4"                   daemon [_thread_in_native, id=24116, stack(0x000000708fe00000,0x000000708ff00000) (1024K)]
  0x000001c980d37970 JavaThread "Thread-5"                   daemon [_thread_in_native, id=14580, stack(0x000000708ff00000,0x0000007090000000) (1024K)]
  0x000001c980d39a40 JavaThread "Thread-6"                   daemon [_thread_in_native, id=22632, stack(0x0000007090000000,0x0000007090100000) (1024K)]
  0x000001c986cdd220 JavaThread "Thread-7"                   daemon [_thread_in_native, id=11644, stack(0x0000007090100000,0x0000007090200000) (1024K)]
  0x000001c986cda430 JavaThread "Thread-8"                   daemon [_thread_in_native, id=19348, stack(0x0000007090200000,0x0000007090300000) (1024K)]
  0x000001c986cdb150 JavaThread "Thread-9"                   daemon [_thread_in_native, id=19484, stack(0x0000007090300000,0x0000007090400000) (1024K)]
  0x000001c986cdb7e0 JavaThread "Thread-10"                  daemon [_thread_in_native, id=14520, stack(0x0000007090400000,0x0000007090500000) (1024K)]
  0x000001c986cdbe70 JavaThread "Thread-11"                  daemon [_thread_in_native, id=10424, stack(0x0000007090500000,0x0000007090600000) (1024K)]
  0x000001c986cdcb90 JavaThread "Thread-12"                  daemon [_thread_in_native, id=13216, stack(0x0000007090600000,0x0000007090700000) (1024K)]
  0x000001c986cdc500 JavaThread "Thread-13"                  daemon [_thread_in_native, id=16164, stack(0x0000007090700000,0x0000007090800000) (1024K)]
  0x000001c986cdd8b0 JavaThread "pool-2-thread-1"                   [_thread_blocked, id=6116, stack(0x0000007090800000,0x0000007090900000) (1024K)]
  0x000001c986cdaac0 JavaThread "WorkspaceEventsHandler"            [_thread_blocked, id=15868, stack(0x0000007090a00000,0x0000007090b00000) (1024K)]
  0x000001c986ce1a50 JavaThread "pool-1-thread-1"                   [_thread_blocked, id=2832, stack(0x0000007090b00000,0x0000007090c00000) (1024K)]
  0x000001c993df0ae0 JavaThread "Cleaner-0"                  daemon [_thread_blocked, id=17804, stack(0x000000708d200000,0x000000708d300000) (1024K)]
  0x000001c993df0450 JavaThread "Java Debug Server"          daemon [_thread_in_native, id=23364, stack(0x000000708f300000,0x000000708f400000) (1024K)]
  0x000001c993df2bb0 JavaThread "pool-4-thread-1"                   [_thread_in_native, id=14100, stack(0x000000708f700000,0x000000708f800000) (1024K)]
  0x000001c993df1170 JavaThread "RxSchedulerPurge-1"         daemon [_thread_blocked, id=7700, stack(0x000000708f800000,0x000000708f900000) (1024K)]
  0x000001c993df1e90 JavaThread "RxCachedWorkerPoolEvictor-1" daemon [_thread_blocked, id=5168, stack(0x000000708f900000,0x000000708fa00000) (1024K)]
  0x000001c993df2520 JavaThread "RxNewThreadScheduler-1"     daemon [_thread_blocked, id=12948, stack(0x0000007090900000,0x0000007090a00000) (1024K)]
  0x000001c993df59a0 JavaThread "process reaper (pid 9840)"  daemon [_thread_in_native, id=21484, stack(0x000000708cd40000,0x000000708cd60000) (128K)]
Total: 45

Other Threads:
  0x000001c927f44870 VMThread "VM Thread"                           [id=21612, stack(0x000000708d600000,0x000000708d700000) (1024K)]
  0x000001c927d2cb30 WatcherThread "VM Periodic Task Thread"        [id=28112, stack(0x000000708d500000,0x000000708d600000) (1024K)]
  0x000001c927ec0ca0 WorkerThread "GC Thread#0"                     [id=23540, stack(0x000000708d400000,0x000000708d500000) (1024K)]
  0x000001c9865993b0 WorkerThread "GC Thread#1"                     [id=21128, stack(0x000000708e200000,0x000000708e300000) (1024K)]
  0x000001c9861ec840 WorkerThread "GC Thread#2"                     [id=28548, stack(0x000000708e300000,0x000000708e400000) (1024K)]
  0x000001c9861ecbf0 WorkerThread "GC Thread#3"                     [id=25868, stack(0x000000708e400000,0x000000708e500000) (1024K)]
  0x000001c9861ecfa0 WorkerThread "GC Thread#4"                     [id=14356, stack(0x000000708e500000,0x000000708e600000) (1024K)]
  0x000001c98662aec0 WorkerThread "GC Thread#5"                     [id=3820, stack(0x000000708e600000,0x000000708e700000) (1024K)]
  0x000001c98662ba80 WorkerThread "GC Thread#6"                     [id=15664, stack(0x000000708e700000,0x000000708e800000) (1024K)]
  0x000001c9865c75b0 WorkerThread "GC Thread#7"                     [id=29064, stack(0x000000708e800000,0x000000708e900000) (1024K)]
  0x000001c980d6e010 WorkerThread "GC Thread#8"                     [id=24580, stack(0x000000708ec00000,0x000000708ed00000) (1024K)]
  0x000001c980d6e3c0 WorkerThread "GC Thread#9"                     [id=20196, stack(0x000000708ed00000,0x000000708ee00000) (1024K)]
Total: 12

Threads with active compile tasks:
Total: 0

VM state: not at safepoint (normal execution)

VM Mutex/Monitor currently owned by a thread: None

Heap address: 0x0000000080000000, size: 2048 MB, Compressed Oops mode: 32-bit

CDS archive(s) mapped at: [0x000001c93f000000-0x000001c93fba0000-0x000001c93fba0000), size 12189696, SharedBaseAddress: 0x000001c93f000000, ArchiveRelocationMode: 1.
Compressed class space mapped at: 0x000001c940000000-0x000001c980000000, reserved size: 1073741824
Narrow klass base: 0x000001c93f000000, Narrow klass shift: 0, Narrow klass range: 0x100000000

GC Precious Log:
 CardTable entry size: 512
 CPUs: 12 total, 12 available
 Memory: 7863M
 Large Page Support: Disabled
 NUMA Support: Disabled
 Compressed Oops: Enabled (32-bit)
 Alignments: Space 512K, Generation 512K, Heap 2M
 Heap Min Capacity: 100M
 Heap Initial Capacity: 100M
 Heap Max Capacity: 2G
 Pre-touch: Disabled
 Parallel Workers: 10

Heap:
 PSYoungGen      total 3072K, used 2590K [0x00000000d5580000, 0x00000000d5d80000, 0x0000000100000000)
  eden space 1536K, 68% used [0x00000000d5580000,0x00000000d5687930,0x00000000d5700000)
  from space 1536K, 100% used [0x00000000d5700000,0x00000000d5880000,0x00000000d5880000)
  to   space 3072K, 0% used [0x00000000d5a80000,0x00000000d5a80000,0x00000000d5d80000)
 ParOldGen       total 229888K, used 229875K [0x0000000080000000, 0x000000008e080000, 0x00000000d5580000)
  object space 229888K, 99% used [0x0000000080000000,0x000000008e07cf10,0x000000008e080000)
 Metaspace       used 77960K, committed 79616K, reserved 1179648K
  class space    used 8391K, committed 9088K, reserved 1048576K

Card table byte_map: [0x000001c927840000,0x000001c927c50000] _byte_map_base: 0x000001c927440000

Marking Bits: (ParMarkBitMap*) 0x00007ffb9d0e3450
 Begin Bits: [0x000001c93a350000, 0x000001c93c350000)
 End Bits:   [0x000001c93c350000, 0x000001c93e350000)

Polling page: 0x000001c925ec0000

Metaspace:

Usage:
  Non-class:     67.94 MB used.
      Class:      8.19 MB used.
       Both:     76.13 MB used.

Virtual space:
  Non-class space:      128.00 MB reserved,      68.88 MB ( 54%) committed,  2 nodes.
      Class space:        1.00 GB reserved,       8.88 MB ( <1%) committed,  1 nodes.
             Both:        1.12 GB reserved,      77.75 MB (  7%) committed. 

Chunk freelists:
   Non-Class:  10.33 MB
       Class:  7.17 MB
        Both:  17.50 MB

MaxMetaspaceSize: unlimited
CompressedClassSpaceSize: 1.00 GB
Initial GC threshold: 21.00 MB
Current GC threshold: 97.31 MB
CDS: on
 - commit_granule_bytes: 65536.
 - commit_granule_words: 8192.
 - virtual_space_node_default_size: 8388608.
 - enlarge_chunks_in_place: 1.
 - use_allocation_guard: 0.


Internal statistics:

num_allocs_failed_limit: 9.
num_arena_births: 1472.
num_arena_deaths: 14.
num_vsnodes_births: 3.
num_vsnodes_deaths: 0.
num_space_committed: 1244.
num_space_uncommitted: 0.
num_chunks_returned_to_freelist: 23.
num_chunks_taken_from_freelist: 5047.
num_chunk_merges: 12.
num_chunk_splits: 3068.
num_chunks_enlarged: 1664.
num_inconsistent_stats: 0.

CodeHeap 'non-profiled nmethods': size=120000Kb used=9975Kb max_used=9975Kb free=110024Kb
 bounds [0x000001c932b70000, 0x000001c933530000, 0x000001c93a0a0000]
CodeHeap 'profiled nmethods': size=120000Kb used=29415Kb max_used=29415Kb free=90584Kb
 bounds [0x000001c92b0a0000, 0x000001c92cd60000, 0x000001c9325d0000]
CodeHeap 'non-nmethods': size=5760Kb used=1526Kb max_used=1576Kb free=4233Kb
 bounds [0x000001c9325d0000, 0x000001c932840000, 0x000001c932b70000]
CodeCache: size=245760Kb, used=40916Kb, max_used=40966Kb, free=204841Kb
 total_blobs=13703, nmethods=12852, adapters=756, full_count=0
Compilation: enabled, stopped_count=0, restarted_count=0

Compilation events (20 events):
Event: 1985.270 Thread 0x000001c927f55550 13725       4       java.util.concurrent.locks.AbstractQueuedSynchronizer::acquire (20 bytes)
Event: 1985.286 Thread 0x000001c927f55550 nmethod 13725 0x000001c93352cc10 code [0x000001c93352cda0, 0x000001c93352ce98]
Event: 2047.968 Thread 0x000001c927f5bc90 13726       1       org.eclipse.osgi.internal.framework.EquinoxContainer::getStorage (5 bytes)
Event: 2047.977 Thread 0x000001c927f5bc90 nmethod 13726 0x000001c93352cf90 code [0x000001c93352d120, 0x000001c93352d1e8]
Event: 2138.137 Thread 0x000001c927f5bc90 13727       3       org.eclipse.core.internal.utils.StringPool::add (50 bytes)
Event: 2138.157 Thread 0x000001c927f5bc90 nmethod 13727 0x000001c92cd57210 code [0x000001c92cd57400, 0x000001c92cd578d0]
Event: 2138.158 Thread 0x000001c927f5bc90 13729       3       org.eclipse.core.internal.dtree.AbstractDataTreeNode::storeStrings (42 bytes)
Event: 2138.162 Thread 0x000001c927f5bc90 nmethod 13729 0x000001c92cd57a90 code [0x000001c92cd57c60, 0x000001c92cd57fd8]
Event: 2138.162 Thread 0x000001c927f5bc90 13728       3       org.eclipse.core.internal.dtree.DataTreeNode::storeStrings (28 bytes)
Event: 2138.164 Thread 0x000001c927f5bc90 nmethod 13728 0x000001c92cd58190 code [0x000001c92cd58360, 0x000001c92cd587e0]
Event: 2247.283 Thread 0x000001c927f55550 13730       4       java.util.concurrent.ThreadPoolExecutor::runStateAtLeast (11 bytes)
Event: 2247.306 Thread 0x000001c927f55550 nmethod 13730 0x000001c93352d290 code [0x000001c93352d400, 0x000001c93352d478]
Event: 2257.712 Thread 0x000001c927f5bc90 13731       3       java.util.Optional::get (22 bytes)
Event: 2257.730 Thread 0x000001c927f5bc90 nmethod 13731 0x000001c92cd58910 code [0x000001c92cd58ac0, 0x000001c92cd58ce0]
Event: 2406.274 Thread 0x000001c927f55550 13732       4       java.util.concurrent.locks.AbstractQueuedSynchronizer$ConditionObject::canReacquire (38 bytes)
Event: 2406.306 Thread 0x000001c927f55550 nmethod 13732 0x000001c93352d590 code [0x000001c93352d720, 0x000001c93352d830]
Event: 2520.283 Thread 0x000001c927f55550 13733       4       java.util.concurrent.ScheduledThreadPoolExecutor$ScheduledFutureTask::getDelay (16 bytes)
Event: 2520.324 Thread 0x000001c927f55550 nmethod 13733 0x000001c93352d910 code [0x000001c93352dac0, 0x000001c93352dc58]
Event: 2618.091 Thread 0x000001c927f5bc90 13734       3       org.eclipse.jdt.ls.core.internal.ParentProcessWatcher::run (83 bytes)
Event: 2618.154 Thread 0x000001c927f5bc90 nmethod 13734 0x000001c92cd58e10 code [0x000001c92cd590a0, 0x000001c92cd59b30]

GC Heap History (20 events):
Event: 1288.731 GC heap before
{Heap before GC invocations=315 (full 3):
 PSYoungGen      total 2560K, used 1952K [0x00000000d5580000, 0x00000000d5980000, 0x0000000100000000)
  eden space 1536K, 100% used [0x00000000d5580000,0x00000000d5700000,0x00000000d5700000)
  from space 1024K, 40% used [0x00000000d5780000,0x00000000d57e8000,0x00000000d5880000)
  to   space 512K, 0% used [0x00000000d5900000,0x00000000d5900000,0x00000000d5980000)
 ParOldGen       total 223744K, used 223295K [0x0000000080000000, 0x000000008da80000, 0x00000000d5580000)
  object space 223744K, 99% used [0x0000000080000000,0x000000008da0fd90,0x000000008da80000)
 Metaspace       used 77841K, committed 79424K, reserved 1179648K
  class space    used 8386K, committed 9024K, reserved 1048576K
}
Event: 1288.735 GC heap after
{Heap after GC invocations=315 (full 3):
 PSYoungGen      total 2048K, used 288K [0x00000000d5580000, 0x00000000d5980000, 0x0000000100000000)
  eden space 1536K, 0% used [0x00000000d5580000,0x00000000d5580000,0x00000000d5700000)
  from space 512K, 56% used [0x00000000d5900000,0x00000000d5948000,0x00000000d5980000)
  to   space 512K, 0% used [0x00000000d5880000,0x00000000d5880000,0x00000000d5900000)
 ParOldGen       total 223744K, used 223495K [0x0000000080000000, 0x000000008da80000, 0x00000000d5580000)
  object space 223744K, 99% used [0x0000000080000000,0x000000008da41d90,0x000000008da80000)
 Metaspace       used 77841K, committed 79424K, reserved 1179648K
  class space    used 8386K, committed 9024K, reserved 1048576K
}
Event: 1288.762 GC heap before
{Heap before GC invocations=316 (full 3):
 PSYoungGen      total 2048K, used 1824K [0x00000000d5580000, 0x00000000d5980000, 0x0000000100000000)
  eden space 1536K, 100% used [0x00000000d5580000,0x00000000d5700000,0x00000000d5700000)
  from space 512K, 56% used [0x00000000d5900000,0x00000000d5948000,0x00000000d5980000)
  to   space 512K, 0% used [0x00000000d5880000,0x00000000d5880000,0x00000000d5900000)
 ParOldGen       total 223744K, used 223495K [0x0000000080000000, 0x000000008da80000, 0x00000000d5580000)
  object space 223744K, 99% used [0x0000000080000000,0x000000008da41d90,0x000000008da80000)
 Metaspace       used 77841K, committed 79424K, reserved 1179648K
  class space    used 8386K, committed 9024K, reserved 1048576K
}
Event: 1288.764 GC heap after
{Heap after GC invocations=316 (full 3):
 PSYoungGen      total 2048K, used 320K [0x00000000d5580000, 0x00000000d5980000, 0x0000000100000000)
  eden space 1536K, 0% used [0x00000000d5580000,0x00000000d5580000,0x00000000d5700000)
  from space 512K, 62% used [0x00000000d5880000,0x00000000d58d0000,0x00000000d5900000)
  to   space 512K, 0% used [0x00000000d5900000,0x00000000d5900000,0x00000000d5980000)
 ParOldGen       total 223744K, used 223559K [0x0000000080000000, 0x000000008da80000, 0x00000000d5580000)
  object space 223744K, 99% used [0x0000000080000000,0x000000008da51d90,0x000000008da80000)
 Metaspace       used 77841K, committed 79424K, reserved 1179648K
  class space    used 8386K, committed 9024K, reserved 1048576K
}
Event: 1289.282 GC heap before
{Heap before GC invocations=317 (full 3):
 PSYoungGen      total 2048K, used 1856K [0x00000000d5580000, 0x00000000d5980000, 0x0000000100000000)
  eden space 1536K, 100% used [0x00000000d5580000,0x00000000d5700000,0x00000000d5700000)
  from space 512K, 62% used [0x00000000d5880000,0x00000000d58d0000,0x00000000d5900000)
  to   space 512K, 0% used [0x00000000d5900000,0x00000000d5900000,0x00000000d5980000)
 ParOldGen       total 223744K, used 223559K [0x0000000080000000, 0x000000008da80000, 0x00000000d5580000)
  object space 223744K, 99% used [0x0000000080000000,0x000000008da51d90,0x000000008da80000)
 Metaspace       used 77894K, committed 79488K, reserved 1179648K
  class space    used 8387K, committed 9024K, reserved 1048576K
}
Event: 1289.293 GC heap after
{Heap after GC invocations=317 (full 3):
 PSYoungGen      total 2048K, used 480K [0x00000000d5580000, 0x00000000d5980000, 0x0000000100000000)
  eden space 1536K, 0% used [0x00000000d5580000,0x00000000d5580000,0x00000000d5700000)
  from space 512K, 93% used [0x00000000d5900000,0x00000000d5978000,0x00000000d5980000)
  to   space 512K, 0% used [0x00000000d5880000,0x00000000d5880000,0x00000000d5900000)
 ParOldGen       total 223744K, used 223687K [0x0000000080000000, 0x000000008da80000, 0x00000000d5580000)
  object space 223744K, 99% used [0x0000000080000000,0x000000008da71d90,0x000000008da80000)
 Metaspace       used 77894K, committed 79488K, reserved 1179648K
  class space    used 8387K, committed 9024K, reserved 1048576K
}
Event: 1289.490 GC heap before
{Heap before GC invocations=318 (full 3):
 PSYoungGen      total 2048K, used 2015K [0x00000000d5580000, 0x00000000d5980000, 0x0000000100000000)
  eden space 1536K, 99% used [0x00000000d5580000,0x00000000d56fffa0,0x00000000d5700000)
  from space 512K, 93% used [0x00000000d5900000,0x00000000d5978000,0x00000000d5980000)
  to   space 512K, 0% used [0x00000000d5880000,0x00000000d5880000,0x00000000d5900000)
 ParOldGen       total 223744K, used 223687K [0x0000000080000000, 0x000000008da80000, 0x00000000d5580000)
  object space 223744K, 99% used [0x0000000080000000,0x000000008da71d90,0x000000008da80000)
 Metaspace       used 77903K, committed 79488K, reserved 1179648K
  class space    used 8388K, committed 9024K, reserved 1048576K
}
Event: 1289.495 GC heap after
{Heap after GC invocations=318 (full 3):
 PSYoungGen      total 2048K, used 486K [0x00000000d5580000, 0x00000000d5a00000, 0x0000000100000000)
  eden space 1536K, 0% used [0x00000000d5580000,0x00000000d5580000,0x00000000d5700000)
  from space 512K, 95% used [0x00000000d5880000,0x00000000d58f9bf8,0x00000000d5900000)
  to   space 1024K, 0% used [0x00000000d5900000,0x00000000d5900000,0x00000000d5a00000)
 ParOldGen       total 224768K, used 224462K [0x0000000080000000, 0x000000008db80000, 0x00000000d5580000)
  object space 224768K, 99% used [0x0000000080000000,0x000000008db33b28,0x000000008db80000)
 Metaspace       used 77903K, committed 79488K, reserved 1179648K
  class space    used 8388K, committed 9024K, reserved 1048576K
}
Event: 1289.536 GC heap before
{Heap before GC invocations=319 (full 3):
 PSYoungGen      total 2048K, used 2022K [0x00000000d5580000, 0x00000000d5a00000, 0x0000000100000000)
  eden space 1536K, 100% used [0x00000000d5580000,0x00000000d5700000,0x00000000d5700000)
  from space 512K, 95% used [0x00000000d5880000,0x00000000d58f9bf8,0x00000000d5900000)
  to   space 1024K, 0% used [0x00000000d5900000,0x00000000d5900000,0x00000000d5a00000)
 ParOldGen       total 224768K, used 224462K [0x0000000080000000, 0x000000008db80000, 0x00000000d5580000)
  object space 224768K, 99% used [0x0000000080000000,0x000000008db33b28,0x000000008db80000)
 Metaspace       used 77903K, committed 79488K, reserved 1179648K
  class space    used 8388K, committed 9024K, reserved 1048576K
}
Event: 1289.542 GC heap after
{Heap after GC invocations=319 (full 3):
 PSYoungGen      total 2048K, used 1024K [0x00000000d5580000, 0x00000000d5c00000, 0x0000000100000000)
  eden space 1024K, 0% used [0x00000000d5580000,0x00000000d5580000,0x00000000d5680000)
  from space 1024K, 100% used [0x00000000d5900000,0x00000000d5a00000,0x00000000d5a00000)
  to   space 2560K, 0% used [0x00000000d5680000,0x00000000d5680000,0x00000000d5900000)
 ParOldGen       total 225792K, used 225349K [0x0000000080000000, 0x000000008dc80000, 0x00000000d5580000)
  object space 225792K, 99% used [0x0000000080000000,0x000000008dc11720,0x000000008dc80000)
 Metaspace       used 77903K, committed 79488K, reserved 1179648K
  class space    used 8388K, committed 9024K, reserved 1048576K
}
Event: 1289.598 GC heap before
{Heap before GC invocations=320 (full 3):
 PSYoungGen      total 2048K, used 2048K [0x00000000d5580000, 0x00000000d5c00000, 0x0000000100000000)
  eden space 1024K, 100% used [0x00000000d5580000,0x00000000d5680000,0x00000000d5680000)
  from space 1024K, 100% used [0x00000000d5900000,0x00000000d5a00000,0x00000000d5a00000)
  to   space 2560K, 0% used [0x00000000d5680000,0x00000000d5680000,0x00000000d5900000)
 ParOldGen       total 225792K, used 225349K [0x0000000080000000, 0x000000008dc80000, 0x00000000d5580000)
  object space 225792K, 99% used [0x0000000080000000,0x000000008dc11720,0x000000008dc80000)
 Metaspace       used 77903K, committed 79488K, reserved 1179648K
  class space    used 8388K, committed 9024K, reserved 1048576K
}
Event: 1289.606 GC heap after
{Heap after GC invocations=320 (full 3):
 PSYoungGen      total 2560K, used 1120K [0x00000000d5580000, 0x00000000d5980000, 0x0000000100000000)
  eden space 1024K, 0% used [0x00000000d5580000,0x00000000d5580000,0x00000000d5680000)
  from space 1536K, 72% used [0x00000000d5680000,0x00000000d5798000,0x00000000d5800000)
  to   space 1536K, 0% used [0x00000000d5800000,0x00000000d5800000,0x00000000d5980000)
 ParOldGen       total 226816K, used 226389K [0x0000000080000000, 0x000000008dd80000, 0x00000000d5580000)
  object space 226816K, 99% used [0x0000000080000000,0x000000008dd15720,0x000000008dd80000)
 Metaspace       used 77903K, committed 79488K, reserved 1179648K
  class space    used 8388K, committed 9024K, reserved 1048576K
}
Event: 1289.807 GC heap before
{Heap before GC invocations=321 (full 3):
 PSYoungGen      total 2560K, used 2117K [0x00000000d5580000, 0x00000000d5980000, 0x0000000100000000)
  eden space 1024K, 97% used [0x00000000d5580000,0x00000000d5679520,0x00000000d5680000)
  from space 1536K, 72% used [0x00000000d5680000,0x00000000d5798000,0x00000000d5800000)
  to   space 1536K, 0% used [0x00000000d5800000,0x00000000d5800000,0x00000000d5980000)
 ParOldGen       total 226816K, used 226389K [0x0000000080000000, 0x000000008dd80000, 0x00000000d5580000)
  object space 226816K, 99% used [0x0000000080000000,0x000000008dd15720,0x000000008dd80000)
 Metaspace       used 77936K, committed 79552K, reserved 1179648K
  class space    used 8391K, committed 9088K, reserved 1048576K
}
Event: 1289.815 GC heap after
{Heap after GC invocations=321 (full 3):
 PSYoungGen      total 2048K, used 576K [0x00000000d5580000, 0x00000000d5900000, 0x0000000100000000)
  eden space 1024K, 0% used [0x00000000d5580000,0x00000000d5580000,0x00000000d5680000)
  from space 1024K, 56% used [0x00000000d5800000,0x00000000d5890000,0x00000000d5900000)
  to   space 1024K, 0% used [0x00000000d5700000,0x00000000d5700000,0x00000000d5800000)
 ParOldGen       total 227840K, used 227373K [0x0000000080000000, 0x000000008de80000, 0x00000000d5580000)
  object space 227840K, 99% used [0x0000000080000000,0x000000008de0b720,0x000000008de80000)
 Metaspace       used 77936K, committed 79552K, reserved 1179648K
  class space    used 8391K, committed 9088K, reserved 1048576K
}
Event: 1289.822 GC heap before
{Heap before GC invocations=322 (full 3):
 PSYoungGen      total 2048K, used 1600K [0x00000000d5580000, 0x00000000d5900000, 0x0000000100000000)
  eden space 1024K, 100% used [0x00000000d5580000,0x00000000d5680000,0x00000000d5680000)
  from space 1024K, 56% used [0x00000000d5800000,0x00000000d5890000,0x00000000d5900000)
  to   space 1024K, 0% used [0x00000000d5700000,0x00000000d5700000,0x00000000d5800000)
 ParOldGen       total 227840K, used 227373K [0x0000000080000000, 0x000000008de80000, 0x00000000d5580000)
  object space 227840K, 99% used [0x0000000080000000,0x000000008de0b720,0x000000008de80000)
 Metaspace       used 77951K, committed 79616K, reserved 1179648K
  class space    used 8391K, committed 9088K, reserved 1048576K
}
Event: 1289.830 GC heap after
{Heap after GC invocations=322 (full 3):
 PSYoungGen      total 2048K, used 1005K [0x00000000d5580000, 0x00000000d5a80000, 0x0000000100000000)
  eden space 1024K, 0% used [0x00000000d5580000,0x00000000d5580000,0x00000000d5680000)
  from space 1024K, 98% used [0x00000000d5700000,0x00000000d57fb7f0,0x00000000d5800000)
  to   space 2048K, 0% used [0x00000000d5880000,0x00000000d5880000,0x00000000d5a80000)
 ParOldGen       total 228352K, used 227869K [0x0000000080000000, 0x000000008df00000, 0x00000000d5580000)
  object space 228352K, 99% used [0x0000000080000000,0x000000008de87720,0x000000008df00000)
 Metaspace       used 77951K, committed 79616K, reserved 1179648K
  class space    used 8391K, committed 9088K, reserved 1048576K
}
Event: 1289.837 GC heap before
{Heap before GC invocations=323 (full 3):
 PSYoungGen      total 2048K, used 2029K [0x00000000d5580000, 0x00000000d5a80000, 0x0000000100000000)
  eden space 1024K, 100% used [0x00000000d5580000,0x00000000d5680000,0x00000000d5680000)
  from space 1024K, 98% used [0x00000000d5700000,0x00000000d57fb7f0,0x00000000d5800000)
  to   space 2048K, 0% used [0x00000000d5880000,0x00000000d5880000,0x00000000d5a80000)
 ParOldGen       total 228352K, used 227869K [0x0000000080000000, 0x000000008df00000, 0x00000000d5580000)
  object space 228352K, 99% used [0x0000000080000000,0x000000008de87720,0x000000008df00000)
 Metaspace       used 77951K, committed 79616K, reserved 1179648K
  class space    used 8391K, committed 9088K, reserved 1048576K
}
Event: 1289.841 GC heap after
{Heap after GC invocations=323 (full 3):
 PSYoungGen      total 3072K, used 1088K [0x00000000d5580000, 0x00000000d5a00000, 0x0000000100000000)
  eden space 1536K, 0% used [0x00000000d5580000,0x00000000d5580000,0x00000000d5700000)
  from space 1536K, 70% used [0x00000000d5880000,0x00000000d5990000,0x00000000d5a00000)
  to   space 1536K, 0% used [0x00000000d5700000,0x00000000d5700000,0x00000000d5880000)
 ParOldGen       total 228864K, used 228819K [0x0000000080000000, 0x000000008df80000, 0x00000000d5580000)
  object space 228864K, 99% used [0x0000000080000000,0x000000008df74f10,0x000000008df80000)
 Metaspace       used 77951K, committed 79616K, reserved 1179648K
  class space    used 8391K, committed 9088K, reserved 1048576K
}
Event: 1289.867 GC heap before
{Heap before GC invocations=324 (full 3):
 PSYoungGen      total 3072K, used 2624K [0x00000000d5580000, 0x00000000d5a00000, 0x0000000100000000)
  eden space 1536K, 100% used [0x00000000d5580000,0x00000000d5700000,0x00000000d5700000)
  from space 1536K, 70% used [0x00000000d5880000,0x00000000d5990000,0x00000000d5a00000)
  to   space 1536K, 0% used [0x00000000d5700000,0x00000000d5700000,0x00000000d5880000)
 ParOldGen       total 228864K, used 228819K [0x0000000080000000, 0x000000008df80000, 0x00000000d5580000)
  object space 228864K, 99% used [0x0000000080000000,0x000000008df74f10,0x000000008df80000)
 Metaspace       used 77953K, committed 79616K, reserved 1179648K
  class space    used 8391K, committed 9088K, reserved 1048576K
}
Event: 1289.876 GC heap after
{Heap after GC invocations=324 (full 3):
 PSYoungGen      total 3072K, used 1536K [0x00000000d5580000, 0x00000000d5d80000, 0x0000000100000000)
  eden space 1536K, 0% used [0x00000000d5580000,0x00000000d5580000,0x00000000d5700000)
  from space 1536K, 100% used [0x00000000d5700000,0x00000000d5880000,0x00000000d5880000)
  to   space 3072K, 0% used [0x00000000d5a80000,0x00000000d5a80000,0x00000000d5d80000)
 ParOldGen       total 229888K, used 229875K [0x0000000080000000, 0x000000008e080000, 0x00000000d5580000)
  object space 229888K, 99% used [0x0000000080000000,0x000000008e07cf10,0x000000008e080000)
 Metaspace       used 77953K, committed 79616K, reserved 1179648K
  class space    used 8391K, committed 9088K, reserved 1048576K
}

Dll operation events (14 events):
Event: 0.052 Loaded shared library c:\Users\samar\.vscode\extensions\redhat.java-1.54.0-win32-x64\jre\21.0.10-win32-x86_64\bin\java.dll
Event: 0.265 Loaded shared library c:\Users\samar\.vscode\extensions\redhat.java-1.54.0-win32-x64\jre\21.0.10-win32-x86_64\bin\zip.dll
Event: 0.327 Loaded shared library C:\Users\samar\.vscode\extensions\redhat.java-1.54.0-win32-x64\jre\21.0.10-win32-x86_64\bin\instrument.dll
Event: 0.343 Loaded shared library C:\Users\samar\.vscode\extensions\redhat.java-1.54.0-win32-x64\jre\21.0.10-win32-x86_64\bin\net.dll
Event: 0.353 Loaded shared library C:\Users\samar\.vscode\extensions\redhat.java-1.54.0-win32-x64\jre\21.0.10-win32-x86_64\bin\nio.dll
Event: 0.364 Loaded shared library C:\Users\samar\.vscode\extensions\redhat.java-1.54.0-win32-x64\jre\21.0.10-win32-x86_64\bin\zip.dll
Event: 0.470 Loaded shared library C:\Users\samar\.vscode\extensions\redhat.java-1.54.0-win32-x64\jre\21.0.10-win32-x86_64\bin\jimage.dll
Event: 0.946 Loaded shared library c:\Users\samar\.vscode\extensions\redhat.java-1.54.0-win32-x64\jre\21.0.10-win32-x86_64\bin\verify.dll
Event: 8.374 Loaded shared library C:\Users\samar\AppData\Roaming\Code\User\globalStorage\redhat.java\1.54.0\config_win\org.eclipse.equinox.launcher\org.eclipse.equinox.launcher.win32.win32.x86_64_1.3.0.v20260203-2149\eclipse_11919.dll
Event: 34.358 Loaded shared library C:\Users\samar\AppData\Local\Temp\jna-109202512\jna496285596050337575.dll
Event: 51.714 Loaded shared library C:\Users\samar\.vscode\extensions\redhat.java-1.54.0-win32-x64\jre\21.0.10-win32-x86_64\bin\sunmscapi.dll
Event: 54.148 Loaded shared library C:\Users\samar\.vscode\extensions\redhat.java-1.54.0-win32-x64\jre\21.0.10-win32-x86_64\bin\extnet.dll
Event: 65.490 Loaded shared library C:\Users\samar\.vscode\extensions\redhat.java-1.54.0-win32-x64\jre\21.0.10-win32-x86_64\bin\management.dll
Event: 65.505 Loaded shared library C:\Users\samar\.vscode\extensions\redhat.java-1.54.0-win32-x64\jre\21.0.10-win32-x86_64\bin\management_ext.dll

Deoptimization events (20 events):
Event: 386.012 Thread 0x000001c993df2520 DEOPT PACKING pc=0x000001c9330da9fc sp=0x00000070909fe010
Event: 386.012 Thread 0x000001c993df2520 DEOPT UNPACKING pc=0x000001c932623aa2 sp=0x00000070909fe018 mode 2
Event: 386.012 Thread 0x000001c993df2520 Uncommon trap: trap_request=0xffffffde fr.pc=0x000001c93343ec64 relative=0x0000000000000ac4
Event: 386.012 Thread 0x000001c993df2520 Uncommon trap: reason=class_check action=maybe_recompile pc=0x000001c93343ec64 method=com.google.gson.stream.JsonWriter.beforeValue()V @ 98 c2
Event: 386.012 Thread 0x000001c993df2520 DEOPT PACKING pc=0x000001c93343ec64 sp=0x00000070909fe060
Event: 386.012 Thread 0x000001c993df2520 DEOPT UNPACKING pc=0x000001c932623aa2 sp=0x00000070909fe058 mode 2
Event: 386.012 Thread 0x000001c993df2520 Uncommon trap: trap_request=0xffffffde fr.pc=0x000001c9330da9fc relative=0x0000000000001d9c
Event: 386.012 Thread 0x000001c993df2520 Uncommon trap: reason=class_check action=maybe_recompile pc=0x000001c9330da9fc method=com.google.gson.stream.JsonWriter.string(Ljava/lang/String;)V @ 119 c2
Event: 386.012 Thread 0x000001c993df2520 DEOPT PACKING pc=0x000001c9330da9fc sp=0x00000070909fe010
Event: 386.012 Thread 0x000001c993df2520 DEOPT UNPACKING pc=0x000001c932623aa2 sp=0x00000070909fe018 mode 2
Event: 386.012 Thread 0x000001c993df2520 Uncommon trap: trap_request=0xffffffde fr.pc=0x000001c93343ec64 relative=0x0000000000000ac4
Event: 386.012 Thread 0x000001c993df2520 Uncommon trap: reason=class_check action=maybe_recompile pc=0x000001c93343ec64 method=com.google.gson.stream.JsonWriter.beforeValue()V @ 98 c2
Event: 386.012 Thread 0x000001c993df2520 DEOPT PACKING pc=0x000001c93343ec64 sp=0x00000070909fe060
Event: 386.012 Thread 0x000001c993df2520 DEOPT UNPACKING pc=0x000001c932623aa2 sp=0x00000070909fe058 mode 2
Event: 1289.625 Thread 0x000001c993defdc0 Uncommon trap: trap_request=0xffffff45 fr.pc=0x000001c933322450 relative=0x0000000000000410
Event: 1289.625 Thread 0x000001c993defdc0 Uncommon trap: reason=unstable_if action=reinterpret pc=0x000001c933322450 method=org.eclipse.jdt.core.compiler.CharOperation.concatWith([[CC)[C @ 12 c2
Event: 1289.625 Thread 0x000001c993defdc0 DEOPT PACKING pc=0x000001c933322450 sp=0x000000708d1fe340
Event: 1289.628 Thread 0x000001c993defdc0 DEOPT UNPACKING pc=0x000001c932623aa2 sp=0x000000708d1fe300 mode 2
Event: 1289.880 Thread 0x000001c993defdc0 DEOPT PACKING pc=0x000001c92b6c68d6 sp=0x000000708d1fdd60
Event: 1289.882 Thread 0x000001c993defdc0 DEOPT UNPACKING pc=0x000001c932624242 sp=0x000000708d1fd300 mode 0

Classes loaded (20 events):
Event: 385.994 Loading class java/util/TaskQueue
Event: 385.998 Loading class java/util/TaskQueue done
Event: 385.999 Loading class java/util/TimerThread
Event: 385.999 Loading class java/util/TimerThread done
Event: 386.002 Loading class java/util/Timer$ThreadReaper
Event: 386.004 Loading class java/util/Timer$ThreadReaper done
Event: 386.019 Loading class java/util/concurrent/CompletableFuture$UniWhenComplete
Event: 386.021 Loading class java/util/concurrent/CompletableFuture$UniWhenComplete done
Event: 386.022 Loading class java/util/concurrent/CompletableFuture$UniCompose
Event: 386.023 Loading class java/util/concurrent/CompletableFuture$UniCompose done
Event: 386.024 Loading class java/util/concurrent/CompletableFuture$UniRelay
Event: 386.024 Loading class java/util/concurrent/CompletableFuture$UniRelay done
Event: 386.282 Loading class java/util/concurrent/ScheduledThreadPoolExecutor$DelayedWorkQueue$Itr
Event: 386.282 Loading class java/util/concurrent/ScheduledThreadPoolExecutor$DelayedWorkQueue$Itr done
Event: 396.288 Loading class java/lang/ProcessHandleImpl$ExitCompletion
Event: 396.288 Loading class java/lang/ProcessHandleImpl$ExitCompletion done
Event: 396.288 Loading class java/lang/ProcessHandleImpl$1
Event: 396.289 Loading class java/lang/ProcessHandleImpl$1 done
Event: 396.299 Loading class java/util/concurrent/CompletableFuture$UniHandle
Event: 396.299 Loading class java/util/concurrent/CompletableFuture$UniHandle done

Classes unloaded (7 events):
Event: 42.613 Thread 0x000001c927f44870 Unloading class 0x000001c9401ad400 'java/lang/invoke/LambdaForm$MH+0x000001c9401ad400'
Event: 42.614 Thread 0x000001c927f44870 Unloading class 0x000001c9401ad000 'java/lang/invoke/LambdaForm$MH+0x000001c9401ad000'
Event: 42.614 Thread 0x000001c927f44870 Unloading class 0x000001c9401acc00 'java/lang/invoke/LambdaForm$MH+0x000001c9401acc00'
Event: 42.614 Thread 0x000001c927f44870 Unloading class 0x000001c9401ac800 'java/lang/invoke/LambdaForm$MH+0x000001c9401ac800'
Event: 42.614 Thread 0x000001c927f44870 Unloading class 0x000001c9401ac400 'java/lang/invoke/LambdaForm$BMH+0x000001c9401ac400'
Event: 42.614 Thread 0x000001c927f44870 Unloading class 0x000001c9401ac000 'java/lang/invoke/LambdaForm$DMH+0x000001c9401ac000'
Event: 42.614 Thread 0x000001c927f44870 Unloading class 0x000001c9401aac00 'java/lang/invoke/LambdaForm$DMH+0x000001c9401aac00'

Classes redefined (0 events):
No events

Internal exceptions (20 events):
Event: 379.564 Thread 0x000001c9882b4780 Exception <a 'sun/nio/fs/WindowsException'{0x00000000d5679278}> (0x00000000d5679278) 
thrown [s\src\hotspot\share\prims\jni.cpp, line 520]
Event: 379.564 Thread 0x000001c9882b4780 Exception <a 'sun/nio/fs/WindowsException'{0x00000000d5679dd8}> (0x00000000d5679dd8) 
thrown [s\src\hotspot\share\prims\jni.cpp, line 520]
Event: 379.565 Thread 0x000001c9882b4780 Exception <a 'sun/nio/fs/WindowsException'{0x00000000d567aec0}> (0x00000000d567aec0) 
thrown [s\src\hotspot\share\prims\jni.cpp, line 520]
Event: 379.565 Thread 0x000001c9882b4780 Exception <a 'sun/nio/fs/WindowsException'{0x00000000d567b7a0}> (0x00000000d567b7a0) 
thrown [s\src\hotspot\share\prims\jni.cpp, line 520]
Event: 379.567 Thread 0x000001c9882b4780 Exception <a 'sun/nio/fs/WindowsException'{0x00000000d567c4f0}> (0x00000000d567c4f0) 
thrown [s\src\hotspot\share\prims\jni.cpp, line 520]
Event: 379.568 Thread 0x000001c9882b4780 Exception <a 'sun/nio/fs/WindowsException'{0x00000000d567cdd0}> (0x00000000d567cdd0) 
thrown [s\src\hotspot\share\prims\jni.cpp, line 520]
Event: 379.569 Thread 0x000001c9882b4780 Exception <a 'sun/nio/fs/WindowsException'{0x00000000d567deb8}> (0x00000000d567deb8) 
thrown [s\src\hotspot\share\prims\jni.cpp, line 520]
Event: 379.571 Thread 0x000001c9882b4780 Exception <a 'sun/nio/fs/WindowsException'{0x00000000d567e9d8}> (0x00000000d567e9d8) 
thrown [s\src\hotspot\share\prims\jni.cpp, line 520]
Event: 382.066 Thread 0x000001c9882b4780 Exception <a 'sun/nio/fs/WindowsException'{0x00000000d56f0218}> (0x00000000d56f0218) 
thrown [s\src\hotspot\share\prims\jni.cpp, line 520]
Event: 382.066 Thread 0x000001c9882b4780 Exception <a 'sun/nio/fs/WindowsException'{0x00000000d56f0af8}> (0x00000000d56f0af8) 
thrown [s\src\hotspot\share\prims\jni.cpp, line 520]
Event: 382.067 Thread 0x000001c9882b4780 Exception <a 'sun/nio/fs/WindowsException'{0x00000000d56f1ba8}> (0x00000000d56f1ba8) 
thrown [s\src\hotspot\share\prims\jni.cpp, line 520]
Event: 382.069 Thread 0x000001c9882b4780 Exception <a 'sun/nio/fs/WindowsException'{0x00000000d56f2488}> (0x00000000d56f2488) 
thrown [s\src\hotspot\share\prims\jni.cpp, line 520]
Event: 384.441 Thread 0x000001c993df2bb0 Exception <a 'java/io/FileNotFoundException'{0x00000000d559d438}> (0x00000000d559d438) 
thrown [s\src\hotspot\share\prims\jni.cpp, line 520]
Event: 385.550 Thread 0x000001c993df2bb0 Exception <a 'java/lang/NoSuchMethodError'{0x00000000d56fdff0}: 'java.lang.Object java.lang.invoke.DirectMethodHandle$Holder.invokeVirtual(java.lang.Object, java.lang.Object, java.lang.Object, java.lang.Object)'> (0x00000000d56fdff0) 
thrown [s\src\hotspot\share\interpreter\linkResolver.cpp, line 773]
Event: 385.733 Thread 0x000001c993df2520 Exception <a 'java/lang/NoSuchMethodError'{0x00000000d5697be8}: 'java.lang.Object java.lang.invoke.DirectMethodHandle$Holder.invokeStatic(java.lang.Object, long, java.lang.Object, java.lang.Object)'> (0x00000000d5697be8) 
thrown [s\src\hotspot\share\interpreter\linkResolver.cpp, line 773]
Event: 385.905 Thread 0x000001c993df2520 Exception <a 'sun/nio/fs/WindowsException'{0x00000000d55e1708}> (0x00000000d55e1708) 
thrown [s\src\hotspot\share\prims\jni.cpp, line 520]
Event: 385.906 Thread 0x000001c993df2520 Exception <a 'sun/nio/fs/WindowsException'{0x00000000d55e2708}> (0x00000000d55e2708) 
thrown [s\src\hotspot\share\prims\jni.cpp, line 520]
Event: 388.909 Thread 0x000001c993defdc0 Exception <a 'java/lang/NoSuchMethodError'{0x00000000d56b92e8}: 'long java.lang.invoke.DelegatingMethodHandle$Holder.reinvoke_L(java.lang.Object, java.lang.Object)'> (0x00000000d56b92e8) 
thrown [s\src\hotspot\share\interpreter\linkResolver.cpp, line 773]
Event: 388.918 Thread 0x000001c993defdc0 Exception <a 'java/lang/NoSuchMethodError'{0x00000000d56c3480}: 'void java.lang.invoke.DelegatingMethodHandle$Holder.reinvoke_L(java.lang.Object, java.lang.Object, long)'> (0x00000000d56c3480) 
thrown [s\src\hotspot\share\interpreter\linkResolver.cpp, line 773]
Event: 396.306 Thread 0x000001c993defdc0 Exception <a 'java/lang/NoSuchMethodError'{0x00000000d56cddf0}: 'long java.lang.invoke.Invokers$Holder.invokeExact_MT(java.lang.Object, java.lang.Object, java.lang.Object)'> (0x00000000d56cddf0) 
thrown [s\src\hotspot\share\interpreter\linkResolver.cpp, line 773]

ZGC Phase Switch (0 events):
No events

VM Operations (20 events):
Event: 2289.921 Executing non-safepoint VM operation: HandshakeAllThreads (HandshakeForDeflation)
Event: 2289.924 Executing non-safepoint VM operation: HandshakeAllThreads (HandshakeForDeflation) done
Event: 2289.924 Executing non-safepoint VM operation: RendezvousGCThreads
Event: 2289.925 Executing non-safepoint VM operation: RendezvousGCThreads done
Event: 2350.004 Executing non-safepoint VM operation: HandshakeAllThreads (HandshakeForDeflation)
Event: 2350.004 Executing non-safepoint VM operation: HandshakeAllThreads (HandshakeForDeflation) done
Event: 2350.004 Executing non-safepoint VM operation: RendezvousGCThreads
Event: 2350.004 Executing non-safepoint VM operation: RendezvousGCThreads done
Event: 2590.688 Executing non-safepoint VM operation: HandshakeAllThreads (HandshakeForDeflation)
Event: 2590.693 Executing non-safepoint VM operation: HandshakeAllThreads (HandshakeForDeflation) done
Event: 2590.693 Executing non-safepoint VM operation: RendezvousGCThreads
Event: 2590.693 Executing non-safepoint VM operation: RendezvousGCThreads done
Event: 2711.057 Executing non-safepoint VM operation: HandshakeAllThreads (HandshakeForDeflation)
Event: 2711.062 Executing non-safepoint VM operation: HandshakeAllThreads (HandshakeForDeflation) done
Event: 2711.062 Executing non-safepoint VM operation: RendezvousGCThreads
Event: 2711.062 Executing non-safepoint VM operation: RendezvousGCThreads done
Event: 2771.190 Executing non-safepoint VM operation: HandshakeAllThreads (HandshakeForDeflation)
Event: 2771.198 Executing non-safepoint VM operation: HandshakeAllThreads (HandshakeForDeflation) done
Event: 2771.198 Executing non-safepoint VM operation: RendezvousGCThreads
Event: 2771.198 Executing non-safepoint VM operation: RendezvousGCThreads done

Memory protections (0 events):
No events

Nmethod flushes (20 events):
Event: 72.482 Thread 0x000001c927f44870 flushing osr nmethod 0x000001c92ba04310
Event: 72.482 Thread 0x000001c927f44870 flushing  nmethod 0x000001c92ba0c810
Event: 72.482 Thread 0x000001c927f44870 flushing  nmethod 0x000001c92ba0d390
Event: 72.482 Thread 0x000001c927f44870 flushing  nmethod 0x000001c92ba0de90
Event: 72.482 Thread 0x000001c927f44870 flushing  nmethod 0x000001c92ba0e610
Event: 72.482 Thread 0x000001c927f44870 flushing  nmethod 0x000001c92ba21090
Event: 72.482 Thread 0x000001c927f44870 flushing  nmethod 0x000001c92ba22710
Event: 72.482 Thread 0x000001c927f44870 flushing  nmethod 0x000001c92ba24110
Event: 72.482 Thread 0x000001c927f44870 flushing  nmethod 0x000001c92ba24810
Event: 72.482 Thread 0x000001c927f44870 flushing  nmethod 0x000001c92ba25010
Event: 72.482 Thread 0x000001c927f44870 flushing  nmethod 0x000001c92ba26690
Event: 72.482 Thread 0x000001c927f44870 flushing  nmethod 0x000001c92ba26c90
Event: 72.482 Thread 0x000001c927f44870 flushing  nmethod 0x000001c92ba27590
Event: 72.482 Thread 0x000001c927f44870 flushing  nmethod 0x000001c92ba33310
Event: 72.482 Thread 0x000001c927f44870 flushing  nmethod 0x000001c92ba3bb90
Event: 72.482 Thread 0x000001c927f44870 flushing  nmethod 0x000001c92ba41f10
Event: 72.482 Thread 0x000001c927f44870 flushing osr nmethod 0x000001c92ba7b690
Event: 72.482 Thread 0x000001c927f44870 flushing  nmethod 0x000001c92ba7e810
Event: 72.482 Thread 0x000001c927f44870 flushing  nmethod 0x000001c92ba82010
Event: 72.482 Thread 0x000001c927f44870 flushing  nmethod 0x000001c92ba98d10

Events (20 events):
Event: 1289.420 Thread 0x000001c993df3240 Thread added: 0x000001c993df45f0
Event: 1289.425 Thread 0x000001c993defdc0 Thread added: 0x000001c993df66c0
Event: 1289.432 Thread 0x000001c993defdc0 Thread added: 0x000001c993df6d50
Event: 1289.436 Thread 0x000001c993df45f0 Thread added: 0x000001c993df38d0
Event: 1289.444 Thread 0x000001c993df66c0 Thread added: 0x000001c993df3f60
Event: 1289.504 Thread 0x000001c993df3f60 Thread added: 0x000001c993df4c80
Event: 1289.512 Thread 0x000001c993df6d50 Thread added: 0x000001c993df5310
Event: 1289.546 Thread 0x000001c993df45f0 Thread added: 0x000001c993df6030
Event: 1289.553 Thread 0x000001c993df38d0 Thread added: 0x000001c986ce0010
Event: 1349.931 Thread 0x000001c993defdc0 Thread exited: 0x000001c993defdc0
Event: 1409.939 Thread 0x000001c993df5310 Thread exited: 0x000001c993df5310
Event: 1469.949 Thread 0x000001c993df38d0 Thread exited: 0x000001c993df38d0
Event: 1529.959 Thread 0x000001c993df4c80 Thread exited: 0x000001c993df4c80
Event: 1589.965 Thread 0x000001c993df6030 Thread exited: 0x000001c993df6030
Event: 1649.977 Thread 0x000001c993df45f0 Thread exited: 0x000001c993df45f0
Event: 1709.982 Thread 0x000001c986ce0010 Thread exited: 0x000001c986ce0010
Event: 1770.292 Thread 0x000001c993df3f60 Thread exited: 0x000001c993df3f60
Event: 1830.310 Thread 0x000001c993df3240 Thread exited: 0x000001c993df3240
Event: 1890.329 Thread 0x000001c993df66c0 Thread exited: 0x000001c993df66c0
Event: 1950.348 Thread 0x000001c993df6d50 Thread exited: 0x000001c993df6d50


Dynamic libraries:
0x00007ff784800000 - 0x00007ff78480e000 	c:\Users\samar\.vscode\extensions\redhat.java-1.54.0-win32-x64\jre\21.0.10-win32-x86_64\bin\java.exe
0x00007ffc3fbc0000 - 0x00007ffc3fe27000 	C:\WINDOWS\SYSTEM32\ntdll.dll
0x00007ffc0b790000 - 0x00007ffc0b7b1000 	C:\Program Files\Avast Software\Avast\aswhook.dll
0x00007ffc3f030000 - 0x00007ffc3f0f9000 	C:\WINDOWS\System32\KERNEL32.DLL
0x00007ffc3c540000 - 0x00007ffc3c934000 	C:\WINDOWS\System32\KERNELBASE.dll
0x00007ffc3ce10000 - 0x00007ffc3cf5b000 	C:\WINDOWS\System32\ucrtbase.dll
0x00007ffc17fc0000 - 0x00007ffc17fd8000 	c:\Users\samar\.vscode\extensions\redhat.java-1.54.0-win32-x64\jre\21.0.10-win32-x86_64\bin\jli.dll
0x00007ffc3de70000 - 0x00007ffc3e035000 	C:\WINDOWS\System32\USER32.dll
0x00007ffc17fa0000 - 0x00007ffc17fbe000 	c:\Users\samar\.vscode\extensions\redhat.java-1.54.0-win32-x64\jre\21.0.10-win32-x86_64\bin\VCRUNTIME140.dll
0x00007ffc3cd50000 - 0x00007ffc3cd77000 	C:\WINDOWS\System32\win32u.dll
0x00007ffc3f200000 - 0x00007ffc3f22b000 	C:\WINDOWS\System32\GDI32.dll
0x00007ffc3cab0000 - 0x00007ffc3cbdb000 	C:\WINDOWS\System32\gdi32full.dll
0x00007ffc3c940000 - 0x00007ffc3c9e3000 	C:\WINDOWS\System32\msvcp_win.dll
0x00007ffc0f280000 - 0x00007ffc0f513000 	C:\WINDOWS\WinSxS\amd64_microsoft.windows.common-controls_6595b64144ccf1df_6.0.26100.8115_none_3e075c82e3354f9c\COMCTL32.dll
0x00007ffc3dc00000 - 0x00007ffc3dca9000 	C:\WINDOWS\System32\msvcrt.dll
0x00007ffc3f550000 - 0x00007ffc3f582000 	C:\WINDOWS\System32\IMM32.DLL
0x00007ffc17f90000 - 0x00007ffc17f9c000 	c:\Users\samar\.vscode\extensions\redhat.java-1.54.0-win32-x64\jre\21.0.10-win32-x86_64\bin\vcruntime140_1.dll
0x00007ffbc45e0000 - 0x00007ffbc466d000 	c:\Users\samar\.vscode\extensions\redhat.java-1.54.0-win32-x64\jre\21.0.10-win32-x86_64\bin\msvcp140.dll
0x00007ffb9c420000 - 0x00007ffb9d1c1000 	c:\Users\samar\.vscode\extensions\redhat.java-1.54.0-win32-x64\jre\21.0.10-win32-x86_64\bin\server\jvm.dll
0x00007ffc3e040000 - 0x00007ffc3e0f6000 	C:\WINDOWS\System32\ADVAPI32.dll
0x00007ffc3f230000 - 0x00007ffc3f2d7000 	C:\WINDOWS\System32\sechost.dll
0x00007ffc3e100000 - 0x00007ffc3e218000 	C:\WINDOWS\System32\RPCRT4.dll
0x00007ffc3fa20000 - 0x00007ffc3faa0000 	C:\WINDOWS\System32\WS2_32.dll
0x00007ffc3c310000 - 0x00007ffc3c36e000 	C:\WINDOWS\SYSTEM32\POWRPROF.dll
0x00007ffc2b030000 - 0x00007ffc2b03b000 	C:\WINDOWS\SYSTEM32\VERSION.dll
0x00007ffc2fe50000 - 0x00007ffc2fe86000 	C:\WINDOWS\SYSTEM32\WINMM.dll
0x00007ffc3c2f0000 - 0x00007ffc3c304000 	C:\WINDOWS\SYSTEM32\UMPDC.dll
0x00007ffc3b220000 - 0x00007ffc3b23b000 	C:\WINDOWS\SYSTEM32\kernel.appcore.dll
0x00007ffc17f80000 - 0x00007ffc17f8a000 	c:\Users\samar\.vscode\extensions\redhat.java-1.54.0-win32-x64\jre\21.0.10-win32-x86_64\bin\jimage.dll
0x00007ffc3a570000 - 0x00007ffc3a7b2000 	C:\WINDOWS\SYSTEM32\DBGHELP.DLL
0x00007ffc3e330000 - 0x00007ffc3e6b2000 	C:\WINDOWS\System32\combase.dll
0x00007ffc3e220000 - 0x00007ffc3e2f8000 	C:\WINDOWS\System32\OLEAUT32.dll
0x00007ffc28710000 - 0x00007ffc2874b000 	C:\WINDOWS\SYSTEM32\dbgcore.DLL
0x00007ffc3c490000 - 0x00007ffc3c535000 	C:\WINDOWS\System32\bcryptPrimitives.dll
0x00007ffc17f70000 - 0x00007ffc17f7f000 	c:\Users\samar\.vscode\extensions\redhat.java-1.54.0-win32-x64\jre\21.0.10-win32-x86_64\bin\instrument.dll
0x00007ffc17f50000 - 0x00007ffc17f70000 	c:\Users\samar\.vscode\extensions\redhat.java-1.54.0-win32-x64\jre\21.0.10-win32-x86_64\bin\java.dll
0x00007ffc3e760000 - 0x00007ffc3eec7000 	C:\WINDOWS\System32\SHELL32.dll
0x00007ffc3cbe0000 - 0x00007ffc3cd4a000 	C:\WINDOWS\System32\wintypes.dll
0x00007ffc3cf60000 - 0x00007ffc3d7c8000 	C:\WINDOWS\System32\windows.storage.dll
0x00007ffc3f100000 - 0x00007ffc3f1f8000 	C:\WINDOWS\System32\SHCORE.dll
0x00007ffc3e6f0000 - 0x00007ffc3e756000 	C:\WINDOWS\System32\shlwapi.dll
0x00007ffc3c3b0000 - 0x00007ffc3c3d9000 	C:\WINDOWS\SYSTEM32\profapi.dll
0x00007ffc17f30000 - 0x00007ffc17f48000 	c:\Users\samar\.vscode\extensions\redhat.java-1.54.0-win32-x64\jre\21.0.10-win32-x86_64\bin\zip.dll
0x00007ffc078a0000 - 0x00007ffc078b0000 	C:\Users\samar\.vscode\extensions\redhat.java-1.54.0-win32-x64\jre\21.0.10-win32-x86_64\bin\net.dll
0x00007ffc35c20000 - 0x00007ffc35d4d000 	C:\WINDOWS\SYSTEM32\WINHTTP.dll
0x00007ffc3b790000 - 0x00007ffc3b7fc000 	C:\WINDOWS\system32\mswsock.dll
0x00007ffbfbbc0000 - 0x00007ffbfbbd6000 	C:\Users\samar\.vscode\extensions\redhat.java-1.54.0-win32-x64\jre\21.0.10-win32-x86_64\bin\nio.dll
0x00007ffc07820000 - 0x00007ffc07830000 	c:\Users\samar\.vscode\extensions\redhat.java-1.54.0-win32-x64\jre\21.0.10-win32-x86_64\bin\verify.dll
0x00007ffbb4100000 - 0x00007ffbb4145000 	C:\Users\samar\AppData\Roaming\Code\User\globalStorage\redhat.java\1.54.0\config_win\org.eclipse.equinox.launcher\org.eclipse.equinox.launcher.win32.win32.x86_64_1.3.0.v20260203-2149\eclipse_11919.dll
0x00007ffc3da60000 - 0x00007ffc3dbf7000 	C:\WINDOWS\System32\ole32.dll
0x00007ffc3ba70000 - 0x00007ffc3ba8b000 	C:\WINDOWS\SYSTEM32\CRYPTSP.dll
0x00007ffc3b180000 - 0x00007ffc3b1b9000 	C:\WINDOWS\system32\rsaenh.dll
0x00007ffc3b840000 - 0x00007ffc3b873000 	C:\WINDOWS\SYSTEM32\USERENV.dll
0x00007ffc3c380000 - 0x00007ffc3c3aa000 	C:\WINDOWS\SYSTEM32\bcrypt.dll
0x00007ffc3ba90000 - 0x00007ffc3ba9c000 	C:\WINDOWS\SYSTEM32\CRYPTBASE.dll
0x00007ffc3abd0000 - 0x00007ffc3ac02000 	C:\WINDOWS\SYSTEM32\IPHLPAPI.DLL
0x00007ffc3fab0000 - 0x00007ffc3faba000 	C:\WINDOWS\System32\NSI.dll
0x00007ffbb40b0000 - 0x00007ffbb40f9000 	C:\Users\samar\AppData\Local\Temp\jna-109202512\jna496285596050337575.dll
0x00007ffc3f540000 - 0x00007ffc3f548000 	C:\WINDOWS\System32\PSAPI.DLL
0x00007ffc35f70000 - 0x00007ffc35f8d000 	C:\WINDOWS\SYSTEM32\dhcpcsvc6.DLL
0x00007ffc35f00000 - 0x00007ffc35f25000 	C:\WINDOWS\SYSTEM32\dhcpcsvc.DLL
0x00007ffc028c0000 - 0x00007ffc028ce000 	C:\Users\samar\.vscode\extensions\redhat.java-1.54.0-win32-x64\jre\21.0.10-win32-x86_64\bin\sunmscapi.dll
0x00007ffc3d7d0000 - 0x00007ffc3d947000 	C:\WINDOWS\System32\CRYPT32.dll
0x00007ffc3bc90000 - 0x00007ffc3bcc0000 	C:\WINDOWS\SYSTEM32\ncrypt.dll
0x00007ffc3bc40000 - 0x00007ffc3bc7f000 	C:\WINDOWS\SYSTEM32\NTASN1.dll
0x00007ffc3ac10000 - 0x00007ffc3ad42000 	C:\WINDOWS\SYSTEM32\DNSAPI.dll
0x00007ffc32e50000 - 0x00007ffc32e5b000 	C:\Windows\System32\rasadhlp.dll
0x00007ffc363b0000 - 0x00007ffc36436000 	C:\WINDOWS\System32\fwpuclnt.dll
0x00007ffc18a00000 - 0x00007ffc18a09000 	C:\Users\samar\.vscode\extensions\redhat.java-1.54.0-win32-x64\jre\21.0.10-win32-x86_64\bin\extnet.dll
0x00007ffc189f0000 - 0x00007ffc189fa000 	C:\Users\samar\.vscode\extensions\redhat.java-1.54.0-win32-x64\jre\21.0.10-win32-x86_64\bin\management.dll
0x00007ffc189e0000 - 0x00007ffc189ec000 	C:\Users\samar\.vscode\extensions\redhat.java-1.54.0-win32-x64\jre\21.0.10-win32-x86_64\bin\management_ext.dll

JVMTI agents:
c:\Users\samar\.vscode\extensions\redhat.java-1.54.0-win32-x64\lombok\lombok-1.18.39-4050.jar path:c:\Users\samar\.vscode\extensions\redhat.java-1.54.0-win32-x64\jre\21.0.10-win32-x86_64\bin\instrument.dll, loaded, initialized, instrumentlib options:none

dbghelp: loaded successfully - version: 4.0.5 - missing functions: none
symbol engine: initialized successfully - sym options: 0x614 - pdb path: .;c:\Users\samar\.vscode\extensions\redhat.java-1.54.0-win32-x64\jre\21.0.10-win32-x86_64\bin;C:\WINDOWS\SYSTEM32;C:\Program Files\Avast Software\Avast;C:\WINDOWS\WinSxS\amd64_microsoft.windows.common-controls_6595b64144ccf1df_6.0.26100.8115_none_3e075c82e3354f9c;c:\Users\samar\.vscode\extensions\redhat.java-1.54.0-win32-x64\jre\21.0.10-win32-x86_64\bin\server;C:\Users\samar\AppData\Roaming\Code\User\globalStorage\redhat.java\1.54.0\config_win\org.eclipse.equinox.launcher\org.eclipse.equinox.launcher.win32.win32.x86_64_1.3.0.v20260203-2149;C:\Users\samar\AppData\Local\Temp\jna-109202512

VM Arguments:
jvm_args: --add-modules=ALL-SYSTEM --add-opens=java.base/java.util=ALL-UNNAMED --add-opens=java.base/java.lang=ALL-UNNAMED --add-opens=java.base/sun.nio.fs=ALL-UNNAMED -Declipse.application=org.eclipse.jdt.ls.core.id1 -Dosgi.bundles.defaultStartLevel=4 -Declipse.product=org.eclipse.jdt.ls.core.product -Djava.import.generatesMetadataFilesAtProjectRoot=false -DDetectVMInstallationsJob.disabled=true -Dfile.encoding=utf8 -XX:+UseParallelGC -XX:GCTimeRatio=4 -XX:AdaptiveSizePolicyWeight=90 -Dsun.zip.disableMemoryMapping=true -Xmx2G -Xms100m -Xlog:disable -javaagent:c:\Users\samar\.vscode\extensions\redhat.java-1.54.0-win32-x64\lombok\lombok-1.18.39-4050.jar -XX:+HeapDumpOnOutOfMemoryError -XX:HeapDumpPath=c:\Users\samar\AppData\Roaming\Code\User\workspaceStorage\d713682e33964cb870b752f55d4caae4\redhat.java -Daether.dependencyCollector.impl=bf 
java_command: c:\Users\samar\.vscode\extensions\redhat.java-1.54.0-win32-x64\server\plugins\org.eclipse.equinox.launcher_1.7.100.v20251111-0406.jar -configuration c:\Users\samar\AppData\Roaming\Code\User\globalStorage\redhat.java\1.54.0\config_win -data c:\Users\samar\AppData\Roaming\Code\User\workspaceStorage\d713682e33964cb870b752f55d4caae4\redhat.java\jdt_ws --pipe=\\.\pipe\lsp-d4a3784c8ef27418da7c3b3b3c86fd15-sock
java_class_path (initial): c:\Users\samar\.vscode\extensions\redhat.java-1.54.0-win32-x64\server\plugins\org.eclipse.equinox.launcher_1.7.100.v20251111-0406.jar
Launcher Type: SUN_STANDARD

[Global flags]
    uintx AdaptiveSizePolicyWeight                 = 90                                        {product} {command line}
     intx CICompilerCount                          = 4                                         {product} {ergonomic}
    uintx GCTimeRatio                              = 4                                         {product} {command line}
     bool HeapDumpOnOutOfMemoryError               = true                                   {manageable} {command line}
    ccstr HeapDumpPath                             = c:\Users\samar\AppData\Roaming\Code\User\workspaceStorage\d713682e33964cb870b752f55d4caae4\redhat.java         {manageable} {command line}
   size_t InitialHeapSize                          = 104857600                                 {product} {command line}
   size_t MaxHeapSize                              = 2147483648                                {product} {command line}
   size_t MaxNewSize                               = 715653120                                 {product} {ergonomic}
   size_t MinHeapDeltaBytes                        = 524288                                    {product} {ergonomic}
   size_t MinHeapSize                              = 104857600                                 {product} {command line}
   size_t NewSize                                  = 34603008                                  {product} {ergonomic}
    uintx NonNMethodCodeHeapSize                   = 5839372                                {pd product} {ergonomic}
    uintx NonProfiledCodeHeapSize                  = 122909434                              {pd product} {ergonomic}
   size_t OldSize                                  = 70254592                                  {product} {ergonomic}
    uintx ProfiledCodeHeapSize                     = 122909434                              {pd product} {ergonomic}
    uintx ReservedCodeCacheSize                    = 251658240                              {pd product} {ergonomic}
     bool SegmentedCodeCache                       = true                                      {product} {ergonomic}
   size_t SoftMaxHeapSize                          = 2147483648                             {manageable} {ergonomic}
     bool UseCompressedOops                        = true                           {product lp64_product} {ergonomic}
     bool UseLargePagesIndividualAllocation        = false                                  {pd product} {ergonomic}
     bool UseParallelGC                            = true                                      {product} {command line}

Logging:
Log output configuration:
 #0: stdout all=off uptime,level,tags foldmultilines=false
 #1: stderr all=off uptime,level,tags foldmultilines=false

Release file:
JAVA_VERSION="21.0.10" 
MODULES="java.base java.compiler java.datatransfer java.xml java.prefs java.desktop java.instrument java.logging java.management java.security.sasl java.naming java.rmi java.management.rmi java.net.http java.scripting java.security.jgss java.transaction.xa java.sql java.sql.rowset java.xml.crypto java.se java.smartcardio jdk.accessibility jdk.internal.jvmstat jdk.attach jdk.charsets jdk.internal.opt jdk.zipfs jdk.compiler jdk.crypto.ec jdk.crypto.cryptoki jdk.crypto.mscapi jdk.dynalink jdk.internal.ed jdk.editpad jdk.hotspot.agent jdk.httpserver jdk.internal.le jdk.internal.vm.ci jdk.internal.vm.compiler jdk.internal.vm.compiler.management jdk.jartool jdk.javadoc jdk.jcmd jdk.management jdk.management.agent jdk.jconsole jdk.jdeps jdk.jdwp.agent jdk.jdi jdk.jfr jdk.jshell jdk.jsobject jdk.jstatd jdk.localedata jdk.management.jfr jdk.naming.dns jdk.naming.rmi jdk.net jdk.nio.mapmode jdk.random jdk.sctp jdk.security.auth jdk.security.jgss jdk.unsupported jdk.unsupported.desktop jdk.xml.dom" 

Environment Variables:
PATH=C:\Users\samar\AppData\Local\Programs\Microsoft VS Code;C:\Program Files\Common Files\Oracle\Java\javapath;C:\Program Files (x86)\Common Files\Oracle\Java\java8path;C:\Program Files (x86)\Common Files\Oracle\Java\javapath;C:\WINDOWS\system32;C:\WINDOWS;C:\WINDOWS\System32\Wbem;C:\WINDOWS\System32\WindowsPowerShell\v1.0\;C:\WINDOWS\System32\OpenSSH\;C:\Program Files\HP\HP One Agent;C:\WINDOWS\system32;C:\WINDOWS;C:\WINDOWS\System32\Wbem;C:\WINDOWS\System32\WindowsPowerShell\v1.0\;C:\WINDOWS\System32\OpenSSH\;C:\Program Files\PuTTY\;C:\Program Files\Git\cmd;C:\Program Files\nodejs\;C:\Program Files\MySQL\MySQL Shell 8.0\bin\;C:\Users\samar\AppData\Local\Programs\Python\Python313\Scripts\;C:\Users\samar\AppData\Local\Programs\Python\Python313\;C:\Users\samar\AppData\Local\Microsoft\WindowsApps;C:\Users\samar\AppData\Local\Programs\Microsoft VS Code\bin;C:\Program Files\Java\jdk-25\bin;C:\Program Files\apache-maven-3.9.11\bin;C:\Program Files\mysql-connector-j-9.4.0;C:\Program Files\MongoDB\Server\8.2\bin;C:\Program Files\mongosh-2.5.8-win32-x64\bin;C:\Users\samar\AppData\Roaming\npm;C:\Program Files\heroku\bin;
USERNAME=samar
OS=Windows_NT
PROCESSOR_IDENTIFIER=Intel64 Family 6 Model 154 Stepping 4, GenuineIntel
TMP=C:\Users\samar\AppData\Local\Temp
TEMP=C:\Users\samar\AppData\Local\Temp




Periodic native trim disabled

---------------  S Y S T E M  ---------------

OS:
 Windows 11 , 64 bit Build 26100 (10.0.26100.8246)
OS uptime: 0 days 17:54 hours
Hyper-V role detected

CPU: total 12 (initial active 12) (6 cores per cpu, 2 threads per core) family 6 model 154 stepping 4 microcode 0x42c, cx8, cmov, fxsr, ht, mmx, 3dnowpref, sse, sse2, sse3, ssse3, sse4.1, sse4.2, popcnt, lzcnt, tsc, tscinvbit, avx, avx2, aes, erms, clmul, bmi1, bmi2, adx, sha, fma, vzeroupper, clflush, clflushopt, clwb, hv, serialize, rdtscp, rdpid, fsrm, f16c, cet_ibt, cet_ss
Processor Information for processor 0
  Max Mhz: 1300, Current Mhz: 1300, Mhz Limit: 1300
Processor Information for processor 1
  Max Mhz: 1300, Current Mhz: 1300, Mhz Limit: 1300
Processor Information for processor 2
  Max Mhz: 1300, Current Mhz: 1300, Mhz Limit: 1300
Processor Information for processor 3
  Max Mhz: 1300, Current Mhz: 1300, Mhz Limit: 1300
Processor Information for processor 4
  Max Mhz: 1300, Current Mhz: 900, Mhz Limit: 897
Processor Information for processor 5
  Max Mhz: 1300, Current Mhz: 900, Mhz Limit: 897
Processor Information for processor 6
  Max Mhz: 1300, Current Mhz: 900, Mhz Limit: 897
Processor Information for processor 7
  Max Mhz: 1300, Current Mhz: 900, Mhz Limit: 897
Processor Information for processor 8
  Max Mhz: 1300, Current Mhz: 900, Mhz Limit: 897
Processor Information for processor 9
  Max Mhz: 1300, Current Mhz: 900, Mhz Limit: 897
Processor Information for processor 10
  Max Mhz: 1300, Current Mhz: 900, Mhz Limit: 897
Processor Information for processor 11
  Max Mhz: 1300, Current Mhz: 900, Mhz Limit: 897

Memory: 4k page, system-wide physical 7863M (830M free)
TotalPageFile size 29087M (AvailPageFile size 295M)
current process WorkingSet (physical memory assigned to process): 8M, peak: 382M
current process commit charge ("private bytes"): 559M, peak: 571M

vm_info: OpenJDK 64-Bit Server VM (21.0.10+7-LTS) for windows-amd64 JRE (21.0.10+7-LTS), built on 2026-01-20T00:00:00Z by "admin" with MS VC++ 17.12 (VS2022)

END.
