#
# There is insufficient memory for the Java Runtime Environment to continue.
# Native memory allocation (malloc) failed to allocate 1048576 bytes. Error detail: AllocateHeap
# Possible reasons:
#   The system is out of physical RAM or swap space
#   This process is running with CompressedOops enabled, and the Java Heap may be blocking the growth of the native heap
# Possible solutions:
#   Reduce memory load on the system
#   Increase physical memory or swap space
#   Check if swap backing store is full
#   Decrease Java heap size (-Xmx/-Xms)
#   Decrease number of Java threads
#   Decrease Java thread stack sizes (-Xss)
#   Set larger code cache with -XX:ReservedCodeCacheSize=
#   JVM is running with Unscaled Compressed Oops mode in which the Java heap is
#     placed in the first 4GB address space. The Java Heap base address is the
#     maximum limit for the native heap growth. Please use -XX:HeapBaseMinAddress
#     to set the Java Heap base and to place the Java Heap above 4GB virtual address.
# This output file may be truncated or incomplete.
#
#  Out of Memory Error (allocation.cpp:44), pid=11164, tid=10624
#
# JRE version: OpenJDK Runtime Environment Temurin-21.0.10+7 (21.0.10+7) (build 21.0.10+7-LTS)
# Java VM: OpenJDK 64-Bit Server VM Temurin-21.0.10+7 (21.0.10+7-LTS, mixed mode, sharing, tiered, compressed oops, compressed class ptrs, parallel gc, windows-amd64)
# No core dump will be written. Minidumps are not enabled by default on client versions of Windows
#

---------------  S U M M A R Y ------------

Command Line: --add-modules=ALL-SYSTEM --add-opens=java.base/java.util=ALL-UNNAMED --add-opens=java.base/java.lang=ALL-UNNAMED --add-opens=java.base/sun.nio.fs=ALL-UNNAMED -Declipse.application=org.eclipse.jdt.ls.core.id1 -Dosgi.bundles.defaultStartLevel=4 -Declipse.product=org.eclipse.jdt.ls.core.product -Djava.import.generatesMetadataFilesAtProjectRoot=false -DDetectVMInstallationsJob.disabled=true -Dfile.encoding=utf8 -XX:+UseParallelGC -XX:GCTimeRatio=4 -XX:AdaptiveSizePolicyWeight=90 -Dsun.zip.disableMemoryMapping=true -Xmx2G -Xms100m -Xlog:disable -javaagent:c:\Users\samar\.vscode\extensions\redhat.java-1.54.0-win32-x64\lombok\lombok-1.18.39-4050.jar -XX:+HeapDumpOnOutOfMemoryError -XX:HeapDumpPath=c:\Users\samar\AppData\Roaming\Code\User\workspaceStorage\55aeff95536b8ca91dfaccc7f5da3b80\redhat.java -Daether.dependencyCollector.impl=bf c:\Users\samar\.vscode\extensions\redhat.java-1.54.0-win32-x64\server\plugins\org.eclipse.equinox.launcher_1.7.100.v20251111-0406.jar -configuration c:\Users\samar\AppData\Roaming\Code\User\globalStorage\redhat.java\1.54.0\config_win -data c:\Users\samar\AppData\Roaming\Code\User\workspaceStorage\55aeff95536b8ca91dfaccc7f5da3b80\redhat.java\jdt_ws --pipe=\\.\pipe\lsp-03a1c37a455e7c7d7f99d0dc4b200b34-sock

Host: 12th Gen Intel(R) Core(TM) i5-1235U, 12 cores, 7G,  Windows 11 , 64 bit Build 26100 (10.0.26100.8246)
Time: Fri May  1 10:41:21 2026 India Standard Time elapsed time: 1580.004429 seconds (0d 0h 26m 20s)

---------------  T H R E A D  ---------------

Current thread (0x00000284045f4630):  JavaThread "Attach Listener" daemon [_thread_in_vm, id=10624, stack(0x000000e7aad00000,0x000000e7aae00000) (1024K)]

Stack: [0x000000e7aad00000,0x000000e7aae00000]
Native frames: (J=compiled Java code, j=interpreted, Vv=VM code, C=native code)
V  [jvm.dll+0x6d7a39]
V  [jvm.dll+0x8b4b26]
V  [jvm.dll+0x8b70de]
V  [jvm.dll+0x8b77c3]
V  [jvm.dll+0x284346]
V  [jvm.dll+0xc1277]
V  [jvm.dll+0x6d82e9]
V  [jvm.dll+0x1334a6]
V  [jvm.dll+0x3f857e]
V  [jvm.dll+0x85f59d]
V  [jvm.dll+0x6d626d]
C  [ucrtbase.dll+0x37b0]
C  [KERNEL32.DLL+0x2e8d7]
C  [ntdll.dll+0x8c3fc]


---------------  P R O C E S S  ---------------

Threads class SMR info:
_java_thread_list=0x000002844f34d980, length=43, elements={
0x000002846db441a0, 0x00000284045ef4f0, 0x00000284045f13d0, 0x00000284045f2610,
0x00000284045f4630, 0x00000284045f70a0, 0x00000284045f7d50, 0x00000284045faba0,
0x0000028446b383f0, 0x0000028446cad9a0, 0x000002844c000890, 0x0000028446bab6c0,
0x0000028446ba33e0, 0x000002844c5d0c30, 0x000002844c5d12a0, 0x000002844c47f500,
0x000002844c911b70, 0x000002844c259ab0, 0x0000028446e80ab0, 0x0000028446e7e350,
0x0000028446e7fd90, 0x000002844ef7c200, 0x000002844ef7bb70, 0x000002844ef7fd10,
0x000002844ef7e2d0, 0x000002844ef7cf20, 0x000002844ef7eff0, 0x000002844ef7dc40,
0x000002844ef7d5b0, 0x000002844ef7e960, 0x000002844ef7c890, 0x000002844ef81750,
0x000002844ef82470, 0x000002844ef80a30, 0x000002844ef7f680, 0x000002844e66e6f0,
0x000002844e66ed80, 0x000002844dfa8ac0, 0x000002844dfad980, 0x000002844dfae6a0,
0x000002844dfaed30, 0x000002844ef810c0, 0x000002844ef82b00
}

Java Threads: ( => current thread )
  0x000002846db441a0 JavaThread "main"                              [_thread_blocked, id=1604, stack(0x000000e7aa600000,0x000000e7aa700000) (1024K)]
  0x00000284045ef4f0 JavaThread "Reference Handler"          daemon [_thread_blocked, id=23660, stack(0x000000e7aaa00000,0x000000e7aab00000) (1024K)]
  0x00000284045f13d0 JavaThread "Finalizer"                  daemon [_thread_blocked, id=12176, stack(0x000000e7aab00000,0x000000e7aac00000) (1024K)]
  0x00000284045f2610 JavaThread "Signal Dispatcher"          daemon [_thread_blocked, id=23836, stack(0x000000e7aac00000,0x000000e7aad00000) (1024K)]
=>0x00000284045f4630 JavaThread "Attach Listener"            daemon [_thread_in_vm, id=10624, stack(0x000000e7aad00000,0x000000e7aae00000) (1024K)]
  0x00000284045f70a0 JavaThread "Service Thread"             daemon [_thread_blocked, id=21564, stack(0x000000e7aae00000,0x000000e7aaf00000) (1024K)]
  0x00000284045f7d50 JavaThread "Monitor Deflation Thread"   daemon [_thread_blocked, id=25020, stack(0x000000e7aaf00000,0x000000e7ab000000) (1024K)]
  0x00000284045faba0 JavaThread "C2 CompilerThread0"         daemon [_thread_blocked, id=12456, stack(0x000000e7ab000000,0x000000e7ab100000) (1024K)]
  0x0000028446b383f0 JavaThread "C1 CompilerThread0"         daemon [_thread_blocked, id=12216, stack(0x000000e7ab100000,0x000000e7ab200000) (1024K)]
  0x0000028446cad9a0 JavaThread "Common-Cleaner"             daemon [_thread_blocked, id=25024, stack(0x000000e7ab200000,0x000000e7ab300000) (1024K)]
  0x000002844c000890 JavaThread "Notification Thread"        daemon [_thread_blocked, id=7608, stack(0x000000e7ab300000,0x000000e7ab400000) (1024K)]
  0x0000028446bab6c0 JavaThread "Active Thread: Equinox Container: 22d77ae6-8679-4709-8328-22dca94ca040"        [_thread_blocked, id=24640, stack(0x000000e7aba00000,0x000000e7abb00000) (1024K)]
  0x0000028446ba33e0 JavaThread "Refresh Thread: Equinox Container: 22d77ae6-8679-4709-8328-22dca94ca040" daemon [_thread_blocked, id=22756, stack(0x000000e7abc00000,0x000000e7abd00000) (1024K)]
  0x000002844c5d0c30 JavaThread "Framework Event Dispatcher: Equinox Container: 22d77ae6-8679-4709-8328-22dca94ca040" daemon [_thread_blocked, id=23740, stack(0x000000e7abd00000,0x000000e7abe00000) (1024K)]
  0x000002844c5d12a0 JavaThread "Start Level: Equinox Container: 22d77ae6-8679-4709-8328-22dca94ca040" daemon [_thread_blocked, id=20740, stack(0x000000e7abe00000,0x000000e7abf00000) (1024K)]
  0x000002844c47f500 JavaThread "Bundle File Closer"         daemon [_thread_blocked, id=10080, stack(0x000000e7ac100000,0x000000e7ac200000) (1024K)]
  0x000002844c911b70 JavaThread "SCR Component Actor"        daemon [_thread_blocked, id=3172, stack(0x000000e7ac200000,0x000000e7ac300000) (1024K)]
  0x000002844c259ab0 JavaThread "Worker-JM"                         [_thread_blocked, id=17696, stack(0x000000e7ac300000,0x000000e7ac400000) (1024K)]
  0x0000028446e80ab0 JavaThread "JNA Cleaner"                daemon [_thread_blocked, id=25496, stack(0x000000e7ac400000,0x000000e7ac500000) (1024K)]
  0x0000028446e7e350 JavaThread "Worker-0"                          [_thread_blocked, id=25360, stack(0x000000e7ac500000,0x000000e7ac600000) (1024K)]
  0x0000028446e7fd90 JavaThread "Java indexing"              daemon [_thread_blocked, id=5356, stack(0x000000e7ac900000,0x000000e7aca00000) (1024K)]
  0x000002844ef7c200 JavaThread "Thread-1"                   daemon [_thread_in_native, id=26128, stack(0x000000e7ace00000,0x000000e7acf00000) (1024K)]
  0x000002844ef7bb70 JavaThread "Thread-2"                   daemon [_thread_in_native, id=26132, stack(0x000000e7acf00000,0x000000e7ad000000) (1024K)]
  0x000002844ef7fd10 JavaThread "Thread-3"                   daemon [_thread_in_native, id=26152, stack(0x000000e7ad000000,0x000000e7ad100000) (1024K)]
  0x000002844ef7e2d0 JavaThread "Thread-4"                   daemon [_thread_in_native, id=26164, stack(0x000000e7ad100000,0x000000e7ad200000) (1024K)]
  0x000002844ef7cf20 JavaThread "Thread-5"                   daemon [_thread_in_native, id=26168, stack(0x000000e7ad200000,0x000000e7ad300000) (1024K)]
  0x000002844ef7eff0 JavaThread "Thread-6"                   daemon [_thread_in_native, id=26172, stack(0x000000e7ad300000,0x000000e7ad400000) (1024K)]
  0x000002844ef7dc40 JavaThread "Thread-7"                   daemon [_thread_in_native, id=26176, stack(0x000000e7ad400000,0x000000e7ad500000) (1024K)]
  0x000002844ef7d5b0 JavaThread "Thread-8"                   daemon [_thread_in_native, id=26180, stack(0x000000e7ad500000,0x000000e7ad600000) (1024K)]
  0x000002844ef7e960 JavaThread "Thread-9"                   daemon [_thread_in_native, id=26184, stack(0x000000e7ad600000,0x000000e7ad700000) (1024K)]
  0x000002844ef7c890 JavaThread "Thread-10"                  daemon [_thread_in_native, id=26188, stack(0x000000e7ad700000,0x000000e7ad800000) (1024K)]
  0x000002844ef81750 JavaThread "Thread-11"                  daemon [_thread_in_native, id=26192, stack(0x000000e7ad800000,0x000000e7ad900000) (1024K)]
  0x000002844ef82470 JavaThread "Thread-12"                  daemon [_thread_in_native, id=26196, stack(0x000000e7ad900000,0x000000e7ada00000) (1024K)]
  0x000002844ef80a30 JavaThread "Thread-13"                  daemon [_thread_in_native, id=26200, stack(0x000000e7ada00000,0x000000e7adb00000) (1024K)]
  0x000002844ef7f680 JavaThread "pool-2-thread-1"                   [_thread_blocked, id=26212, stack(0x000000e7aca00000,0x000000e7acb00000) (1024K)]
  0x000002844e66e6f0 JavaThread "WorkspaceEventsHandler"            [_thread_blocked, id=10056, stack(0x000000e7aa300000,0x000000e7aa400000) (1024K)]
  0x000002844e66ed80 JavaThread "pool-1-thread-1"                   [_thread_blocked, id=1392, stack(0x000000e7aa500000,0x000000e7aa600000) (1024K)]
  0x000002844dfa8ac0 JavaThread "Cleaner-0"                  daemon [_thread_blocked, id=26816, stack(0x000000e7aa400000,0x000000e7aa500000) (1024K)]
  0x000002844dfad980 JavaThread "Java Debug Server"          daemon [_thread_in_native, id=7336, stack(0x000000e7acb00000,0x000000e7acc00000) (1024K)]
  0x000002844dfae6a0 JavaThread "RxSchedulerPurge-1"         daemon [_thread_blocked, id=20364, stack(0x000000e7ade00000,0x000000e7adf00000) (1024K)]
  0x000002844dfaed30 JavaThread "RxCachedWorkerPoolEvictor-1" daemon [_thread_blocked, id=26072, stack(0x000000e7ae000000,0x000000e7ae100000) (1024K)]
  0x000002844ef810c0 JavaThread "Worker-5"                          [_thread_blocked, id=26272, stack(0x000000e7ac700000,0x000000e7ac800000) (1024K)]
  0x000002844ef82b00 JavaThread "ForkJoinPool.commonPool-worker-13" daemon [_thread_blocked, id=29692, stack(0x000000e7ac800000,0x000000e7ac900000) (1024K)]
Total: 43

Other Threads:
  0x000002846dbf0bb0 VMThread "VM Thread"                           [id=3096, stack(0x000000e7aa900000,0x000000e7aaa00000) (1024K)]
  0x00000284044dba00 WatcherThread "VM Periodic Task Thread"        [id=23016, stack(0x000000e7aa800000,0x000000e7aa900000) (1024K)]
  0x000002846db62590 WorkerThread "GC Thread#0"                     [id=24060, stack(0x000000e7aa700000,0x000000e7aa800000) (1024K)]
  0x000002844c153bf0 WorkerThread "GC Thread#1"                     [id=22604, stack(0x000000e7ab400000,0x000000e7ab500000) (1024K)]
  0x000002844c153fa0 WorkerThread "GC Thread#2"                     [id=5840, stack(0x000000e7ab500000,0x000000e7ab600000) (1024K)]
  0x000002844c154350 WorkerThread "GC Thread#3"                     [id=22300, stack(0x000000e7ab600000,0x000000e7ab700000) (1024K)]
  0x000002844c4152e0 WorkerThread "GC Thread#4"                     [id=1308, stack(0x000000e7ab700000,0x000000e7ab800000) (1024K)]
  0x000002844c415690 WorkerThread "GC Thread#5"                     [id=14976, stack(0x000000e7ab800000,0x000000e7ab900000) (1024K)]
  0x000002844c415a40 WorkerThread "GC Thread#6"                     [id=23416, stack(0x000000e7ab900000,0x000000e7aba00000) (1024K)]
  0x000002844c572360 WorkerThread "GC Thread#7"                     [id=6404, stack(0x000000e7abb00000,0x000000e7abc00000) (1024K)]
  0x000002844c7ef520 WorkerThread "GC Thread#8"                     [id=25536, stack(0x000000e7abf00000,0x000000e7ac000000) (1024K)]
  0x000002844c43a980 WorkerThread "GC Thread#9"                     [id=4512, stack(0x000000e7ac000000,0x000000e7ac100000) (1024K)]
Total: 12

Threads with active compile tasks:
Total: 0

VM state: not at safepoint (normal execution)

VM Mutex/Monitor currently owned by a thread: None

Heap address: 0x0000000080000000, size: 2048 MB, Compressed Oops mode: 32-bit

CDS archive(s) mapped at: [0x0000028405000000-0x0000028405ba0000-0x0000028405ba0000), size 12189696, SharedBaseAddress: 0x0000028405000000, ArchiveRelocationMode: 1.
Compressed class space mapped at: 0x0000028406000000-0x0000028446000000, reserved size: 1073741824
Narrow klass base: 0x0000028405000000, Narrow klass shift: 0, Narrow klass range: 0x100000000

GC Precious Log:
 CardTable entry size: 512
 CPUs: 12 total, 12 available
 Memory: 7863M
 Large Page Support: Disabled
 NUMA Support: Disabled
 Compressed Oops: Enabled (32-bit)
 Alignments: Space 512K, Generation 512K, Heap 2M
 Heap Min Capacity: 100M
 Heap Initial Capacity: 100M
 Heap Max Capacity: 2G
 Pre-touch: Disabled
 Parallel Workers: 10

Heap:
 PSYoungGen      total 5120K, used 2348K [0x00000000d5580000, 0x00000000d5b80000, 0x0000000100000000)
  eden space 4608K, 40% used [0x00000000d5580000,0x00000000d5753370,0x00000000d5a00000)
  from space 512K, 93% used [0x00000000d5b00000,0x00000000d5b78020,0x00000000d5b80000)
  to   space 512K, 0% used [0x00000000d5a80000,0x00000000d5a80000,0x00000000d5b00000)
 ParOldGen       total 276992K, used 275751K [0x0000000080000000, 0x0000000090e80000, 0x00000000d5580000)
  object space 276992K, 99% used [0x0000000080000000,0x0000000090d49e58,0x0000000090e80000)
 Metaspace       used 73798K, committed 75520K, reserved 1179648K
  class space    used 7866K, committed 8640K, reserved 1048576K

Card table byte_map: [0x000002846d4e0000,0x000002846d8f0000] _byte_map_base: 0x000002846d0e0000

Marking Bits: (ParMarkBitMap*) 0x00007ff9ee633450
 Begin Bits: [0x0000028400000000, 0x0000028402000000)
 End Bits:   [0x0000028402000000, 0x0000028404000000)

Polling page: 0x000002846b980000

Metaspace:

Usage:
  Non-class:     64.39 MB used.
      Class:      7.68 MB used.
       Both:     72.07 MB used.

Virtual space:
  Non-class space:      128.00 MB reserved,      65.31 MB ( 51%) committed,  2 nodes.
      Class space:        1.00 GB reserved,       8.44 MB ( <1%) committed,  1 nodes.
             Both:        1.12 GB reserved,      73.75 MB (  6%) committed. 

Chunk freelists:
   Non-Class:  14.28 MB
       Class:  7.55 MB
        Both:  21.83 MB

MaxMetaspaceSize: unlimited
CompressedClassSpaceSize: 1.00 GB
Initial GC threshold: 21.00 MB
Current GC threshold: 97.31 MB
CDS: on
 - commit_granule_bytes: 65536.
 - commit_granule_words: 8192.
 - virtual_space_node_default_size: 8388608.
 - enlarge_chunks_in_place: 1.
 - use_allocation_guard: 0.


Internal statistics:

num_allocs_failed_limit: 9.
num_arena_births: 1426.
num_arena_deaths: 14.
num_vsnodes_births: 3.
num_vsnodes_deaths: 0.
num_space_committed: 1180.
num_space_uncommitted: 0.
num_chunks_returned_to_freelist: 23.
num_chunks_taken_from_freelist: 4935.
num_chunk_merges: 11.
num_chunk_splits: 3020.
num_chunks_enlarged: 1670.
num_inconsistent_stats: 0.

CodeHeap 'non-profiled nmethods': size=120000Kb used=10575Kb max_used=10575Kb free=109425Kb
 bounds [0x0000028478810000, 0x0000028479270000, 0x000002847fd40000]
CodeHeap 'profiled nmethods': size=120000Kb used=29909Kb max_used=29909Kb free=90090Kb
 bounds [0x0000028470d40000, 0x0000028472a80000, 0x0000028478270000]
CodeHeap 'non-nmethods': size=5760Kb used=1472Kb max_used=1543Kb free=4287Kb
 bounds [0x0000028478270000, 0x00000284784e0000, 0x0000028478810000]
CodeCache: size=245760Kb, used=41956Kb, max_used=42027Kb, free=203802Kb
 total_blobs=13426, nmethods=12628, adapters=703, full_count=0
Compilation: enabled, stopped_count=0, restarted_count=0

Compilation events (20 events):
Event: 1260.735 Thread 0x0000028446b383f0 13455       3       java.io.Writer::<init> (47 bytes)
Event: 1260.739 Thread 0x0000028446b383f0 nmethod 13455 0x0000028472a6ee90 code [0x0000028472a6f0a0, 0x0000028472a6f8a0]
Event: 1260.742 Thread 0x0000028446b383f0 13457       3       org.eclipse.core.internal.dtree.AbstractDataTreeNode::compareWith (364 bytes)
Event: 1260.758 Thread 0x0000028446b383f0 nmethod 13457 0x0000028472a6fb90 code [0x0000028472a6ff00, 0x0000028472a71f40]
Event: 1260.758 Thread 0x0000028446b383f0 13456       3       org.eclipse.core.internal.dtree.DataTreeNode::compareWith (74 bytes)
Event: 1260.761 Thread 0x0000028446b383f0 nmethod 13456 0x0000028472a72890 code [0x0000028472a72a80, 0x0000028472a72ff0]
Event: 1288.667 Thread 0x00000284045faba0 13458       4       java.util.concurrent.ConcurrentHashMap$CollectionView::toArray (145 bytes)
Event: 1288.853 Thread 0x00000284045faba0 nmethod 13458 0x0000028479260c90 code [0x0000028479260f00, 0x0000028479261e68]
Event: 1291.664 Thread 0x00000284045faba0 13459       4       io.reactivex.internal.schedulers.SchedulerPoolFactory$ScheduledTask::run (66 bytes)
Event: 1291.816 Thread 0x00000284045faba0 nmethod 13459 0x0000028479262910 code [0x0000028479262ae0, 0x0000028479262e30]
Event: 1342.853 Thread 0x0000028446b383f0 13460       1       org.eclipse.jdt.ls.core.internal.LanguageServerApplication::getParentProcessId (5 bytes)
Event: 1342.869 Thread 0x0000028446b383f0 nmethod 13460 0x0000028479263310 code [0x00000284792634a0, 0x0000028479263568]
Event: 1457.918 Thread 0x0000028446b383f0 13461       1       java.lang.StackStreamFactory$FrameBuffer::getIndex (5 bytes)
Event: 1457.991 Thread 0x0000028446b383f0 nmethod 13461 0x0000028479263610 code [0x00000284792637a0, 0x0000028479263868]
Event: 1457.992 Thread 0x0000028446b383f0 13463       3       java.lang.StackStreamFactory$AbstractStackWalker::peekFrame (132 bytes)
Event: 1458.074 Thread 0x0000028446b383f0 nmethod 13463 0x0000028472a73290 code [0x0000028472a73500, 0x0000028472a73e58]
Event: 1489.674 Thread 0x00000284045faba0 13464       4       java.util.concurrent.ThreadPoolExecutor::isShutdown (12 bytes)
Event: 1489.703 Thread 0x00000284045faba0 nmethod 13464 0x0000028479263910 code [0x0000028479263aa0, 0x0000028479263b50]
Event: 1537.662 Thread 0x0000028446b383f0 13465       3       io.reactivex.internal.schedulers.SchedulerPoolFactory$ScheduledTask::run (66 bytes)
Event: 1537.709 Thread 0x0000028446b383f0 nmethod 13465 0x0000028472a74190 code [0x0000028472a74400, 0x0000028472a750f0]

GC Heap History (20 events):
Event: 314.990 GC heap before
{Heap before GC invocations=268 (full 3):
 PSYoungGen      total 5120K, used 4928K [0x00000000d5580000, 0x00000000d5b80000, 0x0000000100000000)
  eden space 4608K, 100% used [0x00000000d5580000,0x00000000d5a00000,0x00000000d5a00000)
  from space 512K, 62% used [0x00000000d5b00000,0x00000000d5b50000,0x00000000d5b80000)
  to   space 512K, 0% used [0x00000000d5a80000,0x00000000d5a80000,0x00000000d5b00000)
 ParOldGen       total 244736K, used 244335K [0x0000000080000000, 0x000000008ef00000, 0x00000000d5580000)
  object space 244736K, 99% used [0x0000000080000000,0x000000008ee9be18,0x000000008ef00000)
 Metaspace       used 73102K, committed 74816K, reserved 1179648K
  class space    used 7793K, committed 8512K, reserved 1048576K
}
Event: 314.992 GC heap after
{Heap after GC invocations=268 (full 3):
 PSYoungGen      total 5120K, used 224K [0x00000000d5580000, 0x00000000d5b80000, 0x0000000100000000)
  eden space 4608K, 0% used [0x00000000d5580000,0x00000000d5580000,0x00000000d5a00000)
  from space 512K, 43% used [0x00000000d5a80000,0x00000000d5ab8000,0x00000000d5b00000)
  to   space 512K, 0% used [0x00000000d5b00000,0x00000000d5b00000,0x00000000d5b80000)
 ParOldGen       total 244736K, used 244359K [0x0000000080000000, 0x000000008ef00000, 0x00000000d5580000)
  object space 244736K, 99% used [0x0000000080000000,0x000000008eea1e18,0x000000008ef00000)
 Metaspace       used 73102K, committed 74816K, reserved 1179648K
  class space    used 7793K, committed 8512K, reserved 1048576K
}
Event: 315.336 GC heap before
{Heap before GC invocations=269 (full 3):
 PSYoungGen      total 5120K, used 4832K [0x00000000d5580000, 0x00000000d5b80000, 0x0000000100000000)
  eden space 4608K, 100% used [0x00000000d5580000,0x00000000d5a00000,0x00000000d5a00000)
  from space 512K, 43% used [0x00000000d5a80000,0x00000000d5ab8000,0x00000000d5b00000)
  to   space 512K, 0% used [0x00000000d5b00000,0x00000000d5b00000,0x00000000d5b80000)
 ParOldGen       total 244736K, used 244359K [0x0000000080000000, 0x000000008ef00000, 0x00000000d5580000)
  object space 244736K, 99% used [0x0000000080000000,0x000000008eea1e18,0x000000008ef00000)
 Metaspace       used 73140K, committed 74880K, reserved 1179648K
  class space    used 7795K, committed 8512K, reserved 1048576K
}
Event: 315.338 GC heap after
{Heap after GC invocations=269 (full 3):
 PSYoungGen      total 5120K, used 192K [0x00000000d5580000, 0x00000000d5b80000, 0x0000000100000000)
  eden space 4608K, 0% used [0x00000000d5580000,0x00000000d5580000,0x00000000d5a00000)
  from space 512K, 37% used [0x00000000d5b00000,0x00000000d5b30000,0x00000000d5b80000)
  to   space 512K, 0% used [0x00000000d5a80000,0x00000000d5a80000,0x00000000d5b00000)
 ParOldGen       total 244736K, used 244407K [0x0000000080000000, 0x000000008ef00000, 0x00000000d5580000)
  object space 244736K, 99% used [0x0000000080000000,0x000000008eeade18,0x000000008ef00000)
 Metaspace       used 73140K, committed 74880K, reserved 1179648K
  class space    used 7795K, committed 8512K, reserved 1048576K
}
Event: 315.429 GC heap before
{Heap before GC invocations=270 (full 3):
 PSYoungGen      total 5120K, used 4036K [0x00000000d5580000, 0x00000000d5b80000, 0x0000000100000000)
  eden space 4608K, 83% used [0x00000000d5580000,0x00000000d59412e0,0x00000000d5a00000)
  from space 512K, 37% used [0x00000000d5b00000,0x00000000d5b30000,0x00000000d5b80000)
  to   space 512K, 0% used [0x00000000d5a80000,0x00000000d5a80000,0x00000000d5b00000)
 ParOldGen       total 244736K, used 244407K [0x0000000080000000, 0x000000008ef00000, 0x00000000d5580000)
  object space 244736K, 99% used [0x0000000080000000,0x000000008eeade18,0x000000008ef00000)
 Metaspace       used 73141K, committed 74880K, reserved 1179648K
  class space    used 7795K, committed 8512K, reserved 1048576K
}
Event: 315.431 GC heap after
{Heap after GC invocations=270 (full 3):
 PSYoungGen      total 5120K, used 288K [0x00000000d5580000, 0x00000000d5b80000, 0x0000000100000000)
  eden space 4608K, 0% used [0x00000000d5580000,0x00000000d5580000,0x00000000d5a00000)
  from space 512K, 56% used [0x00000000d5a80000,0x00000000d5ac8000,0x00000000d5b00000)
  to   space 512K, 0% used [0x00000000d5b00000,0x00000000d5b00000,0x00000000d5b80000)
 ParOldGen       total 244736K, used 244479K [0x0000000080000000, 0x000000008ef00000, 0x00000000d5580000)
  object space 244736K, 99% used [0x0000000080000000,0x000000008eebfe18,0x000000008ef00000)
 Metaspace       used 73141K, committed 74880K, reserved 1179648K
  class space    used 7795K, committed 8512K, reserved 1048576K
}
Event: 315.536 GC heap before
{Heap before GC invocations=271 (full 3):
 PSYoungGen      total 5120K, used 4467K [0x00000000d5580000, 0x00000000d5b80000, 0x0000000100000000)
  eden space 4608K, 90% used [0x00000000d5580000,0x00000000d5994cf0,0x00000000d5a00000)
  from space 512K, 56% used [0x00000000d5a80000,0x00000000d5ac8000,0x00000000d5b00000)
  to   space 512K, 0% used [0x00000000d5b00000,0x00000000d5b00000,0x00000000d5b80000)
 ParOldGen       total 244736K, used 244479K [0x0000000080000000, 0x000000008ef00000, 0x00000000d5580000)
  object space 244736K, 99% used [0x0000000080000000,0x000000008eebfe18,0x000000008ef00000)
 Metaspace       used 73141K, committed 74880K, reserved 1179648K
  class space    used 7795K, committed 8512K, reserved 1048576K
}
Event: 315.538 GC heap after
{Heap after GC invocations=271 (full 3):
 PSYoungGen      total 5120K, used 288K [0x00000000d5580000, 0x00000000d5b80000, 0x0000000100000000)
  eden space 4608K, 0% used [0x00000000d5580000,0x00000000d5580000,0x00000000d5a00000)
  from space 512K, 56% used [0x00000000d5b00000,0x00000000d5b48000,0x00000000d5b80000)
  to   space 512K, 0% used [0x00000000d5a80000,0x00000000d5a80000,0x00000000d5b00000)
 ParOldGen       total 244736K, used 244543K [0x0000000080000000, 0x000000008ef00000, 0x00000000d5580000)
  object space 244736K, 99% used [0x0000000080000000,0x000000008eecfe18,0x000000008ef00000)
 Metaspace       used 73141K, committed 74880K, reserved 1179648K
  class space    used 7795K, committed 8512K, reserved 1048576K
}
Event: 315.586 GC heap before
{Heap before GC invocations=272 (full 3):
 PSYoungGen      total 5120K, used 3756K [0x00000000d5580000, 0x00000000d5b80000, 0x0000000100000000)
  eden space 4608K, 75% used [0x00000000d5580000,0x00000000d58e32a0,0x00000000d5a00000)
  from space 512K, 56% used [0x00000000d5b00000,0x00000000d5b48000,0x00000000d5b80000)
  to   space 512K, 0% used [0x00000000d5a80000,0x00000000d5a80000,0x00000000d5b00000)
 ParOldGen       total 244736K, used 244543K [0x0000000080000000, 0x000000008ef00000, 0x00000000d5580000)
  object space 244736K, 99% used [0x0000000080000000,0x000000008eecfe18,0x000000008ef00000)
 Metaspace       used 73141K, committed 74880K, reserved 1179648K
  class space    used 7795K, committed 8512K, reserved 1048576K
}
Event: 315.588 GC heap after
{Heap after GC invocations=272 (full 3):
 PSYoungGen      total 5120K, used 128K [0x00000000d5580000, 0x00000000d5b80000, 0x0000000100000000)
  eden space 4608K, 0% used [0x00000000d5580000,0x00000000d5580000,0x00000000d5a00000)
  from space 512K, 25% used [0x00000000d5a80000,0x00000000d5aa0000,0x00000000d5b00000)
  to   space 512K, 0% used [0x00000000d5b00000,0x00000000d5b00000,0x00000000d5b80000)
 ParOldGen       total 244736K, used 244647K [0x0000000080000000, 0x000000008ef00000, 0x00000000d5580000)
  object space 244736K, 99% used [0x0000000080000000,0x000000008eee9e18,0x000000008ef00000)
 Metaspace       used 73141K, committed 74880K, reserved 1179648K
  class space    used 7795K, committed 8512K, reserved 1048576K
}
Event: 315.800 GC heap before
{Heap before GC invocations=273 (full 3):
 PSYoungGen      total 5120K, used 4431K [0x00000000d5580000, 0x00000000d5b80000, 0x0000000100000000)
  eden space 4608K, 93% used [0x00000000d5580000,0x00000000d59b3d98,0x00000000d5a00000)
  from space 512K, 25% used [0x00000000d5a80000,0x00000000d5aa0000,0x00000000d5b00000)
  to   space 512K, 0% used [0x00000000d5b00000,0x00000000d5b00000,0x00000000d5b80000)
 ParOldGen       total 244736K, used 244647K [0x0000000080000000, 0x000000008ef00000, 0x00000000d5580000)
  object space 244736K, 99% used [0x0000000080000000,0x000000008eee9e18,0x000000008ef00000)
 Metaspace       used 73143K, committed 74880K, reserved 1179648K
  class space    used 7795K, committed 8512K, reserved 1048576K
}
Event: 315.802 GC heap after
{Heap after GC invocations=273 (full 3):
 PSYoungGen      total 5120K, used 256K [0x00000000d5580000, 0x00000000d5b80000, 0x0000000100000000)
  eden space 4608K, 0% used [0x00000000d5580000,0x00000000d5580000,0x00000000d5a00000)
  from space 512K, 50% used [0x00000000d5b00000,0x00000000d5b40000,0x00000000d5b80000)
  to   space 512K, 0% used [0x00000000d5a80000,0x00000000d5a80000,0x00000000d5b00000)
 ParOldGen       total 244736K, used 244655K [0x0000000080000000, 0x000000008ef00000, 0x00000000d5580000)
  object space 244736K, 99% used [0x0000000080000000,0x000000008eeebe18,0x000000008ef00000)
 Metaspace       used 73143K, committed 74880K, reserved 1179648K
  class space    used 7795K, committed 8512K, reserved 1048576K
}
Event: 315.910 GC heap before
{Heap before GC invocations=274 (full 3):
 PSYoungGen      total 5120K, used 4864K [0x00000000d5580000, 0x00000000d5b80000, 0x0000000100000000)
  eden space 4608K, 100% used [0x00000000d5580000,0x00000000d5a00000,0x00000000d5a00000)
  from space 512K, 50% used [0x00000000d5b00000,0x00000000d5b40000,0x00000000d5b80000)
  to   space 512K, 0% used [0x00000000d5a80000,0x00000000d5a80000,0x00000000d5b00000)
 ParOldGen       total 244736K, used 244655K [0x0000000080000000, 0x000000008ef00000, 0x00000000d5580000)
  object space 244736K, 99% used [0x0000000080000000,0x000000008eeebe18,0x000000008ef00000)
 Metaspace       used 73149K, committed 74880K, reserved 1179648K
  class space    used 7795K, committed 8512K, reserved 1048576K
}
Event: 315.911 GC heap after
{Heap after GC invocations=274 (full 3):
 PSYoungGen      total 5120K, used 288K [0x00000000d5580000, 0x00000000d5b80000, 0x0000000100000000)
  eden space 4608K, 0% used [0x00000000d5580000,0x00000000d5580000,0x00000000d5a00000)
  from space 512K, 56% used [0x00000000d5a80000,0x00000000d5ac8000,0x00000000d5b00000)
  to   space 512K, 0% used [0x00000000d5b00000,0x00000000d5b00000,0x00000000d5b80000)
 ParOldGen       total 244736K, used 244727K [0x0000000080000000, 0x000000008ef00000, 0x00000000d5580000)
  object space 244736K, 99% used [0x0000000080000000,0x000000008eefde18,0x000000008ef00000)
 Metaspace       used 73149K, committed 74880K, reserved 1179648K
  class space    used 7795K, committed 8512K, reserved 1048576K
}
Event: 342.705 GC heap before
{Heap before GC invocations=275 (full 3):
 PSYoungGen      total 5120K, used 4896K [0x00000000d5580000, 0x00000000d5b80000, 0x0000000100000000)
  eden space 4608K, 100% used [0x00000000d5580000,0x00000000d5a00000,0x00000000d5a00000)
  from space 512K, 56% used [0x00000000d5a80000,0x00000000d5ac8000,0x00000000d5b00000)
  to   space 512K, 0% used [0x00000000d5b00000,0x00000000d5b00000,0x00000000d5b80000)
 ParOldGen       total 244736K, used 244727K [0x0000000080000000, 0x000000008ef00000, 0x00000000d5580000)
  object space 244736K, 99% used [0x0000000080000000,0x000000008eefde18,0x000000008ef00000)
 Metaspace       used 73227K, committed 74944K, reserved 1179648K
  class space    used 7809K, committed 8512K, reserved 1048576K
}
Event: 342.714 GC heap after
{Heap after GC invocations=275 (full 3):
 PSYoungGen      total 5120K, used 224K [0x00000000d5580000, 0x00000000d5b80000, 0x0000000100000000)
  eden space 4608K, 0% used [0x00000000d5580000,0x00000000d5580000,0x00000000d5a00000)
  from space 512K, 43% used [0x00000000d5b00000,0x00000000d5b38000,0x00000000d5b80000)
  to   space 512K, 0% used [0x00000000d5a80000,0x00000000d5a80000,0x00000000d5b00000)
 ParOldGen       total 245248K, used 244767K [0x0000000080000000, 0x000000008ef80000, 0x00000000d5580000)
  object space 245248K, 99% used [0x0000000080000000,0x000000008ef07e18,0x000000008ef80000)
 Metaspace       used 73227K, committed 74944K, reserved 1179648K
  class space    used 7809K, committed 8512K, reserved 1048576K
}
Event: 954.647 GC heap before
{Heap before GC invocations=276 (full 3):
 PSYoungGen      total 5120K, used 4832K [0x00000000d5580000, 0x00000000d5b80000, 0x0000000100000000)
  eden space 4608K, 100% used [0x00000000d5580000,0x00000000d5a00000,0x00000000d5a00000)
  from space 512K, 43% used [0x00000000d5b00000,0x00000000d5b38000,0x00000000d5b80000)
  to   space 512K, 0% used [0x00000000d5a80000,0x00000000d5a80000,0x00000000d5b00000)
 ParOldGen       total 245248K, used 244767K [0x0000000080000000, 0x000000008ef80000, 0x00000000d5580000)
  object space 245248K, 99% used [0x0000000080000000,0x000000008ef07e18,0x000000008ef80000)
 Metaspace       used 73686K, committed 75456K, reserved 1179648K
  class space    used 7860K, committed 8640K, reserved 1048576K
}
Event: 954.802 GC heap after
{Heap after GC invocations=276 (full 3):
 PSYoungGen      total 5120K, used 352K [0x00000000d5580000, 0x00000000d5b80000, 0x0000000100000000)
  eden space 4608K, 0% used [0x00000000d5580000,0x00000000d5580000,0x00000000d5a00000)
  from space 512K, 68% used [0x00000000d5a80000,0x00000000d5ad8000,0x00000000d5b00000)
  to   space 512K, 0% used [0x00000000d5b00000,0x00000000d5b00000,0x00000000d5b80000)
 ParOldGen       total 245248K, used 244847K [0x0000000080000000, 0x000000008ef80000, 0x00000000d5580000)
  object space 245248K, 99% used [0x0000000080000000,0x000000008ef1be18,0x000000008ef80000)
 Metaspace       used 73686K, committed 75456K, reserved 1179648K
  class space    used 7860K, committed 8640K, reserved 1048576K
}
Event: 1254.650 GC heap before
{Heap before GC invocations=277 (full 3):
 PSYoungGen      total 5120K, used 4954K [0x00000000d5580000, 0x00000000d5b80000, 0x0000000100000000)
  eden space 4608K, 99% used [0x00000000d5580000,0x00000000d59fea70,0x00000000d5a00000)
  from space 512K, 68% used [0x00000000d5a80000,0x00000000d5ad8000,0x00000000d5b00000)
  to   space 512K, 0% used [0x00000000d5b00000,0x00000000d5b00000,0x00000000d5b80000)
 ParOldGen       total 276992K, used 275567K [0x0000000080000000, 0x0000000090e80000, 0x00000000d5580000)
  object space 276992K, 99% used [0x0000000080000000,0x0000000090d1be48,0x0000000090e80000)
 Metaspace       used 73780K, committed 75520K, reserved 1179648K
  class space    used 7866K, committed 8640K, reserved 1048576K
}
Event: 1254.793 GC heap after
{Heap after GC invocations=277 (full 3):
 PSYoungGen      total 5120K, used 480K [0x00000000d5580000, 0x00000000d5b80000, 0x0000000100000000)
  eden space 4608K, 0% used [0x00000000d5580000,0x00000000d5580000,0x00000000d5a00000)
  from space 512K, 93% used [0x00000000d5b00000,0x00000000d5b78020,0x00000000d5b80000)
  to   space 512K, 0% used [0x00000000d5a80000,0x00000000d5a80000,0x00000000d5b00000)
 ParOldGen       total 276992K, used 275751K [0x0000000080000000, 0x0000000090e80000, 0x00000000d5580000)
  object space 276992K, 99% used [0x0000000080000000,0x0000000090d49e58,0x0000000090e80000)
 Metaspace       used 73780K, committed 75520K, reserved 1179648K
  class space    used 7866K, committed 8640K, reserved 1048576K
}

Dll operation events (12 events):
Event: 0.086 Loaded shared library c:\Users\samar\.vscode\extensions\redhat.java-1.54.0-win32-x64\jre\21.0.10-win32-x86_64\bin\java.dll
Event: 0.326 Loaded shared library c:\Users\samar\.vscode\extensions\redhat.java-1.54.0-win32-x64\jre\21.0.10-win32-x86_64\bin\zip.dll
Event: 0.377 Loaded shared library C:\Users\samar\.vscode\extensions\redhat.java-1.54.0-win32-x64\jre\21.0.10-win32-x86_64\bin\instrument.dll
Event: 0.395 Loaded shared library C:\Users\samar\.vscode\extensions\redhat.java-1.54.0-win32-x64\jre\21.0.10-win32-x86_64\bin\net.dll
Event: 0.404 Loaded shared library C:\Users\samar\.vscode\extensions\redhat.java-1.54.0-win32-x64\jre\21.0.10-win32-x86_64\bin\nio.dll
Event: 0.414 Loaded shared library C:\Users\samar\.vscode\extensions\redhat.java-1.54.0-win32-x64\jre\21.0.10-win32-x86_64\bin\zip.dll
Event: 0.466 Loaded shared library C:\Users\samar\.vscode\extensions\redhat.java-1.54.0-win32-x64\jre\21.0.10-win32-x86_64\bin\jimage.dll
Event: 0.788 Loaded shared library c:\Users\samar\.vscode\extensions\redhat.java-1.54.0-win32-x64\jre\21.0.10-win32-x86_64\bin\verify.dll
Event: 12.727 Loaded shared library C:\Users\samar\AppData\Roaming\Code\User\globalStorage\redhat.java\1.54.0\config_win\org.eclipse.equinox.launcher\org.eclipse.equinox.launcher.win32.win32.x86_64_1.3.0.v20260203-2149\eclipse_11919.dll
Event: 32.146 Loaded shared library C:\Users\samar\AppData\Local\Temp\jna-109202512\jna3441085214576557949.dll
Event: 98.181 Loaded shared library C:\Users\samar\.vscode\extensions\redhat.java-1.54.0-win32-x64\jre\21.0.10-win32-x86_64\bin\sunmscapi.dll
Event: 136.287 Loaded shared library C:\Users\samar\.vscode\extensions\redhat.java-1.54.0-win32-x64\jre\21.0.10-win32-x86_64\bin\extnet.dll

Deoptimization events (20 events):
Event: 954.485 Thread 0x000002844e66e6f0 Uncommon trap: trap_request=0xffffffc6 fr.pc=0x0000028478998908 relative=0x00000000000001e8
Event: 954.485 Thread 0x000002844e66e6f0 Uncommon trap: reason=bimorphic_or_optimized_type_check action=maybe_recompile pc=0x0000028478998908 method=java.util.Collections.eq(Ljava/lang/Object;Ljava/lang/Object;)Z @ 18 c2
Event: 954.485 Thread 0x000002844e66e6f0 DEOPT PACKING pc=0x0000028478998908 sp=0x000000e7aa3fe610
Event: 954.485 Thread 0x000002844e66e6f0 DEOPT UNPACKING pc=0x00000284782c3aa2 sp=0x000000e7aa3fe550 mode 2
Event: 954.803 Thread 0x000002844e66e6f0 Uncommon trap: trap_request=0xffffff45 fr.pc=0x0000028478dbb0c8 relative=0x00000000000000a8
Event: 954.803 Thread 0x000002844e66e6f0 Uncommon trap: reason=unstable_if action=reinterpret pc=0x0000028478dbb0c8 method=org.eclipse.core.internal.jobs.InternalJob.getState()I @ 10 c2
Event: 954.803 Thread 0x000002844e66e6f0 DEOPT PACKING pc=0x0000028478dbb0c8 sp=0x000000e7aa3ff1d0
Event: 954.803 Thread 0x000002844e66e6f0 DEOPT UNPACKING pc=0x00000284782c3aa2 sp=0x000000e7aa3ff160 mode 2
Event: 956.627 Thread 0x000002844ef810c0 Uncommon trap: trap_request=0xffffffc6 fr.pc=0x0000028478ca82c4 relative=0x00000000000000a4
Event: 956.627 Thread 0x000002844ef810c0 Uncommon trap: reason=bimorphic_or_optimized_type_check action=maybe_recompile pc=0x0000028478ca82c4 method=java.util.Collections$UnmodifiableMap$UnmodifiableEntrySet$1.hasNext()Z @ 4 c2
Event: 956.627 Thread 0x000002844ef810c0 DEOPT PACKING pc=0x0000028478ca82c4 sp=0x000000e7ac7febc0
Event: 956.627 Thread 0x000002844ef810c0 DEOPT UNPACKING pc=0x00000284782c3aa2 sp=0x000000e7ac7feb48 mode 2
Event: 1255.293 Thread 0x000002844ef810c0 Uncommon trap: trap_request=0xffffff45 fr.pc=0x0000028479233ac8 relative=0x0000000000000188
Event: 1255.293 Thread 0x000002844ef810c0 Uncommon trap: reason=unstable_if action=reinterpret pc=0x0000028479233ac8 method=java.io.ObjectOutputStream$HandleTable.lookup(Ljava/lang/Object;)I @ 4 c2
Event: 1255.294 Thread 0x000002844ef810c0 DEOPT PACKING pc=0x0000028479233ac8 sp=0x000000e7ac7fef90
Event: 1255.295 Thread 0x000002844ef810c0 DEOPT UNPACKING pc=0x00000284782c3aa2 sp=0x000000e7ac7fef20 mode 2
Event: 1458.689 Thread 0x000002844dfae6a0 Uncommon trap: trap_request=0xffffff45 fr.pc=0x0000028479262cf0 relative=0x0000000000000210
Event: 1458.690 Thread 0x000002844dfae6a0 Uncommon trap: reason=unstable_if action=reinterpret pc=0x0000028479262cf0 method=io.reactivex.internal.schedulers.SchedulerPoolFactory$ScheduledTask.run()V @ 42 c2
Event: 1458.692 Thread 0x000002844dfae6a0 DEOPT PACKING pc=0x0000028479262cf0 sp=0x000000e7adeff300
Event: 1458.696 Thread 0x000002844dfae6a0 DEOPT UNPACKING pc=0x00000284782c3aa2 sp=0x000000e7adeff2b8 mode 2

Classes loaded (20 events):
Event: 345.785 Loading class java/util/stream/Nodes$AbstractConcNode done
Event: 345.785 Loading class java/util/stream/Nodes$ConcNode done
Event: 347.596 Loading class java/io/ObjectOutputStream$BlockDataOutputStream
Event: 347.847 Loading class java/io/ObjectOutputStream$BlockDataOutputStream done
Event: 347.847 Loading class java/io/ObjectOutputStream$HandleTable
Event: 347.924 Loading class java/io/ObjectOutputStream$HandleTable done
Event: 347.925 Loading class java/io/ObjectOutputStream$ReplaceTable
Event: 347.936 Loading class java/io/ObjectOutputStream$ReplaceTable done
Event: 952.130 Loading class org/xml/sax/SAXNotRecognizedException
Event: 952.139 Loading class org/xml/sax/SAXNotRecognizedException done
Event: 952.140 Loading class org/xml/sax/SAXNotSupportedException
Event: 952.144 Loading class org/xml/sax/SAXNotSupportedException done
Event: 952.270 Loading class com/sun/org/apache/xerces/internal/util/URI
Event: 952.441 Loading class com/sun/org/apache/xerces/internal/util/URI done
Event: 952.523 Loading class com/sun/org/apache/xerces/internal/xni/XNIException
Event: 952.533 Loading class com/sun/org/apache/xerces/internal/xni/XNIException done
Event: 953.415 Loading class com/sun/org/apache/xerces/internal/xni/parser/XMLParseException
Event: 953.425 Loading class com/sun/org/apache/xerces/internal/xni/parser/XMLParseException done
Event: 957.712 Loading class java/nio/BufferMismatch
Event: 957.721 Loading class java/nio/BufferMismatch done

Classes unloaded (7 events):
Event: 38.563 Thread 0x000002846dbf0bb0 Unloading class 0x00000284061a5000 'java/lang/invoke/LambdaForm$MH+0x00000284061a5000'
Event: 38.563 Thread 0x000002846dbf0bb0 Unloading class 0x00000284061a4c00 'java/lang/invoke/LambdaForm$MH+0x00000284061a4c00'
Event: 38.563 Thread 0x000002846dbf0bb0 Unloading class 0x00000284061a4800 'java/lang/invoke/LambdaForm$MH+0x00000284061a4800'
Event: 38.563 Thread 0x000002846dbf0bb0 Unloading class 0x00000284061a4400 'java/lang/invoke/LambdaForm$MH+0x00000284061a4400'
Event: 38.563 Thread 0x000002846dbf0bb0 Unloading class 0x00000284061a4000 'java/lang/invoke/LambdaForm$BMH+0x00000284061a4000'
Event: 38.563 Thread 0x000002846dbf0bb0 Unloading class 0x00000284061a3c00 'java/lang/invoke/LambdaForm$DMH+0x00000284061a3c00'
Event: 38.563 Thread 0x000002846dbf0bb0 Unloading class 0x00000284061a2800 'java/lang/invoke/LambdaForm$DMH+0x00000284061a2800'

Classes redefined (0 events):
No events

Internal exceptions (20 events):
Event: 313.330 Thread 0x000002844dfa7710 Exception <a 'sun/nio/fs/WindowsException'{0x00000000d59d28c0}> (0x00000000d59d28c0) 
thrown [s\src\hotspot\share\prims\jni.cpp, line 520]
Event: 313.330 Thread 0x000002844dfa7710 Exception <a 'sun/nio/fs/WindowsException'{0x00000000d59d31a0}> (0x00000000d59d31a0) 
thrown [s\src\hotspot\share\prims\jni.cpp, line 520]
Event: 314.876 Thread 0x000002844dfa7710 Exception <a 'sun/nio/fs/WindowsException'{0x00000000d599c2f8}> (0x00000000d599c2f8) 
thrown [s\src\hotspot\share\prims\jni.cpp, line 520]
Event: 314.877 Thread 0x000002844dfa7710 Exception <a 'sun/nio/fs/WindowsException'{0x00000000d599cf00}> (0x00000000d599cf00) 
thrown [s\src\hotspot\share\prims\jni.cpp, line 520]
Event: 315.282 Thread 0x000002844dfa7710 Exception <a 'sun/nio/fs/WindowsException'{0x00000000d5972bb8}> (0x00000000d5972bb8) 
thrown [s\src\hotspot\share\prims\jni.cpp, line 520]
Event: 315.282 Thread 0x000002844dfa7710 Exception <a 'sun/nio/fs/WindowsException'{0x00000000d5973498}> (0x00000000d5973498) 
thrown [s\src\hotspot\share\prims\jni.cpp, line 520]
Event: 315.640 Thread 0x000002844dfa7710 Exception <a 'sun/nio/fs/WindowsException'{0x00000000d58d6b68}> (0x00000000d58d6b68) 
thrown [s\src\hotspot\share\prims\jni.cpp, line 520]
Event: 315.641 Thread 0x000002844dfa7710 Exception <a 'sun/nio/fs/WindowsException'{0x00000000d58d7448}> (0x00000000d58d7448) 
thrown [s\src\hotspot\share\prims\jni.cpp, line 520]
Event: 315.862 Thread 0x000002844dfa7710 Exception <a 'sun/nio/fs/WindowsException'{0x00000000d592f7e8}> (0x00000000d592f7e8) 
thrown [s\src\hotspot\share\prims\jni.cpp, line 520]
Event: 315.863 Thread 0x000002844dfa7710 Exception <a 'sun/nio/fs/WindowsException'{0x00000000d59300c8}> (0x00000000d59300c8) 
thrown [s\src\hotspot\share\prims\jni.cpp, line 520]
Event: 316.196 Thread 0x000002844dfa7710 Exception <a 'sun/nio/fs/WindowsException'{0x00000000d5975a50}> (0x00000000d5975a50) 
thrown [s\src\hotspot\share\prims\jni.cpp, line 520]
Event: 316.197 Thread 0x000002844dfa7710 Exception <a 'sun/nio/fs/WindowsException'{0x00000000d5976330}> (0x00000000d5976330) 
thrown [s\src\hotspot\share\prims\jni.cpp, line 520]
Event: 342.087 Thread 0x0000028446e81140 Exception <a 'sun/nio/fs/WindowsException'{0x00000000d59e49b8}> (0x00000000d59e49b8) 
thrown [s\src\hotspot\share\prims\jni.cpp, line 520]
Event: 342.088 Thread 0x0000028446e81140 Exception <a 'sun/nio/fs/WindowsException'{0x00000000d59e5510}> (0x00000000d59e5510) 
thrown [s\src\hotspot\share\prims\jni.cpp, line 520]
Event: 342.157 Thread 0x0000028446e81140 Implicit null exception at 0x00000284790b1a86 to 0x00000284790b1e00
Event: 349.894 Thread 0x0000028446e81140 Exception <a 'java/lang/NoSuchMethodError'{0x00000000d563c000}: static [J.<clinit>()V> (0x00000000d563c000) 
thrown [s\src\hotspot\share\prims\jni.cpp, line 1111]
Event: 355.126 Thread 0x0000028446e81140 Exception <a 'java/lang/NoSuchMethodError'{0x00000000d57095c8}: 'java.lang.Object java.lang.invoke.DirectMethodHandle$Holder.newInvokeSpecial(java.lang.Object, java.lang.Object, java.lang.Object, java.lang.Object, java.lang.Object, java.lang.Object, java.lang.Object, java.lang.Object)'> (0x00000000d57095c8) 
thrown [s\src\hotspot\share\interpreter\linkResolver.cpp, line 773]
Event: 951.154 Thread 0x000002844e66e6f0 Exception <a 'java/lang/NoSuchMethodError'{0x00000000d58370c8}: 'java.lang.Object java.lang.invoke.DirectMethodHandle$Holder.invokeStatic(java.lang.Object, java.lang.Object, int, java.lang.Object)'> (0x00000000d58370c8) 
thrown [s\src\hotspot\share\interpreter\linkResolver.cpp, line 773]
Event: 1254.853 Thread 0x000002844ef810c0 Exception <a 'sun/nio/fs/WindowsException'{0x00000000d55842c8}> (0x00000000d55842c8) 
thrown [s\src\hotspot\share\prims\jni.cpp, line 520]
Event: 1254.866 Thread 0x000002844ef810c0 Exception <a 'sun/nio/fs/WindowsException'{0x00000000d5584ba8}> (0x00000000d5584ba8) 
thrown [s\src\hotspot\share\prims\jni.cpp, line 520]

ZGC Phase Switch (0 events):
No events

VM Operations (20 events):
Event: 1263.662 Executing non-safepoint VM operation: RendezvousGCThreads
Event: 1263.662 Executing non-safepoint VM operation: RendezvousGCThreads done
Event: 1324.354 Executing non-safepoint VM operation: HandshakeAllThreads (HandshakeForDeflation)
Event: 1325.013 Executing non-safepoint VM operation: HandshakeAllThreads (HandshakeForDeflation) done
Event: 1325.014 Executing non-safepoint VM operation: RendezvousGCThreads
Event: 1325.014 Executing non-safepoint VM operation: RendezvousGCThreads done
Event: 1384.401 Executing non-safepoint VM operation: HandshakeAllThreads (HandshakeForDeflation)
Event: 1385.220 Executing non-safepoint VM operation: HandshakeAllThreads (HandshakeForDeflation) done
Event: 1385.221 Executing non-safepoint VM operation: RendezvousGCThreads
Event: 1385.221 Executing non-safepoint VM operation: RendezvousGCThreads done
Event: 1444.166 Executing non-safepoint VM operation: HandshakeAllThreads (HandshakeForDeflation)
Event: 1444.187 Executing non-safepoint VM operation: HandshakeAllThreads (HandshakeForDeflation) done
Event: 1444.187 Executing non-safepoint VM operation: RendezvousGCThreads
Event: 1444.188 Executing non-safepoint VM operation: RendezvousGCThreads done
Event: 1457.311 Executing safepoint VM operation: Cleanup
Event: 1457.372 Executing safepoint VM operation: Cleanup done
Event: 1459.377 Executing safepoint VM operation: Cleanup
Event: 1459.378 Executing safepoint VM operation: Cleanup done
Event: 1488.650 Executing safepoint VM operation: Cleanup
Event: 1488.657 Executing safepoint VM operation: Cleanup done

Memory protections (0 events):
No events

Nmethod flushes (20 events):
Event: 85.663 Thread 0x000002846dbf0bb0 flushing  nmethod 0x00000284716b0110
Event: 85.663 Thread 0x000002846dbf0bb0 flushing  nmethod 0x00000284716b2490
Event: 85.663 Thread 0x000002846dbf0bb0 flushing  nmethod 0x00000284716b2d10
Event: 85.663 Thread 0x000002846dbf0bb0 flushing  nmethod 0x00000284716b3490
Event: 85.663 Thread 0x000002846dbf0bb0 flushing  nmethod 0x00000284716b3b10
Event: 85.663 Thread 0x000002846dbf0bb0 flushing  nmethod 0x00000284716bc090
Event: 85.663 Thread 0x000002846dbf0bb0 flushing  nmethod 0x00000284716bda90
Event: 85.663 Thread 0x000002846dbf0bb0 flushing  nmethod 0x00000284716bec10
Event: 85.663 Thread 0x000002846dbf0bb0 flushing  nmethod 0x00000284716bf310
Event: 85.663 Thread 0x000002846dbf0bb0 flushing  nmethod 0x00000284716bfb10
Event: 85.663 Thread 0x000002846dbf0bb0 flushing  nmethod 0x00000284716c0110
Event: 85.663 Thread 0x000002846dbf0bb0 flushing  nmethod 0x00000284716c0990
Event: 85.663 Thread 0x000002846dbf0bb0 flushing  nmethod 0x00000284716c0e10
Event: 85.663 Thread 0x000002846dbf0bb0 flushing  nmethod 0x00000284716c7010
Event: 85.663 Thread 0x000002846dbf0bb0 flushing  nmethod 0x00000284716c9110
Event: 85.663 Thread 0x000002846dbf0bb0 flushing  nmethod 0x00000284716cda10
Event: 85.663 Thread 0x000002846dbf0bb0 flushing  nmethod 0x00000284716eb810
Event: 85.663 Thread 0x000002846dbf0bb0 flushing  nmethod 0x00000284716f3a10
Event: 85.663 Thread 0x000002846dbf0bb0 flushing  nmethod 0x000002847170e210
Event: 85.663 Thread 0x000002846dbf0bb0 flushing  nmethod 0x0000028471753290

Events (20 events):
Event: 737.758 Thread 0x000002844e672890 Thread exited: 0x000002844e672890
Event: 797.768 Thread 0x000002844dfa8430 Thread exited: 0x000002844dfa8430
Event: 858.025 Thread 0x000002844e6742d0 Thread exited: 0x000002844e6742d0
Event: 917.938 Thread 0x000002844e674ff0 Thread exited: 0x000002844e674ff0
Event: 950.723 Thread 0x000002844e66e6f0 Thread added: 0x000002844ef810c0
Event: 954.808 Thread 0x0000028446e7e350 Thread added: 0x000002844ef81de0
Event: 958.185 Thread 0x000002844ef810c0 Thread added: 0x000002844ef82b00
Event: 1018.235 Thread 0x000002844ef81de0 Thread exited: 0x000002844ef81de0
Event: 1018.255 Thread 0x0000028446e81140 Thread exited: 0x0000028446e81140
Event: 1018.290 Thread 0x000002844ef82b00 Thread exited: 0x000002844ef82b00
Event: 1254.942 Thread 0x000002844ef810c0 Thread added: 0x000002844ef81de0
Event: 1255.244 Thread 0x000002844ef81de0 Thread exited: 0x000002844ef81de0
Event: 1259.022 Thread 0x000002844ef810c0 Thread added: 0x000002844ef81de0
Event: 1259.040 Thread 0x000002844ef81de0 Thread exited: 0x000002844ef81de0
Event: 1458.111 Thread 0x000002844e66ed80 Thread added: 0x000002844ef81de0
Event: 1458.180 Thread 0x000002844e672200 Thread exited: 0x000002844e672200
Event: 1477.435 Thread 0x000002844ef81de0 Thread added: 0x000002844ef82b00
Event: 1488.561 Thread 0x000002844dfae010 Thread exited: 0x000002844dfae010
Event: 1537.448 Thread 0x000002844ef83190 Thread exited: 0x000002844ef83190
Event: 1537.487 Thread 0x000002844ef81de0 Thread exited: 0x000002844ef81de0


Dynamic libraries:
0x00007ff720660000 - 0x00007ff72066e000 	c:\Users\samar\.vscode\extensions\redhat.java-1.54.0-win32-x64\jre\21.0.10-win32-x86_64\bin\java.exe
0x00007ffab5400000 - 0x00007ffab5667000 	C:\WINDOWS\SYSTEM32\ntdll.dll
0x00007ffa75830000 - 0x00007ffa75851000 	C:\Program Files\Avast Software\Avast\aswhook.dll
0x00007ffab3c50000 - 0x00007ffab3d19000 	C:\WINDOWS\System32\KERNEL32.DLL
0x00007ffab2d90000 - 0x00007ffab3184000 	C:\WINDOWS\System32\KERNELBASE.dll
0x00007ffab1d80000 - 0x00007ffab1ecb000 	C:\WINDOWS\System32\ucrtbase.dll
0x00007ffa33e80000 - 0x00007ffa33e9e000 	c:\Users\samar\.vscode\extensions\redhat.java-1.54.0-win32-x64\jre\21.0.10-win32-x86_64\bin\VCRUNTIME140.dll
0x00007ffaacdf0000 - 0x00007ffaace08000 	c:\Users\samar\.vscode\extensions\redhat.java-1.54.0-win32-x64\jre\21.0.10-win32-x86_64\bin\jli.dll
0x00007ffab50e0000 - 0x00007ffab52a5000 	C:\WINDOWS\System32\USER32.dll
0x00007ffa85ec0000 - 0x00007ffa86153000 	C:\WINDOWS\WinSxS\amd64_microsoft.windows.common-controls_6595b64144ccf1df_6.0.26100.8115_none_3e075c82e3354f9c\COMCTL32.dll
0x00007ffab2b60000 - 0x00007ffab2b87000 	C:\WINDOWS\System32\win32u.dll
0x00007ffab4180000 - 0x00007ffab4229000 	C:\WINDOWS\System32\msvcrt.dll
0x00007ffab4230000 - 0x00007ffab425b000 	C:\WINDOWS\System32\GDI32.dll
0x00007ffab28b0000 - 0x00007ffab29db000 	C:\WINDOWS\System32\gdi32full.dll
0x00007ffab2800000 - 0x00007ffab28a3000 	C:\WINDOWS\System32\msvcp_win.dll
0x00007ffab50a0000 - 0x00007ffab50d2000 	C:\WINDOWS\System32\IMM32.DLL
0x00007ffaacde0000 - 0x00007ffaacdec000 	c:\Users\samar\.vscode\extensions\redhat.java-1.54.0-win32-x64\jre\21.0.10-win32-x86_64\bin\vcruntime140_1.dll
0x00007ffa0ddd0000 - 0x00007ffa0de5d000 	c:\Users\samar\.vscode\extensions\redhat.java-1.54.0-win32-x64\jre\21.0.10-win32-x86_64\bin\msvcp140.dll
0x00007ff9ed970000 - 0x00007ff9ee711000 	c:\Users\samar\.vscode\extensions\redhat.java-1.54.0-win32-x64\jre\21.0.10-win32-x86_64\bin\server\jvm.dll
0x00007ffab40c0000 - 0x00007ffab4176000 	C:\WINDOWS\System32\ADVAPI32.dll
0x00007ffab4b40000 - 0x00007ffab4be7000 	C:\WINDOWS\System32\sechost.dll
0x00007ffab4e60000 - 0x00007ffab4f78000 	C:\WINDOWS\System32\RPCRT4.dll
0x00007ffab4bf0000 - 0x00007ffab4c70000 	C:\WINDOWS\System32\WS2_32.dll
0x00007ffab1b50000 - 0x00007ffab1bae000 	C:\WINDOWS\SYSTEM32\POWRPROF.dll
0x00007ffaa7880000 - 0x00007ffaa788b000 	C:\WINDOWS\SYSTEM32\VERSION.dll
0x00007ffaa8380000 - 0x00007ffaa83b6000 	C:\WINDOWS\SYSTEM32\WINMM.dll
0x00007ffab1b30000 - 0x00007ffab1b44000 	C:\WINDOWS\SYSTEM32\UMPDC.dll
0x00007ffab0a40000 - 0x00007ffab0a5b000 	C:\WINDOWS\SYSTEM32\kernel.appcore.dll
0x00007ffaacd20000 - 0x00007ffaacd2a000 	c:\Users\samar\.vscode\extensions\redhat.java-1.54.0-win32-x64\jre\21.0.10-win32-x86_64\bin\jimage.dll
0x00007ffaafbc0000 - 0x00007ffaafe02000 	C:\WINDOWS\SYSTEM32\DBGHELP.DLL
0x00007ffab3d30000 - 0x00007ffab40b2000 	C:\WINDOWS\System32\combase.dll
0x00007ffab4a60000 - 0x00007ffab4b38000 	C:\WINDOWS\System32\OLEAUT32.dll
0x00007ffa9df70000 - 0x00007ffa9dfab000 	C:\WINDOWS\SYSTEM32\dbgcore.DLL
0x00007ffab1cd0000 - 0x00007ffab1d75000 	C:\WINDOWS\System32\bcryptPrimitives.dll
0x00007ffa38510000 - 0x00007ffa3851f000 	c:\Users\samar\.vscode\extensions\redhat.java-1.54.0-win32-x64\jre\21.0.10-win32-x86_64\bin\instrument.dll
0x00007ffa2f2b0000 - 0x00007ffa2f2d0000 	c:\Users\samar\.vscode\extensions\redhat.java-1.54.0-win32-x64\jre\21.0.10-win32-x86_64\bin\java.dll
0x00007ffab4270000 - 0x00007ffab49d7000 	C:\WINDOWS\System32\SHELL32.dll
0x00007ffab2c20000 - 0x00007ffab2d8a000 	C:\WINDOWS\System32\wintypes.dll
0x00007ffab1ed0000 - 0x00007ffab2738000 	C:\WINDOWS\System32\windows.storage.dll
0x00007ffab34a0000 - 0x00007ffab3598000 	C:\WINDOWS\System32\SHCORE.dll
0x00007ffab3290000 - 0x00007ffab32f6000 	C:\WINDOWS\System32\shlwapi.dll
0x00007ffab1bf0000 - 0x00007ffab1c19000 	C:\WINDOWS\SYSTEM32\profapi.dll
0x00007ffa241b0000 - 0x00007ffa241c8000 	c:\Users\samar\.vscode\extensions\redhat.java-1.54.0-win32-x64\jre\21.0.10-win32-x86_64\bin\zip.dll
0x00007ffa38480000 - 0x00007ffa38490000 	C:\Users\samar\.vscode\extensions\redhat.java-1.54.0-win32-x64\jre\21.0.10-win32-x86_64\bin\net.dll
0x00007ffaab6a0000 - 0x00007ffaab7cd000 	C:\WINDOWS\SYSTEM32\WINHTTP.dll
0x00007ffab0fd0000 - 0x00007ffab103c000 	C:\WINDOWS\system32\mswsock.dll
0x00007ffa22970000 - 0x00007ffa22986000 	C:\Users\samar\.vscode\extensions\redhat.java-1.54.0-win32-x64\jre\21.0.10-win32-x86_64\bin\nio.dll
0x00007ffa37d30000 - 0x00007ffa37d40000 	c:\Users\samar\.vscode\extensions\redhat.java-1.54.0-win32-x64\jre\21.0.10-win32-x86_64\bin\verify.dll
0x00007ffa0d7f0000 - 0x00007ffa0d835000 	C:\Users\samar\AppData\Roaming\Code\User\globalStorage\redhat.java\1.54.0\config_win\org.eclipse.equinox.launcher\org.eclipse.equinox.launcher.win32.win32.x86_64_1.3.0.v20260203-2149\eclipse_11919.dll
0x00007ffab3300000 - 0x00007ffab3497000 	C:\WINDOWS\System32\ole32.dll
0x00007ffab12b0000 - 0x00007ffab12cb000 	C:\WINDOWS\SYSTEM32\CRYPTSP.dll
0x00007ffab09a0000 - 0x00007ffab09d9000 	C:\WINDOWS\system32\rsaenh.dll
0x00007ffab1080000 - 0x00007ffab10b3000 	C:\WINDOWS\SYSTEM32\USERENV.dll
0x00007ffab1bc0000 - 0x00007ffab1bea000 	C:\WINDOWS\SYSTEM32\bcrypt.dll
0x00007ffab12d0000 - 0x00007ffab12dc000 	C:\WINDOWS\SYSTEM32\CRYPTBASE.dll
0x00007ffab0410000 - 0x00007ffab0442000 	C:\WINDOWS\SYSTEM32\IPHLPAPI.DLL
0x00007ffab3280000 - 0x00007ffab328a000 	C:\WINDOWS\System32\NSI.dll
0x00007ffa0a6e0000 - 0x00007ffa0a729000 	C:\Users\samar\AppData\Local\Temp\jna-109202512\jna3441085214576557949.dll
0x00007ffab52b0000 - 0x00007ffab52b8000 	C:\WINDOWS\System32\PSAPI.DLL
0x00007ffaab870000 - 0x00007ffaab88d000 	C:\WINDOWS\SYSTEM32\dhcpcsvc6.DLL
0x00007ffaab840000 - 0x00007ffaab865000 	C:\WINDOWS\SYSTEM32\dhcpcsvc.DLL
0x00007ffa36bf0000 - 0x00007ffa36bfe000 	C:\Users\samar\.vscode\extensions\redhat.java-1.54.0-win32-x64\jre\21.0.10-win32-x86_64\bin\sunmscapi.dll
0x00007ffab29e0000 - 0x00007ffab2b57000 	C:\WINDOWS\System32\CRYPT32.dll
0x00007ffab14d0000 - 0x00007ffab1500000 	C:\WINDOWS\SYSTEM32\ncrypt.dll
0x00007ffab1480000 - 0x00007ffab14bf000 	C:\WINDOWS\SYSTEM32\NTASN1.dll
0x00007ffa33a40000 - 0x00007ffa33a49000 	C:\Users\samar\.vscode\extensions\redhat.java-1.54.0-win32-x64\jre\21.0.10-win32-x86_64\bin\extnet.dll

JVMTI agents:
c:\Users\samar\.vscode\extensions\redhat.java-1.54.0-win32-x64\lombok\lombok-1.18.39-4050.jar path:c:\Users\samar\.vscode\extensions\redhat.java-1.54.0-win32-x64\jre\21.0.10-win32-x86_64\bin\instrument.dll, loaded, initialized, instrumentlib options:none

dbghelp: loaded successfully - version: 4.0.5 - missing functions: none
symbol engine: initialized successfully - sym options: 0x614 - pdb path: .;c:\Users\samar\.vscode\extensions\redhat.java-1.54.0-win32-x64\jre\21.0.10-win32-x86_64\bin;C:\WINDOWS\SYSTEM32;C:\Program Files\Avast Software\Avast;C:\WINDOWS\WinSxS\amd64_microsoft.windows.common-controls_6595b64144ccf1df_6.0.26100.8115_none_3e075c82e3354f9c;c:\Users\samar\.vscode\extensions\redhat.java-1.54.0-win32-x64\jre\21.0.10-win32-x86_64\bin\server;C:\Users\samar\AppData\Roaming\Code\User\globalStorage\redhat.java\1.54.0\config_win\org.eclipse.equinox.launcher\org.eclipse.equinox.launcher.win32.win32.x86_64_1.3.0.v20260203-2149;C:\Users\samar\AppData\Local\Temp\jna-109202512

VM Arguments:
jvm_args: --add-modules=ALL-SYSTEM --add-opens=java.base/java.util=ALL-UNNAMED --add-opens=java.base/java.lang=ALL-UNNAMED --add-opens=java.base/sun.nio.fs=ALL-UNNAMED -Declipse.application=org.eclipse.jdt.ls.core.id1 -Dosgi.bundles.defaultStartLevel=4 -Declipse.product=org.eclipse.jdt.ls.core.product -Djava.import.generatesMetadataFilesAtProjectRoot=false -DDetectVMInstallationsJob.disabled=true -Dfile.encoding=utf8 -XX:+UseParallelGC -XX:GCTimeRatio=4 -XX:AdaptiveSizePolicyWeight=90 -Dsun.zip.disableMemoryMapping=true -Xmx2G -Xms100m -Xlog:disable -javaagent:c:\Users\samar\.vscode\extensions\redhat.java-1.54.0-win32-x64\lombok\lombok-1.18.39-4050.jar -XX:+HeapDumpOnOutOfMemoryError -XX:HeapDumpPath=c:\Users\samar\AppData\Roaming\Code\User\workspaceStorage\55aeff95536b8ca91dfaccc7f5da3b80\redhat.java -Daether.dependencyCollector.impl=bf 
java_command: c:\Users\samar\.vscode\extensions\redhat.java-1.54.0-win32-x64\server\plugins\org.eclipse.equinox.launcher_1.7.100.v20251111-0406.jar -configuration c:\Users\samar\AppData\Roaming\Code\User\globalStorage\redhat.java\1.54.0\config_win -data c:\Users\samar\AppData\Roaming\Code\User\workspaceStorage\55aeff95536b8ca91dfaccc7f5da3b80\redhat.java\jdt_ws --pipe=\\.\pipe\lsp-03a1c37a455e7c7d7f99d0dc4b200b34-sock
java_class_path (initial): c:\Users\samar\.vscode\extensions\redhat.java-1.54.0-win32-x64\server\plugins\org.eclipse.equinox.launcher_1.7.100.v20251111-0406.jar
Launcher Type: SUN_STANDARD

[Global flags]
    uintx AdaptiveSizePolicyWeight                 = 90                                        {product} {command line}
     intx CICompilerCount                          = 4                                         {product} {ergonomic}
    uintx GCTimeRatio                              = 4                                         {product} {command line}
     bool HeapDumpOnOutOfMemoryError               = true                                   {manageable} {command line}
    ccstr HeapDumpPath                             = c:\Users\samar\AppData\Roaming\Code\User\workspaceStorage\55aeff95536b8ca91dfaccc7f5da3b80\redhat.java         {manageable} {command line}
   size_t InitialHeapSize                          = 104857600                                 {product} {command line}
   size_t MaxHeapSize                              = 2147483648                                {product} {command line}
   size_t MaxNewSize                               = 715653120                                 {product} {ergonomic}
   size_t MinHeapDeltaBytes                        = 524288                                    {product} {ergonomic}
   size_t MinHeapSize                              = 104857600                                 {product} {command line}
   size_t NewSize                                  = 34603008                                  {product} {ergonomic}
    uintx NonNMethodCodeHeapSize                   = 5839372                                {pd product} {ergonomic}
    uintx NonProfiledCodeHeapSize                  = 122909434                              {pd product} {ergonomic}
   size_t OldSize                                  = 70254592                                  {product} {ergonomic}
    uintx ProfiledCodeHeapSize                     = 122909434                              {pd product} {ergonomic}
    uintx ReservedCodeCacheSize                    = 251658240                              {pd product} {ergonomic}
     bool SegmentedCodeCache                       = true                                      {product} {ergonomic}
   size_t SoftMaxHeapSize                          = 2147483648                             {manageable} {ergonomic}
     bool UseCompressedOops                        = true                           {product lp64_product} {ergonomic}
     bool UseLargePagesIndividualAllocation        = false                                  {pd product} {ergonomic}
     bool UseParallelGC                            = true                                      {product} {command line}

Logging:
Log output configuration:
 #0: stdout all=off uptime,level,tags foldmultilines=false
 #1: stderr all=off uptime,level,tags foldmultilines=false

Release file:
JAVA_VERSION="21.0.10" 
MODULES="java.base java.compiler java.datatransfer java.xml java.prefs java.desktop java.instrument java.logging java.management java.security.sasl java.naming java.rmi java.management.rmi java.net.http java.scripting java.security.jgss java.transaction.xa java.sql java.sql.rowset java.xml.crypto java.se java.smartcardio jdk.accessibility jdk.internal.jvmstat jdk.attach jdk.charsets jdk.internal.opt jdk.zipfs jdk.compiler jdk.crypto.ec jdk.crypto.cryptoki jdk.crypto.mscapi jdk.dynalink jdk.internal.ed jdk.editpad jdk.hotspot.agent jdk.httpserver jdk.internal.le jdk.internal.vm.ci jdk.internal.vm.compiler jdk.internal.vm.compiler.management jdk.jartool jdk.javadoc jdk.jcmd jdk.management jdk.management.agent jdk.jconsole jdk.jdeps jdk.jdwp.agent jdk.jdi jdk.jfr jdk.jshell jdk.jsobject jdk.jstatd jdk.localedata jdk.management.jfr jdk.naming.dns jdk.naming.rmi jdk.net jdk.nio.mapmode jdk.random jdk.sctp jdk.security.auth jdk.security.jgss jdk.unsupported jdk.unsupported.desktop jdk.xml.dom" 

Environment Variables:
PATH=C:\Users\samar\AppData\Local\Programs\Microsoft VS Code;C:\Program Files\Common Files\Oracle\Java\javapath;C:\Program Files (x86)\Common Files\Oracle\Java\java8path;C:\Program Files (x86)\Common Files\Oracle\Java\javapath;C:\WINDOWS\system32;C:\WINDOWS;C:\WINDOWS\System32\Wbem;C:\WINDOWS\System32\WindowsPowerShell\v1.0\;C:\WINDOWS\System32\OpenSSH\;C:\Program Files\HP\HP One Agent;C:\WINDOWS\system32;C:\WINDOWS;C:\WINDOWS\System32\Wbem;C:\WINDOWS\System32\WindowsPowerShell\v1.0\;C:\WINDOWS\System32\OpenSSH\;C:\Program Files\PuTTY\;C:\Program Files\Git\cmd;C:\Program Files\nodejs\;C:\Program Files\MySQL\MySQL Shell 8.0\bin\;C:\Users\samar\AppData\Local\Programs\Python\Python313\Scripts\;C:\Users\samar\AppData\Local\Programs\Python\Python313\;C:\Users\samar\AppData\Local\Microsoft\WindowsApps;C:\Users\samar\AppData\Local\Programs\Microsoft VS Code\bin;C:\Program Files\Java\jdk-25\bin;C:\Program Files\apache-maven-3.9.11\bin;C:\Program Files\mysql-connector-j-9.4.0;C:\Program Files\MongoDB\Server\8.2\bin;C:\Program Files\mongosh-2.5.8-win32-x64\bin;C:\Users\samar\AppData\Roaming\npm;C:\Program Files\heroku\bin;
USERNAME=samar
OS=Windows_NT
PROCESSOR_IDENTIFIER=Intel64 Family 6 Model 154 Stepping 4, GenuineIntel
TMP=C:\Users\samar\AppData\Local\Temp
TEMP=C:\Users\samar\AppData\Local\Temp




Periodic native trim disabled

---------------  S Y S T E M  ---------------

OS:
 Windows 11 , 64 bit Build 26100 (10.0.26100.8246)
OS uptime: 0 days 0:52 hours
Hyper-V role detected

CPU: total 12 (initial active 12) (6 cores per cpu, 2 threads per core) family 6 model 154 stepping 4 microcode 0x42c, cx8, cmov, fxsr, ht, mmx, 3dnowpref, sse, sse2, sse3, ssse3, sse4.1, sse4.2, popcnt, lzcnt, tsc, tscinvbit, avx, avx2, aes, erms, clmul, bmi1, bmi2, adx, sha, fma, vzeroupper, clflush, clflushopt, clwb, hv, serialize, rdtscp, rdpid, fsrm, f16c, cet_ibt, cet_ss
Processor Information for processor 0
  Max Mhz: 1300, Current Mhz: 1300, Mhz Limit: 1300
Processor Information for processor 1
  Max Mhz: 1300, Current Mhz: 1300, Mhz Limit: 1300
Processor Information for processor 2
  Max Mhz: 1300, Current Mhz: 1300, Mhz Limit: 1300
Processor Information for processor 3
  Max Mhz: 1300, Current Mhz: 1300, Mhz Limit: 1300
Processor Information for processor 4
  Max Mhz: 1300, Current Mhz: 900, Mhz Limit: 897
Processor Information for processor 5
  Max Mhz: 1300, Current Mhz: 900, Mhz Limit: 897
Processor Information for processor 6
  Max Mhz: 1300, Current Mhz: 900, Mhz Limit: 897
Processor Information for processor 7
  Max Mhz: 1300, Current Mhz: 900, Mhz Limit: 897
Processor Information for processor 8
  Max Mhz: 1300, Current Mhz: 900, Mhz Limit: 897
Processor Information for processor 9
  Max Mhz: 1300, Current Mhz: 900, Mhz Limit: 897
Processor Information for processor 10
  Max Mhz: 1300, Current Mhz: 900, Mhz Limit: 897
Processor Information for processor 11
  Max Mhz: 1300, Current Mhz: 900, Mhz Limit: 897

Memory: 4k page, system-wide physical 7863M (9M free)
TotalPageFile size 29087M (AvailPageFile size 4M)
current process WorkingSet (physical memory assigned to process): 7M, peak: 344M
current process commit charge ("private bytes"): 587M, peak: 590M

vm_info: OpenJDK 64-Bit Server VM (21.0.10+7-LTS) for windows-amd64 JRE (21.0.10+7-LTS), built on 2026-01-20T00:00:00Z by "admin" with MS VC++ 17.12 (VS2022)

END.
