#
# There is insufficient memory for the Java Runtime Environment to continue.
# Native memory allocation (malloc) failed to allocate 1048576 bytes. Error detail: AllocateHeap
# Possible reasons:
#   The system is out of physical RAM or swap space
#   This process is running with CompressedOops enabled, and the Java Heap may be blocking the growth of the native heap
# Possible solutions:
#   Reduce memory load on the system
#   Increase physical memory or swap space
#   Check if swap backing store is full
#   Decrease Java heap size (-Xmx/-Xms)
#   Decrease number of Java threads
#   Decrease Java thread stack sizes (-Xss)
#   Set larger code cache with -XX:ReservedCodeCacheSize=
#   JVM is running with Unscaled Compressed Oops mode in which the Java heap is
#     placed in the first 4GB address space. The Java Heap base address is the
#     maximum limit for the native heap growth. Please use -XX:HeapBaseMinAddress
#     to set the Java Heap base and to place the Java Heap above 4GB virtual address.
# This output file may be truncated or incomplete.
#
#  Out of Memory Error (allocation.cpp:44), pid=20164, tid=19900
#
# JRE version: OpenJDK Runtime Environment Temurin-21.0.10+7 (21.0.10+7) (build 21.0.10+7-LTS)
# Java VM: OpenJDK 64-Bit Server VM Temurin-21.0.10+7 (21.0.10+7-LTS, mixed mode, sharing, tiered, compressed oops, compressed class ptrs, parallel gc, windows-amd64)
# No core dump will be written. Minidumps are not enabled by default on client versions of Windows
#

---------------  S U M M A R Y ------------

Command Line: --add-modules=ALL-SYSTEM --add-opens=java.base/java.util=ALL-UNNAMED --add-opens=java.base/java.lang=ALL-UNNAMED --add-opens=java.base/sun.nio.fs=ALL-UNNAMED -Declipse.application=org.eclipse.jdt.ls.core.id1 -Dosgi.bundles.defaultStartLevel=4 -Declipse.product=org.eclipse.jdt.ls.core.product -Djava.import.generatesMetadataFilesAtProjectRoot=false -DDetectVMInstallationsJob.disabled=true -Dfile.encoding=utf8 -XX:+UseParallelGC -XX:GCTimeRatio=4 -XX:AdaptiveSizePolicyWeight=90 -Dsun.zip.disableMemoryMapping=true -Xmx2G -Xms100m -Xlog:disable -javaagent:c:\Users\samar\.vscode\extensions\redhat.java-1.54.0-win32-x64\lombok\lombok-1.18.39-4050.jar -XX:+HeapDumpOnOutOfMemoryError -XX:HeapDumpPath=c:\Users\samar\AppData\Roaming\Code\User\workspaceStorage\5c70a8f4f5fc84a2eda576714860a8ac\redhat.java -Daether.dependencyCollector.impl=bf c:\Users\samar\.vscode\extensions\redhat.java-1.54.0-win32-x64\server\plugins\org.eclipse.equinox.launcher_1.7.100.v20251111-0406.jar -configuration c:\Users\samar\AppData\Roaming\Code\User\globalStorage\redhat.java\1.54.0\config_win -data c:\Users\samar\AppData\Roaming\Code\User\workspaceStorage\5c70a8f4f5fc84a2eda576714860a8ac\redhat.java\jdt_ws --pipe=\\.\pipe\lsp-7483aa1d3e3f186c05661234de539627-sock

Host: 12th Gen Intel(R) Core(TM) i5-1235U, 12 cores, 7G,  Windows 11 , 64 bit Build 26100 (10.0.26100.8246)
Time: Tue Apr 28 10:03:52 2026 India Standard Time elapsed time: 4258.256722 seconds (0d 1h 10m 58s)

---------------  T H R E A D  ---------------

Current thread (0x00000140fbc519d0):  JavaThread "Attach Listener" daemon [_thread_in_vm, id=19900, stack(0x000000247ed00000,0x000000247ee00000) (1024K)]

Stack: [0x000000247ed00000,0x000000247ee00000]
Native frames: (J=compiled Java code, j=interpreted, Vv=VM code, C=native code)
V  [jvm.dll+0x6d7a39]
V  [jvm.dll+0x8b4b26]
V  [jvm.dll+0x8b70de]
V  [jvm.dll+0x8b77c3]
V  [jvm.dll+0x284346]
V  [jvm.dll+0xc1277]
V  [jvm.dll+0x6d82e9]
V  [jvm.dll+0x1334a6]
V  [jvm.dll+0x3f857e]
V  [jvm.dll+0x85f59d]
V  [jvm.dll+0x6d626d]
C  [ucrtbase.dll+0x37b0]
C  [KERNEL32.DLL+0x2e8d7]
C  [ntdll.dll+0x8c3fc]


---------------  P R O C E S S  ---------------

Threads class SMR info:
_java_thread_list=0x00000140de576780, length=47, elements={
0x00000140fb8cbfc0, 0x00000140fbc49400, 0x000001409633e800, 0x00000140fbc4fc00,
0x00000140fbc519d0, 0x00000140fbc54570, 0x00000140fbc54fd0, 0x00000140fbc57e20,
0x00000140d87fd810, 0x00000140d89b2a80, 0x00000140d8ac1e20, 0x00000140d9da1ca0,
0x00000140d8a31e80, 0x00000140d973e760, 0x00000140d8977900, 0x00000140de2f7000,
0x00000140d9d576c0, 0x00000140de9a8b00, 0x00000140d89a8fb0, 0x00000140ded90e60,
0x00000140ded91b80, 0x00000140ded92f30, 0x00000140ded93c50, 0x00000140ded928a0,
0x00000140ded935c0, 0x00000140ded94970, 0x00000140ded914f0, 0x00000140ded95000,
0x00000140ded92210, 0x00000140ded96a40, 0x00000140ded970d0, 0x00000140ded97760,
0x00000140ded95690, 0x00000140ded95d20, 0x00000140ded963b0, 0x00000140dff33630,
0x00000140dff33cc0, 0x00000140d8a4e0c0, 0x00000140d8a4b2d0, 0x00000140d8a50190,
0x00000140d8a50820, 0x00000140d89a8920, 0x00000140d8a4c680, 0x00000140d8a4d3a0,
0x00000140d8a4ede0, 0x00000140d8a4bff0, 0x00000140d8a4cd10
}

Java Threads: ( => current thread )
  0x00000140fb8cbfc0 JavaThread "main"                              [_thread_blocked, id=25200, stack(0x000000247e600000,0x000000247e700000) (1024K)]
  0x00000140fbc49400 JavaThread "Reference Handler"          daemon [_thread_blocked, id=22256, stack(0x000000247ea00000,0x000000247eb00000) (1024K)]
  0x000001409633e800 JavaThread "Finalizer"                  daemon [_thread_blocked, id=26400, stack(0x000000247eb00000,0x000000247ec00000) (1024K)]
  0x00000140fbc4fc00 JavaThread "Signal Dispatcher"          daemon [_thread_blocked, id=24516, stack(0x000000247ec00000,0x000000247ed00000) (1024K)]
=>0x00000140fbc519d0 JavaThread "Attach Listener"            daemon [_thread_in_vm, id=19900, stack(0x000000247ed00000,0x000000247ee00000) (1024K)]
  0x00000140fbc54570 JavaThread "Service Thread"             daemon [_thread_blocked, id=12572, stack(0x000000247ee00000,0x000000247ef00000) (1024K)]
  0x00000140fbc54fd0 JavaThread "Monitor Deflation Thread"   daemon [_thread_blocked, id=8380, stack(0x000000247ef00000,0x000000247f000000) (1024K)]
  0x00000140fbc57e20 JavaThread "C2 CompilerThread0"         daemon [_thread_blocked, id=11980, stack(0x000000247f000000,0x000000247f100000) (1024K)]
  0x00000140d87fd810 JavaThread "C1 CompilerThread0"         daemon [_thread_blocked, id=24564, stack(0x000000247f100000,0x000000247f200000) (1024K)]
  0x00000140d89b2a80 JavaThread "Common-Cleaner"             daemon [_thread_blocked, id=29100, stack(0x000000247f300000,0x000000247f400000) (1024K)]
  0x00000140d8ac1e20 JavaThread "Notification Thread"        daemon [_thread_blocked, id=7968, stack(0x000000247f200000,0x000000247f300000) (1024K)]
  0x00000140d9da1ca0 JavaThread "Active Thread: Equinox Container: d9738632-6cd4-457f-8fdc-53da81f81b47"        [_thread_blocked, id=10288, stack(0x000000247f400000,0x000000247f500000) (1024K)]
  0x00000140d8a31e80 JavaThread "Refresh Thread: Equinox Container: d9738632-6cd4-457f-8fdc-53da81f81b47" daemon [_thread_blocked, id=7728, stack(0x000000247fc00000,0x000000247fd00000) (1024K)]
  0x00000140d973e760 JavaThread "Framework Event Dispatcher: Equinox Container: d9738632-6cd4-457f-8fdc-53da81f81b47" daemon [_thread_blocked, id=21644, stack(0x000000247fd00000,0x000000247fe00000) (1024K)]
  0x00000140d8977900 JavaThread "Start Level: Equinox Container: d9738632-6cd4-457f-8fdc-53da81f81b47" daemon [_thread_blocked, id=5468, stack(0x000000247fe00000,0x000000247ff00000) (1024K)]
  0x00000140de2f7000 JavaThread "Bundle File Closer"         daemon [_thread_blocked, id=13180, stack(0x0000002400100000,0x0000002400200000) (1024K)]
  0x00000140d9d576c0 JavaThread "SCR Component Actor"        daemon [_thread_blocked, id=4268, stack(0x0000002400200000,0x0000002400300000) (1024K)]
  0x00000140de9a8b00 JavaThread "Worker-JM"                         [_thread_blocked, id=12672, stack(0x0000002400300000,0x0000002400400000) (1024K)]
  0x00000140d89a8fb0 JavaThread "JNA Cleaner"                daemon [_thread_blocked, id=25768, stack(0x0000002400400000,0x0000002400500000) (1024K)]
  0x00000140ded90e60 JavaThread "Java indexing"              daemon [_thread_blocked, id=5316, stack(0x0000002400800000,0x0000002400900000) (1024K)]
  0x00000140ded91b80 JavaThread "Worker-4"                          [_thread_blocked, id=27828, stack(0x0000002400c00000,0x0000002400d00000) (1024K)]
  0x00000140ded92f30 JavaThread "Thread-1"                   daemon [_thread_in_native, id=12728, stack(0x0000002400e00000,0x0000002400f00000) (1024K)]
  0x00000140ded93c50 JavaThread "Thread-2"                   daemon [_thread_in_native, id=20816, stack(0x0000002400f00000,0x0000002401000000) (1024K)]
  0x00000140ded928a0 JavaThread "Thread-3"                   daemon [_thread_in_native, id=17568, stack(0x0000002401000000,0x0000002401100000) (1024K)]
  0x00000140ded935c0 JavaThread "Thread-4"                   daemon [_thread_in_native, id=1940, stack(0x0000002401100000,0x0000002401200000) (1024K)]
  0x00000140ded94970 JavaThread "Thread-5"                   daemon [_thread_in_native, id=28380, stack(0x0000002401200000,0x0000002401300000) (1024K)]
  0x00000140ded914f0 JavaThread "Thread-6"                   daemon [_thread_in_native, id=10724, stack(0x0000002401300000,0x0000002401400000) (1024K)]
  0x00000140ded95000 JavaThread "Thread-7"                   daemon [_thread_in_native, id=6296, stack(0x0000002401400000,0x0000002401500000) (1024K)]
  0x00000140ded92210 JavaThread "Thread-8"                   daemon [_thread_in_native, id=27996, stack(0x0000002401500000,0x0000002401600000) (1024K)]
  0x00000140ded96a40 JavaThread "Thread-9"                   daemon [_thread_in_native, id=27592, stack(0x0000002401600000,0x0000002401700000) (1024K)]
  0x00000140ded970d0 JavaThread "Thread-10"                  daemon [_thread_in_native, id=9976, stack(0x0000002401700000,0x0000002401800000) (1024K)]
  0x00000140ded97760 JavaThread "Thread-11"                  daemon [_thread_in_native, id=28660, stack(0x0000002401800000,0x0000002401900000) (1024K)]
  0x00000140ded95690 JavaThread "Thread-12"                  daemon [_thread_in_native, id=17396, stack(0x0000002401900000,0x0000002401a00000) (1024K)]
  0x00000140ded95d20 JavaThread "Thread-13"                  daemon [_thread_in_native, id=20796, stack(0x0000002401a00000,0x0000002401b00000) (1024K)]
  0x00000140ded963b0 JavaThread "pool-2-thread-1"                   [_thread_blocked, id=18884, stack(0x0000002401b00000,0x0000002401c00000) (1024K)]
  0x00000140dff33630 JavaThread "WorkspaceEventsHandler"            [_thread_blocked, id=13136, stack(0x0000002401d00000,0x0000002401e00000) (1024K)]
  0x00000140dff33cc0 JavaThread "pool-1-thread-1"                   [_thread_blocked, id=1376, stack(0x0000002401e00000,0x0000002401f00000) (1024K)]
  0x00000140d8a4e0c0 JavaThread "Cleaner-0"                  daemon [_thread_blocked, id=10316, stack(0x0000002400d00000,0x0000002400e00000) (1024K)]
  0x00000140d8a4b2d0 JavaThread "Java Debug Server"          daemon [_thread_in_native, id=6156, stack(0x0000002400500000,0x0000002400600000) (1024K)]
  0x00000140d8a50190 JavaThread "RxSchedulerPurge-1"         daemon [_thread_blocked, id=12000, stack(0x0000002400900000,0x0000002400a00000) (1024K)]
  0x00000140d8a50820 JavaThread "RxCachedWorkerPoolEvictor-1" daemon [_thread_blocked, id=22496, stack(0x0000002400a00000,0x0000002400b00000) (1024K)]
  0x00000140d89a8920 JavaThread "Worker-6"                          [_thread_blocked, id=20356, stack(0x0000002400700000,0x0000002400800000) (1024K)]
  0x00000140d8a4c680 JavaThread "pool-4-thread-5"                   [_thread_in_native, id=11520, stack(0x0000002402100000,0x0000002402200000) (1024K)]
  0x00000140d8a4d3a0 JavaThread "RxNewThreadScheduler-10"    daemon [_thread_blocked, id=29084, stack(0x0000002402300000,0x0000002402400000) (1024K)]
  0x00000140d8a4ede0 JavaThread "process reaper (pid 4976)"  daemon [_thread_in_native, id=15164, stack(0x0000002402500000,0x0000002402520000) (128K)]
  0x00000140d8a4bff0 JavaThread "ForkJoinPool.commonPool-worker-19" daemon [_thread_blocked, id=31212, stack(0x0000002400600000,0x0000002400700000) (1024K)]
  0x00000140d8a4cd10 JavaThread "ForkJoinPool.commonPool-worker-21" daemon [_thread_blocked, id=7832, stack(0x0000002401c00000,0x0000002401d00000) (1024K)]
Total: 47

Other Threads:
  0x00000140fbc44a20 VMThread "VM Thread"                           [id=26628, stack(0x000000247e900000,0x000000247ea00000) (1024K)]
  0x000001409621ca00 WatcherThread "VM Periodic Task Thread"        [id=18912, stack(0x000000247e800000,0x000000247e900000) (1024K)]
  0x00000140fbbc4aa0 WorkerThread "GC Thread#0"                     [id=23964, stack(0x000000247e700000,0x000000247e800000) (1024K)]
  0x00000140d997a330 WorkerThread "GC Thread#1"                     [id=23284, stack(0x000000247f500000,0x000000247f600000) (1024K)]
  0x00000140d997a6e0 WorkerThread "GC Thread#2"                     [id=17080, stack(0x000000247f600000,0x000000247f700000) (1024K)]
  0x00000140d9da5a90 WorkerThread "GC Thread#3"                     [id=17708, stack(0x000000247f700000,0x000000247f800000) (1024K)]
  0x00000140d99931c0 WorkerThread "GC Thread#4"                     [id=23392, stack(0x000000247f800000,0x000000247f900000) (1024K)]
  0x00000140d9993570 WorkerThread "GC Thread#5"                     [id=6812, stack(0x000000247f900000,0x000000247fa00000) (1024K)]
  0x00000140d9993920 WorkerThread "GC Thread#6"                     [id=8592, stack(0x000000247fa00000,0x000000247fb00000) (1024K)]
  0x00000140d9a376d0 WorkerThread "GC Thread#7"                     [id=22204, stack(0x000000247fb00000,0x000000247fc00000) (1024K)]
  0x00000140de48e040 WorkerThread "GC Thread#8"                     [id=14932, stack(0x000000247ff00000,0x0000002480000000) (1024K)]
  0x00000140d98ee400 WorkerThread "GC Thread#9"                     [id=13484, stack(0x0000002400000000,0x0000002400100000) (1024K)]
Total: 12

Threads with active compile tasks:
Total: 0

VM state: not at safepoint (normal execution)

VM Mutex/Monitor currently owned by a thread: None

Heap address: 0x0000000080000000, size: 2048 MB, Compressed Oops mode: 32-bit

CDS archive(s) mapped at: [0x0000014097000000-0x0000014097ba0000-0x0000014097ba0000), size 12189696, SharedBaseAddress: 0x0000014097000000, ArchiveRelocationMode: 1.
Compressed class space mapped at: 0x0000014098000000-0x00000140d8000000, reserved size: 1073741824
Narrow klass base: 0x0000014097000000, Narrow klass shift: 0, Narrow klass range: 0x100000000

GC Precious Log:
 CardTable entry size: 512
 CPUs: 12 total, 12 available
 Memory: 7863M
 Large Page Support: Disabled
 NUMA Support: Disabled
 Compressed Oops: Enabled (32-bit)
 Alignments: Space 512K, Generation 512K, Heap 2M
 Heap Min Capacity: 100M
 Heap Initial Capacity: 100M
 Heap Max Capacity: 2G
 Pre-touch: Disabled
 Parallel Workers: 10

Heap:
 PSYoungGen      total 5120K, used 3146K [0x00000000d5580000, 0x00000000d5c00000, 0x0000000100000000)
  eden space 4608K, 62% used [0x00000000d5580000,0x00000000d584a858,0x00000000d5a00000)
  from space 512K, 56% used [0x00000000d5b00000,0x00000000d5b48020,0x00000000d5b80000)
  to   space 512K, 0% used [0x00000000d5b80000,0x00000000d5b80000,0x00000000d5c00000)
 ParOldGen       total 302592K, used 302543K [0x0000000080000000, 0x0000000092780000, 0x00000000d5580000)
  object space 302592K, 99% used [0x0000000080000000,0x0000000092773ff0,0x0000000092780000)
 Metaspace       used 76801K, committed 78464K, reserved 1179648K
  class space    used 8167K, committed 8896K, reserved 1048576K

Card table byte_map: [0x00000140fd750000,0x00000140fdb60000] _byte_map_base: 0x00000140fd350000

Marking Bits: (ParMarkBitMap*) 0x00007ffb9d0e3450
 Begin Bits: [0x0000014092140000, 0x0000014094140000)
 End Bits:   [0x0000014094140000, 0x0000014096140000)

Polling page: 0x00000140fbc70000

Metaspace:

Usage:
  Non-class:     67.03 MB used.
      Class:      7.98 MB used.
       Both:     75.00 MB used.

Virtual space:
  Non-class space:      128.00 MB reserved,      67.94 MB ( 53%) committed,  2 nodes.
      Class space:        1.00 GB reserved,       8.69 MB ( <1%) committed,  1 nodes.
             Both:        1.12 GB reserved,      76.62 MB (  7%) committed. 

Chunk freelists:
   Non-Class:  11.75 MB
       Class:  7.24 MB
        Both:  18.99 MB

MaxMetaspaceSize: unlimited
CompressedClassSpaceSize: 1.00 GB
Initial GC threshold: 21.00 MB
Current GC threshold: 97.31 MB
CDS: on
 - commit_granule_bytes: 65536.
 - commit_granule_words: 8192.
 - virtual_space_node_default_size: 8388608.
 - enlarge_chunks_in_place: 1.
 - use_allocation_guard: 0.


Internal statistics:

num_allocs_failed_limit: 9.
num_arena_births: 1420.
num_arena_deaths: 24.
num_vsnodes_births: 3.
num_vsnodes_deaths: 0.
num_space_committed: 1226.
num_space_uncommitted: 0.
num_chunks_returned_to_freelist: 38.
num_chunks_taken_from_freelist: 5041.
num_chunk_merges: 17.
num_chunk_splits: 2987.
num_chunks_enlarged: 1553.
num_inconsistent_stats: 0.

CodeHeap 'non-profiled nmethods': size=120000Kb used=10295Kb max_used=10295Kb free=109704Kb
 bounds [0x000001408ac10000, 0x000001408b620000, 0x0000014092140000]
CodeHeap 'profiled nmethods': size=120000Kb used=30270Kb max_used=30270Kb free=89729Kb
 bounds [0x0000014083140000, 0x0000014084ed0000, 0x000001408a670000]
CodeHeap 'non-nmethods': size=5760Kb used=1502Kb max_used=1566Kb free=4258Kb
 bounds [0x000001408a670000, 0x000001408a8e0000, 0x000001408ac10000]
CodeCache: size=245760Kb, used=42067Kb, max_used=42131Kb, free=203691Kb
 total_blobs=14126, nmethods=13299, adapters=731, full_count=0
Compilation: enabled, stopped_count=0, restarted_count=0

Compilation events (20 events):
Event: 4183.430 Thread 0x00000140fbc57e20 nmethod 14134 0x000001408b61c390 code [0x000001408b61c580, 0x000001408b61ca98]
Event: 4183.521 Thread 0x00000140d87fd810 nmethod 14133 0x0000014084eca990 code [0x0000014084ecad20, 0x0000014084ecc508]
Event: 4183.645 Thread 0x00000140d87fd810 14140       3       org.eclipse.jface.text.templates.Template::<init> (25 bytes)
Event: 4183.658 Thread 0x00000140d87fd810 nmethod 14140 0x0000014084eccd90 code [0x0000014084eccf60, 0x0000014084ecd190]
Event: 4183.659 Thread 0x00000140d87fd810 14142       3       org.eclipse.text.templates.TemplateStoreCore::internalAdd (78 bytes)
Event: 4183.666 Thread 0x00000140d87fd810 nmethod 14142 0x0000014084ecd290 code [0x0000014084ecd4e0, 0x0000014084ecdcb8]
Event: 4183.666 Thread 0x00000140d87fd810 14141       3       org.eclipse.jdt.internal.core.manipulation.ProjectTemplateStore$1::add (6 bytes)
Event: 4183.668 Thread 0x00000140d87fd810 nmethod 14141 0x0000014084ecdf10 code [0x0000014084ece0c0, 0x0000014084ece280]
Event: 4183.715 Thread 0x00000140d87fd810 14143       1       org.eclipse.jdt.core.dom.NodeFinder::getCoveredNode (5 bytes)
Event: 4183.716 Thread 0x00000140d87fd810 nmethod 14143 0x000001408b61d810 code [0x000001408b61d9a0, 0x000001408b61da68]
Event: 4183.734 Thread 0x00000140d87fd810 14144       3       org.eclipse.jdt.ls.core.internal.handlers.JdtDomModels$LspVariableBinding::<init> (7 bytes)
Event: 4183.737 Thread 0x00000140d87fd810 nmethod 14144 0x0000014084ece310 code [0x0000014084ece4c0, 0x0000014084ece600]
Event: 4183.747 Thread 0x00000140d87fd810 14145       3       org.eclipse.jdt.core.NamingConventions::suggestGetterName (19 bytes)
Event: 4183.749 Thread 0x00000140d87fd810 nmethod 14145 0x0000014084ece690 code [0x0000014084ece8a0, 0x0000014084ececf8]
Event: 4183.785 Thread 0x00000140d87fd810 14146       3       java.util.stream.ReferencePipeline::findAny (12 bytes)
Event: 4183.805 Thread 0x00000140d87fd810 nmethod 14146 0x0000014084ecef10 code [0x0000014084ecf0e0, 0x0000014084ecf380]
Event: 4183.805 Thread 0x00000140d87fd810 14147       3       java.util.stream.FindOps$FindSink$OfRef$$Lambda/0x800000048::get (8 bytes)
Event: 4183.807 Thread 0x00000140d87fd810 nmethod 14147 0x0000014084ecf490 code [0x0000014084ecf640, 0x0000014084ecf8c0]
Event: 4183.817 Thread 0x00000140fbc57e20 14148       4       org.eclipse.jdt.internal.corext.dom.GenericVisitor::endVisit (6 bytes)
Event: 4183.824 Thread 0x00000140fbc57e20 nmethod 14148 0x000001408b61db10 code [0x000001408b61dca0, 0x000001408b61dd28]

GC Heap History (20 events):
Event: 3598.971 GC heap before
{Heap before GC invocations=565 (full 3):
 PSYoungGen      total 3072K, used 3056K [0x00000000d5580000, 0x00000000d5b80000, 0x0000000100000000)
  eden space 2048K, 99% used [0x00000000d5580000,0x00000000d577ffe8,0x00000000d5780000)
  from space 1024K, 98% used [0x00000000d5780000,0x00000000d587c020,0x00000000d5880000)
  to   space 2048K, 0% used [0x00000000d5980000,0x00000000d5980000,0x00000000d5b80000)
 ParOldGen       total 299008K, used 298690K [0x0000000080000000, 0x0000000092400000, 0x00000000d5580000)
  object space 299008K, 99% used [0x0000000080000000,0x00000000923b0b00,0x0000000092400000)
 Metaspace       used 76607K, committed 78144K, reserved 1179648K
  class space    used 8152K, committed 8832K, reserved 1048576K
}
Event: 3598.976 GC heap after
{Heap after GC invocations=565 (full 3):
 PSYoungGen      total 4096K, used 1312K [0x00000000d5580000, 0x00000000d5b00000, 0x0000000100000000)
  eden space 2560K, 0% used [0x00000000d5580000,0x00000000d5580000,0x00000000d5800000)
  from space 1536K, 85% used [0x00000000d5980000,0x00000000d5ac8010,0x00000000d5b00000)
  to   space 1536K, 0% used [0x00000000d5800000,0x00000000d5800000,0x00000000d5980000)
 ParOldGen       total 300032K, used 299562K [0x0000000080000000, 0x0000000092500000, 0x00000000d5580000)
  object space 300032K, 99% used [0x0000000080000000,0x000000009248ab10,0x0000000092500000)
 Metaspace       used 76607K, committed 78144K, reserved 1179648K
  class space    used 8152K, committed 8832K, reserved 1048576K
}
Event: 3598.989 GC heap before
{Heap before GC invocations=566 (full 3):
 PSYoungGen      total 4096K, used 3861K [0x00000000d5580000, 0x00000000d5b00000, 0x0000000100000000)
  eden space 2560K, 99% used [0x00000000d5580000,0x00000000d57fd6d8,0x00000000d5800000)
  from space 1536K, 85% used [0x00000000d5980000,0x00000000d5ac8010,0x00000000d5b00000)
  to   space 1536K, 0% used [0x00000000d5800000,0x00000000d5800000,0x00000000d5980000)
 ParOldGen       total 300032K, used 299578K [0x0000000080000000, 0x0000000092500000, 0x00000000d5580000)
  object space 300032K, 99% used [0x0000000080000000,0x000000009248eb20,0x0000000092500000)
 Metaspace       used 76607K, committed 78144K, reserved 1179648K
  class space    used 8152K, committed 8832K, reserved 1048576K
}
Event: 3598.994 GC heap after
{Heap after GC invocations=566 (full 3):
 PSYoungGen      total 4096K, used 1520K [0x00000000d5580000, 0x00000000d5f00000, 0x0000000100000000)
  eden space 2560K, 0% used [0x00000000d5580000,0x00000000d5580000,0x00000000d5800000)
  from space 1536K, 99% used [0x00000000d5800000,0x00000000d597c390,0x00000000d5980000)
  to   space 3584K, 0% used [0x00000000d5b80000,0x00000000d5b80000,0x00000000d5f00000)
 ParOldGen       total 301568K, used 301226K [0x0000000080000000, 0x0000000092680000, 0x00000000d5580000)
  object space 301568K, 99% used [0x0000000080000000,0x000000009262ab40,0x0000000092680000)
 Metaspace       used 76607K, committed 78144K, reserved 1179648K
  class space    used 8152K, committed 8832K, reserved 1048576K
}
Event: 3599.002 GC heap before
{Heap before GC invocations=567 (full 3):
 PSYoungGen      total 4096K, used 4080K [0x00000000d5580000, 0x00000000d5f00000, 0x0000000100000000)
  eden space 2560K, 100% used [0x00000000d5580000,0x00000000d5800000,0x00000000d5800000)
  from space 1536K, 99% used [0x00000000d5800000,0x00000000d597c390,0x00000000d5980000)
  to   space 3584K, 0% used [0x00000000d5b80000,0x00000000d5b80000,0x00000000d5f00000)
 ParOldGen       total 301568K, used 301263K [0x0000000080000000, 0x0000000092680000, 0x00000000d5580000)
  object space 301568K, 99% used [0x0000000080000000,0x0000000092633f50,0x0000000092680000)
 Metaspace       used 76607K, committed 78144K, reserved 1179648K
  class space    used 8152K, committed 8832K, reserved 1048576K
}
Event: 3599.006 GC heap after
{Heap after GC invocations=567 (full 3):
 PSYoungGen      total 3584K, used 192K [0x00000000d5580000, 0x00000000d5c00000, 0x0000000100000000)
  eden space 3072K, 0% used [0x00000000d5580000,0x00000000d5580000,0x00000000d5880000)
  from space 512K, 37% used [0x00000000d5b80000,0x00000000d5bb0000,0x00000000d5c00000)
  to   space 1536K, 0% used [0x00000000d5900000,0x00000000d5900000,0x00000000d5a80000)
 ParOldGen       total 302080K, used 301823K [0x0000000080000000, 0x0000000092700000, 0x00000000d5580000)
  object space 302080K, 99% used [0x0000000080000000,0x00000000926bff50,0x0000000092700000)
 Metaspace       used 76607K, committed 78144K, reserved 1179648K
  class space    used 8152K, committed 8832K, reserved 1048576K
}
Event: 3599.081 GC heap before
{Heap before GC invocations=568 (full 3):
 PSYoungGen      total 3584K, used 3264K [0x00000000d5580000, 0x00000000d5c00000, 0x0000000100000000)
  eden space 3072K, 100% used [0x00000000d5580000,0x00000000d5880000,0x00000000d5880000)
  from space 512K, 37% used [0x00000000d5b80000,0x00000000d5bb0000,0x00000000d5c00000)
  to   space 1536K, 0% used [0x00000000d5900000,0x00000000d5900000,0x00000000d5a80000)
 ParOldGen       total 302080K, used 301823K [0x0000000080000000, 0x0000000092700000, 0x00000000d5580000)
  object space 302080K, 99% used [0x0000000080000000,0x00000000926bff50,0x0000000092700000)
 Metaspace       used 76607K, committed 78144K, reserved 1179648K
  class space    used 8152K, committed 8832K, reserved 1048576K
}
Event: 3599.083 GC heap after
{Heap after GC invocations=568 (full 3):
 PSYoungGen      total 5120K, used 160K [0x00000000d5580000, 0x00000000d5c00000, 0x0000000100000000)
  eden space 3584K, 0% used [0x00000000d5580000,0x00000000d5580000,0x00000000d5900000)
  from space 1536K, 10% used [0x00000000d5900000,0x00000000d5928000,0x00000000d5a80000)
  to   space 512K, 0% used [0x00000000d5b80000,0x00000000d5b80000,0x00000000d5c00000)
 ParOldGen       total 302080K, used 301855K [0x0000000080000000, 0x0000000092700000, 0x00000000d5580000)
  object space 302080K, 99% used [0x0000000080000000,0x00000000926c7f50,0x0000000092700000)
 Metaspace       used 76607K, committed 78144K, reserved 1179648K
  class space    used 8152K, committed 8832K, reserved 1048576K
}
Event: 3599.126 GC heap before
{Heap before GC invocations=569 (full 3):
 PSYoungGen      total 5120K, used 3734K [0x00000000d5580000, 0x00000000d5c00000, 0x0000000100000000)
  eden space 3584K, 99% used [0x00000000d5580000,0x00000000d58fd8d8,0x00000000d5900000)
  from space 1536K, 10% used [0x00000000d5900000,0x00000000d5928000,0x00000000d5a80000)
  to   space 512K, 0% used [0x00000000d5b80000,0x00000000d5b80000,0x00000000d5c00000)
 ParOldGen       total 302080K, used 301855K [0x0000000080000000, 0x0000000092700000, 0x00000000d5580000)
  object space 302080K, 99% used [0x0000000080000000,0x00000000926c7f50,0x0000000092700000)
 Metaspace       used 76607K, committed 78144K, reserved 1179648K
  class space    used 8152K, committed 8832K, reserved 1048576K
}
Event: 3599.131 GC heap after
{Heap after GC invocations=569 (full 3):
 PSYoungGen      total 5120K, used 387K [0x00000000d5580000, 0x00000000d5c00000, 0x0000000100000000)
  eden space 4608K, 0% used [0x00000000d5580000,0x00000000d5580000,0x00000000d5a00000)
  from space 512K, 75% used [0x00000000d5b80000,0x00000000d5be0e98,0x00000000d5c00000)
  to   space 512K, 0% used [0x00000000d5b00000,0x00000000d5b00000,0x00000000d5b80000)
 ParOldGen       total 302080K, used 301919K [0x0000000080000000, 0x0000000092700000, 0x00000000d5580000)
  object space 302080K, 99% used [0x0000000080000000,0x00000000926d7f50,0x0000000092700000)
 Metaspace       used 76607K, committed 78144K, reserved 1179648K
  class space    used 8152K, committed 8832K, reserved 1048576K
}
Event: 3599.923 GC heap before
{Heap before GC invocations=570 (full 3):
 PSYoungGen      total 5120K, used 4995K [0x00000000d5580000, 0x00000000d5c00000, 0x0000000100000000)
  eden space 4608K, 100% used [0x00000000d5580000,0x00000000d5a00000,0x00000000d5a00000)
  from space 512K, 75% used [0x00000000d5b80000,0x00000000d5be0e98,0x00000000d5c00000)
  to   space 512K, 0% used [0x00000000d5b00000,0x00000000d5b00000,0x00000000d5b80000)
 ParOldGen       total 302080K, used 301919K [0x0000000080000000, 0x0000000092700000, 0x00000000d5580000)
  object space 302080K, 99% used [0x0000000080000000,0x00000000926d7f50,0x0000000092700000)
 Metaspace       used 76607K, committed 78144K, reserved 1179648K
  class space    used 8152K, committed 8832K, reserved 1048576K
}
Event: 3599.929 GC heap after
{Heap after GC invocations=570 (full 3):
 PSYoungGen      total 5120K, used 288K [0x00000000d5580000, 0x00000000d5c00000, 0x0000000100000000)
  eden space 4608K, 0% used [0x00000000d5580000,0x00000000d5580000,0x00000000d5a00000)
  from space 512K, 56% used [0x00000000d5b00000,0x00000000d5b48000,0x00000000d5b80000)
  to   space 512K, 0% used [0x00000000d5b80000,0x00000000d5b80000,0x00000000d5c00000)
 ParOldGen       total 302080K, used 301943K [0x0000000080000000, 0x0000000092700000, 0x00000000d5580000)
  object space 302080K, 99% used [0x0000000080000000,0x00000000926ddf50,0x0000000092700000)
 Metaspace       used 76607K, committed 78144K, reserved 1179648K
  class space    used 8152K, committed 8832K, reserved 1048576K
}
Event: 3601.654 GC heap before
{Heap before GC invocations=571 (full 3):
 PSYoungGen      total 5120K, used 4896K [0x00000000d5580000, 0x00000000d5c00000, 0x0000000100000000)
  eden space 4608K, 100% used [0x00000000d5580000,0x00000000d5a00000,0x00000000d5a00000)
  from space 512K, 56% used [0x00000000d5b00000,0x00000000d5b48000,0x00000000d5b80000)
  to   space 512K, 0% used [0x00000000d5b80000,0x00000000d5b80000,0x00000000d5c00000)
 ParOldGen       total 302080K, used 301943K [0x0000000080000000, 0x0000000092700000, 0x00000000d5580000)
  object space 302080K, 99% used [0x0000000080000000,0x00000000926ddf50,0x0000000092700000)
 Metaspace       used 76607K, committed 78144K, reserved 1179648K
  class space    used 8152K, committed 8832K, reserved 1048576K
}
Event: 3601.658 GC heap after
{Heap after GC invocations=571 (full 3):
 PSYoungGen      total 5120K, used 352K [0x00000000d5580000, 0x00000000d5c00000, 0x0000000100000000)
  eden space 4608K, 0% used [0x00000000d5580000,0x00000000d5580000,0x00000000d5a00000)
  from space 512K, 68% used [0x00000000d5b80000,0x00000000d5bd8000,0x00000000d5c00000)
  to   space 512K, 0% used [0x00000000d5b00000,0x00000000d5b00000,0x00000000d5b80000)
 ParOldGen       total 302080K, used 301999K [0x0000000080000000, 0x0000000092700000, 0x00000000d5580000)
  object space 302080K, 99% used [0x0000000080000000,0x00000000926ebf50,0x0000000092700000)
 Metaspace       used 76607K, committed 78144K, reserved 1179648K
  class space    used 8152K, committed 8832K, reserved 1048576K
}
Event: 3649.351 GC heap before
{Heap before GC invocations=572 (full 3):
 PSYoungGen      total 5120K, used 4960K [0x00000000d5580000, 0x00000000d5c00000, 0x0000000100000000)
  eden space 4608K, 100% used [0x00000000d5580000,0x00000000d5a00000,0x00000000d5a00000)
  from space 512K, 68% used [0x00000000d5b80000,0x00000000d5bd8000,0x00000000d5c00000)
  to   space 512K, 0% used [0x00000000d5b00000,0x00000000d5b00000,0x00000000d5b80000)
 ParOldGen       total 302080K, used 301999K [0x0000000080000000, 0x0000000092700000, 0x00000000d5580000)
  object space 302080K, 99% used [0x0000000080000000,0x00000000926ebf50,0x0000000092700000)
 Metaspace       used 76653K, committed 78208K, reserved 1179648K
  class space    used 8155K, committed 8832K, reserved 1048576K
}
Event: 3649.542 GC heap after
{Heap after GC invocations=572 (full 3):
 PSYoungGen      total 5120K, used 496K [0x00000000d5580000, 0x00000000d5c00000, 0x0000000100000000)
  eden space 4608K, 0% used [0x00000000d5580000,0x00000000d5580000,0x00000000d5a00000)
  from space 512K, 96% used [0x00000000d5b00000,0x00000000d5b7c040,0x00000000d5b80000)
  to   space 512K, 0% used [0x00000000d5b80000,0x00000000d5b80000,0x00000000d5c00000)
 ParOldGen       total 302592K, used 302247K [0x0000000080000000, 0x0000000092780000, 0x00000000d5580000)
  object space 302592K, 99% used [0x0000000080000000,0x0000000092729f80,0x0000000092780000)
 Metaspace       used 76653K, committed 78208K, reserved 1179648K
  class space    used 8155K, committed 8832K, reserved 1048576K
}
Event: 3832.266 GC heap before
{Heap before GC invocations=573 (full 3):
 PSYoungGen      total 5120K, used 5104K [0x00000000d5580000, 0x00000000d5c00000, 0x0000000100000000)
  eden space 4608K, 100% used [0x00000000d5580000,0x00000000d5a00000,0x00000000d5a00000)
  from space 512K, 96% used [0x00000000d5b00000,0x00000000d5b7c040,0x00000000d5b80000)
  to   space 512K, 0% used [0x00000000d5b80000,0x00000000d5b80000,0x00000000d5c00000)
 ParOldGen       total 302592K, used 302247K [0x0000000080000000, 0x0000000092780000, 0x00000000d5580000)
  object space 302592K, 99% used [0x0000000080000000,0x0000000092729f80,0x0000000092780000)
 Metaspace       used 76723K, committed 78272K, reserved 1179648K
  class space    used 8161K, committed 8832K, reserved 1048576K
}
Event: 3832.482 GC heap after
{Heap after GC invocations=573 (full 3):
 PSYoungGen      total 5120K, used 288K [0x00000000d5580000, 0x00000000d5c00000, 0x0000000100000000)
  eden space 4608K, 0% used [0x00000000d5580000,0x00000000d5580000,0x00000000d5a00000)
  from space 512K, 56% used [0x00000000d5b80000,0x00000000d5bc8000,0x00000000d5c00000)
  to   space 512K, 0% used [0x00000000d5b00000,0x00000000d5b00000,0x00000000d5b80000)
 ParOldGen       total 302592K, used 302495K [0x0000000080000000, 0x0000000092780000, 0x00000000d5580000)
  object space 302592K, 99% used [0x0000000080000000,0x0000000092767ff0,0x0000000092780000)
 Metaspace       used 76723K, committed 78272K, reserved 1179648K
  class space    used 8161K, committed 8832K, reserved 1048576K
}
Event: 3876.653 GC heap before
{Heap before GC invocations=574 (full 3):
 PSYoungGen      total 5120K, used 4896K [0x00000000d5580000, 0x00000000d5c00000, 0x0000000100000000)
  eden space 4608K, 100% used [0x00000000d5580000,0x00000000d5a00000,0x00000000d5a00000)
  from space 512K, 56% used [0x00000000d5b80000,0x00000000d5bc8000,0x00000000d5c00000)
  to   space 512K, 0% used [0x00000000d5b00000,0x00000000d5b00000,0x00000000d5b80000)
 ParOldGen       total 302592K, used 302495K [0x0000000080000000, 0x0000000092780000, 0x00000000d5580000)
  object space 302592K, 99% used [0x0000000080000000,0x0000000092767ff0,0x0000000092780000)
 Metaspace       used 76770K, committed 78336K, reserved 1179648K
  class space    used 8161K, committed 8832K, reserved 1048576K
}
Event: 3876.848 GC heap after
{Heap after GC invocations=574 (full 3):
 PSYoungGen      total 5120K, used 288K [0x00000000d5580000, 0x00000000d5c00000, 0x0000000100000000)
  eden space 4608K, 0% used [0x00000000d5580000,0x00000000d5580000,0x00000000d5a00000)
  from space 512K, 56% used [0x00000000d5b00000,0x00000000d5b48020,0x00000000d5b80000)
  to   space 512K, 0% used [0x00000000d5b80000,0x00000000d5b80000,0x00000000d5c00000)
 ParOldGen       total 302592K, used 302543K [0x0000000080000000, 0x0000000092780000, 0x00000000d5580000)
  object space 302592K, 99% used [0x0000000080000000,0x0000000092773ff0,0x0000000092780000)
 Metaspace       used 76770K, committed 78336K, reserved 1179648K
  class space    used 8161K, committed 8832K, reserved 1048576K
}

Dll operation events (12 events):
Event: 0.200 Loaded shared library c:\Users\samar\.vscode\extensions\redhat.java-1.54.0-win32-x64\jre\21.0.10-win32-x86_64\bin\java.dll
Event: 6.805 Loaded shared library c:\Users\samar\.vscode\extensions\redhat.java-1.54.0-win32-x64\jre\21.0.10-win32-x86_64\bin\zip.dll
Event: 6.931 Loaded shared library C:\Users\samar\.vscode\extensions\redhat.java-1.54.0-win32-x64\jre\21.0.10-win32-x86_64\bin\instrument.dll
Event: 6.950 Loaded shared library C:\Users\samar\.vscode\extensions\redhat.java-1.54.0-win32-x64\jre\21.0.10-win32-x86_64\bin\net.dll
Event: 6.967 Loaded shared library C:\Users\samar\.vscode\extensions\redhat.java-1.54.0-win32-x64\jre\21.0.10-win32-x86_64\bin\nio.dll
Event: 6.988 Loaded shared library C:\Users\samar\.vscode\extensions\redhat.java-1.54.0-win32-x64\jre\21.0.10-win32-x86_64\bin\zip.dll
Event: 7.085 Loaded shared library C:\Users\samar\.vscode\extensions\redhat.java-1.54.0-win32-x64\jre\21.0.10-win32-x86_64\bin\jimage.dll
Event: 7.443 Loaded shared library c:\Users\samar\.vscode\extensions\redhat.java-1.54.0-win32-x64\jre\21.0.10-win32-x86_64\bin\verify.dll
Event: 13.012 Loaded shared library C:\Users\samar\AppData\Roaming\Code\User\globalStorage\redhat.java\1.54.0\config_win\org.eclipse.equinox.launcher\org.eclipse.equinox.launcher.win32.win32.x86_64_1.3.0.v20260203-2149\eclipse_11919.dll
Event: 23.083 Loaded shared library C:\Users\samar\AppData\Local\Temp\jna-109202512\jna10132333304529466896.dll
Event: 31.185 Loaded shared library C:\Users\samar\.vscode\extensions\redhat.java-1.54.0-win32-x64\jre\21.0.10-win32-x86_64\bin\sunmscapi.dll
Event: 32.837 Loaded shared library C:\Users\samar\.vscode\extensions\redhat.java-1.54.0-win32-x64\jre\21.0.10-win32-x86_64\bin\extnet.dll

Deoptimization events (20 events):
Event: 475.303 Thread 0x00000140ded91b80 DEOPT PACKING pc=0x000001408af07bd4 sp=0x0000002400cff120
Event: 475.303 Thread 0x00000140ded91b80 DEOPT UNPACKING pc=0x000001408a6c3aa2 sp=0x0000002400cfefd8 mode 2
Event: 3603.664 Thread 0x00000140d8a50190 Uncommon trap: trap_request=0xffffff45 fr.pc=0x000001408b5e915c relative=0x000000000000075c
Event: 3603.666 Thread 0x00000140d8a50190 Uncommon trap: reason=unstable_if action=reinterpret pc=0x000001408b5e915c method=java.util.concurrent.ScheduledThreadPoolExecutor$DelayedWorkQueue$Itr.hasNext()Z @ 9 c2
Event: 3603.667 Thread 0x00000140d8a50190 DEOPT PACKING pc=0x000001408b5e915c sp=0x00000024009fec80
Event: 3603.669 Thread 0x00000140d8a50190 DEOPT UNPACKING pc=0x000001408a6c3aa2 sp=0x00000024009febe0 mode 2
Event: 3604.374 Thread 0x00000140d8a4c680 DEOPT PACKING pc=0x0000014084c0c501 sp=0x00000024021fea40
Event: 3604.375 Thread 0x00000140d8a4c680 DEOPT UNPACKING pc=0x000001408a6c4242 sp=0x00000024021fded0 mode 0
Event: 3604.375 Thread 0x00000140d8a4c680 DEOPT PACKING pc=0x0000014084c0c501 sp=0x00000024021fea40
Event: 3604.376 Thread 0x00000140d8a4c680 DEOPT UNPACKING pc=0x000001408a6c4242 sp=0x00000024021fded0 mode 0
Event: 3604.466 Thread 0x00000140d8a4d3a0 DEOPT PACKING pc=0x00000140846699ab sp=0x00000024023fe790
Event: 3604.467 Thread 0x00000140d8a4d3a0 DEOPT UNPACKING pc=0x000001408a6c4242 sp=0x00000024023fdc50 mode 0
Event: 3693.252 Thread 0x00000140ded942e0 Uncommon trap: trap_request=0xffffff45 fr.pc=0x000001408b550b34 relative=0x0000000000000094
Event: 3693.253 Thread 0x00000140ded942e0 Uncommon trap: reason=unstable_if action=reinterpret pc=0x000001408b550b34 method=java.util.LinkedHashMap.afterNodeInsertion(Z)V @ 18 c2
Event: 3693.253 Thread 0x00000140ded942e0 DEOPT PACKING pc=0x000001408b550b34 sp=0x0000002400bfeb70
Event: 3693.255 Thread 0x00000140ded942e0 DEOPT UNPACKING pc=0x000001408a6c3aa2 sp=0x0000002400bfeaf0 mode 2
Event: 3859.325 Thread 0x00000140dff33cc0 Uncommon trap: trap_request=0xffffff45 fr.pc=0x000001408afcd614 relative=0x00000000000001d4
Event: 3859.326 Thread 0x00000140dff33cc0 Uncommon trap: reason=unstable_if action=reinterpret pc=0x000001408afcd614 method=java.io.BufferedOutputStream.implWrite([BII)V @ 5 c2
Event: 3859.326 Thread 0x00000140dff33cc0 DEOPT PACKING pc=0x000001408afcd614 sp=0x0000002401efe310
Event: 3859.328 Thread 0x00000140dff33cc0 DEOPT UNPACKING pc=0x000001408a6c3aa2 sp=0x0000002401efe2d8 mode 2

Classes loaded (20 events):
Event: 219.473 Loading class java/util/TaskQueue
Event: 219.473 Loading class java/util/TaskQueue done
Event: 219.473 Loading class java/util/TimerThread
Event: 219.474 Loading class java/util/TimerThread done
Event: 219.475 Loading class java/util/Timer$ThreadReaper
Event: 219.475 Loading class java/util/Timer$ThreadReaper done
Event: 219.487 Loading class java/util/concurrent/CompletableFuture$UniWhenComplete
Event: 219.487 Loading class java/util/concurrent/CompletableFuture$UniWhenComplete done
Event: 219.488 Loading class java/util/concurrent/CompletableFuture$UniCompose
Event: 219.489 Loading class java/util/concurrent/CompletableFuture$UniCompose done
Event: 219.491 Loading class java/util/concurrent/CompletableFuture$UniRelay
Event: 219.492 Loading class java/util/concurrent/CompletableFuture$UniRelay done
Event: 219.664 Loading class java/util/concurrent/ScheduledThreadPoolExecutor$DelayedWorkQueue$Itr
Event: 219.665 Loading class java/util/concurrent/ScheduledThreadPoolExecutor$DelayedWorkQueue$Itr done
Event: 227.674 Loading class java/lang/ProcessHandleImpl$ExitCompletion
Event: 227.675 Loading class java/lang/ProcessHandleImpl$ExitCompletion done
Event: 227.676 Loading class java/lang/ProcessHandleImpl$1
Event: 227.676 Loading class java/lang/ProcessHandleImpl$1 done
Event: 227.693 Loading class java/util/concurrent/CompletableFuture$UniHandle
Event: 227.694 Loading class java/util/concurrent/CompletableFuture$UniHandle done

Classes unloaded (12 events):
Event: 25.947 Thread 0x00000140fbc44a20 Unloading class 0x00000140981a8c00 'java/lang/invoke/LambdaForm$MH+0x00000140981a8c00'
Event: 25.947 Thread 0x00000140fbc44a20 Unloading class 0x00000140981a8800 'java/lang/invoke/LambdaForm$MH+0x00000140981a8800'
Event: 25.947 Thread 0x00000140fbc44a20 Unloading class 0x00000140981a8400 'java/lang/invoke/LambdaForm$MH+0x00000140981a8400'
Event: 25.947 Thread 0x00000140fbc44a20 Unloading class 0x00000140981a8000 'java/lang/invoke/LambdaForm$MH+0x00000140981a8000'
Event: 25.947 Thread 0x00000140fbc44a20 Unloading class 0x00000140981a7c00 'java/lang/invoke/LambdaForm$BMH+0x00000140981a7c00'
Event: 25.947 Thread 0x00000140fbc44a20 Unloading class 0x00000140981a7800 'java/lang/invoke/LambdaForm$DMH+0x00000140981a7800'
Event: 25.947 Thread 0x00000140fbc44a20 Unloading class 0x00000140981a6400 'java/lang/invoke/LambdaForm$DMH+0x00000140981a6400'
Event: 47.565 Thread 0x00000140fbc44a20 Unloading class 0x00000140985dbc00 'java/lang/invoke/LambdaForm$MH+0x00000140985dbc00'
Event: 47.565 Thread 0x00000140fbc44a20 Unloading class 0x00000140985db000 'java/lang/invoke/LambdaForm$MH+0x00000140985db000'
Event: 47.565 Thread 0x00000140fbc44a20 Unloading class 0x00000140985da800 'java/lang/invoke/LambdaForm$MH+0x00000140985da800'
Event: 47.565 Thread 0x00000140fbc44a20 Unloading class 0x00000140985da000 'java/lang/invoke/LambdaForm$MH+0x00000140985da000'
Event: 47.565 Thread 0x00000140fbc44a20 Unloading class 0x00000140985d9c00 'java/lang/invoke/LambdaForm$DMH+0x00000140985d9c00'

Classes redefined (0 events):
No events

Internal exceptions (20 events):
Event: 3598.348 Thread 0x00000140ded942e0 Exception <a 'sun/nio/fs/WindowsException'{0x00000000d574bac8}> (0x00000000d574bac8) 
thrown [s\src\hotspot\share\prims\jni.cpp, line 520]
Event: 3598.349 Thread 0x00000140ded942e0 Exception <a 'sun/nio/fs/WindowsException'{0x00000000d574c3a8}> (0x00000000d574c3a8) 
thrown [s\src\hotspot\share\prims\jni.cpp, line 520]
Event: 3598.350 Thread 0x00000140ded942e0 Exception <a 'sun/nio/fs/WindowsException'{0x00000000d574d6a8}> (0x00000000d574d6a8) 
thrown [s\src\hotspot\share\prims\jni.cpp, line 520]
Event: 3598.350 Thread 0x00000140ded942e0 Exception <a 'sun/nio/fs/WindowsException'{0x00000000d574df88}> (0x00000000d574df88) 
thrown [s\src\hotspot\share\prims\jni.cpp, line 520]
Event: 3598.390 Thread 0x00000140ded907d0 Exception <a 'sun/nio/fs/WindowsException'{0x00000000d5749198}> (0x00000000d5749198) 
thrown [s\src\hotspot\share\prims\jni.cpp, line 520]
Event: 3598.390 Thread 0x00000140ded907d0 Exception <a 'sun/nio/fs/WindowsException'{0x00000000d5749a78}> (0x00000000d5749a78) 
thrown [s\src\hotspot\share\prims\jni.cpp, line 520]
Event: 3598.391 Thread 0x00000140ded907d0 Exception <a 'sun/nio/fs/WindowsException'{0x00000000d5753ae0}> (0x00000000d5753ae0) 
thrown [s\src\hotspot\share\prims\jni.cpp, line 520]
Event: 3598.392 Thread 0x00000140ded907d0 Exception <a 'sun/nio/fs/WindowsException'{0x00000000d57543c0}> (0x00000000d57543c0) 
thrown [s\src\hotspot\share\prims\jni.cpp, line 520]
Event: 3601.769 Thread 0x00000140ded942e0 Exception <a 'sun/nio/fs/WindowsException'{0x00000000d55d9a70}> (0x00000000d55d9a70) 
thrown [s\src\hotspot\share\prims\jni.cpp, line 520]
Event: 3601.770 Thread 0x00000140ded942e0 Exception <a 'sun/nio/fs/WindowsException'{0x00000000d55da350}> (0x00000000d55da350) 
thrown [s\src\hotspot\share\prims\jni.cpp, line 520]
Event: 3601.771 Thread 0x00000140ded942e0 Exception <a 'sun/nio/fs/WindowsException'{0x00000000d55db400}> (0x00000000d55db400) 
thrown [s\src\hotspot\share\prims\jni.cpp, line 520]
Event: 3601.771 Thread 0x00000140ded942e0 Exception <a 'sun/nio/fs/WindowsException'{0x00000000d55dbce0}> (0x00000000d55dbce0) 
thrown [s\src\hotspot\share\prims\jni.cpp, line 520]
Event: 3601.773 Thread 0x00000140ded907d0 Exception <a 'sun/nio/fs/WindowsException'{0x00000000d55cb7d0}> (0x00000000d55cb7d0) 
thrown [s\src\hotspot\share\prims\jni.cpp, line 520]
Event: 3601.773 Thread 0x00000140ded907d0 Exception <a 'sun/nio/fs/WindowsException'{0x00000000d55cc0b0}> (0x00000000d55cc0b0) 
thrown [s\src\hotspot\share\prims\jni.cpp, line 520]
Event: 3601.775 Thread 0x00000140ded907d0 Exception <a 'sun/nio/fs/WindowsException'{0x00000000d55cd160}> (0x00000000d55cd160) 
thrown [s\src\hotspot\share\prims\jni.cpp, line 520]
Event: 3601.775 Thread 0x00000140ded907d0 Exception <a 'sun/nio/fs/WindowsException'{0x00000000d55cda40}> (0x00000000d55cda40) 
thrown [s\src\hotspot\share\prims\jni.cpp, line 520]
Event: 3604.506 Thread 0x00000140d8a4d3a0 Exception <a 'sun/nio/fs/WindowsException'{0x00000000d572f038}> (0x00000000d572f038) 
thrown [s\src\hotspot\share\prims\jni.cpp, line 520]
Event: 3604.507 Thread 0x00000140d8a4d3a0 Exception <a 'sun/nio/fs/WindowsException'{0x00000000d5738aa8}> (0x00000000d5738aa8) 
thrown [s\src\hotspot\share\prims\jni.cpp, line 520]
Event: 3604.917 Thread 0x00000140d8a4cd10 Exception <a 'sun/nio/fs/WindowsException'{0x00000000d57abd80}> (0x00000000d57abd80) 
thrown [s\src\hotspot\share\prims\jni.cpp, line 520]
Event: 3604.917 Thread 0x00000140d8a4cd10 Exception <a 'sun/nio/fs/WindowsException'{0x00000000d57ac7e0}> (0x00000000d57ac7e0) 
thrown [s\src\hotspot\share\prims\jni.cpp, line 520]

ZGC Phase Switch (0 events):
No events

VM Operations (20 events):
Event: 3924.507 Executing safepoint VM operation: Cleanup
Event: 3924.508 Executing safepoint VM operation: Cleanup done
Event: 3954.724 Executing safepoint VM operation: Cleanup
Event: 3954.725 Executing safepoint VM operation: Cleanup done
Event: 3969.640 Executing non-safepoint VM operation: HandshakeAllThreads (HandshakeForDeflation)
Event: 3969.641 Executing non-safepoint VM operation: HandshakeAllThreads (HandshakeForDeflation) done
Event: 3969.641 Executing non-safepoint VM operation: RendezvousGCThreads
Event: 3969.641 Executing non-safepoint VM operation: RendezvousGCThreads done
Event: 4029.883 Executing non-safepoint VM operation: HandshakeAllThreads (HandshakeForDeflation)
Event: 4029.885 Executing non-safepoint VM operation: HandshakeAllThreads (HandshakeForDeflation) done
Event: 4029.885 Executing non-safepoint VM operation: RendezvousGCThreads
Event: 4029.885 Executing non-safepoint VM operation: RendezvousGCThreads done
Event: 4090.112 Executing non-safepoint VM operation: HandshakeAllThreads (HandshakeForDeflation)
Event: 4090.112 Executing non-safepoint VM operation: HandshakeAllThreads (HandshakeForDeflation) done
Event: 4090.113 Executing non-safepoint VM operation: RendezvousGCThreads
Event: 4090.113 Executing non-safepoint VM operation: RendezvousGCThreads done
Event: 4210.355 Executing non-safepoint VM operation: HandshakeAllThreads (HandshakeForDeflation)
Event: 4210.366 Executing non-safepoint VM operation: HandshakeAllThreads (HandshakeForDeflation) done
Event: 4210.366 Executing non-safepoint VM operation: RendezvousGCThreads
Event: 4210.366 Executing non-safepoint VM operation: RendezvousGCThreads done

Memory protections (0 events):
No events

Nmethod flushes (20 events):
Event: 47.595 Thread 0x00000140fbc44a20 flushing  nmethod 0x0000014083aee290
Event: 47.595 Thread 0x00000140fbc44a20 flushing  nmethod 0x0000014083aef010
Event: 47.595 Thread 0x00000140fbc44a20 flushing  nmethod 0x0000014083b04090
Event: 47.595 Thread 0x00000140fbc44a20 flushing  nmethod 0x0000014083b05810
Event: 47.595 Thread 0x00000140fbc44a20 flushing  nmethod 0x0000014083b05d90
Event: 47.595 Thread 0x00000140fbc44a20 flushing  nmethod 0x0000014083b06210
Event: 47.595 Thread 0x00000140fbc44a20 flushing  nmethod 0x0000014083b06790
Event: 47.595 Thread 0x00000140fbc44a20 flushing  nmethod 0x0000014083b07090
Event: 47.595 Thread 0x00000140fbc44a20 flushing  nmethod 0x0000014083b07910
Event: 47.595 Thread 0x00000140fbc44a20 flushing  nmethod 0x0000014083b07c90
Event: 47.595 Thread 0x00000140fbc44a20 flushing  nmethod 0x0000014083b08290
Event: 47.595 Thread 0x00000140fbc44a20 flushing  nmethod 0x0000014083b08b10
Event: 47.595 Thread 0x00000140fbc44a20 flushing  nmethod 0x0000014083b09a10
Event: 47.595 Thread 0x00000140fbc44a20 flushing  nmethod 0x0000014083b0e590
Event: 47.595 Thread 0x00000140fbc44a20 flushing  nmethod 0x0000014083b0e910
Event: 47.595 Thread 0x00000140fbc44a20 flushing  nmethod 0x0000014083b0f110
Event: 47.595 Thread 0x00000140fbc44a20 flushing  nmethod 0x0000014083b10410
Event: 47.595 Thread 0x00000140fbc44a20 flushing  nmethod 0x0000014083b45510
Event: 47.595 Thread 0x00000140fbc44a20 flushing  nmethod 0x0000014083b48d10
Event: 47.595 Thread 0x00000140fbc44a20 flushing  nmethod 0x0000014083b6c990

Events (20 events):
Event: 3605.725 Thread 0x00000140d8a51540 Thread exited: 0x00000140d8a51540
Event: 3606.169 Thread 0x00000140d8a4ac40 Thread added: 0x00000140d8a51540
Event: 3606.192 Thread 0x00000140d8a4ede0 Thread exited: 0x00000140d8a4ede0
Event: 3608.329 Thread 0x00000140d8a50eb0 Thread added: 0x00000140d8a4ede0
Event: 3608.374 Thread 0x00000140d8a50eb0 Thread exited: 0x00000140d8a50eb0
Event: 3616.087 Thread 0x00000140d8a51540 Thread added: 0x00000140d8a50eb0
Event: 3616.125 Thread 0x00000140d8a51540 Thread exited: 0x00000140d8a51540
Event: 3648.214 Thread 0x00000140ded907d0 Thread added: 0x00000140d8a51540
Event: 3770.847 Thread 0x00000140ded942e0 Thread exited: 0x00000140ded942e0
Event: 3788.531 Thread 0x00000140d8a4cd10 Thread exited: 0x00000140d8a4cd10
Event: 3819.290 Thread 0x00000140d8a4ac40 Thread exited: 0x00000140d8a4ac40
Event: 3847.753 Thread 0x00000140d8a50eb0 Thread exited: 0x00000140d8a50eb0
Event: 3943.479 Thread 0x00000140ded907d0 Thread exited: 0x00000140ded907d0
Event: 4003.500 Thread 0x00000140d8a51540 Thread exited: 0x00000140d8a51540
Event: 4063.510 Thread 0x00000140d8a4b960 Thread exited: 0x00000140d8a4b960
Event: 4123.529 Thread 0x00000140d8a4bff0 Thread exited: 0x00000140d8a4bff0
Event: 4182.582 Thread 0x00000140dff33cc0 Thread added: 0x00000140d8a4bff0
Event: 4182.672 Thread 0x00000140dff33cc0 Thread added: 0x00000140d8a4ac40
Event: 4183.059 Thread 0x00000140d8a4ac40 Thread added: 0x00000140d8a4cd10
Event: 4244.248 Thread 0x00000140d8a4ac40 Thread exited: 0x00000140d8a4ac40


Dynamic libraries:
0x00007ff784800000 - 0x00007ff78480e000 	c:\Users\samar\.vscode\extensions\redhat.java-1.54.0-win32-x64\jre\21.0.10-win32-x86_64\bin\java.exe
0x00007ffc3fbc0000 - 0x00007ffc3fe27000 	C:\WINDOWS\SYSTEM32\ntdll.dll
0x00007ffc0b790000 - 0x00007ffc0b7b1000 	C:\Program Files\Avast Software\Avast\aswhook.dll
0x00007ffc3f030000 - 0x00007ffc3f0f9000 	C:\WINDOWS\System32\KERNEL32.DLL
0x00007ffc3c540000 - 0x00007ffc3c934000 	C:\WINDOWS\System32\KERNELBASE.dll
0x00007ffc3ce10000 - 0x00007ffc3cf5b000 	C:\WINDOWS\System32\ucrtbase.dll
0x00007ffc17fc0000 - 0x00007ffc17fd8000 	c:\Users\samar\.vscode\extensions\redhat.java-1.54.0-win32-x64\jre\21.0.10-win32-x86_64\bin\jli.dll
0x00007ffc3de70000 - 0x00007ffc3e035000 	C:\WINDOWS\System32\USER32.dll
0x00007ffc3cd50000 - 0x00007ffc3cd77000 	C:\WINDOWS\System32\win32u.dll
0x00007ffc3f200000 - 0x00007ffc3f22b000 	C:\WINDOWS\System32\GDI32.dll
0x00007ffc3cab0000 - 0x00007ffc3cbdb000 	C:\WINDOWS\System32\gdi32full.dll
0x00007ffc3c940000 - 0x00007ffc3c9e3000 	C:\WINDOWS\System32\msvcp_win.dll
0x00007ffc17fa0000 - 0x00007ffc17fbe000 	c:\Users\samar\.vscode\extensions\redhat.java-1.54.0-win32-x64\jre\21.0.10-win32-x86_64\bin\VCRUNTIME140.dll
0x00007ffc0f280000 - 0x00007ffc0f513000 	C:\WINDOWS\WinSxS\amd64_microsoft.windows.common-controls_6595b64144ccf1df_6.0.26100.8115_none_3e075c82e3354f9c\COMCTL32.dll
0x00007ffc3dc00000 - 0x00007ffc3dca9000 	C:\WINDOWS\System32\msvcrt.dll
0x00007ffc3f550000 - 0x00007ffc3f582000 	C:\WINDOWS\System32\IMM32.DLL
0x00007ffc17f90000 - 0x00007ffc17f9c000 	c:\Users\samar\.vscode\extensions\redhat.java-1.54.0-win32-x64\jre\21.0.10-win32-x86_64\bin\vcruntime140_1.dll
0x00007ffbc45e0000 - 0x00007ffbc466d000 	c:\Users\samar\.vscode\extensions\redhat.java-1.54.0-win32-x64\jre\21.0.10-win32-x86_64\bin\msvcp140.dll
0x00007ffb9c420000 - 0x00007ffb9d1c1000 	c:\Users\samar\.vscode\extensions\redhat.java-1.54.0-win32-x64\jre\21.0.10-win32-x86_64\bin\server\jvm.dll
0x00007ffc3e040000 - 0x00007ffc3e0f6000 	C:\WINDOWS\System32\ADVAPI32.dll
0x00007ffc3f230000 - 0x00007ffc3f2d7000 	C:\WINDOWS\System32\sechost.dll
0x00007ffc3e100000 - 0x00007ffc3e218000 	C:\WINDOWS\System32\RPCRT4.dll
0x00007ffc3fa20000 - 0x00007ffc3faa0000 	C:\WINDOWS\System32\WS2_32.dll
0x00007ffc3c310000 - 0x00007ffc3c36e000 	C:\WINDOWS\SYSTEM32\POWRPROF.dll
0x00007ffc2fe50000 - 0x00007ffc2fe86000 	C:\WINDOWS\SYSTEM32\WINMM.dll
0x00007ffc2b030000 - 0x00007ffc2b03b000 	C:\WINDOWS\SYSTEM32\VERSION.dll
0x00007ffc3c2f0000 - 0x00007ffc3c304000 	C:\WINDOWS\SYSTEM32\UMPDC.dll
0x00007ffc3b220000 - 0x00007ffc3b23b000 	C:\WINDOWS\SYSTEM32\kernel.appcore.dll
0x00007ffc17f80000 - 0x00007ffc17f8a000 	c:\Users\samar\.vscode\extensions\redhat.java-1.54.0-win32-x64\jre\21.0.10-win32-x86_64\bin\jimage.dll
0x00007ffc3a570000 - 0x00007ffc3a7b2000 	C:\WINDOWS\SYSTEM32\DBGHELP.DLL
0x00007ffc3e330000 - 0x00007ffc3e6b2000 	C:\WINDOWS\System32\combase.dll
0x00007ffc3e220000 - 0x00007ffc3e2f8000 	C:\WINDOWS\System32\OLEAUT32.dll
0x00007ffc28710000 - 0x00007ffc2874b000 	C:\WINDOWS\SYSTEM32\dbgcore.DLL
0x00007ffc3c490000 - 0x00007ffc3c535000 	C:\WINDOWS\System32\bcryptPrimitives.dll
0x00007ffc17f70000 - 0x00007ffc17f7f000 	c:\Users\samar\.vscode\extensions\redhat.java-1.54.0-win32-x64\jre\21.0.10-win32-x86_64\bin\instrument.dll
0x00007ffc17f50000 - 0x00007ffc17f70000 	c:\Users\samar\.vscode\extensions\redhat.java-1.54.0-win32-x64\jre\21.0.10-win32-x86_64\bin\java.dll
0x00007ffc3e760000 - 0x00007ffc3eec7000 	C:\WINDOWS\System32\SHELL32.dll
0x00007ffc3cbe0000 - 0x00007ffc3cd4a000 	C:\WINDOWS\System32\wintypes.dll
0x00007ffc3cf60000 - 0x00007ffc3d7c8000 	C:\WINDOWS\System32\windows.storage.dll
0x00007ffc3f100000 - 0x00007ffc3f1f8000 	C:\WINDOWS\System32\SHCORE.dll
0x00007ffc3e6f0000 - 0x00007ffc3e756000 	C:\WINDOWS\System32\shlwapi.dll
0x00007ffc3c3b0000 - 0x00007ffc3c3d9000 	C:\WINDOWS\SYSTEM32\profapi.dll
0x00007ffc17f30000 - 0x00007ffc17f48000 	c:\Users\samar\.vscode\extensions\redhat.java-1.54.0-win32-x64\jre\21.0.10-win32-x86_64\bin\zip.dll
0x00007ffc078a0000 - 0x00007ffc078b0000 	C:\Users\samar\.vscode\extensions\redhat.java-1.54.0-win32-x64\jre\21.0.10-win32-x86_64\bin\net.dll
0x00007ffc35c20000 - 0x00007ffc35d4d000 	C:\WINDOWS\SYSTEM32\WINHTTP.dll
0x00007ffc3b790000 - 0x00007ffc3b7fc000 	C:\WINDOWS\system32\mswsock.dll
0x00007ffbfbbc0000 - 0x00007ffbfbbd6000 	C:\Users\samar\.vscode\extensions\redhat.java-1.54.0-win32-x64\jre\21.0.10-win32-x86_64\bin\nio.dll
0x00007ffc07820000 - 0x00007ffc07830000 	c:\Users\samar\.vscode\extensions\redhat.java-1.54.0-win32-x64\jre\21.0.10-win32-x86_64\bin\verify.dll
0x00007ffbb4100000 - 0x00007ffbb4145000 	C:\Users\samar\AppData\Roaming\Code\User\globalStorage\redhat.java\1.54.0\config_win\org.eclipse.equinox.launcher\org.eclipse.equinox.launcher.win32.win32.x86_64_1.3.0.v20260203-2149\eclipse_11919.dll
0x00007ffc3da60000 - 0x00007ffc3dbf7000 	C:\WINDOWS\System32\ole32.dll
0x00007ffc3ba70000 - 0x00007ffc3ba8b000 	C:\WINDOWS\SYSTEM32\CRYPTSP.dll
0x00007ffc3b180000 - 0x00007ffc3b1b9000 	C:\WINDOWS\system32\rsaenh.dll
0x00007ffc3b840000 - 0x00007ffc3b873000 	C:\WINDOWS\SYSTEM32\USERENV.dll
0x00007ffc3c380000 - 0x00007ffc3c3aa000 	C:\WINDOWS\SYSTEM32\bcrypt.dll
0x00007ffc3ba90000 - 0x00007ffc3ba9c000 	C:\WINDOWS\SYSTEM32\CRYPTBASE.dll
0x00007ffc3abd0000 - 0x00007ffc3ac02000 	C:\WINDOWS\SYSTEM32\IPHLPAPI.DLL
0x00007ffc3fab0000 - 0x00007ffc3faba000 	C:\WINDOWS\System32\NSI.dll
0x00007ffc18990000 - 0x00007ffc189d9000 	C:\Users\samar\AppData\Local\Temp\jna-109202512\jna10132333304529466896.dll
0x00007ffc3f540000 - 0x00007ffc3f548000 	C:\WINDOWS\System32\PSAPI.DLL
0x00007ffc35f70000 - 0x00007ffc35f8d000 	C:\WINDOWS\SYSTEM32\dhcpcsvc6.DLL
0x00007ffc35f00000 - 0x00007ffc35f25000 	C:\WINDOWS\SYSTEM32\dhcpcsvc.DLL
0x00007ffc028c0000 - 0x00007ffc028ce000 	C:\Users\samar\.vscode\extensions\redhat.java-1.54.0-win32-x64\jre\21.0.10-win32-x86_64\bin\sunmscapi.dll
0x00007ffc3d7d0000 - 0x00007ffc3d947000 	C:\WINDOWS\System32\CRYPT32.dll
0x00007ffc3bc90000 - 0x00007ffc3bcc0000 	C:\WINDOWS\SYSTEM32\ncrypt.dll
0x00007ffc3bc40000 - 0x00007ffc3bc7f000 	C:\WINDOWS\SYSTEM32\NTASN1.dll
0x00007ffc3ac10000 - 0x00007ffc3ad42000 	C:\WINDOWS\SYSTEM32\DNSAPI.dll
0x00007ffc32e50000 - 0x00007ffc32e5b000 	C:\Windows\System32\rasadhlp.dll
0x00007ffc363b0000 - 0x00007ffc36436000 	C:\WINDOWS\System32\fwpuclnt.dll
0x00007ffc18a00000 - 0x00007ffc18a09000 	C:\Users\samar\.vscode\extensions\redhat.java-1.54.0-win32-x64\jre\21.0.10-win32-x86_64\bin\extnet.dll

JVMTI agents:
c:\Users\samar\.vscode\extensions\redhat.java-1.54.0-win32-x64\lombok\lombok-1.18.39-4050.jar path:c:\Users\samar\.vscode\extensions\redhat.java-1.54.0-win32-x64\jre\21.0.10-win32-x86_64\bin\instrument.dll, loaded, initialized, instrumentlib options:none

dbghelp: loaded successfully - version: 4.0.5 - missing functions: none
symbol engine: initialized successfully - sym options: 0x614 - pdb path: .;c:\Users\samar\.vscode\extensions\redhat.java-1.54.0-win32-x64\jre\21.0.10-win32-x86_64\bin;C:\WINDOWS\SYSTEM32;C:\Program Files\Avast Software\Avast;C:\WINDOWS\WinSxS\amd64_microsoft.windows.common-controls_6595b64144ccf1df_6.0.26100.8115_none_3e075c82e3354f9c;c:\Users\samar\.vscode\extensions\redhat.java-1.54.0-win32-x64\jre\21.0.10-win32-x86_64\bin\server;C:\Users\samar\AppData\Roaming\Code\User\globalStorage\redhat.java\1.54.0\config_win\org.eclipse.equinox.launcher\org.eclipse.equinox.launcher.win32.win32.x86_64_1.3.0.v20260203-2149;C:\Users\samar\AppData\Local\Temp\jna-109202512

VM Arguments:
jvm_args: --add-modules=ALL-SYSTEM --add-opens=java.base/java.util=ALL-UNNAMED --add-opens=java.base/java.lang=ALL-UNNAMED --add-opens=java.base/sun.nio.fs=ALL-UNNAMED -Declipse.application=org.eclipse.jdt.ls.core.id1 -Dosgi.bundles.defaultStartLevel=4 -Declipse.product=org.eclipse.jdt.ls.core.product -Djava.import.generatesMetadataFilesAtProjectRoot=false -DDetectVMInstallationsJob.disabled=true -Dfile.encoding=utf8 -XX:+UseParallelGC -XX:GCTimeRatio=4 -XX:AdaptiveSizePolicyWeight=90 -Dsun.zip.disableMemoryMapping=true -Xmx2G -Xms100m -Xlog:disable -javaagent:c:\Users\samar\.vscode\extensions\redhat.java-1.54.0-win32-x64\lombok\lombok-1.18.39-4050.jar -XX:+HeapDumpOnOutOfMemoryError -XX:HeapDumpPath=c:\Users\samar\AppData\Roaming\Code\User\workspaceStorage\5c70a8f4f5fc84a2eda576714860a8ac\redhat.java -Daether.dependencyCollector.impl=bf 
java_command: c:\Users\samar\.vscode\extensions\redhat.java-1.54.0-win32-x64\server\plugins\org.eclipse.equinox.launcher_1.7.100.v20251111-0406.jar -configuration c:\Users\samar\AppData\Roaming\Code\User\globalStorage\redhat.java\1.54.0\config_win -data c:\Users\samar\AppData\Roaming\Code\User\workspaceStorage\5c70a8f4f5fc84a2eda576714860a8ac\redhat.java\jdt_ws --pipe=\\.\pipe\lsp-7483aa1d3e3f186c05661234de539627-sock
java_class_path (initial): c:\Users\samar\.vscode\extensions\redhat.java-1.54.0-win32-x64\server\plugins\org.eclipse.equinox.launcher_1.7.100.v20251111-0406.jar
Launcher Type: SUN_STANDARD

[Global flags]
    uintx AdaptiveSizePolicyWeight                 = 90                                        {product} {command line}
     intx CICompilerCount                          = 4                                         {product} {ergonomic}
    uintx GCTimeRatio                              = 4                                         {product} {command line}
     bool HeapDumpOnOutOfMemoryError               = true                                   {manageable} {command line}
    ccstr HeapDumpPath                             = c:\Users\samar\AppData\Roaming\Code\User\workspaceStorage\5c70a8f4f5fc84a2eda576714860a8ac\redhat.java         {manageable} {command line}
   size_t InitialHeapSize                          = 104857600                                 {product} {command line}
   size_t MaxHeapSize                              = 2147483648                                {product} {command line}
   size_t MaxNewSize                               = 715653120                                 {product} {ergonomic}
   size_t MinHeapDeltaBytes                        = 524288                                    {product} {ergonomic}
   size_t MinHeapSize                              = 104857600                                 {product} {command line}
   size_t NewSize                                  = 34603008                                  {product} {ergonomic}
    uintx NonNMethodCodeHeapSize                   = 5839372                                {pd product} {ergonomic}
    uintx NonProfiledCodeHeapSize                  = 122909434                              {pd product} {ergonomic}
   size_t OldSize                                  = 70254592                                  {product} {ergonomic}
    uintx ProfiledCodeHeapSize                     = 122909434                              {pd product} {ergonomic}
    uintx ReservedCodeCacheSize                    = 251658240                              {pd product} {ergonomic}
     bool SegmentedCodeCache                       = true                                      {product} {ergonomic}
   size_t SoftMaxHeapSize                          = 2147483648                             {manageable} {ergonomic}
     bool UseCompressedOops                        = true                           {product lp64_product} {ergonomic}
     bool UseLargePagesIndividualAllocation        = false                                  {pd product} {ergonomic}
     bool UseParallelGC                            = true                                      {product} {command line}

Logging:
Log output configuration:
 #0: stdout all=off uptime,level,tags foldmultilines=false
 #1: stderr all=off uptime,level,tags foldmultilines=false

Release file:
JAVA_VERSION="21.0.10" 
MODULES="java.base java.compiler java.datatransfer java.xml java.prefs java.desktop java.instrument java.logging java.management java.security.sasl java.naming java.rmi java.management.rmi java.net.http java.scripting java.security.jgss java.transaction.xa java.sql java.sql.rowset java.xml.crypto java.se java.smartcardio jdk.accessibility jdk.internal.jvmstat jdk.attach jdk.charsets jdk.internal.opt jdk.zipfs jdk.compiler jdk.crypto.ec jdk.crypto.cryptoki jdk.crypto.mscapi jdk.dynalink jdk.internal.ed jdk.editpad jdk.hotspot.agent jdk.httpserver jdk.internal.le jdk.internal.vm.ci jdk.internal.vm.compiler jdk.internal.vm.compiler.management jdk.jartool jdk.javadoc jdk.jcmd jdk.management jdk.management.agent jdk.jconsole jdk.jdeps jdk.jdwp.agent jdk.jdi jdk.jfr jdk.jshell jdk.jsobject jdk.jstatd jdk.localedata jdk.management.jfr jdk.naming.dns jdk.naming.rmi jdk.net jdk.nio.mapmode jdk.random jdk.sctp jdk.security.auth jdk.security.jgss jdk.unsupported jdk.unsupported.desktop jdk.xml.dom" 

Environment Variables:
PATH=C:\Users\samar\AppData\Local\Programs\Microsoft VS Code;C:\Program Files\Common Files\Oracle\Java\javapath;C:\Program Files (x86)\Common Files\Oracle\Java\java8path;C:\Program Files (x86)\Common Files\Oracle\Java\javapath;C:\WINDOWS\system32;C:\WINDOWS;C:\WINDOWS\System32\Wbem;C:\WINDOWS\System32\WindowsPowerShell\v1.0\;C:\WINDOWS\System32\OpenSSH\;C:\Program Files\HP\HP One Agent;C:\WINDOWS\system32;C:\WINDOWS;C:\WINDOWS\System32\Wbem;C:\WINDOWS\System32\WindowsPowerShell\v1.0\;C:\WINDOWS\System32\OpenSSH\;C:\Program Files\PuTTY\;C:\Program Files\Git\cmd;C:\Program Files\nodejs\;C:\Program Files\MySQL\MySQL Shell 8.0\bin\;C:\Users\samar\AppData\Local\Programs\Python\Python313\Scripts\;C:\Users\samar\AppData\Local\Programs\Python\Python313\;C:\Users\samar\AppData\Local\Microsoft\WindowsApps;C:\Users\samar\AppData\Local\Programs\Microsoft VS Code\bin;C:\Program Files\Java\jdk-25\bin;C:\Program Files\apache-maven-3.9.11\bin;C:\Program Files\mysql-connector-j-9.4.0;C:\Program Files\MongoDB\Server\8.2\bin;C:\Program Files\mongosh-2.5.8-win32-x64\bin;C:\Users\samar\AppData\Roaming\npm;C:\Program Files\heroku\bin;
USERNAME=samar
OS=Windows_NT
PROCESSOR_IDENTIFIER=Intel64 Family 6 Model 154 Stepping 4, GenuineIntel
TMP=C:\Users\samar\AppData\Local\Temp
TEMP=C:\Users\samar\AppData\Local\Temp




Periodic native trim disabled

---------------  S Y S T E M  ---------------

OS:
 Windows 11 , 64 bit Build 26100 (10.0.26100.8246)
OS uptime: 0 days 18:21 hours
Hyper-V role detected

CPU: total 12 (initial active 12) (6 cores per cpu, 2 threads per core) family 6 model 154 stepping 4 microcode 0x42c, cx8, cmov, fxsr, ht, mmx, 3dnowpref, sse, sse2, sse3, ssse3, sse4.1, sse4.2, popcnt, lzcnt, tsc, tscinvbit, avx, avx2, aes, erms, clmul, bmi1, bmi2, adx, sha, fma, vzeroupper, clflush, clflushopt, clwb, hv, serialize, rdtscp, rdpid, fsrm, f16c, cet_ibt, cet_ss
Processor Information for processor 0
  Max Mhz: 1300, Current Mhz: 1300, Mhz Limit: 1300
Processor Information for processor 1
  Max Mhz: 1300, Current Mhz: 1300, Mhz Limit: 1300
Processor Information for processor 2
  Max Mhz: 1300, Current Mhz: 1300, Mhz Limit: 1300
Processor Information for processor 3
  Max Mhz: 1300, Current Mhz: 1300, Mhz Limit: 1300
Processor Information for processor 4
  Max Mhz: 1300, Current Mhz: 900, Mhz Limit: 897
Processor Information for processor 5
  Max Mhz: 1300, Current Mhz: 900, Mhz Limit: 897
Processor Information for processor 6
  Max Mhz: 1300, Current Mhz: 900, Mhz Limit: 897
Processor Information for processor 7
  Max Mhz: 1300, Current Mhz: 900, Mhz Limit: 897
Processor Information for processor 8
  Max Mhz: 1300, Current Mhz: 900, Mhz Limit: 897
Processor Information for processor 9
  Max Mhz: 1300, Current Mhz: 900, Mhz Limit: 897
Processor Information for processor 10
  Max Mhz: 1300, Current Mhz: 900, Mhz Limit: 897
Processor Information for processor 11
  Max Mhz: 1300, Current Mhz: 900, Mhz Limit: 897

Memory: 4k page, system-wide physical 7863M (157M free)
TotalPageFile size 29087M (AvailPageFile size 0M)
current process WorkingSet (physical memory assigned to process): 7M, peak: 438M
current process commit charge ("private bytes"): 612M, peak: 622M

vm_info: OpenJDK 64-Bit Server VM (21.0.10+7-LTS) for windows-amd64 JRE (21.0.10+7-LTS), built on 2026-01-20T00:00:00Z by "admin" with MS VC++ 17.12 (VS2022)

END.
