#
# There is insufficient memory for the Java Runtime Environment to continue.
# Native memory allocation (malloc) failed to allocate 1048576 bytes. Error detail: AllocateHeap
# Possible reasons:
#   The system is out of physical RAM or swap space
#   This process is running with CompressedOops enabled, and the Java Heap may be blocking the growth of the native heap
# Possible solutions:
#   Reduce memory load on the system
#   Increase physical memory or swap space
#   Check if swap backing store is full
#   Decrease Java heap size (-Xmx/-Xms)
#   Decrease number of Java threads
#   Decrease Java thread stack sizes (-Xss)
#   Set larger code cache with -XX:ReservedCodeCacheSize=
#   JVM is running with Unscaled Compressed Oops mode in which the Java heap is
#     placed in the first 4GB address space. The Java Heap base address is the
#     maximum limit for the native heap growth. Please use -XX:HeapBaseMinAddress
#     to set the Java Heap base and to place the Java Heap above 4GB virtual address.
# This output file may be truncated or incomplete.
#
#  Out of Memory Error (allocation.cpp:44), pid=25144, tid=14680
#
# JRE version: OpenJDK Runtime Environment Temurin-21.0.10+7 (21.0.10+7) (build 21.0.10+7-LTS)
# Java VM: OpenJDK 64-Bit Server VM Temurin-21.0.10+7 (21.0.10+7-LTS, mixed mode, sharing, tiered, compressed oops, compressed class ptrs, parallel gc, windows-amd64)
# No core dump will be written. Minidumps are not enabled by default on client versions of Windows
#

---------------  S U M M A R Y ------------

Command Line: --add-modules=ALL-SYSTEM --add-opens=java.base/java.util=ALL-UNNAMED --add-opens=java.base/java.lang=ALL-UNNAMED --add-opens=java.base/sun.nio.fs=ALL-UNNAMED -Declipse.application=org.eclipse.jdt.ls.core.id1 -Dosgi.bundles.defaultStartLevel=4 -Declipse.product=org.eclipse.jdt.ls.core.product -Djava.import.generatesMetadataFilesAtProjectRoot=false -DDetectVMInstallationsJob.disabled=true -Dfile.encoding=utf8 -XX:+UseParallelGC -XX:GCTimeRatio=4 -XX:AdaptiveSizePolicyWeight=90 -Dsun.zip.disableMemoryMapping=true -Xmx2G -Xms100m -Xlog:disable -javaagent:c:\Users\samar\.vscode\extensions\redhat.java-1.54.0-win32-x64\lombok\lombok-1.18.39-4050.jar -XX:+HeapDumpOnOutOfMemoryError -XX:HeapDumpPath=c:\Users\samar\AppData\Roaming\Code\User\workspaceStorage\d5a7f99a2e2927d3460290616639c5be\redhat.java -Daether.dependencyCollector.impl=bf c:\Users\samar\.vscode\extensions\redhat.java-1.54.0-win32-x64\server\plugins\org.eclipse.equinox.launcher_1.7.100.v20251111-0406.jar -configuration c:\Users\samar\AppData\Roaming\Code\User\globalStorage\redhat.java\1.54.0\config_win -data c:\Users\samar\AppData\Roaming\Code\User\workspaceStorage\d5a7f99a2e2927d3460290616639c5be\redhat.java\jdt_ws --pipe=\\.\pipe\lsp-f5010097ad411f7e8a2d0011f1d81951-sock

Host: 12th Gen Intel(R) Core(TM) i5-1235U, 12 cores, 7G,  Windows 11 , 64 bit Build 26100 (10.0.26100.8246)
Time: Fri May  1 10:41:22 2026 India Standard Time elapsed time: 1579.011125 seconds (0d 0h 26m 19s)

---------------  T H R E A D  ---------------

Current thread (0x0000025d06acc8b0):  JavaThread "Attach Listener" daemon [_thread_in_vm, id=14680, stack(0x000000948c400000,0x000000948c500000) (1024K)]

Stack: [0x000000948c400000,0x000000948c500000]
Native frames: (J=compiled Java code, j=interpreted, Vv=VM code, C=native code)
V  [jvm.dll+0x6d7a39]
V  [jvm.dll+0x8b4b26]
V  [jvm.dll+0x8b70de]
V  [jvm.dll+0x8b77c3]
V  [jvm.dll+0x284346]
V  [jvm.dll+0xc1277]
V  [jvm.dll+0x6d82e9]
V  [jvm.dll+0x1334a6]
V  [jvm.dll+0x3f857e]
V  [jvm.dll+0x85f59d]
V  [jvm.dll+0x6d626d]
C  [ucrtbase.dll+0x37b0]
C  [KERNEL32.DLL+0x2e8d7]
C  [ntdll.dll+0x8c3fc]


---------------  P R O C E S S  ---------------

Threads class SMR info:
_java_thread_list=0x0000025d69269a80, length=43, elements={
0x0000025d06a240a0, 0x0000025d06ac4fd0, 0x0000025d06ac8460, 0x0000025d06acb640,
0x0000025d06acc8b0, 0x0000025d06acf320, 0x0000025d06acfd80, 0x0000025d06ad0b10,
0x0000025d5f801d80, 0x0000025d5f9a73e0, 0x0000025d5fad6d40, 0x0000025d60a07a20,
0x0000025d60b05bd0, 0x0000025d5fa53d00, 0x0000025d5fa4e7a0, 0x0000025d60d34e20,
0x0000025d607e5480, 0x0000025d60e82c50, 0x0000025d60b815f0, 0x0000025d60b82310,
0x0000025d60b84a70, 0x0000025d66080440, 0x0000025d668b01a0, 0x0000025d668b2270,
0x0000025d668aedf0, 0x0000025d668b2900, 0x0000025d668af480, 0x0000025d668b56f0,
0x0000025d668b3620, 0x0000025d668b3cb0, 0x0000025d668b49d0, 0x0000025d668b2f90,
0x0000025d668b5060, 0x0000025d668b4340, 0x0000025d6707f0b0, 0x0000025d67081180,
0x0000025d6707f740, 0x0000025d6707fdd0, 0x0000025d672cc920, 0x0000025d672cb570,
0x0000025d668ae760, 0x0000025d668b0ec0, 0x0000025d668ae0d0
}

Java Threads: ( => current thread )
  0x0000025d06a240a0 JavaThread "main"                              [_thread_blocked, id=6092, stack(0x000000948bd00000,0x000000948be00000) (1024K)]
  0x0000025d06ac4fd0 JavaThread "Reference Handler"          daemon [_thread_blocked, id=22936, stack(0x000000948c100000,0x000000948c200000) (1024K)]
  0x0000025d06ac8460 JavaThread "Finalizer"                  daemon [_thread_blocked, id=6252, stack(0x000000948c200000,0x000000948c300000) (1024K)]
  0x0000025d06acb640 JavaThread "Signal Dispatcher"          daemon [_thread_blocked, id=23948, stack(0x000000948c300000,0x000000948c400000) (1024K)]
=>0x0000025d06acc8b0 JavaThread "Attach Listener"            daemon [_thread_in_vm, id=14680, stack(0x000000948c400000,0x000000948c500000) (1024K)]
  0x0000025d06acf320 JavaThread "Service Thread"             daemon [_thread_blocked, id=21024, stack(0x000000948c500000,0x000000948c600000) (1024K)]
  0x0000025d06acfd80 JavaThread "Monitor Deflation Thread"   daemon [_thread_blocked, id=2412, stack(0x000000948c600000,0x000000948c700000) (1024K)]
  0x0000025d06ad0b10 JavaThread "C2 CompilerThread0"         daemon [_thread_blocked, id=2636, stack(0x000000948c700000,0x000000948c800000) (1024K)]
  0x0000025d5f801d80 JavaThread "C1 CompilerThread0"         daemon [_thread_blocked, id=8888, stack(0x000000948c800000,0x000000948c900000) (1024K)]
  0x0000025d5f9a73e0 JavaThread "Common-Cleaner"             daemon [_thread_blocked, id=25340, stack(0x000000948c900000,0x000000948ca00000) (1024K)]
  0x0000025d5fad6d40 JavaThread "Notification Thread"        daemon [_thread_blocked, id=17456, stack(0x000000948ca00000,0x000000948cb00000) (1024K)]
  0x0000025d60a07a20 JavaThread "Active Thread: Equinox Container: c97ba66a-5c07-4804-b50e-1b96a491216c"        [_thread_blocked, id=1400, stack(0x000000948d100000,0x000000948d200000) (1024K)]
  0x0000025d60b05bd0 JavaThread "Refresh Thread: Equinox Container: c97ba66a-5c07-4804-b50e-1b96a491216c" daemon [_thread_blocked, id=21256, stack(0x000000948d300000,0x000000948d400000) (1024K)]
  0x0000025d5fa53d00 JavaThread "Framework Event Dispatcher: Equinox Container: c97ba66a-5c07-4804-b50e-1b96a491216c" daemon [_thread_blocked, id=2688, stack(0x000000948d400000,0x000000948d500000) (1024K)]
  0x0000025d5fa4e7a0 JavaThread "Start Level: Equinox Container: c97ba66a-5c07-4804-b50e-1b96a491216c" daemon [_thread_blocked, id=23120, stack(0x000000948d500000,0x000000948d600000) (1024K)]
  0x0000025d60d34e20 JavaThread "Bundle File Closer"         daemon [_thread_blocked, id=11316, stack(0x000000948d800000,0x000000948d900000) (1024K)]
  0x0000025d607e5480 JavaThread "SCR Component Actor"        daemon [_thread_blocked, id=25164, stack(0x000000948d900000,0x000000948da00000) (1024K)]
  0x0000025d60e82c50 JavaThread "Worker-JM"                         [_thread_blocked, id=12508, stack(0x000000948da00000,0x000000948db00000) (1024K)]
  0x0000025d60b815f0 JavaThread "JNA Cleaner"                daemon [_thread_blocked, id=16008, stack(0x000000948db00000,0x000000948dc00000) (1024K)]
  0x0000025d60b82310 JavaThread "Worker-1"                          [_thread_blocked, id=20996, stack(0x000000948dd00000,0x000000948de00000) (1024K)]
  0x0000025d60b84a70 JavaThread "Java indexing"              daemon [_thread_blocked, id=12764, stack(0x000000948bc00000,0x000000948bd00000) (1024K)]
  0x0000025d66080440 JavaThread "Worker-4"                          [_thread_blocked, id=17344, stack(0x000000948e300000,0x000000948e400000) (1024K)]
  0x0000025d668b01a0 JavaThread "Thread-1"                   daemon [_thread_in_native, id=11520, stack(0x000000948f700000,0x000000948f800000) (1024K)]
  0x0000025d668b2270 JavaThread "Thread-2"                   daemon [_thread_in_native, id=26568, stack(0x000000948fa00000,0x000000948fb00000) (1024K)]
  0x0000025d668aedf0 JavaThread "Thread-3"                   daemon [_thread_in_native, id=26512, stack(0x000000948fb00000,0x000000948fc00000) (1024K)]
  0x0000025d668b2900 JavaThread "Thread-4"                   daemon [_thread_in_native, id=25460, stack(0x000000948fc00000,0x000000948fd00000) (1024K)]
  0x0000025d668af480 JavaThread "Thread-5"                   daemon [_thread_in_native, id=17500, stack(0x000000948fe00000,0x000000948ff00000) (1024K)]
  0x0000025d668b56f0 JavaThread "Thread-6"                   daemon [_thread_in_native, id=9380, stack(0x000000948ff00000,0x0000009490000000) (1024K)]
  0x0000025d668b3620 JavaThread "Thread-7"                   daemon [_thread_in_native, id=25772, stack(0x0000009490000000,0x0000009490100000) (1024K)]
  0x0000025d668b3cb0 JavaThread "Thread-8"                   daemon [_thread_in_native, id=11340, stack(0x0000009490100000,0x0000009490200000) (1024K)]
  0x0000025d668b49d0 JavaThread "Thread-9"                   daemon [_thread_in_native, id=21192, stack(0x0000009490200000,0x0000009490300000) (1024K)]
  0x0000025d668b2f90 JavaThread "Thread-10"                  daemon [_thread_in_native, id=24740, stack(0x0000009490300000,0x0000009490400000) (1024K)]
  0x0000025d668b5060 JavaThread "Thread-11"                  daemon [_thread_in_native, id=19948, stack(0x0000009490400000,0x0000009490500000) (1024K)]
  0x0000025d668b4340 JavaThread "Thread-12"                  daemon [_thread_in_native, id=23764, stack(0x0000009490500000,0x0000009490600000) (1024K)]
  0x0000025d6707f0b0 JavaThread "Thread-13"                  daemon [_thread_in_native, id=22500, stack(0x0000009490600000,0x0000009490700000) (1024K)]
  0x0000025d67081180 JavaThread "pool-2-thread-1"                   [_thread_blocked, id=26560, stack(0x0000009490700000,0x0000009490800000) (1024K)]
  0x0000025d6707f740 JavaThread "WorkspaceEventsHandler"            [_thread_blocked, id=6084, stack(0x000000948fd00000,0x000000948fe00000) (1024K)]
  0x0000025d6707fdd0 JavaThread "pool-1-thread-1"                   [_thread_blocked, id=1880, stack(0x0000009490800000,0x0000009490900000) (1024K)]
  0x0000025d672cc920 JavaThread "ForkJoinPool.commonPool-worker-9" daemon [_thread_blocked, id=17368, stack(0x0000009491c00000,0x0000009491d00000) (1024K)]
  0x0000025d672cb570 JavaThread "Cleaner-0"                  daemon [_thread_blocked, id=18304, stack(0x000000948bb00000,0x000000948bc00000) (1024K)]
  0x0000025d668ae760 JavaThread "Java Debug Server"          daemon [_thread_in_native, id=20156, stack(0x000000948de00000,0x000000948df00000) (1024K)]
  0x0000025d668b0ec0 JavaThread "RxSchedulerPurge-1"         daemon [_thread_blocked, id=15932, stack(0x000000948e500000,0x000000948e600000) (1024K)]
  0x0000025d668ae0d0 JavaThread "RxCachedWorkerPoolEvictor-1" daemon [_thread_blocked, id=25752, stack(0x000000948e600000,0x000000948e700000) (1024K)]
Total: 43

Other Threads:
  0x0000025d069b4940 VMThread "VM Thread"                           [id=23064, stack(0x000000948c000000,0x000000948c100000) (1024K)]
  0x0000025d068aba00 WatcherThread "VM Periodic Task Thread"        [id=21756, stack(0x000000948bf00000,0x000000948c000000) (1024K)]
  0x0000025d06a41e70 WorkerThread "GC Thread#0"                     [id=24232, stack(0x000000948be00000,0x000000948bf00000) (1024K)]
  0x0000025d607a7ce0 WorkerThread "GC Thread#1"                     [id=1484, stack(0x000000948cb00000,0x000000948cc00000) (1024K)]
  0x0000025d607a8090 WorkerThread "GC Thread#2"                     [id=3316, stack(0x000000948cc00000,0x000000948cd00000) (1024K)]
  0x0000025d60839bf0 WorkerThread "GC Thread#3"                     [id=2476, stack(0x000000948cd00000,0x000000948ce00000) (1024K)]
  0x0000025d60839fa0 WorkerThread "GC Thread#4"                     [id=10484, stack(0x000000948ce00000,0x000000948cf00000) (1024K)]
  0x0000025d60a84bb0 WorkerThread "GC Thread#5"                     [id=16184, stack(0x000000948cf00000,0x000000948d000000) (1024K)]
  0x0000025d60a87ae0 WorkerThread "GC Thread#6"                     [id=24812, stack(0x000000948d000000,0x000000948d100000) (1024K)]
  0x0000025d5f959e00 WorkerThread "GC Thread#7"                     [id=23216, stack(0x000000948d200000,0x000000948d300000) (1024K)]
  0x0000025d651c4d70 WorkerThread "GC Thread#8"                     [id=14960, stack(0x000000948d600000,0x000000948d700000) (1024K)]
  0x0000025d60f288e0 WorkerThread "GC Thread#9"                     [id=7648, stack(0x000000948d700000,0x000000948d800000) (1024K)]
Total: 12

Threads with active compile tasks:
Total: 0

VM state: not at safepoint (normal execution)

VM Mutex/Monitor currently owned by a thread: None

Heap address: 0x0000000080000000, size: 2048 MB, Compressed Oops mode: 32-bit

CDS archive(s) mapped at: [0x0000025d1e000000-0x0000025d1eba0000-0x0000025d1eba0000), size 12189696, SharedBaseAddress: 0x0000025d1e000000, ArchiveRelocationMode: 1.
Compressed class space mapped at: 0x0000025d1f000000-0x0000025d5f000000, reserved size: 1073741824
Narrow klass base: 0x0000025d1e000000, Narrow klass shift: 0, Narrow klass range: 0x100000000

GC Precious Log:
 CardTable entry size: 512
 CPUs: 12 total, 12 available
 Memory: 7863M
 Large Page Support: Disabled
 NUMA Support: Disabled
 Compressed Oops: Enabled (32-bit)
 Alignments: Space 512K, Generation 512K, Heap 2M
 Heap Min Capacity: 100M
 Heap Initial Capacity: 100M
 Heap Max Capacity: 2G
 Pre-touch: Disabled
 Parallel Workers: 10

Heap:
 PSYoungGen      total 2048K, used 964K [0x00000000d5580000, 0x00000000d5880000, 0x0000000100000000)
  eden space 1536K, 44% used [0x00000000d5580000,0x00000000d5629300,0x00000000d5700000)
  from space 512K, 56% used [0x00000000d5700000,0x00000000d5748000,0x00000000d5780000)
  to   space 512K, 0% used [0x00000000d5800000,0x00000000d5800000,0x00000000d5880000)
 ParOldGen       total 362496K, used 362091K [0x0000000080000000, 0x0000000096200000, 0x00000000d5580000)
  object space 362496K, 99% used [0x0000000080000000,0x000000009619ad60,0x0000000096200000)
 Metaspace       used 81178K, committed 82944K, reserved 1179648K
  class space    used 8650K, committed 9408K, reserved 1048576K

Card table byte_map: [0x0000025d063c0000,0x0000025d067d0000] _byte_map_base: 0x0000025d05fc0000

Marking Bits: (ParMarkBitMap*) 0x00007ff9ee633450
 Begin Bits: [0x0000025d18ed0000, 0x0000025d1aed0000)
 End Bits:   [0x0000025d1aed0000, 0x0000025d1ced0000)

Polling page: 0x0000025d045c0000

Metaspace:

Usage:
  Non-class:     70.83 MB used.
      Class:      8.45 MB used.
       Both:     79.28 MB used.

Virtual space:
  Non-class space:      128.00 MB reserved,      71.81 MB ( 56%) committed,  2 nodes.
      Class space:        1.00 GB reserved,       9.19 MB ( <1%) committed,  1 nodes.
             Both:        1.12 GB reserved,      81.00 MB (  7%) committed. 

Chunk freelists:
   Non-Class:  7.77 MB
       Class:  6.74 MB
        Both:  14.50 MB

MaxMetaspaceSize: unlimited
CompressedClassSpaceSize: 1.00 GB
Initial GC threshold: 21.00 MB
Current GC threshold: 97.31 MB
CDS: on
 - commit_granule_bytes: 65536.
 - commit_granule_words: 8192.
 - virtual_space_node_default_size: 8388608.
 - enlarge_chunks_in_place: 1.
 - use_allocation_guard: 0.


Internal statistics:

num_allocs_failed_limit: 11.
num_arena_births: 1520.
num_arena_deaths: 14.
num_vsnodes_births: 3.
num_vsnodes_deaths: 0.
num_space_committed: 1296.
num_space_uncommitted: 0.
num_chunks_returned_to_freelist: 25.
num_chunks_taken_from_freelist: 5288.
num_chunk_merges: 17.
num_chunk_splits: 3212.
num_chunks_enlarged: 1753.
num_inconsistent_stats: 0.

CodeHeap 'non-profiled nmethods': size=120000Kb used=12065Kb max_used=12065Kb free=107934Kb
 bounds [0x0000025d116f0000, 0x0000025d122c0000, 0x0000025d18c20000]
CodeHeap 'profiled nmethods': size=120000Kb used=35406Kb max_used=35406Kb free=84593Kb
 bounds [0x0000025d09c20000, 0x0000025d0bec0000, 0x0000025d11150000]
CodeHeap 'non-nmethods': size=5760Kb used=1521Kb max_used=1588Kb free=4238Kb
 bounds [0x0000025d11150000, 0x0000025d113c0000, 0x0000025d116f0000]
CodeCache: size=245760Kb, used=48992Kb, max_used=49059Kb, free=196765Kb
 total_blobs=15310, nmethods=14465, adapters=748, full_count=0
Compilation: enabled, stopped_count=0, restarted_count=0

Compilation events (20 events):
Event: 1289.532 Thread 0x0000025d5f801d80 nmethod 15351 0x0000025d0beaff10 code [0x0000025d0beb00c0, 0x0000025d0beb02d0]
Event: 1289.533 Thread 0x0000025d5f801d80 15352       3       org.eclipse.jdt.ls.core.internal.semantictokens.SemanticTokensVisitor::addToken (15 bytes)
Event: 1289.538 Thread 0x0000025d06ad0b10 nmethod 15354 0x0000025d122b7690 code [0x0000025d122b7820, 0x0000025d122b78b8]
Event: 1289.543 Thread 0x0000025d5f801d80 nmethod 15352 0x0000025d0beb0390 code [0x0000025d0beb0540, 0x0000025d0beb06d0]
Event: 1289.544 Thread 0x0000025d5f801d80 15353   !   3       org.eclipse.jdt.core.dom.ImportDeclaration::getName (78 bytes)
Event: 1289.592 Thread 0x0000025d5f801d80 nmethod 15353 0x0000025d0beb0810 code [0x0000025d0beb0b00, 0x0000025d0beb1b20]
Event: 1289.592 Thread 0x0000025d5f801d80 15355       3       org.eclipse.jdt.core.dom.Modifier::isPublic (10 bytes)
Event: 1289.593 Thread 0x0000025d5f801d80 nmethod 15355 0x0000025d0beb2510 code [0x0000025d0beb26c0, 0x0000025d0beb2810]
Event: 1289.593 Thread 0x0000025d5f801d80 15356       3       org.eclipse.jdt.core.dom.Modifier::isPrivate (10 bytes)
Event: 1289.593 Thread 0x0000025d5f801d80 nmethod 15356 0x0000025d0beb2890 code [0x0000025d0beb2a40, 0x0000025d0beb2b90]
Event: 1301.788 Thread 0x0000025d06ad0b10 15357       4       java.util.concurrent.ThreadPoolExecutor::beforeExecute (1 bytes)
Event: 1301.817 Thread 0x0000025d06ad0b10 nmethod 15357 0x0000025d122b7990 code [0x0000025d122b7b20, 0x0000025d122b7ba8]
Event: 1301.818 Thread 0x0000025d06ad0b10 15358       4       java.util.concurrent.locks.AbstractQueuedSynchronizer$Node::setStatusRelaxed (12 bytes)
Event: 1301.861 Thread 0x0000025d06ad0b10 nmethod 15358 0x0000025d122b7c90 code [0x0000025d122b7e20, 0x0000025d122b7eb0]
Event: 1355.588 Thread 0x0000025d5f801d80 15360       1       org.eclipse.jdt.ls.core.internal.LanguageServerApplication::getParentProcessId (5 bytes)
Event: 1355.606 Thread 0x0000025d5f801d80 nmethod 15360 0x0000025d122b7f90 code [0x0000025d122b8120, 0x0000025d122b81e8]
Event: 1426.856 Thread 0x0000025d5f801d80 15362       3       java.util.concurrent.atomic.AtomicLong::updateAndGet (59 bytes)
Event: 1426.915 Thread 0x0000025d5f801d80 nmethod 15362 0x0000025d0beb2c10 code [0x0000025d0beb2e00, 0x0000025d0beb3308]
Event: 1446.224 Thread 0x0000025d5f801d80 15363       3       java.util.concurrent.ScheduledThreadPoolExecutor::triggerTime (22 bytes)
Event: 1446.241 Thread 0x0000025d5f801d80 nmethod 15363 0x0000025d0beb3590 code [0x0000025d0beb3740, 0x0000025d0beb3920]

GC Heap History (20 events):
Event: 903.311 GC heap before
{Heap before GC invocations=501 (full 3):
 PSYoungGen      total 2048K, used 2028K [0x00000000d5580000, 0x00000000d5a00000, 0x0000000100000000)
  eden space 1536K, 99% used [0x00000000d5580000,0x00000000d56ff228,0x00000000d5700000)
  from space 512K, 96% used [0x00000000d5700000,0x00000000d577bf90,0x00000000d5780000)
  to   space 1536K, 0% used [0x00000000d5880000,0x00000000d5880000,0x00000000d5a00000)
 ParOldGen       total 353792K, used 353231K [0x0000000080000000, 0x0000000095980000, 0x00000000d5580000)
  object space 353792K, 99% used [0x0000000080000000,0x00000000958f3d20,0x0000000095980000)
 Metaspace       used 81071K, committed 82752K, reserved 1179648K
  class space    used 8638K, committed 9344K, reserved 1048576K
}
Event: 903.315 GC heap after
{Heap after GC invocations=501 (full 3):
 PSYoungGen      total 3072K, used 1451K [0x00000000d5580000, 0x00000000d5a00000, 0x0000000100000000)
  eden space 1536K, 0% used [0x00000000d5580000,0x00000000d5580000,0x00000000d5700000)
  from space 1536K, 94% used [0x00000000d5880000,0x00000000d59eaef8,0x00000000d5a00000)
  to   space 1536K, 0% used [0x00000000d5700000,0x00000000d5700000,0x00000000d5880000)
 ParOldGen       total 353792K, used 353644K [0x0000000080000000, 0x0000000095980000, 0x00000000d5580000)
  object space 353792K, 99% used [0x0000000080000000,0x000000009595b010,0x0000000095980000)
 Metaspace       used 81071K, committed 82752K, reserved 1179648K
  class space    used 8638K, committed 9344K, reserved 1048576K
}
Event: 903.411 GC heap before
{Heap before GC invocations=502 (full 3):
 PSYoungGen      total 3072K, used 2962K [0x00000000d5580000, 0x00000000d5a00000, 0x0000000100000000)
  eden space 1536K, 98% used [0x00000000d5580000,0x00000000d56f9c28,0x00000000d5700000)
  from space 1536K, 94% used [0x00000000d5880000,0x00000000d59eaef8,0x00000000d5a00000)
  to   space 1536K, 0% used [0x00000000d5700000,0x00000000d5700000,0x00000000d5880000)
 ParOldGen       total 353792K, used 353644K [0x0000000080000000, 0x0000000095980000, 0x00000000d5580000)
  object space 353792K, 99% used [0x0000000080000000,0x000000009595b010,0x0000000095980000)
 Metaspace       used 81071K, committed 82752K, reserved 1179648K
  class space    used 8638K, committed 9344K, reserved 1048576K
}
Event: 903.424 GC heap after
{Heap after GC invocations=502 (full 3):
 PSYoungGen      total 3072K, used 1394K [0x00000000d5580000, 0x00000000d5a00000, 0x0000000100000000)
  eden space 1536K, 0% used [0x00000000d5580000,0x00000000d5580000,0x00000000d5700000)
  from space 1536K, 90% used [0x00000000d5700000,0x00000000d585cb68,0x00000000d5880000)
  to   space 1536K, 0% used [0x00000000d5880000,0x00000000d5880000,0x00000000d5a00000)
 ParOldGen       total 355328K, used 354950K [0x0000000080000000, 0x0000000095b00000, 0x00000000d5580000)
  object space 355328K, 99% used [0x0000000080000000,0x0000000095aa1b58,0x0000000095b00000)
 Metaspace       used 81071K, committed 82752K, reserved 1179648K
  class space    used 8638K, committed 9344K, reserved 1048576K
}
Event: 903.576 GC heap before
{Heap before GC invocations=503 (full 3):
 PSYoungGen      total 3072K, used 2704K [0x00000000d5580000, 0x00000000d5a00000, 0x0000000100000000)
  eden space 1536K, 85% used [0x00000000d5580000,0x00000000d56c7800,0x00000000d5700000)
  from space 1536K, 90% used [0x00000000d5700000,0x00000000d585cb68,0x00000000d5880000)
  to   space 1536K, 0% used [0x00000000d5880000,0x00000000d5880000,0x00000000d5a00000)
 ParOldGen       total 355328K, used 354950K [0x0000000080000000, 0x0000000095b00000, 0x00000000d5580000)
  object space 355328K, 99% used [0x0000000080000000,0x0000000095aa1b58,0x0000000095b00000)
 Metaspace       used 81074K, committed 82752K, reserved 1179648K
  class space    used 8638K, committed 9344K, reserved 1048576K
}
Event: 903.583 GC heap after
{Heap after GC invocations=503 (full 3):
 PSYoungGen      total 3072K, used 1227K [0x00000000d5580000, 0x00000000d5a00000, 0x0000000100000000)
  eden space 1536K, 0% used [0x00000000d5580000,0x00000000d5580000,0x00000000d5700000)
  from space 1536K, 79% used [0x00000000d5880000,0x00000000d59b2d88,0x00000000d5a00000)
  to   space 1536K, 0% used [0x00000000d5700000,0x00000000d5700000,0x00000000d5880000)
 ParOldGen       total 356352K, used 356201K [0x0000000080000000, 0x0000000095c00000, 0x00000000d5580000)
  object space 356352K, 99% used [0x0000000080000000,0x0000000095bda4f0,0x0000000095c00000)
 Metaspace       used 81074K, committed 82752K, reserved 1179648K
  class space    used 8638K, committed 9344K, reserved 1048576K
}
Event: 903.664 GC heap before
{Heap before GC invocations=504 (full 3):
 PSYoungGen      total 3072K, used 2763K [0x00000000d5580000, 0x00000000d5a00000, 0x0000000100000000)
  eden space 1536K, 99% used [0x00000000d5580000,0x00000000d56ffff8,0x00000000d5700000)
  from space 1536K, 79% used [0x00000000d5880000,0x00000000d59b2d88,0x00000000d5a00000)
  to   space 1536K, 0% used [0x00000000d5700000,0x00000000d5700000,0x00000000d5880000)
 ParOldGen       total 356352K, used 356201K [0x0000000080000000, 0x0000000095c00000, 0x00000000d5580000)
  object space 356352K, 99% used [0x0000000080000000,0x0000000095bda4f0,0x0000000095c00000)
 Metaspace       used 81074K, committed 82752K, reserved 1179648K
  class space    used 8638K, committed 9344K, reserved 1048576K
}
Event: 903.672 GC heap after
{Heap after GC invocations=504 (full 3):
 PSYoungGen      total 3072K, used 1501K [0x00000000d5580000, 0x00000000d5b00000, 0x0000000100000000)
  eden space 1536K, 0% used [0x00000000d5580000,0x00000000d5580000,0x00000000d5700000)
  from space 1536K, 97% used [0x00000000d5700000,0x00000000d5877760,0x00000000d5880000)
  to   space 2048K, 0% used [0x00000000d5900000,0x00000000d5900000,0x00000000d5b00000)
 ParOldGen       total 357376K, used 357305K [0x0000000080000000, 0x0000000095d00000, 0x00000000d5580000)
  object space 357376K, 99% used [0x0000000080000000,0x0000000095cee4e0,0x0000000095d00000)
 Metaspace       used 81074K, committed 82752K, reserved 1179648K
  class space    used 8638K, committed 9344K, reserved 1048576K
}
Event: 903.816 GC heap before
{Heap before GC invocations=505 (full 3):
 PSYoungGen      total 3072K, used 3037K [0x00000000d5580000, 0x00000000d5b00000, 0x0000000100000000)
  eden space 1536K, 100% used [0x00000000d5580000,0x00000000d5700000,0x00000000d5700000)
  from space 1536K, 97% used [0x00000000d5700000,0x00000000d5877760,0x00000000d5880000)
  to   space 2048K, 0% used [0x00000000d5900000,0x00000000d5900000,0x00000000d5b00000)
 ParOldGen       total 357376K, used 357305K [0x0000000080000000, 0x0000000095d00000, 0x00000000d5580000)
  object space 357376K, 99% used [0x0000000080000000,0x0000000095cee4e0,0x0000000095d00000)
 Metaspace       used 81074K, committed 82752K, reserved 1179648K
  class space    used 8638K, committed 9344K, reserved 1048576K
}
Event: 903.820 GC heap after
{Heap after GC invocations=505 (full 3):
 PSYoungGen      total 3072K, used 1375K [0x00000000d5580000, 0x00000000d5a80000, 0x0000000100000000)
  eden space 1536K, 0% used [0x00000000d5580000,0x00000000d5580000,0x00000000d5700000)
  from space 1536K, 89% used [0x00000000d5900000,0x00000000d5a57fd8,0x00000000d5a80000)
  to   space 1536K, 0% used [0x00000000d5700000,0x00000000d5700000,0x00000000d5880000)
 ParOldGen       total 358912K, used 358625K [0x0000000080000000, 0x0000000095e80000, 0x00000000d5580000)
  object space 358912K, 99% used [0x0000000080000000,0x0000000095e38658,0x0000000095e80000)
 Metaspace       used 81074K, committed 82752K, reserved 1179648K
  class space    used 8638K, committed 9344K, reserved 1048576K
}
Event: 903.948 GC heap before
{Heap before GC invocations=506 (full 3):
 PSYoungGen      total 3072K, used 2911K [0x00000000d5580000, 0x00000000d5a80000, 0x0000000100000000)
  eden space 1536K, 100% used [0x00000000d5580000,0x00000000d5700000,0x00000000d5700000)
  from space 1536K, 89% used [0x00000000d5900000,0x00000000d5a57fd8,0x00000000d5a80000)
  to   space 1536K, 0% used [0x00000000d5700000,0x00000000d5700000,0x00000000d5880000)
 ParOldGen       total 358912K, used 358625K [0x0000000080000000, 0x0000000095e80000, 0x00000000d5580000)
  object space 358912K, 99% used [0x0000000080000000,0x0000000095e38658,0x0000000095e80000)
 Metaspace       used 81074K, committed 82752K, reserved 1179648K
  class space    used 8638K, committed 9344K, reserved 1048576K
}
Event: 903.954 GC heap after
{Heap after GC invocations=506 (full 3):
 PSYoungGen      total 3072K, used 1418K [0x00000000d5580000, 0x00000000d5a00000, 0x0000000100000000)
  eden space 1536K, 0% used [0x00000000d5580000,0x00000000d5580000,0x00000000d5700000)
  from space 1536K, 92% used [0x00000000d5700000,0x00000000d5862a68,0x00000000d5880000)
  to   space 1536K, 0% used [0x00000000d5880000,0x00000000d5880000,0x00000000d5a00000)
 ParOldGen       total 359936K, used 359873K [0x0000000080000000, 0x0000000095f80000, 0x00000000d5580000)
  object space 359936K, 99% used [0x0000000080000000,0x0000000095f70790,0x0000000095f80000)
 Metaspace       used 81074K, committed 82752K, reserved 1179648K
  class space    used 8638K, committed 9344K, reserved 1048576K
}
Event: 904.576 GC heap before
{Heap before GC invocations=507 (full 3):
 PSYoungGen      total 3072K, used 2954K [0x00000000d5580000, 0x00000000d5a00000, 0x0000000100000000)
  eden space 1536K, 100% used [0x00000000d5580000,0x00000000d5700000,0x00000000d5700000)
  from space 1536K, 92% used [0x00000000d5700000,0x00000000d5862a68,0x00000000d5880000)
  to   space 1536K, 0% used [0x00000000d5880000,0x00000000d5880000,0x00000000d5a00000)
 ParOldGen       total 359936K, used 359873K [0x0000000080000000, 0x0000000095f80000, 0x00000000d5580000)
  object space 359936K, 99% used [0x0000000080000000,0x0000000095f70790,0x0000000095f80000)
 Metaspace       used 81075K, committed 82752K, reserved 1179648K
  class space    used 8638K, committed 9344K, reserved 1048576K
}
Event: 904.590 GC heap after
{Heap after GC invocations=507 (full 3):
 PSYoungGen      total 3072K, used 992K [0x00000000d5580000, 0x00000000d5a00000, 0x0000000100000000)
  eden space 1536K, 0% used [0x00000000d5580000,0x00000000d5580000,0x00000000d5700000)
  from space 1536K, 64% used [0x00000000d5880000,0x00000000d5978000,0x00000000d5a00000)
  to   space 1536K, 0% used [0x00000000d5700000,0x00000000d5700000,0x00000000d5880000)
 ParOldGen       total 361472K, used 361076K [0x0000000080000000, 0x0000000096100000, 0x00000000d5580000)
  object space 361472K, 99% used [0x0000000080000000,0x000000009609d2f0,0x0000000096100000)
 Metaspace       used 81075K, committed 82752K, reserved 1179648K
  class space    used 8638K, committed 9344K, reserved 1048576K
}
Event: 1095.658 GC heap before
{Heap before GC invocations=508 (full 3):
 PSYoungGen      total 3072K, used 2528K [0x00000000d5580000, 0x00000000d5a00000, 0x0000000100000000)
  eden space 1536K, 100% used [0x00000000d5580000,0x00000000d5700000,0x00000000d5700000)
  from space 1536K, 64% used [0x00000000d5880000,0x00000000d5978000,0x00000000d5a00000)
  to   space 1536K, 0% used [0x00000000d5700000,0x00000000d5700000,0x00000000d5880000)
 ParOldGen       total 361472K, used 361076K [0x0000000080000000, 0x0000000096100000, 0x00000000d5580000)
  object space 361472K, 99% used [0x0000000080000000,0x000000009609d2f0,0x0000000096100000)
 Metaspace       used 81080K, committed 82752K, reserved 1179648K
  class space    used 8638K, committed 9344K, reserved 1048576K
}
Event: 1096.043 GC heap after
{Heap after GC invocations=508 (full 3):
 PSYoungGen      total 2048K, used 352K [0x00000000d5580000, 0x00000000d5900000, 0x0000000100000000)
  eden space 1536K, 0% used [0x00000000d5580000,0x00000000d5580000,0x00000000d5700000)
  from space 512K, 68% used [0x00000000d5700000,0x00000000d5758000,0x00000000d5780000)
  to   space 1024K, 0% used [0x00000000d5800000,0x00000000d5800000,0x00000000d5900000)
 ParOldGen       total 361984K, used 361859K [0x0000000080000000, 0x0000000096180000, 0x00000000d5580000)
  object space 361984K, 99% used [0x0000000080000000,0x0000000096160d60,0x0000000096180000)
 Metaspace       used 81080K, committed 82752K, reserved 1179648K
  class space    used 8638K, committed 9344K, reserved 1048576K
}
Event: 1156.684 GC heap before
{Heap before GC invocations=509 (full 3):
 PSYoungGen      total 2048K, used 1887K [0x00000000d5580000, 0x00000000d5900000, 0x0000000100000000)
  eden space 1536K, 99% used [0x00000000d5580000,0x00000000d56fffd8,0x00000000d5700000)
  from space 512K, 68% used [0x00000000d5700000,0x00000000d5758000,0x00000000d5780000)
  to   space 1024K, 0% used [0x00000000d5800000,0x00000000d5800000,0x00000000d5900000)
 ParOldGen       total 361984K, used 361859K [0x0000000080000000, 0x0000000096180000, 0x00000000d5580000)
  object space 361984K, 99% used [0x0000000080000000,0x0000000096160d60,0x0000000096180000)
 Metaspace       used 81098K, committed 82816K, reserved 1179648K
  class space    used 8638K, committed 9344K, reserved 1048576K
}
Event: 1156.930 GC heap after
{Heap after GC invocations=509 (full 3):
 PSYoungGen      total 2048K, used 256K [0x00000000d5580000, 0x00000000d5880000, 0x0000000100000000)
  eden space 1536K, 0% used [0x00000000d5580000,0x00000000d5580000,0x00000000d5700000)
  from space 512K, 50% used [0x00000000d5800000,0x00000000d5840000,0x00000000d5880000)
  to   space 512K, 0% used [0x00000000d5700000,0x00000000d5700000,0x00000000d5780000)
 ParOldGen       total 362496K, used 362043K [0x0000000080000000, 0x0000000096200000, 0x00000000d5580000)
  object space 362496K, 99% used [0x0000000080000000,0x000000009618ed60,0x0000000096200000)
 Metaspace       used 81098K, committed 82816K, reserved 1179648K
  class space    used 8638K, committed 9344K, reserved 1048576K
}
Event: 1258.113 GC heap before
{Heap before GC invocations=510 (full 3):
 PSYoungGen      total 2048K, used 1792K [0x00000000d5580000, 0x00000000d5880000, 0x0000000100000000)
  eden space 1536K, 100% used [0x00000000d5580000,0x00000000d5700000,0x00000000d5700000)
  from space 512K, 50% used [0x00000000d5800000,0x00000000d5840000,0x00000000d5880000)
  to   space 512K, 0% used [0x00000000d5700000,0x00000000d5700000,0x00000000d5780000)
 ParOldGen       total 362496K, used 362043K [0x0000000080000000, 0x0000000096200000, 0x00000000d5580000)
  object space 362496K, 99% used [0x0000000080000000,0x000000009618ed60,0x0000000096200000)
 Metaspace       used 81168K, committed 82944K, reserved 1179648K
  class space    used 8650K, committed 9408K, reserved 1048576K
}
Event: 1258.283 GC heap after
{Heap after GC invocations=510 (full 3):
 PSYoungGen      total 2048K, used 288K [0x00000000d5580000, 0x00000000d5880000, 0x0000000100000000)
  eden space 1536K, 0% used [0x00000000d5580000,0x00000000d5580000,0x00000000d5700000)
  from space 512K, 56% used [0x00000000d5700000,0x00000000d5748000,0x00000000d5780000)
  to   space 512K, 0% used [0x00000000d5800000,0x00000000d5800000,0x00000000d5880000)
 ParOldGen       total 362496K, used 362091K [0x0000000080000000, 0x0000000096200000, 0x00000000d5580000)
  object space 362496K, 99% used [0x0000000080000000,0x000000009619ad60,0x0000000096200000)
 Metaspace       used 81168K, committed 82944K, reserved 1179648K
  class space    used 8650K, committed 9408K, reserved 1048576K
}

Dll operation events (12 events):
Event: 0.103 Loaded shared library c:\Users\samar\.vscode\extensions\redhat.java-1.54.0-win32-x64\jre\21.0.10-win32-x86_64\bin\java.dll
Event: 0.809 Loaded shared library c:\Users\samar\.vscode\extensions\redhat.java-1.54.0-win32-x64\jre\21.0.10-win32-x86_64\bin\zip.dll
Event: 1.412 Loaded shared library C:\Users\samar\.vscode\extensions\redhat.java-1.54.0-win32-x64\jre\21.0.10-win32-x86_64\bin\instrument.dll
Event: 1.441 Loaded shared library C:\Users\samar\.vscode\extensions\redhat.java-1.54.0-win32-x64\jre\21.0.10-win32-x86_64\bin\net.dll
Event: 1.456 Loaded shared library C:\Users\samar\.vscode\extensions\redhat.java-1.54.0-win32-x64\jre\21.0.10-win32-x86_64\bin\nio.dll
Event: 1.465 Loaded shared library C:\Users\samar\.vscode\extensions\redhat.java-1.54.0-win32-x64\jre\21.0.10-win32-x86_64\bin\zip.dll
Event: 1.532 Loaded shared library C:\Users\samar\.vscode\extensions\redhat.java-1.54.0-win32-x64\jre\21.0.10-win32-x86_64\bin\jimage.dll
Event: 1.934 Loaded shared library c:\Users\samar\.vscode\extensions\redhat.java-1.54.0-win32-x64\jre\21.0.10-win32-x86_64\bin\verify.dll
Event: 17.650 Loaded shared library C:\Users\samar\AppData\Roaming\Code\User\globalStorage\redhat.java\1.54.0\config_win\org.eclipse.equinox.launcher\org.eclipse.equinox.launcher.win32.win32.x86_64_1.3.0.v20260203-2149\eclipse_11919.dll
Event: 43.376 Loaded shared library C:\Users\samar\AppData\Local\Temp\jna-109202512\jna2195255686979927484.dll
Event: 333.786 Loaded shared library C:\Users\samar\.vscode\extensions\redhat.java-1.54.0-win32-x64\jre\21.0.10-win32-x86_64\bin\sunmscapi.dll
Event: 336.573 Loaded shared library C:\Users\samar\.vscode\extensions\redhat.java-1.54.0-win32-x64\jre\21.0.10-win32-x86_64\bin\extnet.dll

Deoptimization events (20 events):
Event: 469.833 Thread 0x0000025d668ae0d0 DEOPT PACKING pc=0x0000025d0b147d9c sp=0x000000948e6ff140
Event: 469.872 Thread 0x0000025d668ae0d0 DEOPT UNPACKING pc=0x0000025d111a4242 sp=0x000000948e6fe600 mode 0
Event: 521.211 Thread 0x0000025d672c6d40 Uncommon trap: trap_request=0xffffffbe fr.pc=0x0000025d1228e3a8 relative=0x0000000000000108
Event: 521.211 Thread 0x0000025d672c6d40 Uncommon trap: reason=profile_predicate action=maybe_recompile pc=0x0000025d1228e3a8 method=org.eclipse.jdt.core.compiler.CharOperation.splitAndTrimOn(C[C)[[C @ 175 c2
Event: 521.211 Thread 0x0000025d672c6d40 DEOPT PACKING pc=0x0000025d1228e3a8 sp=0x00000094917fe350
Event: 521.213 Thread 0x0000025d672c6d40 DEOPT UNPACKING pc=0x0000025d111a3aa2 sp=0x00000094917fe2b8 mode 2
Event: 521.215 Thread 0x0000025d672c6d40 Uncommon trap: trap_request=0xffffffbe fr.pc=0x0000025d1228e3a8 relative=0x0000000000000108
Event: 521.215 Thread 0x0000025d672c6d40 Uncommon trap: reason=profile_predicate action=maybe_recompile pc=0x0000025d1228e3a8 method=org.eclipse.jdt.core.compiler.CharOperation.splitAndTrimOn(C[C)[[C @ 175 c2
Event: 521.215 Thread 0x0000025d672c6d40 DEOPT PACKING pc=0x0000025d1228e3a8 sp=0x00000094917fe350
Event: 521.216 Thread 0x0000025d672c6d40 DEOPT UNPACKING pc=0x0000025d111a3aa2 sp=0x00000094917fe2b8 mode 2
Event: 521.216 Thread 0x0000025d672c6d40 Uncommon trap: trap_request=0xffffffbe fr.pc=0x0000025d1228e3a8 relative=0x0000000000000108
Event: 521.217 Thread 0x0000025d672c6d40 Uncommon trap: reason=profile_predicate action=maybe_recompile pc=0x0000025d1228e3a8 method=org.eclipse.jdt.core.compiler.CharOperation.splitAndTrimOn(C[C)[[C @ 175 c2
Event: 521.217 Thread 0x0000025d672c6d40 DEOPT PACKING pc=0x0000025d1228e3a8 sp=0x00000094917fe2d0
Event: 521.217 Thread 0x0000025d672c6d40 DEOPT UNPACKING pc=0x0000025d111a3aa2 sp=0x00000094917fe238 mode 2
Event: 521.217 Thread 0x0000025d672c6d40 Uncommon trap: trap_request=0xffffffbe fr.pc=0x0000025d1228e3a8 relative=0x0000000000000108
Event: 521.217 Thread 0x0000025d672c6d40 Uncommon trap: reason=profile_predicate action=maybe_recompile pc=0x0000025d1228e3a8 method=org.eclipse.jdt.core.compiler.CharOperation.splitAndTrimOn(C[C)[[C @ 175 c2
Event: 521.217 Thread 0x0000025d672c6d40 DEOPT PACKING pc=0x0000025d1228e3a8 sp=0x00000094917fe2d0
Event: 521.217 Thread 0x0000025d672c6d40 DEOPT UNPACKING pc=0x0000025d111a3aa2 sp=0x00000094917fe238 mode 2
Event: 629.926 Thread 0x0000025d668afb10 DEOPT PACKING pc=0x0000025d0b147bcc sp=0x000000948f8feeb0
Event: 629.928 Thread 0x0000025d668afb10 DEOPT UNPACKING pc=0x0000025d111a4242 sp=0x000000948f8fe370 mode 0

Classes loaded (20 events):
Event: 412.688 Loading class java/util/Timer
Event: 412.689 Loading class java/util/Timer done
Event: 412.689 Loading class java/util/TaskQueue
Event: 412.690 Loading class java/util/TaskQueue done
Event: 412.690 Loading class java/util/TimerThread
Event: 412.690 Loading class java/util/TimerThread done
Event: 412.691 Loading class java/util/Timer$ThreadReaper
Event: 412.691 Loading class java/util/Timer$ThreadReaper done
Event: 412.706 Loading class java/util/concurrent/CompletableFuture$UniWhenComplete
Event: 412.706 Loading class java/util/concurrent/CompletableFuture$UniWhenComplete done
Event: 412.708 Loading class java/util/concurrent/CompletableFuture$UniCompose
Event: 412.708 Loading class java/util/concurrent/CompletableFuture$UniCompose done
Event: 412.708 Loading class java/util/concurrent/CompletableFuture$UniRelay
Event: 412.709 Loading class java/util/concurrent/CompletableFuture$UniRelay done
Event: 462.276 Loading class java/lang/ProcessHandleImpl$ExitCompletion
Event: 462.295 Loading class java/lang/ProcessHandleImpl$ExitCompletion done
Event: 462.296 Loading class java/lang/ProcessHandleImpl$1
Event: 462.318 Loading class java/lang/ProcessHandleImpl$1 done
Event: 462.395 Loading class java/util/concurrent/CompletableFuture$UniHandle
Event: 462.427 Loading class java/util/concurrent/CompletableFuture$UniHandle done

Classes unloaded (7 events):
Event: 50.078 Thread 0x0000025d069b4940 Unloading class 0x0000025d1f1af400 'java/lang/invoke/LambdaForm$MH+0x0000025d1f1af400'
Event: 50.079 Thread 0x0000025d069b4940 Unloading class 0x0000025d1f1af000 'java/lang/invoke/LambdaForm$MH+0x0000025d1f1af000'
Event: 50.079 Thread 0x0000025d069b4940 Unloading class 0x0000025d1f1aec00 'java/lang/invoke/LambdaForm$MH+0x0000025d1f1aec00'
Event: 50.079 Thread 0x0000025d069b4940 Unloading class 0x0000025d1f1ae800 'java/lang/invoke/LambdaForm$MH+0x0000025d1f1ae800'
Event: 50.079 Thread 0x0000025d069b4940 Unloading class 0x0000025d1f1ae400 'java/lang/invoke/LambdaForm$BMH+0x0000025d1f1ae400'
Event: 50.079 Thread 0x0000025d069b4940 Unloading class 0x0000025d1f1ae000 'java/lang/invoke/LambdaForm$DMH+0x0000025d1f1ae000'
Event: 50.079 Thread 0x0000025d069b4940 Unloading class 0x0000025d1f1acc00 'java/lang/invoke/LambdaForm$DMH+0x0000025d1f1acc00'

Classes redefined (0 events):
No events

Internal exceptions (20 events):
Event: 353.602 Thread 0x0000025d60b81c80 Exception <a 'java/lang/NoSuchMethodError'{0x00000000d571fed8}: static [J.<clinit>()V> (0x00000000d571fed8) 
thrown [s\src\hotspot\share\prims\jni.cpp, line 1111]
Event: 353.938 Thread 0x0000025d60b81c80 Exception <a 'java/lang/NoSuchMethodError'{0x00000000d5758750}: 'java.lang.Object java.lang.invoke.DirectMethodHandle$Holder.newInvokeSpecial(java.lang.Object, java.lang.Object, java.lang.Object, java.lang.Object, java.lang.Object, java.lang.Object, java.lang.Object, java.lang.Object)'> (0x00000000d5758750) 
thrown [s\src\hotspot\share\interpreter\linkResolver.cpp, line 773]
Event: 376.334 Thread 0x0000025d672ca850 Implicit null exception at 0x0000025d121eaa97 to 0x0000025d121eb198
Event: 391.714 Thread 0x0000025d672c6d40 Exception <a 'sun/nio/fs/WindowsException'{0x00000000d55b6958}> (0x00000000d55b6958) 
thrown [s\src\hotspot\share\prims\jni.cpp, line 520]
Event: 391.716 Thread 0x0000025d672c6d40 Exception <a 'sun/nio/fs/WindowsException'{0x00000000d55b7448}> (0x00000000d55b7448) 
thrown [s\src\hotspot\share\prims\jni.cpp, line 520]
Event: 391.722 Thread 0x0000025d672c6d40 Exception <a 'sun/nio/fs/WindowsException'{0x00000000d55b88c0}> (0x00000000d55b88c0) 
thrown [s\src\hotspot\share\prims\jni.cpp, line 520]
Event: 391.724 Thread 0x0000025d672c6d40 Exception <a 'sun/nio/fs/WindowsException'{0x00000000d55b93b0}> (0x00000000d55b93b0) 
thrown [s\src\hotspot\share\prims\jni.cpp, line 520]
Event: 392.867 Thread 0x0000025d672c6d40 Exception <a 'sun/nio/fs/WindowsException'{0x00000000d55bb4a0}> (0x00000000d55bb4a0) 
thrown [s\src\hotspot\share\prims\jni.cpp, line 520]
Event: 392.867 Thread 0x0000025d672c6d40 Exception <a 'sun/nio/fs/WindowsException'{0x00000000d55bbce0}> (0x00000000d55bbce0) 
thrown [s\src\hotspot\share\prims\jni.cpp, line 520]
Event: 393.982 Thread 0x0000025d672c6d40 Exception <a 'sun/nio/fs/WindowsException'{0x00000000d55d7e20}> (0x00000000d55d7e20) 
thrown [s\src\hotspot\share\prims\jni.cpp, line 520]
Event: 393.983 Thread 0x0000025d672c6d40 Exception <a 'sun/nio/fs/WindowsException'{0x00000000d55d8910}> (0x00000000d55d8910) 
thrown [s\src\hotspot\share\prims\jni.cpp, line 520]
Event: 407.114 Thread 0x0000025d668b1550 Exception <a 'java/io/FileNotFoundException'{0x00000000d5654558}> (0x00000000d5654558) 
thrown [s\src\hotspot\share\prims\jni.cpp, line 520]
Event: 410.656 Thread 0x0000025d668b1550 Exception <a 'java/lang/NoSuchMethodError'{0x00000000d56bbe98}: 'java.lang.Object java.lang.invoke.DirectMethodHandle$Holder.invokeVirtual(java.lang.Object, java.lang.Object, java.lang.Object, java.lang.Object)'> (0x00000000d56bbe98) 
thrown [s\src\hotspot\share\interpreter\linkResolver.cpp, line 773]
Event: 411.890 Thread 0x0000025d668b1be0 Exception <a 'java/lang/NoSuchMethodError'{0x00000000d5667c50}: 'java.lang.Object java.lang.invoke.DirectMethodHandle$Holder.invokeStatic(java.lang.Object, long, java.lang.Object, java.lang.Object)'> (0x00000000d5667c50) 
thrown [s\src\hotspot\share\interpreter\linkResolver.cpp, line 773]
Event: 412.301 Thread 0x0000025d668b1be0 Exception <a 'sun/nio/fs/WindowsException'{0x00000000d55ab6d8}> (0x00000000d55ab6d8) 
thrown [s\src\hotspot\share\prims\jni.cpp, line 520]
Event: 412.319 Thread 0x0000025d668b1be0 Exception <a 'sun/nio/fs/WindowsException'{0x00000000d55ac748}> (0x00000000d55ac748) 
thrown [s\src\hotspot\share\prims\jni.cpp, line 520]
Event: 412.704 Thread 0x0000025d668b1be0 Exception <a 'java/lang/NoSuchMethodError'{0x00000000d565a018}: 'void java.lang.invoke.DirectMethodHandle$Holder.invokeStatic(java.lang.Object, java.lang.Object, java.lang.Object, java.lang.Object, java.lang.Object, java.lang.Object, java.lang.Object)'> (0x00000000d565a018) 
thrown [s\src\hotspot\share\interpreter\linkResolver.cpp, line 773]
Event: 421.406 Thread 0x0000025d6707e390 Exception <a 'java/lang/NoSuchMethodError'{0x00000000d569bf38}: 'long java.lang.invoke.DelegatingMethodHandle$Holder.reinvoke_L(java.lang.Object, java.lang.Object)'> (0x00000000d569bf38) 
thrown [s\src\hotspot\share\interpreter\linkResolver.cpp, line 773]
Event: 421.417 Thread 0x0000025d6707e390 Exception <a 'java/lang/NoSuchMethodError'{0x00000000d56a61e8}: 'void java.lang.invoke.DelegatingMethodHandle$Holder.reinvoke_L(java.lang.Object, java.lang.Object, long)'> (0x00000000d56a61e8) 
thrown [s\src\hotspot\share\interpreter\linkResolver.cpp, line 773]
Event: 463.043 Thread 0x0000025d6707e390 Exception <a 'java/lang/NoSuchMethodError'{0x00000000d5654cd8}: 'long java.lang.invoke.Invokers$Holder.invokeExact_MT(java.lang.Object, java.lang.Object, java.lang.Object)'> (0x00000000d5654cd8) 
thrown [s\src\hotspot\share\interpreter\linkResolver.cpp, line 773]

ZGC Phase Switch (0 events):
No events

VM Operations (20 events):
Event: 1263.324 Executing non-safepoint VM operation: RendezvousGCThreads
Event: 1263.324 Executing non-safepoint VM operation: RendezvousGCThreads done
Event: 1289.559 Executing safepoint VM operation: Cleanup
Event: 1289.560 Executing safepoint VM operation: Cleanup done
Event: 1324.649 Executing non-safepoint VM operation: HandshakeAllThreads (HandshakeForDeflation)
Event: 1324.711 Executing non-safepoint VM operation: HandshakeAllThreads (HandshakeForDeflation) done
Event: 1324.712 Executing non-safepoint VM operation: RendezvousGCThreads
Event: 1324.712 Executing non-safepoint VM operation: RendezvousGCThreads done
Event: 1443.772 Executing non-safepoint VM operation: HandshakeAllThreads (HandshakeForDeflation)
Event: 1443.784 Executing non-safepoint VM operation: HandshakeAllThreads (HandshakeForDeflation) done
Event: 1443.785 Executing non-safepoint VM operation: RendezvousGCThreads
Event: 1443.785 Executing non-safepoint VM operation: RendezvousGCThreads done
Event: 1504.033 Executing non-safepoint VM operation: HandshakeAllThreads (HandshakeForDeflation)
Event: 1504.045 Executing non-safepoint VM operation: HandshakeAllThreads (HandshakeForDeflation) done
Event: 1504.045 Executing non-safepoint VM operation: RendezvousGCThreads
Event: 1504.045 Executing non-safepoint VM operation: RendezvousGCThreads done
Event: 1564.100 Executing non-safepoint VM operation: HandshakeAllThreads (HandshakeForDeflation)
Event: 1564.118 Executing non-safepoint VM operation: HandshakeAllThreads (HandshakeForDeflation) done
Event: 1564.118 Executing non-safepoint VM operation: RendezvousGCThreads
Event: 1564.119 Executing non-safepoint VM operation: RendezvousGCThreads done

Memory protections (0 events):
No events

Nmethod flushes (20 events):
Event: 97.175 Thread 0x0000025d069b4940 flushing  nmethod 0x0000025d0a596690
Event: 97.175 Thread 0x0000025d069b4940 flushing  nmethod 0x0000025d0a598310
Event: 97.175 Thread 0x0000025d069b4940 flushing  nmethod 0x0000025d0a599b90
Event: 97.175 Thread 0x0000025d069b4940 flushing  nmethod 0x0000025d0a59a190
Event: 97.175 Thread 0x0000025d069b4940 flushing  nmethod 0x0000025d0a59a790
Event: 97.175 Thread 0x0000025d069b4940 flushing  nmethod 0x0000025d0a5a0010
Event: 97.175 Thread 0x0000025d069b4940 flushing  nmethod 0x0000025d0a5a1e10
Event: 97.175 Thread 0x0000025d069b4940 flushing  nmethod 0x0000025d0a5a2c10
Event: 97.175 Thread 0x0000025d069b4940 flushing  nmethod 0x0000025d0a5a3310
Event: 97.175 Thread 0x0000025d069b4940 flushing  nmethod 0x0000025d0a5a3b10
Event: 97.175 Thread 0x0000025d069b4940 flushing  nmethod 0x0000025d0a5a4110
Event: 97.175 Thread 0x0000025d069b4940 flushing  nmethod 0x0000025d0a5a4990
Event: 97.175 Thread 0x0000025d069b4940 flushing  nmethod 0x0000025d0a5a4e10
Event: 97.175 Thread 0x0000025d069b4940 flushing  nmethod 0x0000025d0a5a7610
Event: 97.175 Thread 0x0000025d069b4940 flushing  nmethod 0x0000025d0a5aaa90
Event: 97.175 Thread 0x0000025d069b4940 flushing  nmethod 0x0000025d0a5bb710
Event: 97.175 Thread 0x0000025d069b4940 flushing  nmethod 0x0000025d0a5c8110
Event: 97.175 Thread 0x0000025d069b4940 flushing  nmethod 0x0000025d0a5cb910
Event: 97.175 Thread 0x0000025d069b4940 flushing  nmethod 0x0000025d0a5e4090
Event: 97.175 Thread 0x0000025d069b4940 flushing  nmethod 0x0000025d0a61a190

Events (20 events):
Event: 583.052 Thread 0x0000025d672c6d40 Thread exited: 0x0000025d672c6d40
Event: 629.936 Thread 0x0000025d668afb10 Thread exited: 0x0000025d668afb10
Event: 630.829 Thread 0x0000025d66cf86f0 Thread exited: 0x0000025d66cf86f0
Event: 690.839 Thread 0x0000025d66cfb4e0 Thread exited: 0x0000025d66cfb4e0
Event: 731.981 Thread 0x0000025d672caee0 Thread exited: 0x0000025d672caee0
Event: 750.870 Thread 0x0000025d6607f090 Thread exited: 0x0000025d6607f090
Event: 791.986 Thread 0x0000025d672c94a0 Thread exited: 0x0000025d672c94a0
Event: 810.907 Thread 0x0000025d66cf8060 Thread exited: 0x0000025d66cf8060
Event: 852.001 Thread 0x0000025d672c9b30 Thread exited: 0x0000025d672c9b30
Event: 888.993 Thread 0x0000025d668b1be0 Thread exited: 0x0000025d668b1be0
Event: 919.552 Thread 0x0000025d668b1550 Thread exited: 0x0000025d668b1550
Event: 947.270 Thread 0x0000025d67080460 Thread exited: 0x0000025d67080460
Event: 1014.956 Thread 0x0000025d672cc290 Thread exited: 0x0000025d672cc290
Event: 1074.858 Thread 0x0000025d668b0830 Thread exited: 0x0000025d668b0830
Event: 1152.083 Thread 0x0000025d672c73d0 Thread added: 0x0000025d6707e390
Event: 1257.195 Thread 0x0000025d6707e390 Thread exited: 0x0000025d6707e390
Event: 1349.769 Thread 0x0000025d672c8e10 Thread exited: 0x0000025d672c8e10
Event: 1409.802 Thread 0x0000025d672c8780 Thread exited: 0x0000025d672c8780
Event: 1469.790 Thread 0x0000025d672ca850 Thread exited: 0x0000025d672ca850
Event: 1530.687 Thread 0x0000025d672c73d0 Thread exited: 0x0000025d672c73d0


Dynamic libraries:
0x00007ff720660000 - 0x00007ff72066e000 	c:\Users\samar\.vscode\extensions\redhat.java-1.54.0-win32-x64\jre\21.0.10-win32-x86_64\bin\java.exe
0x00007ffab5400000 - 0x00007ffab5667000 	C:\WINDOWS\SYSTEM32\ntdll.dll
0x00007ffa75830000 - 0x00007ffa75851000 	C:\Program Files\Avast Software\Avast\aswhook.dll
0x00007ffab3c50000 - 0x00007ffab3d19000 	C:\WINDOWS\System32\KERNEL32.DLL
0x00007ffab2d90000 - 0x00007ffab3184000 	C:\WINDOWS\System32\KERNELBASE.dll
0x00007ffab1d80000 - 0x00007ffab1ecb000 	C:\WINDOWS\System32\ucrtbase.dll
0x00007ffaacdf0000 - 0x00007ffaace08000 	c:\Users\samar\.vscode\extensions\redhat.java-1.54.0-win32-x64\jre\21.0.10-win32-x86_64\bin\jli.dll
0x00007ffab50e0000 - 0x00007ffab52a5000 	C:\WINDOWS\System32\USER32.dll
0x00007ffab2b60000 - 0x00007ffab2b87000 	C:\WINDOWS\System32\win32u.dll
0x00007ffab4230000 - 0x00007ffab425b000 	C:\WINDOWS\System32\GDI32.dll
0x00007ffab28b0000 - 0x00007ffab29db000 	C:\WINDOWS\System32\gdi32full.dll
0x00007ffab2800000 - 0x00007ffab28a3000 	C:\WINDOWS\System32\msvcp_win.dll
0x00007ffa33e80000 - 0x00007ffa33e9e000 	c:\Users\samar\.vscode\extensions\redhat.java-1.54.0-win32-x64\jre\21.0.10-win32-x86_64\bin\VCRUNTIME140.dll
0x00007ffa85ec0000 - 0x00007ffa86153000 	C:\WINDOWS\WinSxS\amd64_microsoft.windows.common-controls_6595b64144ccf1df_6.0.26100.8115_none_3e075c82e3354f9c\COMCTL32.dll
0x00007ffab4180000 - 0x00007ffab4229000 	C:\WINDOWS\System32\msvcrt.dll
0x00007ffab50a0000 - 0x00007ffab50d2000 	C:\WINDOWS\System32\IMM32.DLL
0x00007ffaacde0000 - 0x00007ffaacdec000 	c:\Users\samar\.vscode\extensions\redhat.java-1.54.0-win32-x64\jre\21.0.10-win32-x86_64\bin\vcruntime140_1.dll
0x00007ffa0ddd0000 - 0x00007ffa0de5d000 	c:\Users\samar\.vscode\extensions\redhat.java-1.54.0-win32-x64\jre\21.0.10-win32-x86_64\bin\msvcp140.dll
0x00007ff9ed970000 - 0x00007ff9ee711000 	c:\Users\samar\.vscode\extensions\redhat.java-1.54.0-win32-x64\jre\21.0.10-win32-x86_64\bin\server\jvm.dll
0x00007ffab40c0000 - 0x00007ffab4176000 	C:\WINDOWS\System32\ADVAPI32.dll
0x00007ffab4b40000 - 0x00007ffab4be7000 	C:\WINDOWS\System32\sechost.dll
0x00007ffab4e60000 - 0x00007ffab4f78000 	C:\WINDOWS\System32\RPCRT4.dll
0x00007ffab4bf0000 - 0x00007ffab4c70000 	C:\WINDOWS\System32\WS2_32.dll
0x00007ffab1b50000 - 0x00007ffab1bae000 	C:\WINDOWS\SYSTEM32\POWRPROF.dll
0x00007ffaa8380000 - 0x00007ffaa83b6000 	C:\WINDOWS\SYSTEM32\WINMM.dll
0x00007ffaa7880000 - 0x00007ffaa788b000 	C:\WINDOWS\SYSTEM32\VERSION.dll
0x00007ffab1b30000 - 0x00007ffab1b44000 	C:\WINDOWS\SYSTEM32\UMPDC.dll
0x00007ffab0a40000 - 0x00007ffab0a5b000 	C:\WINDOWS\SYSTEM32\kernel.appcore.dll
0x00007ffaacd20000 - 0x00007ffaacd2a000 	c:\Users\samar\.vscode\extensions\redhat.java-1.54.0-win32-x64\jre\21.0.10-win32-x86_64\bin\jimage.dll
0x00007ffaafbc0000 - 0x00007ffaafe02000 	C:\WINDOWS\SYSTEM32\DBGHELP.DLL
0x00007ffab3d30000 - 0x00007ffab40b2000 	C:\WINDOWS\System32\combase.dll
0x00007ffab4a60000 - 0x00007ffab4b38000 	C:\WINDOWS\System32\OLEAUT32.dll
0x00007ffa9df70000 - 0x00007ffa9dfab000 	C:\WINDOWS\SYSTEM32\dbgcore.DLL
0x00007ffab1cd0000 - 0x00007ffab1d75000 	C:\WINDOWS\System32\bcryptPrimitives.dll
0x00007ffa38510000 - 0x00007ffa3851f000 	c:\Users\samar\.vscode\extensions\redhat.java-1.54.0-win32-x64\jre\21.0.10-win32-x86_64\bin\instrument.dll
0x00007ffa2f2b0000 - 0x00007ffa2f2d0000 	c:\Users\samar\.vscode\extensions\redhat.java-1.54.0-win32-x64\jre\21.0.10-win32-x86_64\bin\java.dll
0x00007ffab4270000 - 0x00007ffab49d7000 	C:\WINDOWS\System32\SHELL32.dll
0x00007ffab2c20000 - 0x00007ffab2d8a000 	C:\WINDOWS\System32\wintypes.dll
0x00007ffab1ed0000 - 0x00007ffab2738000 	C:\WINDOWS\System32\windows.storage.dll
0x00007ffab34a0000 - 0x00007ffab3598000 	C:\WINDOWS\System32\SHCORE.dll
0x00007ffab3290000 - 0x00007ffab32f6000 	C:\WINDOWS\System32\shlwapi.dll
0x00007ffab1bf0000 - 0x00007ffab1c19000 	C:\WINDOWS\SYSTEM32\profapi.dll
0x00007ffa241b0000 - 0x00007ffa241c8000 	c:\Users\samar\.vscode\extensions\redhat.java-1.54.0-win32-x64\jre\21.0.10-win32-x86_64\bin\zip.dll
0x00007ffa38480000 - 0x00007ffa38490000 	C:\Users\samar\.vscode\extensions\redhat.java-1.54.0-win32-x64\jre\21.0.10-win32-x86_64\bin\net.dll
0x00007ffaab6a0000 - 0x00007ffaab7cd000 	C:\WINDOWS\SYSTEM32\WINHTTP.dll
0x00007ffab0fd0000 - 0x00007ffab103c000 	C:\WINDOWS\system32\mswsock.dll
0x00007ffa22970000 - 0x00007ffa22986000 	C:\Users\samar\.vscode\extensions\redhat.java-1.54.0-win32-x64\jre\21.0.10-win32-x86_64\bin\nio.dll
0x00007ffa37d30000 - 0x00007ffa37d40000 	c:\Users\samar\.vscode\extensions\redhat.java-1.54.0-win32-x64\jre\21.0.10-win32-x86_64\bin\verify.dll
0x00007ffa0d7f0000 - 0x00007ffa0d835000 	C:\Users\samar\AppData\Roaming\Code\User\globalStorage\redhat.java\1.54.0\config_win\org.eclipse.equinox.launcher\org.eclipse.equinox.launcher.win32.win32.x86_64_1.3.0.v20260203-2149\eclipse_11919.dll
0x00007ffab3300000 - 0x00007ffab3497000 	C:\WINDOWS\System32\ole32.dll
0x00007ffab12b0000 - 0x00007ffab12cb000 	C:\WINDOWS\SYSTEM32\CRYPTSP.dll
0x00007ffab09a0000 - 0x00007ffab09d9000 	C:\WINDOWS\system32\rsaenh.dll
0x00007ffab1080000 - 0x00007ffab10b3000 	C:\WINDOWS\SYSTEM32\USERENV.dll
0x00007ffab1bc0000 - 0x00007ffab1bea000 	C:\WINDOWS\SYSTEM32\bcrypt.dll
0x00007ffab12d0000 - 0x00007ffab12dc000 	C:\WINDOWS\SYSTEM32\CRYPTBASE.dll
0x00007ffab0410000 - 0x00007ffab0442000 	C:\WINDOWS\SYSTEM32\IPHLPAPI.DLL
0x00007ffab3280000 - 0x00007ffab328a000 	C:\WINDOWS\System32\NSI.dll
0x00007ffa09a70000 - 0x00007ffa09ab9000 	C:\Users\samar\AppData\Local\Temp\jna-109202512\jna2195255686979927484.dll
0x00007ffab52b0000 - 0x00007ffab52b8000 	C:\WINDOWS\System32\PSAPI.DLL
0x00007ffaab870000 - 0x00007ffaab88d000 	C:\WINDOWS\SYSTEM32\dhcpcsvc6.DLL
0x00007ffaab840000 - 0x00007ffaab865000 	C:\WINDOWS\SYSTEM32\dhcpcsvc.DLL
0x00007ffa36bf0000 - 0x00007ffa36bfe000 	C:\Users\samar\.vscode\extensions\redhat.java-1.54.0-win32-x64\jre\21.0.10-win32-x86_64\bin\sunmscapi.dll
0x00007ffab29e0000 - 0x00007ffab2b57000 	C:\WINDOWS\System32\CRYPT32.dll
0x00007ffab14d0000 - 0x00007ffab1500000 	C:\WINDOWS\SYSTEM32\ncrypt.dll
0x00007ffab1480000 - 0x00007ffab14bf000 	C:\WINDOWS\SYSTEM32\NTASN1.dll
0x00007ffab04a0000 - 0x00007ffab05d2000 	C:\WINDOWS\SYSTEM32\DNSAPI.dll
0x00007ffaa8050000 - 0x00007ffaa805b000 	C:\Windows\System32\rasadhlp.dll
0x00007ffaabd00000 - 0x00007ffaabd86000 	C:\WINDOWS\System32\fwpuclnt.dll
0x00007ffa33a40000 - 0x00007ffa33a49000 	C:\Users\samar\.vscode\extensions\redhat.java-1.54.0-win32-x64\jre\21.0.10-win32-x86_64\bin\extnet.dll

JVMTI agents:
c:\Users\samar\.vscode\extensions\redhat.java-1.54.0-win32-x64\lombok\lombok-1.18.39-4050.jar path:c:\Users\samar\.vscode\extensions\redhat.java-1.54.0-win32-x64\jre\21.0.10-win32-x86_64\bin\instrument.dll, loaded, initialized, instrumentlib options:none

dbghelp: loaded successfully - version: 4.0.5 - missing functions: none
symbol engine: initialized successfully - sym options: 0x614 - pdb path: .;c:\Users\samar\.vscode\extensions\redhat.java-1.54.0-win32-x64\jre\21.0.10-win32-x86_64\bin;C:\WINDOWS\SYSTEM32;C:\Program Files\Avast Software\Avast;C:\WINDOWS\WinSxS\amd64_microsoft.windows.common-controls_6595b64144ccf1df_6.0.26100.8115_none_3e075c82e3354f9c;c:\Users\samar\.vscode\extensions\redhat.java-1.54.0-win32-x64\jre\21.0.10-win32-x86_64\bin\server;C:\Users\samar\AppData\Roaming\Code\User\globalStorage\redhat.java\1.54.0\config_win\org.eclipse.equinox.launcher\org.eclipse.equinox.launcher.win32.win32.x86_64_1.3.0.v20260203-2149;C:\Users\samar\AppData\Local\Temp\jna-109202512

VM Arguments:
jvm_args: --add-modules=ALL-SYSTEM --add-opens=java.base/java.util=ALL-UNNAMED --add-opens=java.base/java.lang=ALL-UNNAMED --add-opens=java.base/sun.nio.fs=ALL-UNNAMED -Declipse.application=org.eclipse.jdt.ls.core.id1 -Dosgi.bundles.defaultStartLevel=4 -Declipse.product=org.eclipse.jdt.ls.core.product -Djava.import.generatesMetadataFilesAtProjectRoot=false -DDetectVMInstallationsJob.disabled=true -Dfile.encoding=utf8 -XX:+UseParallelGC -XX:GCTimeRatio=4 -XX:AdaptiveSizePolicyWeight=90 -Dsun.zip.disableMemoryMapping=true -Xmx2G -Xms100m -Xlog:disable -javaagent:c:\Users\samar\.vscode\extensions\redhat.java-1.54.0-win32-x64\lombok\lombok-1.18.39-4050.jar -XX:+HeapDumpOnOutOfMemoryError -XX:HeapDumpPath=c:\Users\samar\AppData\Roaming\Code\User\workspaceStorage\d5a7f99a2e2927d3460290616639c5be\redhat.java -Daether.dependencyCollector.impl=bf 
java_command: c:\Users\samar\.vscode\extensions\redhat.java-1.54.0-win32-x64\server\plugins\org.eclipse.equinox.launcher_1.7.100.v20251111-0406.jar -configuration c:\Users\samar\AppData\Roaming\Code\User\globalStorage\redhat.java\1.54.0\config_win -data c:\Users\samar\AppData\Roaming\Code\User\workspaceStorage\d5a7f99a2e2927d3460290616639c5be\redhat.java\jdt_ws --pipe=\\.\pipe\lsp-f5010097ad411f7e8a2d0011f1d81951-sock
java_class_path (initial): c:\Users\samar\.vscode\extensions\redhat.java-1.54.0-win32-x64\server\plugins\org.eclipse.equinox.launcher_1.7.100.v20251111-0406.jar
Launcher Type: SUN_STANDARD

[Global flags]
    uintx AdaptiveSizePolicyWeight                 = 90                                        {product} {command line}
     intx CICompilerCount                          = 4                                         {product} {ergonomic}
    uintx GCTimeRatio                              = 4                                         {product} {command line}
     bool HeapDumpOnOutOfMemoryError               = true                                   {manageable} {command line}
    ccstr HeapDumpPath                             = c:\Users\samar\AppData\Roaming\Code\User\workspaceStorage\d5a7f99a2e2927d3460290616639c5be\redhat.java         {manageable} {command line}
   size_t InitialHeapSize                          = 104857600                                 {product} {command line}
   size_t MaxHeapSize                              = 2147483648                                {product} {command line}
   size_t MaxNewSize                               = 715653120                                 {product} {ergonomic}
   size_t MinHeapDeltaBytes                        = 524288                                    {product} {ergonomic}
   size_t MinHeapSize                              = 104857600                                 {product} {command line}
   size_t NewSize                                  = 34603008                                  {product} {ergonomic}
    uintx NonNMethodCodeHeapSize                   = 5839372                                {pd product} {ergonomic}
    uintx NonProfiledCodeHeapSize                  = 122909434                              {pd product} {ergonomic}
   size_t OldSize                                  = 70254592                                  {product} {ergonomic}
    uintx ProfiledCodeHeapSize                     = 122909434                              {pd product} {ergonomic}
    uintx ReservedCodeCacheSize                    = 251658240                              {pd product} {ergonomic}
     bool SegmentedCodeCache                       = true                                      {product} {ergonomic}
   size_t SoftMaxHeapSize                          = 2147483648                             {manageable} {ergonomic}
     bool UseCompressedOops                        = true                           {product lp64_product} {ergonomic}
     bool UseLargePagesIndividualAllocation        = false                                  {pd product} {ergonomic}
     bool UseParallelGC                            = true                                      {product} {command line}

Logging:
Log output configuration:
 #0: stdout all=off uptime,level,tags foldmultilines=false
 #1: stderr all=off uptime,level,tags foldmultilines=false

Release file:
JAVA_VERSION="21.0.10" 
MODULES="java.base java.compiler java.datatransfer java.xml java.prefs java.desktop java.instrument java.logging java.management java.security.sasl java.naming java.rmi java.management.rmi java.net.http java.scripting java.security.jgss java.transaction.xa java.sql java.sql.rowset java.xml.crypto java.se java.smartcardio jdk.accessibility jdk.internal.jvmstat jdk.attach jdk.charsets jdk.internal.opt jdk.zipfs jdk.compiler jdk.crypto.ec jdk.crypto.cryptoki jdk.crypto.mscapi jdk.dynalink jdk.internal.ed jdk.editpad jdk.hotspot.agent jdk.httpserver jdk.internal.le jdk.internal.vm.ci jdk.internal.vm.compiler jdk.internal.vm.compiler.management jdk.jartool jdk.javadoc jdk.jcmd jdk.management jdk.management.agent jdk.jconsole jdk.jdeps jdk.jdwp.agent jdk.jdi jdk.jfr jdk.jshell jdk.jsobject jdk.jstatd jdk.localedata jdk.management.jfr jdk.naming.dns jdk.naming.rmi jdk.net jdk.nio.mapmode jdk.random jdk.sctp jdk.security.auth jdk.security.jgss jdk.unsupported jdk.unsupported.desktop jdk.xml.dom" 

Environment Variables:
PATH=C:\Users\samar\AppData\Local\Programs\Microsoft VS Code;C:\Program Files\Common Files\Oracle\Java\javapath;C:\Program Files (x86)\Common Files\Oracle\Java\java8path;C:\Program Files (x86)\Common Files\Oracle\Java\javapath;C:\WINDOWS\system32;C:\WINDOWS;C:\WINDOWS\System32\Wbem;C:\WINDOWS\System32\WindowsPowerShell\v1.0\;C:\WINDOWS\System32\OpenSSH\;C:\Program Files\HP\HP One Agent;C:\WINDOWS\system32;C:\WINDOWS;C:\WINDOWS\System32\Wbem;C:\WINDOWS\System32\WindowsPowerShell\v1.0\;C:\WINDOWS\System32\OpenSSH\;C:\Program Files\PuTTY\;C:\Program Files\Git\cmd;C:\Program Files\nodejs\;C:\Program Files\MySQL\MySQL Shell 8.0\bin\;C:\Users\samar\AppData\Local\Programs\Python\Python313\Scripts\;C:\Users\samar\AppData\Local\Programs\Python\Python313\;C:\Users\samar\AppData\Local\Microsoft\WindowsApps;C:\Users\samar\AppData\Local\Programs\Microsoft VS Code\bin;C:\Program Files\Java\jdk-25\bin;C:\Program Files\apache-maven-3.9.11\bin;C:\Program Files\mysql-connector-j-9.4.0;C:\Program Files\MongoDB\Server\8.2\bin;C:\Program Files\mongosh-2.5.8-win32-x64\bin;C:\Users\samar\AppData\Roaming\npm;C:\Program Files\heroku\bin;
USERNAME=samar
OS=Windows_NT
PROCESSOR_IDENTIFIER=Intel64 Family 6 Model 154 Stepping 4, GenuineIntel
TMP=C:\Users\samar\AppData\Local\Temp
TEMP=C:\Users\samar\AppData\Local\Temp




Periodic native trim disabled

---------------  S Y S T E M  ---------------

OS:
 Windows 11 , 64 bit Build 26100 (10.0.26100.8246)
OS uptime: 0 days 0:52 hours
Hyper-V role detected

CPU: total 12 (initial active 12) (6 cores per cpu, 2 threads per core) family 6 model 154 stepping 4 microcode 0x42c, cx8, cmov, fxsr, ht, mmx, 3dnowpref, sse, sse2, sse3, ssse3, sse4.1, sse4.2, popcnt, lzcnt, tsc, tscinvbit, avx, avx2, aes, erms, clmul, bmi1, bmi2, adx, sha, fma, vzeroupper, clflush, clflushopt, clwb, hv, serialize, rdtscp, rdpid, fsrm, f16c, cet_ibt, cet_ss
Processor Information for processor 0
  Max Mhz: 1300, Current Mhz: 1300, Mhz Limit: 1300
Processor Information for processor 1
  Max Mhz: 1300, Current Mhz: 1300, Mhz Limit: 1300
Processor Information for processor 2
  Max Mhz: 1300, Current Mhz: 1300, Mhz Limit: 1300
Processor Information for processor 3
  Max Mhz: 1300, Current Mhz: 1300, Mhz Limit: 1300
Processor Information for processor 4
  Max Mhz: 1300, Current Mhz: 900, Mhz Limit: 897
Processor Information for processor 5
  Max Mhz: 1300, Current Mhz: 900, Mhz Limit: 897
Processor Information for processor 6
  Max Mhz: 1300, Current Mhz: 900, Mhz Limit: 897
Processor Information for processor 7
  Max Mhz: 1300, Current Mhz: 900, Mhz Limit: 897
Processor Information for processor 8
  Max Mhz: 1300, Current Mhz: 900, Mhz Limit: 897
Processor Information for processor 9
  Max Mhz: 1300, Current Mhz: 900, Mhz Limit: 897
Processor Information for processor 10
  Max Mhz: 1300, Current Mhz: 900, Mhz Limit: 897
Processor Information for processor 11
  Max Mhz: 1300, Current Mhz: 900, Mhz Limit: 897

Memory: 4k page, system-wide physical 7863M (174M free)
TotalPageFile size 29087M (AvailPageFile size 529M)
current process WorkingSet (physical memory assigned to process): 7M, peak: 342M
current process commit charge ("private bytes"): 691M, peak: 693M

vm_info: OpenJDK 64-Bit Server VM (21.0.10+7-LTS) for windows-amd64 JRE (21.0.10+7-LTS), built on 2026-01-20T00:00:00Z by "admin" with MS VC++ 17.12 (VS2022)

END.
